000 (010.000.000) 08/13 12:41:33 Job submitted from host: <129.69.120.173:40804?addrs=129.69.120.173-40804>
...
001 (010.000.000) 08/13 12:41:56 Job executing on host: <129.69.120.56:34701?addrs=129.69.120.56-34701>
...
006 (010.000.000) 08/13 12:41:57 Image size of job updated: 1
	0  -  MemoryUsage of job (MB)
	0  -  ResidentSetSize of job (KB)
...
005 (010.000.000) 08/13 12:41:57 Job terminated.
	(1) Normal termination (return value 132)
		Usr 0 00:00:00, Sys 0 00:00:00  -  Run Remote Usage
		Usr 0 00:00:00, Sys 0 00:00:00  -  Run Local Usage
		Usr 0 00:00:00, Sys 0 00:00:00  -  Total Remote Usage
		Usr 0 00:00:00, Sys 0 00:00:00  -  Total Local Usage
	0  -  Run Bytes Sent By Job
	0  -  Run Bytes Received By Job
	0  -  Total Bytes Sent By Job
	0  -  Total Bytes Received By Job
	Partitionable Resources :    Usage  Request Allocated
	   Cpus                 :                 1         1
	   Disk (KB)            :        1        1    184753
	   Gpus                 :                 1         1
	   Memory (MB)          :        0        1         1
...
