000 (012.000.000) 08/13 12:43:33 Job submitted from host: <129.69.120.173:40804?addrs=129.69.120.173-40804>
...
001 (012.000.000) 08/13 12:43:34 Job executing on host: <129.69.120.103:34147?addrs=129.69.120.103-34147>
...
006 (012.000.000) 08/13 12:43:43 Image size of job updated: 379056
	0  -  MemoryUsage of job (MB)
	0  -  ResidentSetSize of job (KB)
...
006 (012.000.000) 08/13 12:48:44 Image size of job updated: 381400
	0  -  MemoryUsage of job (MB)
	0  -  ResidentSetSize of job (KB)
...
006 (012.000.000) 08/13 12:50:11 Image size of job updated: 383192
	0  -  MemoryUsage of job (MB)
	0  -  ResidentSetSize of job (KB)
...
004 (012.000.000) 08/13 12:50:11 Job was evicted.
	(0) Job was not checkpointed.
		Usr 0 00:06:34, Sys 0 00:00:00  -  Run Remote Usage
		Usr 0 00:00:00, Sys 0 00:00:00  -  Run Local Usage
	0  -  Run Bytes Sent By Job
	0  -  Run Bytes Received By Job
	Partitionable Resources :    Usage  Request Allocated
	   Cpus                 :                 1         1
	   Disk (KB)            :        1        1    184433
	   Gpus                 :                           0
	   Memory (MB)          :        0        1         1
...
009 (012.000.000) 08/13 12:50:11 Job was aborted by the user.
	via condor_rm (by user gcates)
...
