000 (137.000.000) 08/15 14:11:33 Job submitted from host: <129.69.120.171:31678?addrs=129.69.120.171-31678>
...
000 (137.001.000) 08/15 14:11:33 Job submitted from host: <129.69.120.171:31678?addrs=129.69.120.171-31678>
...
000 (137.002.000) 08/15 14:11:33 Job submitted from host: <129.69.120.171:31678?addrs=129.69.120.171-31678>
...
000 (137.003.000) 08/15 14:11:33 Job submitted from host: <129.69.120.171:31678?addrs=129.69.120.171-31678>
...
000 (137.004.000) 08/15 14:11:33 Job submitted from host: <129.69.120.171:31678?addrs=129.69.120.171-31678>
...
000 (137.005.000) 08/15 14:11:33 Job submitted from host: <129.69.120.171:31678?addrs=129.69.120.171-31678>
...
000 (137.006.000) 08/15 14:11:33 Job submitted from host: <129.69.120.171:31678?addrs=129.69.120.171-31678>
...
000 (137.007.000) 08/15 14:11:33 Job submitted from host: <129.69.120.171:31678?addrs=129.69.120.171-31678>
...
000 (137.008.000) 08/15 14:11:33 Job submitted from host: <129.69.120.171:31678?addrs=129.69.120.171-31678>
...
000 (137.009.000) 08/15 14:11:33 Job submitted from host: <129.69.120.171:31678?addrs=129.69.120.171-31678>
...
001 (137.001.000) 08/15 14:11:45 Job executing on host: <129.69.120.178:58310?addrs=129.69.120.178-58310>
...
001 (137.002.000) 08/15 14:11:45 Job executing on host: <129.69.120.183:57299?addrs=129.69.120.183-57299>
...
001 (137.003.000) 08/15 14:11:45 Job executing on host: <129.69.120.194:11325?addrs=129.69.120.194-11325>
...
001 (137.006.000) 08/15 14:11:45 Job executing on host: <129.69.120.193:52582?addrs=129.69.120.193-52582>
...
001 (137.004.000) 08/15 14:11:45 Job executing on host: <129.69.120.187:60372?addrs=129.69.120.187-60372>
...
001 (137.000.000) 08/15 14:11:45 Job executing on host: <129.69.120.56:7528?addrs=129.69.120.56-7528>
...
001 (137.005.000) 08/15 14:11:45 Job executing on host: <129.69.120.56:7528?addrs=129.69.120.56-7528>
...
006 (137.000.000) 08/15 14:11:46 Image size of job updated: 1
	0  -  MemoryUsage of job (MB)
	0  -  ResidentSetSize of job (KB)
...
006 (137.005.000) 08/15 14:11:46 Image size of job updated: 1
	0  -  MemoryUsage of job (MB)
	0  -  ResidentSetSize of job (KB)
...
005 (137.000.000) 08/15 14:11:46 Job terminated.
	(1) Normal termination (return value 0)
		Usr 0 00:00:00, Sys 0 00:00:00  -  Run Remote Usage
		Usr 0 00:00:00, Sys 0 00:00:00  -  Run Local Usage
		Usr 0 00:00:00, Sys 0 00:00:00  -  Total Remote Usage
		Usr 0 00:00:00, Sys 0 00:00:00  -  Total Local Usage
	0  -  Run Bytes Sent By Job
	0  -  Run Bytes Received By Job
	0  -  Total Bytes Sent By Job
	0  -  Total Bytes Received By Job
	Partitionable Resources :    Usage  Request Allocated
	   Cpus                 :                 1         1
	   Disk (KB)            :        1        1    184405
	   Gpus                 :                           1
	   Memory (MB)          :        0        1         1
...
005 (137.005.000) 08/15 14:11:46 Job terminated.
	(1) Normal termination (return value 0)
		Usr 0 00:00:00, Sys 0 00:00:00  -  Run Remote Usage
		Usr 0 00:00:00, Sys 0 00:00:00  -  Run Local Usage
		Usr 0 00:00:00, Sys 0 00:00:00  -  Total Remote Usage
		Usr 0 00:00:00, Sys 0 00:00:00  -  Total Local Usage
	0  -  Run Bytes Sent By Job
	0  -  Run Bytes Received By Job
	0  -  Total Bytes Sent By Job
	0  -  Total Bytes Received By Job
	Partitionable Resources :    Usage  Request Allocated
	   Cpus                 :                 1         1
	   Disk (KB)            :        1        1    184405
	   Gpus                 :                           1
	   Memory (MB)          :        0        1         1
...
001 (137.007.000) 08/15 14:11:46 Job executing on host: <129.69.120.195:44449?addrs=129.69.120.195-44449>
...
001 (137.009.000) 08/15 14:11:46 Job executing on host: <129.69.120.188:34234?addrs=129.69.120.188-34234>
...
001 (137.008.000) 08/15 14:11:46 Job executing on host: <129.69.120.189:42176?addrs=129.69.120.189-42176>
...
006 (137.007.000) 08/15 14:11:54 Image size of job updated: 378608
	0  -  MemoryUsage of job (MB)
	0  -  ResidentSetSize of job (KB)
...
006 (137.009.000) 08/15 14:11:54 Image size of job updated: 378608
	0  -  MemoryUsage of job (MB)
	0  -  ResidentSetSize of job (KB)
...
006 (137.008.000) 08/15 14:11:54 Image size of job updated: 378608
	0  -  MemoryUsage of job (MB)
	0  -  ResidentSetSize of job (KB)
...
006 (137.001.000) 08/15 14:11:54 Image size of job updated: 378608
	0  -  MemoryUsage of job (MB)
	0  -  ResidentSetSize of job (KB)
...
006 (137.002.000) 08/15 14:11:54 Image size of job updated: 378608
	0  -  MemoryUsage of job (MB)
	0  -  ResidentSetSize of job (KB)
...
006 (137.003.000) 08/15 14:11:54 Image size of job updated: 378608
	0  -  MemoryUsage of job (MB)
	0  -  ResidentSetSize of job (KB)
...
006 (137.006.000) 08/15 14:11:54 Image size of job updated: 378608
	0  -  MemoryUsage of job (MB)
	0  -  ResidentSetSize of job (KB)
...
006 (137.004.000) 08/15 14:11:54 Image size of job updated: 378608
	0  -  MemoryUsage of job (MB)
	0  -  ResidentSetSize of job (KB)
...
006 (137.007.000) 08/15 14:16:54 Image size of job updated: 382864
	0  -  MemoryUsage of job (MB)
	0  -  ResidentSetSize of job (KB)
...
006 (137.009.000) 08/15 14:16:54 Image size of job updated: 382864
	0  -  MemoryUsage of job (MB)
	0  -  ResidentSetSize of job (KB)
...
006 (137.008.000) 08/15 14:16:54 Image size of job updated: 382864
	0  -  MemoryUsage of job (MB)
	0  -  ResidentSetSize of job (KB)
...
006 (137.004.000) 08/15 14:16:55 Image size of job updated: 380560
	0  -  MemoryUsage of job (MB)
	0  -  ResidentSetSize of job (KB)
...
006 (137.003.000) 08/15 14:16:55 Image size of job updated: 382864
	0  -  MemoryUsage of job (MB)
	0  -  ResidentSetSize of job (KB)
...
006 (137.006.000) 08/15 14:16:55 Image size of job updated: 382864
	0  -  MemoryUsage of job (MB)
	0  -  ResidentSetSize of job (KB)
...
006 (137.001.000) 08/15 14:16:55 Image size of job updated: 383256
	0  -  MemoryUsage of job (MB)
	0  -  ResidentSetSize of job (KB)
...
006 (137.002.000) 08/15 14:16:55 Image size of job updated: 382864
	0  -  MemoryUsage of job (MB)
	0  -  ResidentSetSize of job (KB)
...
006 (137.004.000) 08/15 14:21:55 Image size of job updated: 382864
	0  -  MemoryUsage of job (MB)
	0  -  ResidentSetSize of job (KB)
...
010 (137.008.000) 08/15 14:38:08 Job was suspended.
	Number of processes actually suspended: 2
...
010 (137.004.000) 08/15 15:00:24 Job was suspended.
	Number of processes actually suspended: 2
...
011 (137.004.000) 08/15 15:06:31 Job was unsuspended.
...
011 (137.008.000) 08/15 15:08:13 Job was unsuspended.
...
004 (137.008.000) 08/15 15:08:13 Job was evicted.
	(0) Job was not checkpointed.
		Usr 0 00:26:21, Sys 0 00:00:00  -  Run Remote Usage
		Usr 0 00:00:00, Sys 0 00:00:00  -  Run Local Usage
	0  -  Run Bytes Sent By Job
	0  -  Run Bytes Received By Job
	Partitionable Resources :    Usage  Request Allocated
	   Cpus                 :                 1         1
	   Disk (KB)            :        1        1    165103
	   Gpus                 :                           0
	   Memory (MB)          :        0        1         1
...
001 (137.008.000) 08/15 15:12:43 Job executing on host: <129.69.120.56:7528?addrs=129.69.120.56-7528>
...
005 (137.008.000) 08/15 15:12:43 Job terminated.
	(1) Normal termination (return value 0)
		Usr 0 00:00:00, Sys 0 00:00:00  -  Run Remote Usage
		Usr 0 00:00:00, Sys 0 00:00:00  -  Run Local Usage
		Usr 0 00:00:00, Sys 0 00:00:00  -  Total Remote Usage
		Usr 0 00:00:00, Sys 0 00:00:00  -  Total Local Usage
	0  -  Run Bytes Sent By Job
	0  -  Run Bytes Received By Job
	0  -  Total Bytes Sent By Job
	0  -  Total Bytes Received By Job
	Partitionable Resources :    Usage  Request Allocated
	   Cpus                 :                 1         1
	   Disk (KB)            :        1        1    184401
	   Gpus                 :                           0
	   Memory (MB)          :        0        0         0
...
010 (137.003.000) 08/15 16:17:55 Job was suspended.
	Number of processes actually suspended: 2
...
011 (137.003.000) 08/15 16:22:56 Job was unsuspended.
...
004 (137.002.000) 08/15 16:44:43 Job was evicted.
	(0) Job was not checkpointed.
		Usr 0 02:32:51, Sys 0 00:00:00  -  Run Remote Usage
		Usr 0 00:00:00, Sys 0 00:00:00  -  Run Local Usage
	0  -  Run Bytes Sent By Job
	0  -  Run Bytes Received By Job
	Partitionable Resources :    Usage  Request Allocated
	   Cpus                 :                 1         1
	   Disk (KB)            :        1        1    170260
	   Gpus                 :                           0
	   Memory (MB)          :        0        1         1
...
001 (137.002.000) 08/15 16:49:54 Job executing on host: <129.69.120.56:7528?addrs=129.69.120.56-7528>
...
005 (137.002.000) 08/15 16:49:54 Job terminated.
	(1) Normal termination (return value 0)
		Usr 0 00:00:00, Sys 0 00:00:00  -  Run Remote Usage
		Usr 0 00:00:00, Sys 0 00:00:00  -  Run Local Usage
		Usr 0 00:00:00, Sys 0 00:00:00  -  Total Remote Usage
		Usr 0 00:00:00, Sys 0 00:00:00  -  Total Local Usage
	0  -  Run Bytes Sent By Job
	0  -  Run Bytes Received By Job
	0  -  Total Bytes Sent By Job
	0  -  Total Bytes Received By Job
	Partitionable Resources :    Usage  Request Allocated
	   Cpus                 :                 1         1
	   Disk (KB)            :        1        1    184386
	   Gpus                 :                           0
	   Memory (MB)          :        0        0         0
...
005 (137.001.000) 08/15 22:27:11 Job terminated.
	(1) Normal termination (return value 0)
		Usr 0 08:15:14, Sys 0 00:00:00  -  Run Remote Usage
		Usr 0 00:00:00, Sys 0 00:00:00  -  Run Local Usage
		Usr 0 08:15:14, Sys 0 00:00:00  -  Total Remote Usage
		Usr 0 00:00:00, Sys 0 00:00:00  -  Total Local Usage
	0  -  Run Bytes Sent By Job
	0  -  Run Bytes Received By Job
	0  -  Total Bytes Sent By Job
	0  -  Total Bytes Received By Job
	Partitionable Resources :    Usage  Request Allocated
	   Cpus                 :                 1         1
	   Disk (KB)            :        1        1    170127
	   Gpus                 :                           0
	   Memory (MB)          :        0        1         1
...
005 (137.006.000) 08/15 22:28:47 Job terminated.
	(1) Normal termination (return value 0)
		Usr 0 08:16:49, Sys 0 00:00:00  -  Run Remote Usage
		Usr 0 00:00:00, Sys 0 00:00:00  -  Run Local Usage
		Usr 0 08:16:49, Sys 0 00:00:00  -  Total Remote Usage
		Usr 0 00:00:00, Sys 0 00:00:00  -  Total Local Usage
	0  -  Run Bytes Sent By Job
	0  -  Run Bytes Received By Job
	0  -  Total Bytes Sent By Job
	0  -  Total Bytes Received By Job
	Partitionable Resources :    Usage  Request Allocated
	   Cpus                 :                 1         1
	   Disk (KB)            :        1        1    164852
	   Gpus                 :                           0
	   Memory (MB)          :        0        1         1
...
005 (137.004.000) 08/15 22:34:40 Job terminated.
	(1) Normal termination (return value 0)
		Usr 0 08:16:36, Sys 0 00:00:00  -  Run Remote Usage
		Usr 0 00:00:00, Sys 0 00:00:00  -  Run Local Usage
		Usr 0 08:16:36, Sys 0 00:00:00  -  Total Remote Usage
		Usr 0 00:00:00, Sys 0 00:00:00  -  Total Local Usage
	0  -  Run Bytes Sent By Job
	0  -  Run Bytes Received By Job
	0  -  Total Bytes Sent By Job
	0  -  Total Bytes Received By Job
	Partitionable Resources :    Usage  Request Allocated
	   Cpus                 :                 1         1
	   Disk (KB)            :        1        1    168530
	   Gpus                 :                           0
	   Memory (MB)          :        0        1         1
...
005 (137.007.000) 08/15 22:35:55 Job terminated.
	(1) Normal termination (return value 0)
		Usr 0 08:24:01, Sys 0 00:00:00  -  Run Remote Usage
		Usr 0 00:00:00, Sys 0 00:00:00  -  Run Local Usage
		Usr 0 08:24:01, Sys 0 00:00:00  -  Total Remote Usage
		Usr 0 00:00:00, Sys 0 00:00:00  -  Total Local Usage
	0  -  Run Bytes Sent By Job
	0  -  Run Bytes Received By Job
	0  -  Total Bytes Sent By Job
	0  -  Total Bytes Received By Job
	Partitionable Resources :    Usage  Request Allocated
	   Cpus                 :                 1         1
	   Disk (KB)            :        1        1    169190
	   Gpus                 :                           0
	   Memory (MB)          :        0        1         1
...
005 (137.009.000) 08/15 22:37:19 Job terminated.
	(1) Normal termination (return value 0)
		Usr 0 08:25:20, Sys 0 00:00:00  -  Run Remote Usage
		Usr 0 00:00:00, Sys 0 00:00:00  -  Run Local Usage
		Usr 0 08:25:20, Sys 0 00:00:00  -  Total Remote Usage
		Usr 0 00:00:00, Sys 0 00:00:00  -  Total Local Usage
	0  -  Run Bytes Sent By Job
	0  -  Run Bytes Received By Job
	0  -  Total Bytes Sent By Job
	0  -  Total Bytes Received By Job
	Partitionable Resources :    Usage  Request Allocated
	   Cpus                 :                 1         1
	   Disk (KB)            :        1        1    168947
	   Gpus                 :                           0
	   Memory (MB)          :        0        1         1
...
005 (137.003.000) 08/15 22:41:00 Job terminated.
	(1) Normal termination (return value 0)
		Usr 0 08:24:02, Sys 0 00:00:00  -  Run Remote Usage
		Usr 0 00:00:00, Sys 0 00:00:00  -  Run Local Usage
		Usr 0 08:24:02, Sys 0 00:00:00  -  Total Remote Usage
		Usr 0 00:00:00, Sys 0 00:00:00  -  Total Local Usage
	0  -  Run Bytes Sent By Job
	0  -  Run Bytes Received By Job
	0  -  Total Bytes Sent By Job
	0  -  Total Bytes Received By Job
	Partitionable Resources :    Usage  Request Allocated
	   Cpus                 :                 1         1
	   Disk (KB)            :        1        1    169544
	   Gpus                 :                           0
	   Memory (MB)          :        0        1         1
...
