000 (015.000.000) 08/13 14:51:14 Job submitted from host: <129.69.120.173:40804?addrs=129.69.120.173-40804>
...
000 (015.001.000) 08/13 14:51:14 Job submitted from host: <129.69.120.173:40804?addrs=129.69.120.173-40804>
...
000 (015.002.000) 08/13 14:51:14 Job submitted from host: <129.69.120.173:40804?addrs=129.69.120.173-40804>
...
000 (015.003.000) 08/13 14:51:14 Job submitted from host: <129.69.120.173:40804?addrs=129.69.120.173-40804>
...
000 (015.004.000) 08/13 14:51:14 Job submitted from host: <129.69.120.173:40804?addrs=129.69.120.173-40804>
...
000 (015.005.000) 08/13 14:51:14 Job submitted from host: <129.69.120.173:40804?addrs=129.69.120.173-40804>
...
000 (015.006.000) 08/13 14:51:14 Job submitted from host: <129.69.120.173:40804?addrs=129.69.120.173-40804>
...
000 (015.007.000) 08/13 14:51:14 Job submitted from host: <129.69.120.173:40804?addrs=129.69.120.173-40804>
...
000 (015.008.000) 08/13 14:51:14 Job submitted from host: <129.69.120.173:40804?addrs=129.69.120.173-40804>
...
000 (015.009.000) 08/13 14:51:14 Job submitted from host: <129.69.120.173:40804?addrs=129.69.120.173-40804>
...
000 (015.010.000) 08/13 14:51:14 Job submitted from host: <129.69.120.173:40804?addrs=129.69.120.173-40804>
...
000 (015.011.000) 08/13 14:51:14 Job submitted from host: <129.69.120.173:40804?addrs=129.69.120.173-40804>
...
000 (015.012.000) 08/13 14:51:14 Job submitted from host: <129.69.120.173:40804?addrs=129.69.120.173-40804>
...
000 (015.013.000) 08/13 14:51:14 Job submitted from host: <129.69.120.173:40804?addrs=129.69.120.173-40804>
...
000 (015.014.000) 08/13 14:51:14 Job submitted from host: <129.69.120.173:40804?addrs=129.69.120.173-40804>
...
000 (015.015.000) 08/13 14:51:14 Job submitted from host: <129.69.120.173:40804?addrs=129.69.120.173-40804>
...
001 (015.005.000) 08/13 14:51:44 Job executing on host: <129.69.120.177:19384?addrs=129.69.120.177-19384>
...
001 (015.007.000) 08/13 14:51:44 Job executing on host: <129.69.120.193:42192?addrs=129.69.120.193-42192>
...
001 (015.009.000) 08/13 14:51:44 Job executing on host: <129.69.120.181:21483?addrs=129.69.120.181-21483>
...
001 (015.006.000) 08/13 14:51:44 Job executing on host: <129.69.120.187:15874?addrs=129.69.120.187-15874>
...
001 (015.014.000) 08/13 14:51:44 Job executing on host: <129.69.120.187:15874?addrs=129.69.120.187-15874>
...
001 (015.010.000) 08/13 14:51:44 Job executing on host: <129.69.120.174:39233?addrs=129.69.120.174-39233>
...
001 (015.004.000) 08/13 14:51:44 Job executing on host: <129.69.120.184:38344?addrs=129.69.120.184-38344>
...
001 (015.008.000) 08/13 14:51:44 Job executing on host: <129.69.120.189:21618?addrs=129.69.120.189-21618>
...
001 (015.013.000) 08/13 14:51:44 Job executing on host: <129.69.120.195:45965?addrs=129.69.120.195-45965>
...
001 (015.011.000) 08/13 14:51:44 Job executing on host: <129.69.120.183:45007?addrs=129.69.120.183-45007>
...
001 (015.015.000) 08/13 14:51:44 Job executing on host: <129.69.120.178:53722?addrs=129.69.120.178-53722>
...
001 (015.012.000) 08/13 14:51:44 Job executing on host: <129.69.120.179:16665?addrs=129.69.120.179-16665>
...
001 (015.000.000) 08/13 14:51:44 Job executing on host: <129.69.120.91:19787?addrs=129.69.120.91-19787>
...
001 (015.003.000) 08/13 14:51:44 Job executing on host: <129.69.120.53:31490?addrs=129.69.120.53-31490>
...
001 (015.001.000) 08/13 14:51:44 Job executing on host: <129.69.120.103:34147?addrs=129.69.120.103-34147>
...
001 (015.002.000) 08/13 14:51:44 Job executing on host: <129.69.120.67:29173?addrs=129.69.120.67-29173>
...
006 (015.005.000) 08/13 14:51:52 Image size of job updated: 378608
	0  -  MemoryUsage of job (MB)
	0  -  ResidentSetSize of job (KB)
...
006 (015.014.000) 08/13 14:51:52 Image size of job updated: 378608
	0  -  MemoryUsage of job (MB)
	0  -  ResidentSetSize of job (KB)
...
006 (015.007.000) 08/13 14:51:52 Image size of job updated: 378608
	0  -  MemoryUsage of job (MB)
	0  -  ResidentSetSize of job (KB)
...
006 (015.006.000) 08/13 14:51:52 Image size of job updated: 378608
	0  -  MemoryUsage of job (MB)
	0  -  ResidentSetSize of job (KB)
...
006 (015.008.000) 08/13 14:51:52 Image size of job updated: 378608
	0  -  MemoryUsage of job (MB)
	0  -  ResidentSetSize of job (KB)
...
006 (015.004.000) 08/13 14:51:52 Image size of job updated: 378608
	0  -  MemoryUsage of job (MB)
	0  -  ResidentSetSize of job (KB)
...
006 (015.009.000) 08/13 14:51:52 Image size of job updated: 378608
	0  -  MemoryUsage of job (MB)
	0  -  ResidentSetSize of job (KB)
...
006 (015.010.000) 08/13 14:51:52 Image size of job updated: 378608
	0  -  MemoryUsage of job (MB)
	0  -  ResidentSetSize of job (KB)
...
006 (015.013.000) 08/13 14:51:52 Image size of job updated: 378608
	0  -  MemoryUsage of job (MB)
	0  -  ResidentSetSize of job (KB)
...
006 (015.011.000) 08/13 14:51:52 Image size of job updated: 378608
	0  -  MemoryUsage of job (MB)
	0  -  ResidentSetSize of job (KB)
...
006 (015.015.000) 08/13 14:51:52 Image size of job updated: 378608
	0  -  MemoryUsage of job (MB)
	0  -  ResidentSetSize of job (KB)
...
006 (015.012.000) 08/13 14:51:52 Image size of job updated: 378608
	0  -  MemoryUsage of job (MB)
	0  -  ResidentSetSize of job (KB)
...
006 (015.000.000) 08/13 14:51:52 Image size of job updated: 379056
	0  -  MemoryUsage of job (MB)
	0  -  ResidentSetSize of job (KB)
...
006 (015.003.000) 08/13 14:51:52 Image size of job updated: 378664
	0  -  MemoryUsage of job (MB)
	0  -  ResidentSetSize of job (KB)
...
006 (015.001.000) 08/13 14:51:52 Image size of job updated: 378664
	0  -  MemoryUsage of job (MB)
	0  -  ResidentSetSize of job (KB)
...
006 (015.002.000) 08/13 14:51:52 Image size of job updated: 378668
	0  -  MemoryUsage of job (MB)
	0  -  ResidentSetSize of job (KB)
...
006 (015.009.000) 08/13 14:56:52 Image size of job updated: 382864
	0  -  MemoryUsage of job (MB)
	0  -  ResidentSetSize of job (KB)
...
006 (015.005.000) 08/13 14:56:52 Image size of job updated: 383256
	0  -  MemoryUsage of job (MB)
	0  -  ResidentSetSize of job (KB)
...
006 (015.014.000) 08/13 14:56:52 Image size of job updated: 382864
	0  -  MemoryUsage of job (MB)
	0  -  ResidentSetSize of job (KB)
...
006 (015.007.000) 08/13 14:56:52 Image size of job updated: 383256
	0  -  MemoryUsage of job (MB)
	0  -  ResidentSetSize of job (KB)
...
006 (015.006.000) 08/13 14:56:52 Image size of job updated: 383256
	0  -  MemoryUsage of job (MB)
	0  -  ResidentSetSize of job (KB)
...
006 (015.008.000) 08/13 14:56:52 Image size of job updated: 382864
	0  -  MemoryUsage of job (MB)
	0  -  ResidentSetSize of job (KB)
...
006 (015.010.000) 08/13 14:56:52 Image size of job updated: 380560
	0  -  MemoryUsage of job (MB)
	0  -  ResidentSetSize of job (KB)
...
006 (015.013.000) 08/13 14:56:52 Image size of job updated: 382864
	0  -  MemoryUsage of job (MB)
	0  -  ResidentSetSize of job (KB)
...
006 (015.004.000) 08/13 14:56:52 Image size of job updated: 383256
	0  -  MemoryUsage of job (MB)
	0  -  ResidentSetSize of job (KB)
...
006 (015.011.000) 08/13 14:56:52 Image size of job updated: 382864
	0  -  MemoryUsage of job (MB)
	0  -  ResidentSetSize of job (KB)
...
006 (015.015.000) 08/13 14:56:52 Image size of job updated: 382864
	0  -  MemoryUsage of job (MB)
	0  -  ResidentSetSize of job (KB)
...
006 (015.012.000) 08/13 14:56:52 Image size of job updated: 380560
	0  -  MemoryUsage of job (MB)
	0  -  ResidentSetSize of job (KB)
...
006 (015.001.000) 08/13 14:56:52 Image size of job updated: 381008
	0  -  MemoryUsage of job (MB)
	0  -  ResidentSetSize of job (KB)
...
006 (015.000.000) 08/13 14:56:52 Image size of job updated: 381400
	0  -  MemoryUsage of job (MB)
	0  -  ResidentSetSize of job (KB)
...
006 (015.003.000) 08/13 14:56:52 Image size of job updated: 381008
	0  -  MemoryUsage of job (MB)
	0  -  ResidentSetSize of job (KB)
...
006 (015.002.000) 08/13 14:56:52 Image size of job updated: 381012
	0  -  MemoryUsage of job (MB)
	0  -  ResidentSetSize of job (KB)
...
010 (015.002.000) 08/13 15:01:32 Job was suspended.
	Number of processes actually suspended: 2
...
006 (015.002.000) 08/13 15:01:32 Image size of job updated: 382804
	0  -  MemoryUsage of job (MB)
	0  -  ResidentSetSize of job (KB)
...
006 (015.012.000) 08/13 15:01:53 Image size of job updated: 382864
	0  -  MemoryUsage of job (MB)
	0  -  ResidentSetSize of job (KB)
...
006 (015.001.000) 08/13 15:01:53 Image size of job updated: 383312
	0  -  MemoryUsage of job (MB)
	0  -  ResidentSetSize of job (KB)
...
006 (015.000.000) 08/13 15:01:53 Image size of job updated: 383192
	0  -  MemoryUsage of job (MB)
	0  -  ResidentSetSize of job (KB)
...
006 (015.003.000) 08/13 15:01:53 Image size of job updated: 383312
	0  -  MemoryUsage of job (MB)
	0  -  ResidentSetSize of job (KB)
...
006 (015.010.000) 08/13 15:01:53 Image size of job updated: 382864
	0  -  MemoryUsage of job (MB)
	0  -  ResidentSetSize of job (KB)
...
010 (015.000.000) 08/13 15:04:57 Job was suspended.
	Number of processes actually suspended: 2
...
011 (015.002.000) 08/13 15:31:34 Job was unsuspended.
...
004 (015.002.000) 08/13 15:31:34 Job was evicted.
	(0) Job was not checkpointed.
		Usr 0 00:09:48, Sys 0 00:00:00  -  Run Remote Usage
		Usr 0 00:00:00, Sys 0 00:00:00  -  Run Local Usage
	0  -  Run Bytes Sent By Job
	0  -  Run Bytes Received By Job
	Partitionable Resources :    Usage  Request Allocated
	   Cpus                 :                 1         1
	   Disk (KB)            :        1        1    113474
	   Gpus                 :                           0
	   Memory (MB)          :        0        1         1
...
001 (015.002.000) 08/13 15:33:53 Job executing on host: <129.69.120.93:55829?addrs=129.69.120.93-55829>
...
011 (015.000.000) 08/13 15:34:59 Job was unsuspended.
...
004 (015.000.000) 08/13 15:34:59 Job was evicted.
	(0) Job was not checkpointed.
		Usr 0 00:13:12, Sys 0 00:00:00  -  Run Remote Usage
		Usr 0 00:00:00, Sys 0 00:00:00  -  Run Local Usage
	0  -  Run Bytes Sent By Job
	0  -  Run Bytes Received By Job
	Partitionable Resources :    Usage  Request Allocated
	   Cpus                 :                 1         1
	   Disk (KB)            :        1        1    183766
	   Gpus                 :                           0
	   Memory (MB)          :        0        1         1
...
001 (015.000.000) 08/13 15:40:53 Job executing on host: <129.69.120.103:34147?addrs=129.69.120.103-34147>
...
010 (015.008.000) 08/13 16:26:14 Job was suspended.
	Number of processes actually suspended: 2
...
011 (015.008.000) 08/13 16:50:38 Job was unsuspended.
...
010 (015.008.000) 08/13 16:53:19 Job was suspended.
	Number of processes actually suspended: 2
...
011 (015.008.000) 08/13 17:03:01 Job was unsuspended.
...
010 (015.010.000) 08/13 17:04:19 Job was suspended.
	Number of processes actually suspended: 2
...
011 (015.010.000) 08/13 17:07:54 Job was unsuspended.
...
005 (015.004.000) 08/13 22:41:55 Job terminated.
	(1) Normal termination (return value 0)
		Usr 0 07:50:01, Sys 0 00:00:00  -  Run Remote Usage
		Usr 0 00:00:00, Sys 0 00:00:00  -  Run Local Usage
		Usr 0 07:50:01, Sys 0 00:00:00  -  Total Remote Usage
		Usr 0 00:00:00, Sys 0 00:00:00  -  Total Local Usage
	0  -  Run Bytes Sent By Job
	0  -  Run Bytes Received By Job
	0  -  Total Bytes Sent By Job
	0  -  Total Bytes Received By Job
	Partitionable Resources :    Usage  Request Allocated
	   Cpus                 :                 1         1
	   Disk (KB)            :        1        1    171004
	   Gpus                 :                           0
	   Memory (MB)          :        0        1         1
...
005 (015.006.000) 08/13 22:46:42 Job terminated.
	(1) Normal termination (return value 0)
		Usr 0 07:54:57, Sys 0 00:00:00  -  Run Remote Usage
		Usr 0 00:00:00, Sys 0 00:00:00  -  Run Local Usage
		Usr 0 07:54:57, Sys 0 00:00:00  -  Total Remote Usage
		Usr 0 00:00:00, Sys 0 00:00:00  -  Total Local Usage
	0  -  Run Bytes Sent By Job
	0  -  Run Bytes Received By Job
	0  -  Total Bytes Sent By Job
	0  -  Total Bytes Received By Job
	Partitionable Resources :    Usage  Request Allocated
	   Cpus                 :                 1         1
	   Disk (KB)            :        1        1    168819
	   Gpus                 :                           0
	   Memory (MB)          :        0        1         1
...
005 (015.005.000) 08/13 22:51:08 Job terminated.
	(1) Normal termination (return value 0)
		Usr 0 07:59:09, Sys 0 00:00:00  -  Run Remote Usage
		Usr 0 00:00:00, Sys 0 00:00:00  -  Run Local Usage
		Usr 0 07:59:09, Sys 0 00:00:00  -  Total Remote Usage
		Usr 0 00:00:00, Sys 0 00:00:00  -  Total Local Usage
	0  -  Run Bytes Sent By Job
	0  -  Run Bytes Received By Job
	0  -  Total Bytes Sent By Job
	0  -  Total Bytes Received By Job
	Partitionable Resources :    Usage  Request Allocated
	   Cpus                 :                 1         1
	   Disk (KB)            :        1        1    169926
	   Gpus                 :                           0
	   Memory (MB)          :        0        1         1
...
005 (015.009.000) 08/13 22:59:50 Job terminated.
	(1) Normal termination (return value 0)
		Usr 0 08:08:03, Sys 0 00:00:00  -  Run Remote Usage
		Usr 0 00:00:00, Sys 0 00:00:00  -  Run Local Usage
		Usr 0 08:08:03, Sys 0 00:00:00  -  Total Remote Usage
		Usr 0 00:00:00, Sys 0 00:00:00  -  Total Local Usage
	0  -  Run Bytes Sent By Job
	0  -  Run Bytes Received By Job
	0  -  Total Bytes Sent By Job
	0  -  Total Bytes Received By Job
	Partitionable Resources :    Usage  Request Allocated
	   Cpus                 :                 1         1
	   Disk (KB)            :        1        1    170277
	   Gpus                 :                           0
	   Memory (MB)          :        0        1         1
...
005 (015.011.000) 08/13 23:03:12 Job terminated.
	(1) Normal termination (return value 0)
		Usr 0 08:11:28, Sys 0 00:00:00  -  Run Remote Usage
		Usr 0 00:00:00, Sys 0 00:00:00  -  Run Local Usage
		Usr 0 08:11:28, Sys 0 00:00:00  -  Total Remote Usage
		Usr 0 00:00:00, Sys 0 00:00:00  -  Total Local Usage
	0  -  Run Bytes Sent By Job
	0  -  Run Bytes Received By Job
	0  -  Total Bytes Sent By Job
	0  -  Total Bytes Received By Job
	Partitionable Resources :    Usage  Request Allocated
	   Cpus                 :                 1         1
	   Disk (KB)            :        1        1    170291
	   Gpus                 :                           0
	   Memory (MB)          :        0        1         1
...
005 (015.013.000) 08/13 23:04:48 Job terminated.
	(1) Normal termination (return value 0)
		Usr 0 08:12:56, Sys 0 00:00:00  -  Run Remote Usage
		Usr 0 00:00:00, Sys 0 00:00:00  -  Run Local Usage
		Usr 0 08:12:56, Sys 0 00:00:00  -  Total Remote Usage
		Usr 0 00:00:00, Sys 0 00:00:00  -  Total Local Usage
	0  -  Run Bytes Sent By Job
	0  -  Run Bytes Received By Job
	0  -  Total Bytes Sent By Job
	0  -  Total Bytes Received By Job
	Partitionable Resources :    Usage  Request Allocated
	   Cpus                 :                 1         1
	   Disk (KB)            :        1        1    170220
	   Gpus                 :                           0
	   Memory (MB)          :        0        1         1
...
005 (015.015.000) 08/13 23:05:23 Job terminated.
	(1) Normal termination (return value 0)
		Usr 0 08:13:32, Sys 0 00:00:00  -  Run Remote Usage
		Usr 0 00:00:00, Sys 0 00:00:00  -  Run Local Usage
		Usr 0 08:13:32, Sys 0 00:00:00  -  Total Remote Usage
		Usr 0 00:00:00, Sys 0 00:00:00  -  Total Local Usage
	0  -  Run Bytes Sent By Job
	0  -  Run Bytes Received By Job
	0  -  Total Bytes Sent By Job
	0  -  Total Bytes Received By Job
	Partitionable Resources :    Usage  Request Allocated
	   Cpus                 :                 1         1
	   Disk (KB)            :        1        1    170413
	   Gpus                 :                           0
	   Memory (MB)          :        0        1         1
...
005 (015.007.000) 08/13 23:10:00 Job terminated.
	(1) Normal termination (return value 0)
		Usr 0 08:18:12, Sys 0 00:00:00  -  Run Remote Usage
		Usr 0 00:00:00, Sys 0 00:00:00  -  Run Local Usage
		Usr 0 08:18:12, Sys 0 00:00:00  -  Total Remote Usage
		Usr 0 00:00:00, Sys 0 00:00:00  -  Total Local Usage
	0  -  Run Bytes Sent By Job
	0  -  Run Bytes Received By Job
	0  -  Total Bytes Sent By Job
	0  -  Total Bytes Received By Job
	Partitionable Resources :    Usage  Request Allocated
	   Cpus                 :                 1         1
	   Disk (KB)            :        1        1    166598
	   Gpus                 :                           0
	   Memory (MB)          :        0        1         1
...
005 (015.014.000) 08/13 23:10:29 Job terminated.
	(1) Normal termination (return value 0)
		Usr 0 08:18:32, Sys 0 00:00:00  -  Run Remote Usage
		Usr 0 00:00:00, Sys 0 00:00:00  -  Run Local Usage
		Usr 0 08:18:32, Sys 0 00:00:00  -  Total Remote Usage
		Usr 0 00:00:00, Sys 0 00:00:00  -  Total Local Usage
	0  -  Run Bytes Sent By Job
	0  -  Run Bytes Received By Job
	0  -  Total Bytes Sent By Job
	0  -  Total Bytes Received By Job
	Partitionable Resources :    Usage  Request Allocated
	   Cpus                 :                 1         1
	   Disk (KB)            :        1        1    168819
	   Gpus                 :                           0
	   Memory (MB)          :        0        1         1
...
005 (015.012.000) 08/13 23:17:04 Job terminated.
	(1) Normal termination (return value 0)
		Usr 0 08:25:13, Sys 0 00:00:00  -  Run Remote Usage
		Usr 0 00:00:00, Sys 0 00:00:00  -  Run Local Usage
		Usr 0 08:25:13, Sys 0 00:00:00  -  Total Remote Usage
		Usr 0 00:00:00, Sys 0 00:00:00  -  Total Local Usage
	0  -  Run Bytes Sent By Job
	0  -  Run Bytes Received By Job
	0  -  Total Bytes Sent By Job
	0  -  Total Bytes Received By Job
	Partitionable Resources :    Usage  Request Allocated
	   Cpus                 :                 1         1
	   Disk (KB)            :        1        1    170100
	   Gpus                 :                           0
	   Memory (MB)          :        0        1         1
...
005 (015.010.000) 08/13 23:18:57 Job terminated.
	(1) Normal termination (return value 0)
		Usr 0 08:23:29, Sys 0 00:00:00  -  Run Remote Usage
		Usr 0 00:00:00, Sys 0 00:00:00  -  Run Local Usage
		Usr 0 08:23:29, Sys 0 00:00:00  -  Total Remote Usage
		Usr 0 00:00:00, Sys 0 00:00:00  -  Total Local Usage
	0  -  Run Bytes Sent By Job
	0  -  Run Bytes Received By Job
	0  -  Total Bytes Sent By Job
	0  -  Total Bytes Received By Job
	Partitionable Resources :    Usage  Request Allocated
	   Cpus                 :                 1         1
	   Disk (KB)            :        1        1    171108
	   Gpus                 :                           0
	   Memory (MB)          :        0        1         1
...
005 (015.008.000) 08/13 23:36:23 Job terminated.
	(1) Normal termination (return value 0)
		Usr 0 08:10:22, Sys 0 00:00:00  -  Run Remote Usage
		Usr 0 00:00:00, Sys 0 00:00:00  -  Run Local Usage
		Usr 0 08:10:22, Sys 0 00:00:00  -  Total Remote Usage
		Usr 0 00:00:00, Sys 0 00:00:00  -  Total Local Usage
	0  -  Run Bytes Sent By Job
	0  -  Run Bytes Received By Job
	0  -  Total Bytes Sent By Job
	0  -  Total Bytes Received By Job
	Partitionable Resources :    Usage  Request Allocated
	   Cpus                 :                 1         1
	   Disk (KB)            :        1        1    166846
	   Gpus                 :                           0
	   Memory (MB)          :        0        1         1
...
005 (015.001.000) 08/14 00:48:25 Job terminated.
	(1) Normal termination (return value 0)
		Usr 0 09:56:19, Sys 0 00:00:08  -  Run Remote Usage
		Usr 0 00:00:00, Sys 0 00:00:00  -  Run Local Usage
		Usr 0 09:56:19, Sys 0 00:00:08  -  Total Remote Usage
		Usr 0 00:00:00, Sys 0 00:00:00  -  Total Local Usage
	0  -  Run Bytes Sent By Job
	0  -  Run Bytes Received By Job
	0  -  Total Bytes Sent By Job
	0  -  Total Bytes Received By Job
	Partitionable Resources :    Usage  Request Allocated
	   Cpus                 :                 1         1
	   Disk (KB)            :        1        1    184432
	   Gpus                 :                           0
	   Memory (MB)          :        0        1         1
...
005 (015.003.000) 08/14 00:56:06 Job terminated.
	(1) Normal termination (return value 0)
		Usr 0 10:03:59, Sys 0 00:00:01  -  Run Remote Usage
		Usr 0 00:00:00, Sys 0 00:00:00  -  Run Local Usage
		Usr 0 10:03:59, Sys 0 00:00:01  -  Total Remote Usage
		Usr 0 00:00:00, Sys 0 00:00:00  -  Total Local Usage
	0  -  Run Bytes Sent By Job
	0  -  Run Bytes Received By Job
	0  -  Total Bytes Sent By Job
	0  -  Total Bytes Received By Job
	Partitionable Resources :    Usage  Request Allocated
	   Cpus                 :                 1         1
	   Disk (KB)            :        1        1    183848
	   Gpus                 :                           0
	   Memory (MB)          :        0        1         1
...
005 (015.002.000) 08/14 01:10:47 Job terminated.
	(1) Normal termination (return value 0)
		Usr 0 09:36:48, Sys 0 00:00:00  -  Run Remote Usage
		Usr 0 00:00:00, Sys 0 00:00:00  -  Run Local Usage
		Usr 0 09:36:48, Sys 0 00:00:00  -  Total Remote Usage
		Usr 0 00:00:00, Sys 0 00:00:00  -  Total Local Usage
	0  -  Run Bytes Sent By Job
	0  -  Run Bytes Received By Job
	0  -  Total Bytes Sent By Job
	0  -  Total Bytes Received By Job
	Partitionable Resources :    Usage  Request Allocated
	   Cpus                 :                 1         1
	   Disk (KB)            :        1        1    184307
	   Gpus                 :                           0
	   Memory (MB)          :        0        0         0
...
005 (015.000.000) 08/14 01:28:43 Job terminated.
	(1) Normal termination (return value 0)
		Usr 0 09:47:44, Sys 0 00:00:01  -  Run Remote Usage
		Usr 0 00:00:00, Sys 0 00:00:00  -  Run Local Usage
		Usr 0 09:47:44, Sys 0 00:00:01  -  Total Remote Usage
		Usr 0 00:00:00, Sys 0 00:00:00  -  Total Local Usage
	0  -  Run Bytes Sent By Job
	0  -  Run Bytes Received By Job
	0  -  Total Bytes Sent By Job
	0  -  Total Bytes Received By Job
	Partitionable Resources :    Usage  Request Allocated
	   Cpus                 :                 1         1
	   Disk (KB)            :        1        1    184432
	   Gpus                 :                           0
	   Memory (MB)          :        0        0         0
...
