000 (16271.000.000) 08/15 14:17:46 Job submitted from host: <129.69.120.170:57407?addrs=129.69.120.170-57407>
...
000 (16271.001.000) 08/15 14:17:46 Job submitted from host: <129.69.120.170:57407?addrs=129.69.120.170-57407>
...
001 (16271.000.000) 08/15 14:18:00 Job executing on host: <129.69.120.56:7528?addrs=129.69.120.56-7528>
...
001 (16271.001.000) 08/15 14:18:00 Job executing on host: <129.69.120.191:45604?addrs=129.69.120.191-45604>
...
006 (16271.000.000) 08/15 14:18:00 Image size of job updated: 1
	0  -  MemoryUsage of job (MB)
	0  -  ResidentSetSize of job (KB)
...
005 (16271.000.000) 08/15 14:18:00 Job terminated.
	(1) Normal termination (return value 0)
		Usr 0 00:00:00, Sys 0 00:00:00  -  Run Remote Usage
		Usr 0 00:00:00, Sys 0 00:00:00  -  Run Local Usage
		Usr 0 00:00:00, Sys 0 00:00:00  -  Total Remote Usage
		Usr 0 00:00:00, Sys 0 00:00:00  -  Total Local Usage
	0  -  Run Bytes Sent By Job
	0  -  Run Bytes Received By Job
	0  -  Total Bytes Sent By Job
	0  -  Total Bytes Received By Job
	Partitionable Resources :    Usage  Request Allocated
	   Cpus                 :                 1         1
	   Disk (KB)            :        1        1    184403
	   Gpus                 :                           1
	   Memory (MB)          :        0        1         1
...
006 (16271.001.000) 08/15 14:18:09 Image size of job updated: 378608
	0  -  MemoryUsage of job (MB)
	0  -  ResidentSetSize of job (KB)
...
006 (16271.001.000) 08/15 14:23:10 Image size of job updated: 383256
	0  -  MemoryUsage of job (MB)
	0  -  ResidentSetSize of job (KB)
...
010 (16271.001.000) 08/15 15:39:30 Job was suspended.
	Number of processes actually suspended: 2
...
011 (16271.001.000) 08/15 15:44:54 Job was unsuspended.
...
010 (16271.001.000) 08/15 15:53:11 Job was suspended.
	Number of processes actually suspended: 2
...
011 (16271.001.000) 08/15 16:17:02 Job was unsuspended.
...
010 (16271.001.000) 08/15 16:40:10 Job was suspended.
	Number of processes actually suspended: 2
...
011 (16271.001.000) 08/15 16:51:16 Job was unsuspended.
...
005 (16271.001.000) 08/15 23:08:19 Job terminated.
	(1) Normal termination (return value 0)
		Usr 0 08:09:56, Sys 0 00:00:00  -  Run Remote Usage
		Usr 0 00:00:00, Sys 0 00:00:00  -  Run Local Usage
		Usr 0 08:09:56, Sys 0 00:00:00  -  Total Remote Usage
		Usr 0 00:00:00, Sys 0 00:00:00  -  Total Local Usage
	0  -  Run Bytes Sent By Job
	0  -  Run Bytes Received By Job
	0  -  Total Bytes Sent By Job
	0  -  Total Bytes Received By Job
	Partitionable Resources :    Usage  Request Allocated
	   Cpus                 :                 1         1
	   Disk (KB)            :        1        1    170687
	   Gpus                 :                           0
	   Memory (MB)          :        0        1         1
...
