000 (229.000.000) 08/15 14:13:48 Job submitted from host: <129.69.120.174:11183?addrs=129.69.120.174-11183>
...
000 (229.001.000) 08/15 14:13:48 Job submitted from host: <129.69.120.174:11183?addrs=129.69.120.174-11183>
...
000 (229.002.000) 08/15 14:13:48 Job submitted from host: <129.69.120.174:11183?addrs=129.69.120.174-11183>
...
000 (229.003.000) 08/15 14:13:48 Job submitted from host: <129.69.120.174:11183?addrs=129.69.120.174-11183>
...
000 (229.004.000) 08/15 14:13:48 Job submitted from host: <129.69.120.174:11183?addrs=129.69.120.174-11183>
...
000 (229.005.000) 08/15 14:13:48 Job submitted from host: <129.69.120.174:11183?addrs=129.69.120.174-11183>
...
000 (229.006.000) 08/15 14:13:48 Job submitted from host: <129.69.120.174:11183?addrs=129.69.120.174-11183>
...
000 (229.007.000) 08/15 14:13:48 Job submitted from host: <129.69.120.174:11183?addrs=129.69.120.174-11183>
...
000 (229.008.000) 08/15 14:13:48 Job submitted from host: <129.69.120.174:11183?addrs=129.69.120.174-11183>
...
000 (229.009.000) 08/15 14:13:48 Job submitted from host: <129.69.120.174:11183?addrs=129.69.120.174-11183>
...
001 (229.001.000) 08/15 14:14:02 Job executing on host: <129.69.120.195:44449?addrs=129.69.120.195-44449>
...
001 (229.004.000) 08/15 14:14:02 Job executing on host: <129.69.120.190:51391?addrs=129.69.120.190-51391>
...
001 (229.002.000) 08/15 14:14:02 Job executing on host: <129.69.120.189:42176?addrs=129.69.120.189-42176>
...
001 (229.006.000) 08/15 14:14:02 Job executing on host: <129.69.120.186:20549?addrs=129.69.120.186-20549>
...
001 (229.005.000) 08/15 14:14:02 Job executing on host: <129.69.120.185:56902?addrs=129.69.120.185-56902>
...
001 (229.003.000) 08/15 14:14:02 Job executing on host: <129.69.120.188:34234?addrs=129.69.120.188-34234>
...
001 (229.000.000) 08/15 14:14:02 Job executing on host: <129.69.120.56:7528?addrs=129.69.120.56-7528>
...
001 (229.009.000) 08/15 14:14:02 Job executing on host: <129.69.120.186:20549?addrs=129.69.120.186-20549>
...
001 (229.008.000) 08/15 14:14:02 Job executing on host: <129.69.120.190:51391?addrs=129.69.120.190-51391>
...
001 (229.007.000) 08/15 14:14:02 Job executing on host: <129.69.120.56:7528?addrs=129.69.120.56-7528>
...
006 (229.000.000) 08/15 14:14:02 Image size of job updated: 1
	0  -  MemoryUsage of job (MB)
	0  -  ResidentSetSize of job (KB)
...
006 (229.007.000) 08/15 14:14:02 Image size of job updated: 1
	0  -  MemoryUsage of job (MB)
	0  -  ResidentSetSize of job (KB)
...
005 (229.000.000) 08/15 14:14:02 Job terminated.
	(1) Normal termination (return value 0)
		Usr 0 00:00:00, Sys 0 00:00:00  -  Run Remote Usage
		Usr 0 00:00:00, Sys 0 00:00:00  -  Run Local Usage
		Usr 0 00:00:00, Sys 0 00:00:00  -  Total Remote Usage
		Usr 0 00:00:00, Sys 0 00:00:00  -  Total Local Usage
	0  -  Run Bytes Sent By Job
	0  -  Run Bytes Received By Job
	0  -  Total Bytes Sent By Job
	0  -  Total Bytes Received By Job
	Partitionable Resources :    Usage  Request Allocated
	   Cpus                 :                 1         1
	   Disk (KB)            :        1        1    184404
	   Gpus                 :                           1
	   Memory (MB)          :        0        1         1
...
005 (229.007.000) 08/15 14:14:02 Job terminated.
	(1) Normal termination (return value 0)
		Usr 0 00:00:00, Sys 0 00:00:00  -  Run Remote Usage
		Usr 0 00:00:00, Sys 0 00:00:00  -  Run Local Usage
		Usr 0 00:00:00, Sys 0 00:00:00  -  Total Remote Usage
		Usr 0 00:00:00, Sys 0 00:00:00  -  Total Local Usage
	0  -  Run Bytes Sent By Job
	0  -  Run Bytes Received By Job
	0  -  Total Bytes Sent By Job
	0  -  Total Bytes Received By Job
	Partitionable Resources :    Usage  Request Allocated
	   Cpus                 :                 1         1
	   Disk (KB)            :        1        1    184404
	   Gpus                 :                           1
	   Memory (MB)          :        0        1         1
...
006 (229.004.000) 08/15 14:14:10 Image size of job updated: 378608
	0  -  MemoryUsage of job (MB)
	0  -  ResidentSetSize of job (KB)
...
006 (229.002.000) 08/15 14:14:10 Image size of job updated: 378608
	0  -  MemoryUsage of job (MB)
	0  -  ResidentSetSize of job (KB)
...
006 (229.001.000) 08/15 14:14:10 Image size of job updated: 378608
	0  -  MemoryUsage of job (MB)
	0  -  ResidentSetSize of job (KB)
...
006 (229.006.000) 08/15 14:14:10 Image size of job updated: 378608
	0  -  MemoryUsage of job (MB)
	0  -  ResidentSetSize of job (KB)
...
006 (229.005.000) 08/15 14:14:10 Image size of job updated: 378608
	0  -  MemoryUsage of job (MB)
	0  -  ResidentSetSize of job (KB)
...
006 (229.009.000) 08/15 14:14:10 Image size of job updated: 378608
	0  -  MemoryUsage of job (MB)
	0  -  ResidentSetSize of job (KB)
...
006 (229.003.000) 08/15 14:14:10 Image size of job updated: 378608
	0  -  MemoryUsage of job (MB)
	0  -  ResidentSetSize of job (KB)
...
006 (229.008.000) 08/15 14:14:10 Image size of job updated: 378608
	0  -  MemoryUsage of job (MB)
	0  -  ResidentSetSize of job (KB)
...
006 (229.002.000) 08/15 14:19:10 Image size of job updated: 382864
	0  -  MemoryUsage of job (MB)
	0  -  ResidentSetSize of job (KB)
...
006 (229.004.000) 08/15 14:19:10 Image size of job updated: 380560
	0  -  MemoryUsage of job (MB)
	0  -  ResidentSetSize of job (KB)
...
006 (229.008.000) 08/15 14:19:10 Image size of job updated: 380560
	0  -  MemoryUsage of job (MB)
	0  -  ResidentSetSize of job (KB)
...
006 (229.001.000) 08/15 14:19:10 Image size of job updated: 382864
	0  -  MemoryUsage of job (MB)
	0  -  ResidentSetSize of job (KB)
...
006 (229.006.000) 08/15 14:19:10 Image size of job updated: 380560
	0  -  MemoryUsage of job (MB)
	0  -  ResidentSetSize of job (KB)
...
006 (229.005.000) 08/15 14:19:10 Image size of job updated: 382864
	0  -  MemoryUsage of job (MB)
	0  -  ResidentSetSize of job (KB)
...
006 (229.009.000) 08/15 14:19:10 Image size of job updated: 380560
	0  -  MemoryUsage of job (MB)
	0  -  ResidentSetSize of job (KB)
...
006 (229.003.000) 08/15 14:19:10 Image size of job updated: 382864
	0  -  MemoryUsage of job (MB)
	0  -  ResidentSetSize of job (KB)
...
006 (229.008.000) 08/15 14:24:11 Image size of job updated: 382864
	0  -  MemoryUsage of job (MB)
	0  -  ResidentSetSize of job (KB)
...
006 (229.004.000) 08/15 14:24:11 Image size of job updated: 382864
	0  -  MemoryUsage of job (MB)
	0  -  ResidentSetSize of job (KB)
...
006 (229.006.000) 08/15 14:24:11 Image size of job updated: 382864
	0  -  MemoryUsage of job (MB)
	0  -  ResidentSetSize of job (KB)
...
006 (229.009.000) 08/15 14:24:11 Image size of job updated: 382864
	0  -  MemoryUsage of job (MB)
	0  -  ResidentSetSize of job (KB)
...
010 (229.002.000) 08/15 14:38:05 Job was suspended.
	Number of processes actually suspended: 2
...
010 (229.008.000) 08/15 14:38:52 Job was suspended.
	Number of processes actually suspended: 2
...
010 (229.004.000) 08/15 14:38:52 Job was suspended.
	Number of processes actually suspended: 2
...
011 (229.004.000) 08/15 14:43:52 Job was unsuspended.
...
011 (229.008.000) 08/15 14:43:52 Job was unsuspended.
...
010 (229.008.000) 08/15 14:59:27 Job was suspended.
	Number of processes actually suspended: 2
...
010 (229.004.000) 08/15 14:59:27 Job was suspended.
	Number of processes actually suspended: 2
...
011 (229.008.000) 08/15 15:05:24 Job was unsuspended.
...
011 (229.004.000) 08/15 15:05:24 Job was unsuspended.
...
011 (229.002.000) 08/15 15:08:08 Job was unsuspended.
...
004 (229.002.000) 08/15 15:08:08 Job was evicted.
	(0) Job was not checkpointed.
		Usr 0 00:24:02, Sys 0 00:00:00  -  Run Remote Usage
		Usr 0 00:00:00, Sys 0 00:00:00  -  Run Local Usage
	0  -  Run Bytes Sent By Job
	0  -  Run Bytes Received By Job
	Partitionable Resources :    Usage  Request Allocated
	   Cpus                 :                 1         1
	   Disk (KB)            :        1        1    165102
	   Gpus                 :                           0
	   Memory (MB)          :        0        1         1
...
001 (229.002.000) 08/15 15:10:42 Job executing on host: <129.69.120.56:7528?addrs=129.69.120.56-7528>
...
005 (229.002.000) 08/15 15:10:42 Job terminated.
	(1) Normal termination (return value 0)
		Usr 0 00:00:00, Sys 0 00:00:00  -  Run Remote Usage
		Usr 0 00:00:00, Sys 0 00:00:00  -  Run Local Usage
		Usr 0 00:00:00, Sys 0 00:00:00  -  Total Remote Usage
		Usr 0 00:00:00, Sys 0 00:00:00  -  Total Local Usage
	0  -  Run Bytes Sent By Job
	0  -  Run Bytes Received By Job
	0  -  Total Bytes Sent By Job
	0  -  Total Bytes Received By Job
	Partitionable Resources :    Usage  Request Allocated
	   Cpus                 :                 1         1
	   Disk (KB)            :        1        1    184401
	   Gpus                 :                           0
	   Memory (MB)          :        0        0         0
...
010 (229.001.000) 08/15 15:14:06 Job was suspended.
	Number of processes actually suspended: 2
...
011 (229.001.000) 08/15 15:31:52 Job was unsuspended.
...
010 (229.001.000) 08/15 15:58:47 Job was suspended.
	Number of processes actually suspended: 2
...
011 (229.001.000) 08/15 16:06:24 Job was unsuspended.
...
010 (229.006.000) 08/15 16:17:10 Job was suspended.
	Number of processes actually suspended: 2
...
010 (229.009.000) 08/15 16:17:10 Job was suspended.
	Number of processes actually suspended: 2
...
011 (229.009.000) 08/15 16:22:30 Job was unsuspended.
...
011 (229.006.000) 08/15 16:22:30 Job was unsuspended.
...
004 (229.005.000) 08/15 16:44:43 Job was evicted.
	(0) Job was not checkpointed.
		Usr 0 02:30:40, Sys 0 00:00:00  -  Run Remote Usage
		Usr 0 00:00:00, Sys 0 00:00:00  -  Run Local Usage
	0  -  Run Bytes Sent By Job
	0  -  Run Bytes Received By Job
	Partitionable Resources :    Usage  Request Allocated
	   Cpus                 :                 1         1
	   Disk (KB)            :        1        1    170407
	   Gpus                 :                           0
	   Memory (MB)          :        0        1         1
...
010 (229.001.000) 08/15 16:45:35 Job was suspended.
	Number of processes actually suspended: 2
...
001 (229.005.000) 08/15 16:47:53 Job executing on host: <129.69.120.56:7528?addrs=129.69.120.56-7528>
...
005 (229.005.000) 08/15 16:47:54 Job terminated.
	(1) Normal termination (return value 0)
		Usr 0 00:00:00, Sys 0 00:00:00  -  Run Remote Usage
		Usr 0 00:00:00, Sys 0 00:00:00  -  Run Local Usage
		Usr 0 00:00:00, Sys 0 00:00:00  -  Total Remote Usage
		Usr 0 00:00:00, Sys 0 00:00:00  -  Total Local Usage
	0  -  Run Bytes Sent By Job
	0  -  Run Bytes Received By Job
	0  -  Total Bytes Sent By Job
	0  -  Total Bytes Received By Job
	Partitionable Resources :    Usage  Request Allocated
	   Cpus                 :                 1         1
	   Disk (KB)            :        1        1    184387
	   Gpus                 :                           0
	   Memory (MB)          :        0        0         0
...
011 (229.001.000) 08/15 16:56:28 Job was unsuspended.
...
005 (229.003.000) 08/15 22:49:20 Job terminated.
	(1) Normal termination (return value 0)
		Usr 0 08:35:17, Sys 0 00:00:00  -  Run Remote Usage
		Usr 0 00:00:00, Sys 0 00:00:00  -  Run Local Usage
		Usr 0 08:35:17, Sys 0 00:00:00  -  Total Remote Usage
		Usr 0 00:00:00, Sys 0 00:00:00  -  Total Local Usage
	0  -  Run Bytes Sent By Job
	0  -  Run Bytes Received By Job
	0  -  Total Bytes Sent By Job
	0  -  Total Bytes Received By Job
	Partitionable Resources :    Usage  Request Allocated
	   Cpus                 :                 1         1
	   Disk (KB)            :        1        1    168946
	   Gpus                 :                           0
	   Memory (MB)          :        0        1         1
...
005 (229.006.000) 08/15 23:01:46 Job terminated.
	(1) Normal termination (return value 0)
		Usr 0 08:42:15, Sys 0 00:00:00  -  Run Remote Usage
		Usr 0 00:00:00, Sys 0 00:00:00  -  Run Local Usage
		Usr 0 08:42:15, Sys 0 00:00:00  -  Total Remote Usage
		Usr 0 00:00:00, Sys 0 00:00:00  -  Total Local Usage
	0  -  Run Bytes Sent By Job
	0  -  Run Bytes Received By Job
	0  -  Total Bytes Sent By Job
	0  -  Total Bytes Received By Job
	Partitionable Resources :    Usage  Request Allocated
	   Cpus                 :                 1         1
	   Disk (KB)            :        1        1    169837
	   Gpus                 :                           0
	   Memory (MB)          :        0        1         1
...
005 (229.009.000) 08/15 23:04:35 Job terminated.
	(1) Normal termination (return value 0)
		Usr 0 08:45:00, Sys 0 00:00:00  -  Run Remote Usage
		Usr 0 00:00:00, Sys 0 00:00:00  -  Run Local Usage
		Usr 0 08:45:00, Sys 0 00:00:00  -  Total Remote Usage
		Usr 0 00:00:00, Sys 0 00:00:00  -  Total Local Usage
	0  -  Run Bytes Sent By Job
	0  -  Run Bytes Received By Job
	0  -  Total Bytes Sent By Job
	0  -  Total Bytes Received By Job
	Partitionable Resources :    Usage  Request Allocated
	   Cpus                 :                 1         1
	   Disk (KB)            :        1        1    169837
	   Gpus                 :                           0
	   Memory (MB)          :        0        1         1
...
005 (229.004.000) 08/15 23:05:05 Job terminated.
	(1) Normal termination (return value 0)
		Usr 0 08:39:54, Sys 0 00:00:00  -  Run Remote Usage
		Usr 0 00:00:00, Sys 0 00:00:00  -  Run Local Usage
		Usr 0 08:39:54, Sys 0 00:00:00  -  Total Remote Usage
		Usr 0 00:00:00, Sys 0 00:00:00  -  Total Local Usage
	0  -  Run Bytes Sent By Job
	0  -  Run Bytes Received By Job
	0  -  Total Bytes Sent By Job
	0  -  Total Bytes Received By Job
	Partitionable Resources :    Usage  Request Allocated
	   Cpus                 :                 1         1
	   Disk (KB)            :        1        1    164920
	   Gpus                 :                           0
	   Memory (MB)          :        0        1         1
...
005 (229.008.000) 08/15 23:10:49 Job terminated.
	(1) Normal termination (return value 0)
		Usr 0 08:45:40, Sys 0 00:00:00  -  Run Remote Usage
		Usr 0 00:00:00, Sys 0 00:00:00  -  Run Local Usage
		Usr 0 08:45:40, Sys 0 00:00:00  -  Total Remote Usage
		Usr 0 00:00:00, Sys 0 00:00:00  -  Total Local Usage
	0  -  Run Bytes Sent By Job
	0  -  Run Bytes Received By Job
	0  -  Total Bytes Sent By Job
	0  -  Total Bytes Received By Job
	Partitionable Resources :    Usage  Request Allocated
	   Cpus                 :                 1         1
	   Disk (KB)            :        1        1    164920
	   Gpus                 :                           0
	   Memory (MB)          :        0        1         1
...
005 (229.001.000) 08/15 23:27:28 Job terminated.
	(1) Normal termination (return value 0)
		Usr 0 08:36:59, Sys 0 00:00:00  -  Run Remote Usage
		Usr 0 00:00:00, Sys 0 00:00:00  -  Run Local Usage
		Usr 0 08:36:59, Sys 0 00:00:00  -  Total Remote Usage
		Usr 0 00:00:00, Sys 0 00:00:00  -  Total Local Usage
	0  -  Run Bytes Sent By Job
	0  -  Run Bytes Received By Job
	0  -  Total Bytes Sent By Job
	0  -  Total Bytes Received By Job
	Partitionable Resources :    Usage  Request Allocated
	   Cpus                 :                 1         1
	   Disk (KB)            :        1        1    169291
	   Gpus                 :                           0
	   Memory (MB)          :        0        1         1
...
