000 (022.000.000) 08/16 10:42:31 Job submitted from host: <129.69.120.173:10625?addrs=129.69.120.173-10625>
...
001 (022.000.000) 08/16 10:42:45 Job executing on host: <129.69.120.73:17648?addrs=129.69.120.73-17648>
...
006 (022.000.000) 08/16 10:42:53 Image size of job updated: 378668
	0  -  MemoryUsage of job (MB)
	0  -  ResidentSetSize of job (KB)
...
006 (022.000.000) 08/16 10:47:53 Image size of job updated: 380620
	0  -  MemoryUsage of job (MB)
	0  -  ResidentSetSize of job (KB)
...
006 (022.000.000) 08/16 10:52:54 Image size of job updated: 382924
	0  -  MemoryUsage of job (MB)
	0  -  ResidentSetSize of job (KB)
...
010 (022.000.000) 08/16 11:13:55 Job was suspended.
	Number of processes actually suspended: 2
...
011 (022.000.000) 08/16 11:16:07 Job was unsuspended.
...
004 (022.000.000) 08/16 11:16:07 Job was evicted.
	(0) Job was not checkpointed.
		Usr 0 00:31:09, Sys 0 00:00:00  -  Run Remote Usage
		Usr 0 00:00:00, Sys 0 00:00:00  -  Run Local Usage
	0  -  Run Bytes Sent By Job
	0  -  Run Bytes Received By Job
	Partitionable Resources :    Usage  Request Allocated
	   Cpus                 :                 1         1
	   Disk (KB)            :        1        1    169308
	   Gpus                 :                           0
	   Memory (MB)          :        0        1         1
...
001 (022.000.000) 08/16 11:19:45 Job executing on host: <129.69.120.49:55505?addrs=129.69.120.49-55505>
...
010 (022.000.000) 08/16 15:05:36 Job was suspended.
	Number of processes actually suspended: 2
...
011 (022.000.000) 08/16 15:10:44 Job was unsuspended.
...
010 (022.000.000) 08/16 15:18:57 Job was suspended.
	Number of processes actually suspended: 2
...
011 (022.000.000) 08/16 15:27:59 Job was unsuspended.
...
010 (022.000.000) 08/16 15:31:06 Job was suspended.
	Number of processes actually suspended: 2
...
011 (022.000.000) 08/16 15:38:25 Job was unsuspended.
...
010 (022.000.000) 08/16 15:39:36 Job was suspended.
	Number of processes actually suspended: 2
...
011 (022.000.000) 08/16 15:44:35 Job was unsuspended.
...
010 (022.000.000) 08/16 15:46:36 Job was suspended.
	Number of processes actually suspended: 2
...
011 (022.000.000) 08/16 15:51:39 Job was unsuspended.
...
010 (022.000.000) 08/16 15:55:15 Job was suspended.
	Number of processes actually suspended: 2
...
011 (022.000.000) 08/16 16:03:50 Job was unsuspended.
...
010 (022.000.000) 08/16 16:05:21 Job was suspended.
	Number of processes actually suspended: 2
...
011 (022.000.000) 08/16 16:10:40 Job was unsuspended.
...
010 (022.000.000) 08/16 16:10:50 Job was suspended.
	Number of processes actually suspended: 2
...
011 (022.000.000) 08/16 16:16:40 Job was unsuspended.
...
010 (022.000.000) 08/16 16:25:34 Job was suspended.
	Number of processes actually suspended: 2
...
011 (022.000.000) 08/16 16:30:46 Job was unsuspended.
...
010 (022.000.000) 08/16 16:36:14 Job was suspended.
	Number of processes actually suspended: 2
...
011 (022.000.000) 08/16 16:41:57 Job was unsuspended.
...
010 (022.000.000) 08/16 16:43:28 Job was suspended.
	Number of processes actually suspended: 2
...
011 (022.000.000) 08/16 16:48:29 Job was unsuspended.
...
005 (022.000.000) 08/16 22:52:02 Job terminated.
	(1) Normal termination (return value 0)
		Usr 0 10:24:48, Sys 0 00:00:00  -  Run Remote Usage
		Usr 0 00:00:00, Sys 0 00:00:00  -  Run Local Usage
		Usr 0 10:24:48, Sys 0 00:00:00  -  Total Remote Usage
		Usr 0 00:00:00, Sys 0 00:00:00  -  Total Local Usage
	0  -  Run Bytes Sent By Job
	0  -  Run Bytes Received By Job
	0  -  Total Bytes Sent By Job
	0  -  Total Bytes Received By Job
	Partitionable Resources :    Usage  Request Allocated
	   Cpus                 :                 1         1
	   Disk (KB)            :        1        1    183604
	   Gpus                 :                           0
	   Memory (MB)          :        0        0         0
...
