000 (230.000.000) 08/15 14:23:17 Job submitted from host: <129.69.120.174:11183?addrs=129.69.120.174-11183>
...
000 (230.001.000) 08/15 14:23:17 Job submitted from host: <129.69.120.174:11183?addrs=129.69.120.174-11183>
...
001 (230.001.000) 08/15 14:24:04 Job executing on host: <129.69.120.191:45604?addrs=129.69.120.191-45604>
...
001 (230.000.000) 08/15 14:24:04 Job executing on host: <129.69.120.56:7528?addrs=129.69.120.56-7528>
...
006 (230.000.000) 08/15 14:24:04 Image size of job updated: 1
	0  -  MemoryUsage of job (MB)
	0  -  ResidentSetSize of job (KB)
...
005 (230.000.000) 08/15 14:24:04 Job terminated.
	(1) Normal termination (return value 0)
		Usr 0 00:00:00, Sys 0 00:00:00  -  Run Remote Usage
		Usr 0 00:00:00, Sys 0 00:00:00  -  Run Local Usage
		Usr 0 00:00:00, Sys 0 00:00:00  -  Total Remote Usage
		Usr 0 00:00:00, Sys 0 00:00:00  -  Total Local Usage
	0  -  Run Bytes Sent By Job
	0  -  Run Bytes Received By Job
	0  -  Total Bytes Sent By Job
	0  -  Total Bytes Received By Job
	Partitionable Resources :    Usage  Request Allocated
	   Cpus                 :                 1         1
	   Disk (KB)            :        1        1    184402
	   Gpus                 :                           1
	   Memory (MB)          :        0        1         1
...
006 (230.001.000) 08/15 14:24:12 Image size of job updated: 378608
	0  -  MemoryUsage of job (MB)
	0  -  ResidentSetSize of job (KB)
...
006 (230.001.000) 08/15 14:29:12 Image size of job updated: 380560
	0  -  MemoryUsage of job (MB)
	0  -  ResidentSetSize of job (KB)
...
006 (230.001.000) 08/15 14:34:13 Image size of job updated: 382864
	0  -  MemoryUsage of job (MB)
	0  -  ResidentSetSize of job (KB)
...
010 (230.001.000) 08/15 15:39:30 Job was suspended.
	Number of processes actually suspended: 2
...
011 (230.001.000) 08/15 15:44:54 Job was unsuspended.
...
010 (230.001.000) 08/15 15:53:11 Job was suspended.
	Number of processes actually suspended: 2
...
011 (230.001.000) 08/15 16:17:02 Job was unsuspended.
...
010 (230.001.000) 08/15 16:40:10 Job was suspended.
	Number of processes actually suspended: 2
...
011 (230.001.000) 08/15 16:51:16 Job was unsuspended.
...
005 (230.001.000) 08/15 23:45:20 Job terminated.
	(1) Normal termination (return value 0)
		Usr 0 08:40:50, Sys 0 00:00:00  -  Run Remote Usage
		Usr 0 00:00:00, Sys 0 00:00:00  -  Run Local Usage
		Usr 0 08:40:50, Sys 0 00:00:00  -  Total Remote Usage
		Usr 0 00:00:00, Sys 0 00:00:00  -  Total Local Usage
	0  -  Run Bytes Sent By Job
	0  -  Run Bytes Received By Job
	0  -  Total Bytes Sent By Job
	0  -  Total Bytes Received By Job
	Partitionable Resources :    Usage  Request Allocated
	   Cpus                 :                 1         1
	   Disk (KB)            :        1        1    170686
	   Gpus                 :                           0
	   Memory (MB)          :        0        1         1
...
