000 (231.000.000) 08/24 16:55:53 Job submitted from host: <129.69.120.174:11183?addrs=129.69.120.174-11183>
...
000 (231.001.000) 08/24 16:55:53 Job submitted from host: <129.69.120.174:11183?addrs=129.69.120.174-11183>
...
000 (231.002.000) 08/24 16:55:53 Job submitted from host: <129.69.120.174:11183?addrs=129.69.120.174-11183>
...
000 (231.003.000) 08/24 16:55:53 Job submitted from host: <129.69.120.174:11183?addrs=129.69.120.174-11183>
...
000 (231.004.000) 08/24 16:55:53 Job submitted from host: <129.69.120.174:11183?addrs=129.69.120.174-11183>
...
000 (231.005.000) 08/24 16:55:53 Job submitted from host: <129.69.120.174:11183?addrs=129.69.120.174-11183>
...
000 (231.006.000) 08/24 16:55:53 Job submitted from host: <129.69.120.174:11183?addrs=129.69.120.174-11183>
...
000 (231.007.000) 08/24 16:55:53 Job submitted from host: <129.69.120.174:11183?addrs=129.69.120.174-11183>
...
000 (231.008.000) 08/24 16:55:53 Job submitted from host: <129.69.120.174:11183?addrs=129.69.120.174-11183>
...
000 (231.009.000) 08/24 16:55:53 Job submitted from host: <129.69.120.174:11183?addrs=129.69.120.174-11183>
...
000 (231.010.000) 08/24 16:55:53 Job submitted from host: <129.69.120.174:11183?addrs=129.69.120.174-11183>
...
000 (231.011.000) 08/24 16:55:53 Job submitted from host: <129.69.120.174:11183?addrs=129.69.120.174-11183>
...
000 (231.012.000) 08/24 16:55:53 Job submitted from host: <129.69.120.174:11183?addrs=129.69.120.174-11183>
...
000 (231.013.000) 08/24 16:55:53 Job submitted from host: <129.69.120.174:11183?addrs=129.69.120.174-11183>
...
000 (231.014.000) 08/24 16:55:53 Job submitted from host: <129.69.120.174:11183?addrs=129.69.120.174-11183>
...
000 (231.015.000) 08/24 16:55:53 Job submitted from host: <129.69.120.174:11183?addrs=129.69.120.174-11183>
...
000 (231.016.000) 08/24 16:55:53 Job submitted from host: <129.69.120.174:11183?addrs=129.69.120.174-11183>
...
000 (231.017.000) 08/24 16:55:53 Job submitted from host: <129.69.120.174:11183?addrs=129.69.120.174-11183>
...
000 (231.018.000) 08/24 16:55:53 Job submitted from host: <129.69.120.174:11183?addrs=129.69.120.174-11183>
...
000 (231.019.000) 08/24 16:55:53 Job submitted from host: <129.69.120.174:11183?addrs=129.69.120.174-11183>
...
001 (231.008.000) 08/24 16:56:28 Job executing on host: <129.69.120.56:17704?addrs=129.69.120.56-17704>
...
001 (231.002.000) 08/24 16:56:28 Job executing on host: <129.69.120.67:32163?addrs=129.69.120.67-32163>
...
001 (231.010.000) 08/24 16:56:28 Job executing on host: <129.69.120.67:32163?addrs=129.69.120.67-32163>
...
001 (231.001.000) 08/24 16:56:28 Job executing on host: <129.69.120.57:45581?addrs=129.69.120.57-45581>
...
001 (231.015.000) 08/24 16:56:28 Job executing on host: <129.69.120.56:17704?addrs=129.69.120.56-17704>
...
001 (231.004.000) 08/24 16:56:28 Job executing on host: <129.69.120.49:61977?addrs=129.69.120.49-61977>
...
001 (231.003.000) 08/24 16:56:28 Job executing on host: <129.69.120.45:30685?addrs=129.69.120.45-30685>
...
001 (231.006.000) 08/24 16:56:29 Job executing on host: <129.69.120.91:49494?addrs=129.69.120.91-49494>
...
001 (231.011.000) 08/24 16:56:29 Job executing on host: <129.69.120.57:45581?addrs=129.69.120.57-45581>
...
001 (231.009.000) 08/24 16:56:29 Job executing on host: <129.69.120.91:49494?addrs=129.69.120.91-49494>
...
001 (231.005.000) 08/24 16:56:29 Job executing on host: <129.69.120.53:53710?addrs=129.69.120.53-53710>
...
001 (231.014.000) 08/24 16:56:29 Job executing on host: <129.69.120.49:61977?addrs=129.69.120.49-61977>
...
001 (231.013.000) 08/24 16:56:29 Job executing on host: <129.69.120.45:30685?addrs=129.69.120.45-30685>
...
001 (231.016.000) 08/24 16:56:29 Job executing on host: <129.69.120.53:53710?addrs=129.69.120.53-53710>
...
001 (231.007.000) 08/24 16:56:29 Job executing on host: <129.69.120.37:22786?addrs=129.69.120.37-22786>
...
001 (231.017.000) 08/24 16:56:29 Job executing on host: <129.69.120.37:22786?addrs=129.69.120.37-22786>
...
006 (231.006.000) 08/24 16:56:29 Image size of job updated: 1
	0  -  MemoryUsage of job (MB)
	0  -  ResidentSetSize of job (KB)
...
006 (231.002.000) 08/24 16:56:29 Image size of job updated: 1
	0  -  MemoryUsage of job (MB)
	0  -  ResidentSetSize of job (KB)
...
005 (231.006.000) 08/24 16:56:29 Job terminated.
	(1) Normal termination (return value 1)
		Usr 0 00:00:00, Sys 0 00:00:00  -  Run Remote Usage
		Usr 0 00:00:00, Sys 0 00:00:00  -  Run Local Usage
		Usr 0 00:00:00, Sys 0 00:00:00  -  Total Remote Usage
		Usr 0 00:00:00, Sys 0 00:00:00  -  Total Local Usage
	0  -  Run Bytes Sent By Job
	0  -  Run Bytes Received By Job
	0  -  Total Bytes Sent By Job
	0  -  Total Bytes Received By Job
	Partitionable Resources :    Usage  Request Allocated
	   Cpus                 :                 1         1
	   Disk (KB)            :        1        1    182724
	   Gpus                 :                           0
	   Memory (MB)          :        0        1         1
...
006 (231.003.000) 08/24 16:56:29 Image size of job updated: 1
	0  -  MemoryUsage of job (MB)
	0  -  ResidentSetSize of job (KB)
...
005 (231.002.000) 08/24 16:56:29 Job terminated.
	(1) Normal termination (return value 1)
		Usr 0 00:00:00, Sys 0 00:00:00  -  Run Remote Usage
		Usr 0 00:00:00, Sys 0 00:00:00  -  Run Local Usage
		Usr 0 00:00:00, Sys 0 00:00:00  -  Total Remote Usage
		Usr 0 00:00:00, Sys 0 00:00:00  -  Total Local Usage
	0  -  Run Bytes Sent By Job
	0  -  Run Bytes Received By Job
	0  -  Total Bytes Sent By Job
	0  -  Total Bytes Received By Job
	Partitionable Resources :    Usage  Request Allocated
	   Cpus                 :                 1         1
	   Disk (KB)            :        1        1    111891
	   Gpus                 :                           0
	   Memory (MB)          :        0        1         1
...
006 (231.009.000) 08/24 16:56:29 Image size of job updated: 1
	0  -  MemoryUsage of job (MB)
	0  -  ResidentSetSize of job (KB)
...
006 (231.001.000) 08/24 16:56:29 Image size of job updated: 1
	0  -  MemoryUsage of job (MB)
	0  -  ResidentSetSize of job (KB)
...
006 (231.004.000) 08/24 16:56:29 Image size of job updated: 1
	0  -  MemoryUsage of job (MB)
	0  -  ResidentSetSize of job (KB)
...
006 (231.010.000) 08/24 16:56:29 Image size of job updated: 1
	0  -  MemoryUsage of job (MB)
	0  -  ResidentSetSize of job (KB)
...
005 (231.003.000) 08/24 16:56:29 Job terminated.
	(1) Normal termination (return value 1)
		Usr 0 00:00:00, Sys 0 00:00:00  -  Run Remote Usage
		Usr 0 00:00:00, Sys 0 00:00:00  -  Run Local Usage
		Usr 0 00:00:00, Sys 0 00:00:00  -  Total Remote Usage
		Usr 0 00:00:00, Sys 0 00:00:00  -  Total Local Usage
	0  -  Run Bytes Sent By Job
	0  -  Run Bytes Received By Job
	0  -  Total Bytes Sent By Job
	0  -  Total Bytes Received By Job
	Partitionable Resources :    Usage  Request Allocated
	   Cpus                 :                 1         1
	   Disk (KB)            :        1        1    184574
	   Gpus                 :                           0
	   Memory (MB)          :        0        1         1
...
006 (231.014.000) 08/24 16:56:29 Image size of job updated: 1
	0  -  MemoryUsage of job (MB)
	0  -  ResidentSetSize of job (KB)
...
005 (231.009.000) 08/24 16:56:29 Job terminated.
	(1) Normal termination (return value 1)
		Usr 0 00:00:00, Sys 0 00:00:00  -  Run Remote Usage
		Usr 0 00:00:00, Sys 0 00:00:00  -  Run Local Usage
		Usr 0 00:00:00, Sys 0 00:00:00  -  Total Remote Usage
		Usr 0 00:00:00, Sys 0 00:00:00  -  Total Local Usage
	0  -  Run Bytes Sent By Job
	0  -  Run Bytes Received By Job
	0  -  Total Bytes Sent By Job
	0  -  Total Bytes Received By Job
	Partitionable Resources :    Usage  Request Allocated
	   Cpus                 :                 1         4
	   Disk (KB)            :        1        1    182724
	   Gpus                 :                           0
	   Memory (MB)          :        0        1       128
...
006 (231.013.000) 08/24 16:56:29 Image size of job updated: 1
	0  -  MemoryUsage of job (MB)
	0  -  ResidentSetSize of job (KB)
...
005 (231.004.000) 08/24 16:56:29 Job terminated.
	(1) Normal termination (return value 1)
		Usr 0 00:00:00, Sys 0 00:00:00  -  Run Remote Usage
		Usr 0 00:00:00, Sys 0 00:00:00  -  Run Local Usage
		Usr 0 00:00:00, Sys 0 00:00:00  -  Total Remote Usage
		Usr 0 00:00:00, Sys 0 00:00:00  -  Total Local Usage
	0  -  Run Bytes Sent By Job
	0  -  Run Bytes Received By Job
	0  -  Total Bytes Sent By Job
	0  -  Total Bytes Received By Job
	Partitionable Resources :    Usage  Request Allocated
	   Cpus                 :                 1         1
	   Disk (KB)            :        1        1    183482
	   Gpus                 :                           0
	   Memory (MB)          :        0        1         1
...
005 (231.010.000) 08/24 16:56:29 Job terminated.
	(1) Normal termination (return value 1)
		Usr 0 00:00:00, Sys 0 00:00:00  -  Run Remote Usage
		Usr 0 00:00:00, Sys 0 00:00:00  -  Run Local Usage
		Usr 0 00:00:00, Sys 0 00:00:00  -  Total Remote Usage
		Usr 0 00:00:00, Sys 0 00:00:00  -  Total Local Usage
	0  -  Run Bytes Sent By Job
	0  -  Run Bytes Received By Job
	0  -  Total Bytes Sent By Job
	0  -  Total Bytes Received By Job
	Partitionable Resources :    Usage  Request Allocated
	   Cpus                 :                 1         1
	   Disk (KB)            :        1        1    111891
	   Gpus                 :                           0
	   Memory (MB)          :        0        1         1
...
006 (231.008.000) 08/24 16:56:29 Image size of job updated: 1
	0  -  MemoryUsage of job (MB)
	0  -  ResidentSetSize of job (KB)
...
006 (231.011.000) 08/24 16:56:29 Image size of job updated: 1
	0  -  MemoryUsage of job (MB)
	0  -  ResidentSetSize of job (KB)
...
005 (231.014.000) 08/24 16:56:29 Job terminated.
	(1) Normal termination (return value 1)
		Usr 0 00:00:00, Sys 0 00:00:00  -  Run Remote Usage
		Usr 0 00:00:00, Sys 0 00:00:00  -  Run Local Usage
		Usr 0 00:00:00, Sys 0 00:00:00  -  Total Remote Usage
		Usr 0 00:00:00, Sys 0 00:00:00  -  Total Local Usage
	0  -  Run Bytes Sent By Job
	0  -  Run Bytes Received By Job
	0  -  Total Bytes Sent By Job
	0  -  Total Bytes Received By Job
	Partitionable Resources :    Usage  Request Allocated
	   Cpus                 :                 1         1
	   Disk (KB)            :        1        1    183482
	   Gpus                 :                           0
	   Memory (MB)          :        0        1         1
...
005 (231.013.000) 08/24 16:56:29 Job terminated.
	(1) Normal termination (return value 1)
		Usr 0 00:00:00, Sys 0 00:00:00  -  Run Remote Usage
		Usr 0 00:00:00, Sys 0 00:00:00  -  Run Local Usage
		Usr 0 00:00:00, Sys 0 00:00:00  -  Total Remote Usage
		Usr 0 00:00:00, Sys 0 00:00:00  -  Total Local Usage
	0  -  Run Bytes Sent By Job
	0  -  Run Bytes Received By Job
	0  -  Total Bytes Sent By Job
	0  -  Total Bytes Received By Job
	Partitionable Resources :    Usage  Request Allocated
	   Cpus                 :                 1         1
	   Disk (KB)            :        1        1    184574
	   Gpus                 :                           0
	   Memory (MB)          :        0        1         1
...
005 (231.001.000) 08/24 16:56:29 Job terminated.
	(1) Normal termination (return value 1)
		Usr 0 00:00:00, Sys 0 00:00:00  -  Run Remote Usage
		Usr 0 00:00:00, Sys 0 00:00:00  -  Run Local Usage
		Usr 0 00:00:00, Sys 0 00:00:00  -  Total Remote Usage
		Usr 0 00:00:00, Sys 0 00:00:00  -  Total Local Usage
	0  -  Run Bytes Sent By Job
	0  -  Run Bytes Received By Job
	0  -  Total Bytes Sent By Job
	0  -  Total Bytes Received By Job
	Partitionable Resources :    Usage  Request Allocated
	   Cpus                 :                 1         1
	   Disk (KB)            :        1        1    169791
	   Gpus                 :                           0
	   Memory (MB)          :        0        1         1
...
006 (231.005.000) 08/24 16:56:29 Image size of job updated: 1
	0  -  MemoryUsage of job (MB)
	0  -  ResidentSetSize of job (KB)
...
005 (231.008.000) 08/24 16:56:29 Job terminated.
	(1) Normal termination (return value 1)
		Usr 0 00:00:00, Sys 0 00:00:00  -  Run Remote Usage
		Usr 0 00:00:00, Sys 0 00:00:00  -  Run Local Usage
		Usr 0 00:00:00, Sys 0 00:00:00  -  Total Remote Usage
		Usr 0 00:00:00, Sys 0 00:00:00  -  Total Local Usage
	0  -  Run Bytes Sent By Job
	0  -  Run Bytes Received By Job
	0  -  Total Bytes Sent By Job
	0  -  Total Bytes Received By Job
	Partitionable Resources :    Usage  Request Allocated
	   Cpus                 :                 1         1
	   Disk (KB)            :        1        1    184176
	   Gpus                 :                           0
	   Memory (MB)          :        0        1         1
...
005 (231.011.000) 08/24 16:56:29 Job terminated.
	(1) Normal termination (return value 1)
		Usr 0 00:00:00, Sys 0 00:00:00  -  Run Remote Usage
		Usr 0 00:00:00, Sys 0 00:00:00  -  Run Local Usage
		Usr 0 00:00:00, Sys 0 00:00:00  -  Total Remote Usage
		Usr 0 00:00:00, Sys 0 00:00:00  -  Total Local Usage
	0  -  Run Bytes Sent By Job
	0  -  Run Bytes Received By Job
	0  -  Total Bytes Sent By Job
	0  -  Total Bytes Received By Job
	Partitionable Resources :    Usage  Request Allocated
	   Cpus                 :                 1         1
	   Disk (KB)            :        1        1    169791
	   Gpus                 :                           0
	   Memory (MB)          :        0        1         1
...
006 (231.017.000) 08/24 16:56:29 Image size of job updated: 1
	0  -  MemoryUsage of job (MB)
	0  -  ResidentSetSize of job (KB)
...
006 (231.007.000) 08/24 16:56:29 Image size of job updated: 1
	0  -  MemoryUsage of job (MB)
	0  -  ResidentSetSize of job (KB)
...
006 (231.015.000) 08/24 16:56:29 Image size of job updated: 1
	0  -  MemoryUsage of job (MB)
	0  -  ResidentSetSize of job (KB)
...
006 (231.016.000) 08/24 16:56:29 Image size of job updated: 1
	0  -  MemoryUsage of job (MB)
	0  -  ResidentSetSize of job (KB)
...
005 (231.005.000) 08/24 16:56:29 Job terminated.
	(1) Normal termination (return value 1)
		Usr 0 00:00:00, Sys 0 00:00:00  -  Run Remote Usage
		Usr 0 00:00:00, Sys 0 00:00:00  -  Run Local Usage
		Usr 0 00:00:00, Sys 0 00:00:00  -  Total Remote Usage
		Usr 0 00:00:00, Sys 0 00:00:00  -  Total Local Usage
	0  -  Run Bytes Sent By Job
	0  -  Run Bytes Received By Job
	0  -  Total Bytes Sent By Job
	0  -  Total Bytes Received By Job
	Partitionable Resources :    Usage  Request Allocated
	   Cpus                 :                 1         1
	   Disk (KB)            :        1        1    181581
	   Gpus                 :                           0
	   Memory (MB)          :        0        1         1
...
005 (231.017.000) 08/24 16:56:29 Job terminated.
	(1) Normal termination (return value 1)
		Usr 0 00:00:00, Sys 0 00:00:00  -  Run Remote Usage
		Usr 0 00:00:00, Sys 0 00:00:00  -  Run Local Usage
		Usr 0 00:00:00, Sys 0 00:00:00  -  Total Remote Usage
		Usr 0 00:00:00, Sys 0 00:00:00  -  Total Local Usage
	0  -  Run Bytes Sent By Job
	0  -  Run Bytes Received By Job
	0  -  Total Bytes Sent By Job
	0  -  Total Bytes Received By Job
	Partitionable Resources :    Usage  Request Allocated
	   Cpus                 :                 1         1
	   Disk (KB)            :        1        1    180803
	   Gpus                 :                           0
	   Memory (MB)          :        0        1         1
...
005 (231.007.000) 08/24 16:56:29 Job terminated.
	(1) Normal termination (return value 1)
		Usr 0 00:00:00, Sys 0 00:00:00  -  Run Remote Usage
		Usr 0 00:00:00, Sys 0 00:00:00  -  Run Local Usage
		Usr 0 00:00:00, Sys 0 00:00:00  -  Total Remote Usage
		Usr 0 00:00:00, Sys 0 00:00:00  -  Total Local Usage
	0  -  Run Bytes Sent By Job
	0  -  Run Bytes Received By Job
	0  -  Total Bytes Sent By Job
	0  -  Total Bytes Received By Job
	Partitionable Resources :    Usage  Request Allocated
	   Cpus                 :                 1         1
	   Disk (KB)            :        1        1    180803
	   Gpus                 :                           0
	   Memory (MB)          :        0        1         1
...
001 (231.018.000) 08/24 16:56:29 Job executing on host: <129.69.120.91:49494?addrs=129.69.120.91-49494>
...
005 (231.015.000) 08/24 16:56:29 Job terminated.
	(1) Normal termination (return value 1)
		Usr 0 00:00:00, Sys 0 00:00:00  -  Run Remote Usage
		Usr 0 00:00:00, Sys 0 00:00:00  -  Run Local Usage
		Usr 0 00:00:00, Sys 0 00:00:00  -  Total Remote Usage
		Usr 0 00:00:00, Sys 0 00:00:00  -  Total Local Usage
	0  -  Run Bytes Sent By Job
	0  -  Run Bytes Received By Job
	0  -  Total Bytes Sent By Job
	0  -  Total Bytes Received By Job
	Partitionable Resources :    Usage  Request Allocated
	   Cpus                 :                 1         1
	   Disk (KB)            :        1        1    184176
	   Gpus                 :                           0
	   Memory (MB)          :        0        1         1
...
005 (231.016.000) 08/24 16:56:29 Job terminated.
	(1) Normal termination (return value 1)
		Usr 0 00:00:00, Sys 0 00:00:00  -  Run Remote Usage
		Usr 0 00:00:00, Sys 0 00:00:00  -  Run Local Usage
		Usr 0 00:00:00, Sys 0 00:00:00  -  Total Remote Usage
		Usr 0 00:00:00, Sys 0 00:00:00  -  Total Local Usage
	0  -  Run Bytes Sent By Job
	0  -  Run Bytes Received By Job
	0  -  Total Bytes Sent By Job
	0  -  Total Bytes Received By Job
	Partitionable Resources :    Usage  Request Allocated
	   Cpus                 :                 1         1
	   Disk (KB)            :        1        1    181581
	   Gpus                 :                           0
	   Memory (MB)          :        0        1         1
...
001 (231.019.000) 08/24 16:56:29 Job executing on host: <129.69.120.67:32163?addrs=129.69.120.67-32163>
...
006 (231.018.000) 08/24 16:56:29 Image size of job updated: 1
	0  -  MemoryUsage of job (MB)
	0  -  ResidentSetSize of job (KB)
...
005 (231.018.000) 08/24 16:56:29 Job terminated.
	(1) Normal termination (return value 1)
		Usr 0 00:00:00, Sys 0 00:00:00  -  Run Remote Usage
		Usr 0 00:00:00, Sys 0 00:00:00  -  Run Local Usage
		Usr 0 00:00:00, Sys 0 00:00:00  -  Total Remote Usage
		Usr 0 00:00:00, Sys 0 00:00:00  -  Total Local Usage
	0  -  Run Bytes Sent By Job
	0  -  Run Bytes Received By Job
	0  -  Total Bytes Sent By Job
	0  -  Total Bytes Received By Job
	Partitionable Resources :    Usage  Request Allocated
	   Cpus                 :                 1         1
	   Disk (KB)            :        1        1    182724
	   Gpus                 :                           0
	   Memory (MB)          :        0        1         1
...
006 (231.019.000) 08/24 16:56:29 Image size of job updated: 1
	0  -  MemoryUsage of job (MB)
	0  -  ResidentSetSize of job (KB)
...
005 (231.019.000) 08/24 16:56:29 Job terminated.
	(1) Normal termination (return value 1)
		Usr 0 00:00:00, Sys 0 00:00:00  -  Run Remote Usage
		Usr 0 00:00:00, Sys 0 00:00:00  -  Run Local Usage
		Usr 0 00:00:00, Sys 0 00:00:00  -  Total Remote Usage
		Usr 0 00:00:00, Sys 0 00:00:00  -  Total Local Usage
	0  -  Run Bytes Sent By Job
	0  -  Run Bytes Received By Job
	0  -  Total Bytes Sent By Job
	0  -  Total Bytes Received By Job
	Partitionable Resources :    Usage  Request Allocated
	   Cpus                 :                 1         1
	   Disk (KB)            :        1        1    111891
	   Gpus                 :                           0
	   Memory (MB)          :        0        1         1
...
001 (231.000.000) 08/24 16:56:29 Job executing on host: <129.69.120.42:29964?addrs=129.69.120.42-29964>
...
001 (231.012.000) 08/24 16:56:29 Job executing on host: <129.69.120.42:29964?addrs=129.69.120.42-29964>
...
006 (231.000.000) 08/24 16:56:29 Image size of job updated: 1
	0  -  MemoryUsage of job (MB)
	0  -  ResidentSetSize of job (KB)
...
005 (231.000.000) 08/24 16:56:29 Job terminated.
	(1) Normal termination (return value 1)
		Usr 0 00:00:00, Sys 0 00:00:00  -  Run Remote Usage
		Usr 0 00:00:00, Sys 0 00:00:00  -  Run Local Usage
		Usr 0 00:00:00, Sys 0 00:00:00  -  Total Remote Usage
		Usr 0 00:00:00, Sys 0 00:00:00  -  Total Local Usage
	0  -  Run Bytes Sent By Job
	0  -  Run Bytes Received By Job
	0  -  Total Bytes Sent By Job
	0  -  Total Bytes Received By Job
	Partitionable Resources :    Usage  Request Allocated
	   Cpus                 :                 1         1
	   Disk (KB)            :        1        1    183661
	   Gpus                 :                           0
	   Memory (MB)          :        0        1         1
...
006 (231.012.000) 08/24 16:56:29 Image size of job updated: 1
	0  -  MemoryUsage of job (MB)
	0  -  ResidentSetSize of job (KB)
...
005 (231.012.000) 08/24 16:56:29 Job terminated.
	(1) Normal termination (return value 1)
		Usr 0 00:00:00, Sys 0 00:00:00  -  Run Remote Usage
		Usr 0 00:00:00, Sys 0 00:00:00  -  Run Local Usage
		Usr 0 00:00:00, Sys 0 00:00:00  -  Total Remote Usage
		Usr 0 00:00:00, Sys 0 00:00:00  -  Total Local Usage
	0  -  Run Bytes Sent By Job
	0  -  Run Bytes Received By Job
	0  -  Total Bytes Sent By Job
	0  -  Total Bytes Received By Job
	Partitionable Resources :    Usage  Request Allocated
	   Cpus                 :                 1         1
	   Disk (KB)            :        1        1    183661
	   Gpus                 :                           0
	   Memory (MB)          :        0        1         1
...
