000 (232.000.000) 08/24 17:12:32 Job submitted from host: <129.69.120.174:11183?addrs=129.69.120.174-11183>
...
000 (232.001.000) 08/24 17:12:32 Job submitted from host: <129.69.120.174:11183?addrs=129.69.120.174-11183>
...
000 (232.002.000) 08/24 17:12:32 Job submitted from host: <129.69.120.174:11183?addrs=129.69.120.174-11183>
...
000 (232.003.000) 08/24 17:12:32 Job submitted from host: <129.69.120.174:11183?addrs=129.69.120.174-11183>
...
000 (232.004.000) 08/24 17:12:32 Job submitted from host: <129.69.120.174:11183?addrs=129.69.120.174-11183>
...
000 (232.005.000) 08/24 17:12:32 Job submitted from host: <129.69.120.174:11183?addrs=129.69.120.174-11183>
...
000 (232.006.000) 08/24 17:12:32 Job submitted from host: <129.69.120.174:11183?addrs=129.69.120.174-11183>
...
000 (232.007.000) 08/24 17:12:32 Job submitted from host: <129.69.120.174:11183?addrs=129.69.120.174-11183>
...
000 (232.008.000) 08/24 17:12:32 Job submitted from host: <129.69.120.174:11183?addrs=129.69.120.174-11183>
...
000 (232.009.000) 08/24 17:12:32 Job submitted from host: <129.69.120.174:11183?addrs=129.69.120.174-11183>
...
000 (232.010.000) 08/24 17:12:32 Job submitted from host: <129.69.120.174:11183?addrs=129.69.120.174-11183>
...
000 (232.011.000) 08/24 17:12:32 Job submitted from host: <129.69.120.174:11183?addrs=129.69.120.174-11183>
...
000 (232.012.000) 08/24 17:12:32 Job submitted from host: <129.69.120.174:11183?addrs=129.69.120.174-11183>
...
000 (232.013.000) 08/24 17:12:32 Job submitted from host: <129.69.120.174:11183?addrs=129.69.120.174-11183>
...
000 (232.014.000) 08/24 17:12:32 Job submitted from host: <129.69.120.174:11183?addrs=129.69.120.174-11183>
...
000 (232.015.000) 08/24 17:12:32 Job submitted from host: <129.69.120.174:11183?addrs=129.69.120.174-11183>
...
000 (232.016.000) 08/24 17:12:32 Job submitted from host: <129.69.120.174:11183?addrs=129.69.120.174-11183>
...
000 (232.017.000) 08/24 17:12:32 Job submitted from host: <129.69.120.174:11183?addrs=129.69.120.174-11183>
...
000 (232.018.000) 08/24 17:12:32 Job submitted from host: <129.69.120.174:11183?addrs=129.69.120.174-11183>
...
000 (232.019.000) 08/24 17:12:32 Job submitted from host: <129.69.120.174:11183?addrs=129.69.120.174-11183>
...
001 (232.008.000) 08/24 17:13:01 Job executing on host: <129.69.120.56:17704?addrs=129.69.120.56-17704>
...
001 (232.002.000) 08/24 17:13:01 Job executing on host: <129.69.120.67:32163?addrs=129.69.120.67-32163>
...
001 (232.013.000) 08/24 17:13:01 Job executing on host: <129.69.120.56:17704?addrs=129.69.120.56-17704>
...
001 (232.009.000) 08/24 17:13:01 Job executing on host: <129.69.120.67:32163?addrs=129.69.120.67-32163>
...
001 (232.006.000) 08/24 17:13:01 Job executing on host: <129.69.120.91:49494?addrs=129.69.120.91-49494>
...
001 (232.001.000) 08/24 17:13:01 Job executing on host: <129.69.120.57:45581?addrs=129.69.120.57-45581>
...
001 (232.011.000) 08/24 17:13:01 Job executing on host: <129.69.120.57:45581?addrs=129.69.120.57-45581>
...
001 (232.014.000) 08/24 17:13:01 Job executing on host: <129.69.120.45:30685?addrs=129.69.120.45-30685>
...
001 (232.003.000) 08/24 17:13:01 Job executing on host: <129.69.120.45:30685?addrs=129.69.120.45-30685>
...
001 (232.007.000) 08/24 17:13:01 Job executing on host: <129.69.120.37:22786?addrs=129.69.120.37-22786>
...
001 (232.016.000) 08/24 17:13:01 Job executing on host: <129.69.120.37:22786?addrs=129.69.120.37-22786>
...
001 (232.004.000) 08/24 17:13:01 Job executing on host: <129.69.120.49:61977?addrs=129.69.120.49-61977>
...
001 (232.012.000) 08/24 17:13:01 Job executing on host: <129.69.120.49:61977?addrs=129.69.120.49-61977>
...
001 (232.015.000) 08/24 17:13:01 Job executing on host: <129.69.120.53:53710?addrs=129.69.120.53-53710>
...
001 (232.005.000) 08/24 17:13:01 Job executing on host: <129.69.120.53:53710?addrs=129.69.120.53-53710>
...
006 (232.009.000) 08/24 17:13:01 Image size of job updated: 1
	0  -  MemoryUsage of job (MB)
	0  -  ResidentSetSize of job (KB)
...
005 (232.009.000) 08/24 17:13:01 Job terminated.
	(1) Normal termination (return value 1)
		Usr 0 00:00:00, Sys 0 00:00:00  -  Run Remote Usage
		Usr 0 00:00:00, Sys 0 00:00:00  -  Run Local Usage
		Usr 0 00:00:00, Sys 0 00:00:00  -  Total Remote Usage
		Usr 0 00:00:00, Sys 0 00:00:00  -  Total Local Usage
	0  -  Run Bytes Sent By Job
	0  -  Run Bytes Received By Job
	0  -  Total Bytes Sent By Job
	0  -  Total Bytes Received By Job
	Partitionable Resources :    Usage  Request Allocated
	   Cpus                 :                 1         1
	   Disk (KB)            :        1        1    111891
	   Gpus                 :                           0
	   Memory (MB)          :        0        1         1
...
006 (232.002.000) 08/24 17:13:01 Image size of job updated: 1
	0  -  MemoryUsage of job (MB)
	0  -  ResidentSetSize of job (KB)
...
006 (232.006.000) 08/24 17:13:01 Image size of job updated: 1
	0  -  MemoryUsage of job (MB)
	0  -  ResidentSetSize of job (KB)
...
005 (232.002.000) 08/24 17:13:01 Job terminated.
	(1) Normal termination (return value 1)
		Usr 0 00:00:00, Sys 0 00:00:00  -  Run Remote Usage
		Usr 0 00:00:00, Sys 0 00:00:00  -  Run Local Usage
		Usr 0 00:00:00, Sys 0 00:00:00  -  Total Remote Usage
		Usr 0 00:00:00, Sys 0 00:00:00  -  Total Local Usage
	0  -  Run Bytes Sent By Job
	0  -  Run Bytes Received By Job
	0  -  Total Bytes Sent By Job
	0  -  Total Bytes Received By Job
	Partitionable Resources :    Usage  Request Allocated
	   Cpus                 :                 1         1
	   Disk (KB)            :        1        1    111891
	   Gpus                 :                           0
	   Memory (MB)          :        0        1         1
...
005 (232.006.000) 08/24 17:13:01 Job terminated.
	(1) Normal termination (return value 1)
		Usr 0 00:00:00, Sys 0 00:00:00  -  Run Remote Usage
		Usr 0 00:00:00, Sys 0 00:00:00  -  Run Local Usage
		Usr 0 00:00:00, Sys 0 00:00:00  -  Total Remote Usage
		Usr 0 00:00:00, Sys 0 00:00:00  -  Total Local Usage
	0  -  Run Bytes Sent By Job
	0  -  Run Bytes Received By Job
	0  -  Total Bytes Sent By Job
	0  -  Total Bytes Received By Job
	Partitionable Resources :    Usage  Request Allocated
	   Cpus                 :                 1         1
	   Disk (KB)            :        1        1    182723
	   Gpus                 :                           0
	   Memory (MB)          :        0        1         1
...
006 (232.001.000) 08/24 17:13:01 Image size of job updated: 1
	0  -  MemoryUsage of job (MB)
	0  -  ResidentSetSize of job (KB)
...
005 (232.001.000) 08/24 17:13:01 Job terminated.
	(1) Normal termination (return value 1)
		Usr 0 00:00:00, Sys 0 00:00:00  -  Run Remote Usage
		Usr 0 00:00:00, Sys 0 00:00:00  -  Run Local Usage
		Usr 0 00:00:00, Sys 0 00:00:00  -  Total Remote Usage
		Usr 0 00:00:00, Sys 0 00:00:00  -  Total Local Usage
	0  -  Run Bytes Sent By Job
	0  -  Run Bytes Received By Job
	0  -  Total Bytes Sent By Job
	0  -  Total Bytes Received By Job
	Partitionable Resources :    Usage  Request Allocated
	   Cpus                 :                 1         1
	   Disk (KB)            :        1        1    169791
	   Gpus                 :                           0
	   Memory (MB)          :        0        1         1
...
006 (232.003.000) 08/24 17:13:01 Image size of job updated: 1
	0  -  MemoryUsage of job (MB)
	0  -  ResidentSetSize of job (KB)
...
005 (232.003.000) 08/24 17:13:01 Job terminated.
	(1) Normal termination (return value 1)
		Usr 0 00:00:00, Sys 0 00:00:00  -  Run Remote Usage
		Usr 0 00:00:00, Sys 0 00:00:00  -  Run Local Usage
		Usr 0 00:00:00, Sys 0 00:00:00  -  Total Remote Usage
		Usr 0 00:00:00, Sys 0 00:00:00  -  Total Local Usage
	0  -  Run Bytes Sent By Job
	0  -  Run Bytes Received By Job
	0  -  Total Bytes Sent By Job
	0  -  Total Bytes Received By Job
	Partitionable Resources :    Usage  Request Allocated
	   Cpus                 :                 1         1
	   Disk (KB)            :        1        1    184574
	   Gpus                 :                           0
	   Memory (MB)          :        0        1         1
...
001 (232.017.000) 08/24 17:13:01 Job executing on host: <129.69.120.67:32163?addrs=129.69.120.67-32163>
...
001 (232.019.000) 08/24 17:13:01 Job executing on host: <129.69.120.91:49494?addrs=129.69.120.91-49494>
...
006 (232.014.000) 08/24 17:13:01 Image size of job updated: 1
	0  -  MemoryUsage of job (MB)
	0  -  ResidentSetSize of job (KB)
...
006 (232.011.000) 08/24 17:13:01 Image size of job updated: 1
	0  -  MemoryUsage of job (MB)
	0  -  ResidentSetSize of job (KB)
...
005 (232.014.000) 08/24 17:13:01 Job terminated.
	(1) Normal termination (return value 1)
		Usr 0 00:00:00, Sys 0 00:00:00  -  Run Remote Usage
		Usr 0 00:00:00, Sys 0 00:00:00  -  Run Local Usage
		Usr 0 00:00:00, Sys 0 00:00:00  -  Total Remote Usage
		Usr 0 00:00:00, Sys 0 00:00:00  -  Total Local Usage
	0  -  Run Bytes Sent By Job
	0  -  Run Bytes Received By Job
	0  -  Total Bytes Sent By Job
	0  -  Total Bytes Received By Job
	Partitionable Resources :    Usage  Request Allocated
	   Cpus                 :                 1         1
	   Disk (KB)            :        1        1    184562
	   Gpus                 :                           0
	   Memory (MB)          :        0        1         1
...
005 (232.011.000) 08/24 17:13:01 Job terminated.
	(1) Normal termination (return value 1)
		Usr 0 00:00:00, Sys 0 00:00:00  -  Run Remote Usage
		Usr 0 00:00:00, Sys 0 00:00:00  -  Run Local Usage
		Usr 0 00:00:00, Sys 0 00:00:00  -  Total Remote Usage
		Usr 0 00:00:00, Sys 0 00:00:00  -  Total Local Usage
	0  -  Run Bytes Sent By Job
	0  -  Run Bytes Received By Job
	0  -  Total Bytes Sent By Job
	0  -  Total Bytes Received By Job
	Partitionable Resources :    Usage  Request Allocated
	   Cpus                 :                 1         1
	   Disk (KB)            :        1        1    169893
	   Gpus                 :                           0
	   Memory (MB)          :        0        1         1
...
006 (232.016.000) 08/24 17:13:01 Image size of job updated: 1
	0  -  MemoryUsage of job (MB)
	0  -  ResidentSetSize of job (KB)
...
006 (232.005.000) 08/24 17:13:01 Image size of job updated: 1
	0  -  MemoryUsage of job (MB)
	0  -  ResidentSetSize of job (KB)
...
005 (232.016.000) 08/24 17:13:01 Job terminated.
	(1) Normal termination (return value 1)
		Usr 0 00:00:00, Sys 0 00:00:00  -  Run Remote Usage
		Usr 0 00:00:00, Sys 0 00:00:00  -  Run Local Usage
		Usr 0 00:00:00, Sys 0 00:00:00  -  Total Remote Usage
		Usr 0 00:00:00, Sys 0 00:00:00  -  Total Local Usage
	0  -  Run Bytes Sent By Job
	0  -  Run Bytes Received By Job
	0  -  Total Bytes Sent By Job
	0  -  Total Bytes Received By Job
	Partitionable Resources :    Usage  Request Allocated
	   Cpus                 :                 1         1
	   Disk (KB)            :        1        1    180802
	   Gpus                 :                           0
	   Memory (MB)          :        0        1         1
...
006 (232.015.000) 08/24 17:13:01 Image size of job updated: 1
	0  -  MemoryUsage of job (MB)
	0  -  ResidentSetSize of job (KB)
...
005 (232.005.000) 08/24 17:13:01 Job terminated.
	(1) Normal termination (return value 1)
		Usr 0 00:00:00, Sys 0 00:00:00  -  Run Remote Usage
		Usr 0 00:00:00, Sys 0 00:00:00  -  Run Local Usage
		Usr 0 00:00:00, Sys 0 00:00:00  -  Total Remote Usage
		Usr 0 00:00:00, Sys 0 00:00:00  -  Total Local Usage
	0  -  Run Bytes Sent By Job
	0  -  Run Bytes Received By Job
	0  -  Total Bytes Sent By Job
	0  -  Total Bytes Received By Job
	Partitionable Resources :    Usage  Request Allocated
	   Cpus                 :                 1         1
	   Disk (KB)            :        1        1    181580
	   Gpus                 :                           0
	   Memory (MB)          :        0        1         1
...
006 (232.007.000) 08/24 17:13:01 Image size of job updated: 1
	0  -  MemoryUsage of job (MB)
	0  -  ResidentSetSize of job (KB)
...
005 (232.015.000) 08/24 17:13:01 Job terminated.
	(1) Normal termination (return value 1)
		Usr 0 00:00:00, Sys 0 00:00:00  -  Run Remote Usage
		Usr 0 00:00:00, Sys 0 00:00:00  -  Run Local Usage
		Usr 0 00:00:00, Sys 0 00:00:00  -  Total Remote Usage
		Usr 0 00:00:00, Sys 0 00:00:00  -  Total Local Usage
	0  -  Run Bytes Sent By Job
	0  -  Run Bytes Received By Job
	0  -  Total Bytes Sent By Job
	0  -  Total Bytes Received By Job
	Partitionable Resources :    Usage  Request Allocated
	   Cpus                 :                 1         1
	   Disk (KB)            :        1        1    181580
	   Gpus                 :                           0
	   Memory (MB)          :        0        1         1
...
006 (232.004.000) 08/24 17:13:01 Image size of job updated: 1
	0  -  MemoryUsage of job (MB)
	0  -  ResidentSetSize of job (KB)
...
005 (232.007.000) 08/24 17:13:01 Job terminated.
	(1) Normal termination (return value 1)
		Usr 0 00:00:00, Sys 0 00:00:00  -  Run Remote Usage
		Usr 0 00:00:00, Sys 0 00:00:00  -  Run Local Usage
		Usr 0 00:00:00, Sys 0 00:00:00  -  Total Remote Usage
		Usr 0 00:00:00, Sys 0 00:00:00  -  Total Local Usage
	0  -  Run Bytes Sent By Job
	0  -  Run Bytes Received By Job
	0  -  Total Bytes Sent By Job
	0  -  Total Bytes Received By Job
	Partitionable Resources :    Usage  Request Allocated
	   Cpus                 :                 1         1
	   Disk (KB)            :        1        1    180802
	   Gpus                 :                           0
	   Memory (MB)          :        0        1         1
...
006 (232.012.000) 08/24 17:13:01 Image size of job updated: 1
	0  -  MemoryUsage of job (MB)
	0  -  ResidentSetSize of job (KB)
...
005 (232.004.000) 08/24 17:13:01 Job terminated.
	(1) Normal termination (return value 1)
		Usr 0 00:00:00, Sys 0 00:00:00  -  Run Remote Usage
		Usr 0 00:00:00, Sys 0 00:00:00  -  Run Local Usage
		Usr 0 00:00:00, Sys 0 00:00:00  -  Total Remote Usage
		Usr 0 00:00:00, Sys 0 00:00:00  -  Total Local Usage
	0  -  Run Bytes Sent By Job
	0  -  Run Bytes Received By Job
	0  -  Total Bytes Sent By Job
	0  -  Total Bytes Received By Job
	Partitionable Resources :    Usage  Request Allocated
	   Cpus                 :                 1         1
	   Disk (KB)            :        1        1    183482
	   Gpus                 :                           0
	   Memory (MB)          :        0        1         1
...
005 (232.012.000) 08/24 17:13:01 Job terminated.
	(1) Normal termination (return value 1)
		Usr 0 00:00:00, Sys 0 00:00:00  -  Run Remote Usage
		Usr 0 00:00:00, Sys 0 00:00:00  -  Run Local Usage
		Usr 0 00:00:00, Sys 0 00:00:00  -  Total Remote Usage
		Usr 0 00:00:00, Sys 0 00:00:00  -  Total Local Usage
	0  -  Run Bytes Sent By Job
	0  -  Run Bytes Received By Job
	0  -  Total Bytes Sent By Job
	0  -  Total Bytes Received By Job
	Partitionable Resources :    Usage  Request Allocated
	   Cpus                 :                 1         1
	   Disk (KB)            :        1        1    183482
	   Gpus                 :                           0
	   Memory (MB)          :        0        1         1
...
006 (232.008.000) 08/24 17:13:01 Image size of job updated: 1
	0  -  MemoryUsage of job (MB)
	0  -  ResidentSetSize of job (KB)
...
005 (232.008.000) 08/24 17:13:01 Job terminated.
	(1) Normal termination (return value 1)
		Usr 0 00:00:00, Sys 0 00:00:00  -  Run Remote Usage
		Usr 0 00:00:00, Sys 0 00:00:00  -  Run Local Usage
		Usr 0 00:00:00, Sys 0 00:00:00  -  Total Remote Usage
		Usr 0 00:00:00, Sys 0 00:00:00  -  Total Local Usage
	0  -  Run Bytes Sent By Job
	0  -  Run Bytes Received By Job
	0  -  Total Bytes Sent By Job
	0  -  Total Bytes Received By Job
	Partitionable Resources :    Usage  Request Allocated
	   Cpus                 :                 1         1
	   Disk (KB)            :        1        1    184175
	   Gpus                 :                           0
	   Memory (MB)          :        0        1         1
...
006 (232.013.000) 08/24 17:13:01 Image size of job updated: 1
	0  -  MemoryUsage of job (MB)
	0  -  ResidentSetSize of job (KB)
...
005 (232.013.000) 08/24 17:13:01 Job terminated.
	(1) Normal termination (return value 1)
		Usr 0 00:00:00, Sys 0 00:00:00  -  Run Remote Usage
		Usr 0 00:00:00, Sys 0 00:00:00  -  Run Local Usage
		Usr 0 00:00:00, Sys 0 00:00:00  -  Total Remote Usage
		Usr 0 00:00:00, Sys 0 00:00:00  -  Total Local Usage
	0  -  Run Bytes Sent By Job
	0  -  Run Bytes Received By Job
	0  -  Total Bytes Sent By Job
	0  -  Total Bytes Received By Job
	Partitionable Resources :    Usage  Request Allocated
	   Cpus                 :                 1         1
	   Disk (KB)            :        1        1    184175
	   Gpus                 :                           0
	   Memory (MB)          :        0        1         1
...
006 (232.019.000) 08/24 17:13:01 Image size of job updated: 1
	0  -  MemoryUsage of job (MB)
	0  -  ResidentSetSize of job (KB)
...
005 (232.019.000) 08/24 17:13:01 Job terminated.
	(1) Normal termination (return value 1)
		Usr 0 00:00:00, Sys 0 00:00:00  -  Run Remote Usage
		Usr 0 00:00:00, Sys 0 00:00:00  -  Run Local Usage
		Usr 0 00:00:00, Sys 0 00:00:00  -  Total Remote Usage
		Usr 0 00:00:00, Sys 0 00:00:00  -  Total Local Usage
	0  -  Run Bytes Sent By Job
	0  -  Run Bytes Received By Job
	0  -  Total Bytes Sent By Job
	0  -  Total Bytes Received By Job
	Partitionable Resources :    Usage  Request Allocated
	   Cpus                 :                 1         1
	   Disk (KB)            :        1        1    182723
	   Gpus                 :                           0
	   Memory (MB)          :        0        1         1
...
006 (232.017.000) 08/24 17:13:01 Image size of job updated: 1
	0  -  MemoryUsage of job (MB)
	0  -  ResidentSetSize of job (KB)
...
005 (232.017.000) 08/24 17:13:01 Job terminated.
	(1) Normal termination (return value 1)
		Usr 0 00:00:00, Sys 0 00:00:00  -  Run Remote Usage
		Usr 0 00:00:00, Sys 0 00:00:00  -  Run Local Usage
		Usr 0 00:00:00, Sys 0 00:00:00  -  Total Remote Usage
		Usr 0 00:00:00, Sys 0 00:00:00  -  Total Local Usage
	0  -  Run Bytes Sent By Job
	0  -  Run Bytes Received By Job
	0  -  Total Bytes Sent By Job
	0  -  Total Bytes Received By Job
	Partitionable Resources :    Usage  Request Allocated
	   Cpus                 :                 1         1
	   Disk (KB)            :        1        1    111891
	   Gpus                 :                           0
	   Memory (MB)          :        0        1         1
...
001 (232.000.000) 08/24 17:13:01 Job executing on host: <129.69.120.42:29964?addrs=129.69.120.42-29964>
...
001 (232.010.000) 08/24 17:13:01 Job executing on host: <129.69.120.42:29964?addrs=129.69.120.42-29964>
...
006 (232.000.000) 08/24 17:13:01 Image size of job updated: 1
	0  -  MemoryUsage of job (MB)
	0  -  ResidentSetSize of job (KB)
...
006 (232.010.000) 08/24 17:13:01 Image size of job updated: 1
	0  -  MemoryUsage of job (MB)
	0  -  ResidentSetSize of job (KB)
...
005 (232.000.000) 08/24 17:13:01 Job terminated.
	(1) Normal termination (return value 1)
		Usr 0 00:00:00, Sys 0 00:00:00  -  Run Remote Usage
		Usr 0 00:00:00, Sys 0 00:00:00  -  Run Local Usage
		Usr 0 00:00:00, Sys 0 00:00:00  -  Total Remote Usage
		Usr 0 00:00:00, Sys 0 00:00:00  -  Total Local Usage
	0  -  Run Bytes Sent By Job
	0  -  Run Bytes Received By Job
	0  -  Total Bytes Sent By Job
	0  -  Total Bytes Received By Job
	Partitionable Resources :    Usage  Request Allocated
	   Cpus                 :                 1         1
	   Disk (KB)            :        1        1    183661
	   Gpus                 :                           0
	   Memory (MB)          :        0        1         1
...
005 (232.010.000) 08/24 17:13:01 Job terminated.
	(1) Normal termination (return value 1)
		Usr 0 00:00:00, Sys 0 00:00:00  -  Run Remote Usage
		Usr 0 00:00:00, Sys 0 00:00:00  -  Run Local Usage
		Usr 0 00:00:00, Sys 0 00:00:00  -  Total Remote Usage
		Usr 0 00:00:00, Sys 0 00:00:00  -  Total Local Usage
	0  -  Run Bytes Sent By Job
	0  -  Run Bytes Received By Job
	0  -  Total Bytes Sent By Job
	0  -  Total Bytes Received By Job
	Partitionable Resources :    Usage  Request Allocated
	   Cpus                 :                 1         1
	   Disk (KB)            :        1        1    183661
	   Gpus                 :                           0
	   Memory (MB)          :        0        1         1
...
001 (232.018.000) 08/24 17:13:02 Job executing on host: <129.69.120.67:32163?addrs=129.69.120.67-32163>
...
006 (232.018.000) 08/24 17:13:02 Image size of job updated: 1
	0  -  MemoryUsage of job (MB)
	0  -  ResidentSetSize of job (KB)
...
005 (232.018.000) 08/24 17:13:02 Job terminated.
	(1) Normal termination (return value 1)
		Usr 0 00:00:00, Sys 0 00:00:00  -  Run Remote Usage
		Usr 0 00:00:00, Sys 0 00:00:00  -  Run Local Usage
		Usr 0 00:00:00, Sys 0 00:00:00  -  Total Remote Usage
		Usr 0 00:00:00, Sys 0 00:00:00  -  Total Local Usage
	0  -  Run Bytes Sent By Job
	0  -  Run Bytes Received By Job
	0  -  Total Bytes Sent By Job
	0  -  Total Bytes Received By Job
	Partitionable Resources :    Usage  Request Allocated
	   Cpus                 :                 1         1
	   Disk (KB)            :        1        1    111891
	   Gpus                 :                           0
	   Memory (MB)          :        0        1         1
...
