000 (233.000.000) 08/24 17:14:51 Job submitted from host: <129.69.120.174:11183?addrs=129.69.120.174-11183>
...
000 (233.001.000) 08/24 17:14:51 Job submitted from host: <129.69.120.174:11183?addrs=129.69.120.174-11183>
...
000 (233.002.000) 08/24 17:14:51 Job submitted from host: <129.69.120.174:11183?addrs=129.69.120.174-11183>
...
000 (233.003.000) 08/24 17:14:51 Job submitted from host: <129.69.120.174:11183?addrs=129.69.120.174-11183>
...
000 (233.004.000) 08/24 17:14:51 Job submitted from host: <129.69.120.174:11183?addrs=129.69.120.174-11183>
...
000 (233.005.000) 08/24 17:14:51 Job submitted from host: <129.69.120.174:11183?addrs=129.69.120.174-11183>
...
000 (233.006.000) 08/24 17:14:51 Job submitted from host: <129.69.120.174:11183?addrs=129.69.120.174-11183>
...
000 (233.007.000) 08/24 17:14:51 Job submitted from host: <129.69.120.174:11183?addrs=129.69.120.174-11183>
...
000 (233.008.000) 08/24 17:14:51 Job submitted from host: <129.69.120.174:11183?addrs=129.69.120.174-11183>
...
000 (233.009.000) 08/24 17:14:51 Job submitted from host: <129.69.120.174:11183?addrs=129.69.120.174-11183>
...
000 (233.010.000) 08/24 17:14:51 Job submitted from host: <129.69.120.174:11183?addrs=129.69.120.174-11183>
...
000 (233.011.000) 08/24 17:14:51 Job submitted from host: <129.69.120.174:11183?addrs=129.69.120.174-11183>
...
000 (233.012.000) 08/24 17:14:51 Job submitted from host: <129.69.120.174:11183?addrs=129.69.120.174-11183>
...
000 (233.013.000) 08/24 17:14:51 Job submitted from host: <129.69.120.174:11183?addrs=129.69.120.174-11183>
...
000 (233.014.000) 08/24 17:14:51 Job submitted from host: <129.69.120.174:11183?addrs=129.69.120.174-11183>
...
000 (233.015.000) 08/24 17:14:51 Job submitted from host: <129.69.120.174:11183?addrs=129.69.120.174-11183>
...
000 (233.016.000) 08/24 17:14:51 Job submitted from host: <129.69.120.174:11183?addrs=129.69.120.174-11183>
...
000 (233.017.000) 08/24 17:14:51 Job submitted from host: <129.69.120.174:11183?addrs=129.69.120.174-11183>
...
000 (233.018.000) 08/24 17:14:51 Job submitted from host: <129.69.120.174:11183?addrs=129.69.120.174-11183>
...
000 (233.019.000) 08/24 17:14:51 Job submitted from host: <129.69.120.174:11183?addrs=129.69.120.174-11183>
...
001 (233.008.000) 08/24 17:15:34 Job executing on host: <129.69.120.56:17704?addrs=129.69.120.56-17704>
...
001 (233.014.000) 08/24 17:15:34 Job executing on host: <129.69.120.56:17704?addrs=129.69.120.56-17704>
...
001 (233.001.000) 08/24 17:15:34 Job executing on host: <129.69.120.57:45581?addrs=129.69.120.57-45581>
...
001 (233.002.000) 08/24 17:15:34 Job executing on host: <129.69.120.67:32163?addrs=129.69.120.67-32163>
...
001 (233.009.000) 08/24 17:15:34 Job executing on host: <129.69.120.57:45581?addrs=129.69.120.57-45581>
...
001 (233.011.000) 08/24 17:15:34 Job executing on host: <129.69.120.67:32163?addrs=129.69.120.67-32163>
...
001 (233.006.000) 08/24 17:15:34 Job executing on host: <129.69.120.91:49494?addrs=129.69.120.91-49494>
...
001 (233.004.000) 08/24 17:15:34 Job executing on host: <129.69.120.49:61977?addrs=129.69.120.49-61977>
...
001 (233.012.000) 08/24 17:15:34 Job executing on host: <129.69.120.45:30685?addrs=129.69.120.45-30685>
...
001 (233.003.000) 08/24 17:15:34 Job executing on host: <129.69.120.45:30685?addrs=129.69.120.45-30685>
...
001 (233.013.000) 08/24 17:15:34 Job executing on host: <129.69.120.49:61977?addrs=129.69.120.49-61977>
...
001 (233.005.000) 08/24 17:15:34 Job executing on host: <129.69.120.53:53710?addrs=129.69.120.53-53710>
...
001 (233.016.000) 08/24 17:15:34 Job executing on host: <129.69.120.37:22786?addrs=129.69.120.37-22786>
...
001 (233.007.000) 08/24 17:15:34 Job executing on host: <129.69.120.37:22786?addrs=129.69.120.37-22786>
...
001 (233.015.000) 08/24 17:15:34 Job executing on host: <129.69.120.53:53710?addrs=129.69.120.53-53710>
...
006 (233.008.000) 08/24 17:15:34 Image size of job updated: 1
	0  -  MemoryUsage of job (MB)
	0  -  ResidentSetSize of job (KB)
...
006 (233.014.000) 08/24 17:15:34 Image size of job updated: 1
	0  -  MemoryUsage of job (MB)
	0  -  ResidentSetSize of job (KB)
...
005 (233.008.000) 08/24 17:15:34 Job terminated.
	(1) Normal termination (return value 1)
		Usr 0 00:00:00, Sys 0 00:00:00  -  Run Remote Usage
		Usr 0 00:00:00, Sys 0 00:00:00  -  Run Local Usage
		Usr 0 00:00:00, Sys 0 00:00:00  -  Total Remote Usage
		Usr 0 00:00:00, Sys 0 00:00:00  -  Total Local Usage
	0  -  Run Bytes Sent By Job
	0  -  Run Bytes Received By Job
	0  -  Total Bytes Sent By Job
	0  -  Total Bytes Received By Job
	Partitionable Resources :    Usage  Request Allocated
	   Cpus                 :                 1         1
	   Disk (KB)            :        1        1    184175
	   Gpus                 :                           0
	   Memory (MB)          :        0        1         1
...
005 (233.014.000) 08/24 17:15:34 Job terminated.
	(1) Normal termination (return value 1)
		Usr 0 00:00:00, Sys 0 00:00:00  -  Run Remote Usage
		Usr 0 00:00:00, Sys 0 00:00:00  -  Run Local Usage
		Usr 0 00:00:00, Sys 0 00:00:00  -  Total Remote Usage
		Usr 0 00:00:00, Sys 0 00:00:00  -  Total Local Usage
	0  -  Run Bytes Sent By Job
	0  -  Run Bytes Received By Job
	0  -  Total Bytes Sent By Job
	0  -  Total Bytes Received By Job
	Partitionable Resources :    Usage  Request Allocated
	   Cpus                 :                 1         1
	   Disk (KB)            :        1        1    184175
	   Gpus                 :                           0
	   Memory (MB)          :        0        1         1
...
001 (233.017.000) 08/24 17:15:34 Job executing on host: <129.69.120.56:17704?addrs=129.69.120.56-17704>
...
006 (233.017.000) 08/24 17:15:34 Image size of job updated: 1
	0  -  MemoryUsage of job (MB)
	0  -  ResidentSetSize of job (KB)
...
001 (233.000.000) 08/24 17:15:34 Job executing on host: <129.69.120.42:29964?addrs=129.69.120.42-29964>
...
001 (233.010.000) 08/24 17:15:34 Job executing on host: <129.69.120.42:29964?addrs=129.69.120.42-29964>
...
005 (233.017.000) 08/24 17:15:34 Job terminated.
	(1) Normal termination (return value 1)
		Usr 0 00:00:00, Sys 0 00:00:00  -  Run Remote Usage
		Usr 0 00:00:00, Sys 0 00:00:00  -  Run Local Usage
		Usr 0 00:00:00, Sys 0 00:00:00  -  Total Remote Usage
		Usr 0 00:00:00, Sys 0 00:00:00  -  Total Local Usage
	0  -  Run Bytes Sent By Job
	0  -  Run Bytes Received By Job
	0  -  Total Bytes Sent By Job
	0  -  Total Bytes Received By Job
	Partitionable Resources :    Usage  Request Allocated
	   Cpus                 :                 1         1
	   Disk (KB)            :        1        1    184175
	   Gpus                 :                           0
	   Memory (MB)          :        0        1         1
...
001 (233.019.000) 08/24 17:15:34 Job executing on host: <129.69.120.56:17704?addrs=129.69.120.56-17704>
...
006 (233.019.000) 08/24 17:15:35 Image size of job updated: 1
	0  -  MemoryUsage of job (MB)
	0  -  ResidentSetSize of job (KB)
...
005 (233.019.000) 08/24 17:15:35 Job terminated.
	(1) Normal termination (return value 1)
		Usr 0 00:00:00, Sys 0 00:00:00  -  Run Remote Usage
		Usr 0 00:00:00, Sys 0 00:00:00  -  Run Local Usage
		Usr 0 00:00:00, Sys 0 00:00:00  -  Total Remote Usage
		Usr 0 00:00:00, Sys 0 00:00:00  -  Total Local Usage
	0  -  Run Bytes Sent By Job
	0  -  Run Bytes Received By Job
	0  -  Total Bytes Sent By Job
	0  -  Total Bytes Received By Job
	Partitionable Resources :    Usage  Request Allocated
	   Cpus                 :                 1         1
	   Disk (KB)            :        1        1    184175
	   Gpus                 :                           0
	   Memory (MB)          :        0        1         1
...
001 (233.018.000) 08/24 17:15:35 Job executing on host: <129.69.120.56:17704?addrs=129.69.120.56-17704>
...
006 (233.018.000) 08/24 17:15:35 Image size of job updated: 1
	0  -  MemoryUsage of job (MB)
	0  -  ResidentSetSize of job (KB)
...
005 (233.018.000) 08/24 17:15:35 Job terminated.
	(1) Normal termination (return value 1)
		Usr 0 00:00:00, Sys 0 00:00:00  -  Run Remote Usage
		Usr 0 00:00:00, Sys 0 00:00:00  -  Run Local Usage
		Usr 0 00:00:00, Sys 0 00:00:00  -  Total Remote Usage
		Usr 0 00:00:00, Sys 0 00:00:00  -  Total Local Usage
	0  -  Run Bytes Sent By Job
	0  -  Run Bytes Received By Job
	0  -  Total Bytes Sent By Job
	0  -  Total Bytes Received By Job
	Partitionable Resources :    Usage  Request Allocated
	   Cpus                 :                 1         1
	   Disk (KB)            :        1        1    184175
	   Gpus                 :                           0
	   Memory (MB)          :        0        1         1
...
006 (233.006.000) 08/24 17:15:42 Image size of job updated: 378668
	0  -  MemoryUsage of job (MB)
	0  -  ResidentSetSize of job (KB)
...
006 (233.002.000) 08/24 17:15:42 Image size of job updated: 378668
	0  -  MemoryUsage of job (MB)
	0  -  ResidentSetSize of job (KB)
...
006 (233.009.000) 08/24 17:15:42 Image size of job updated: 378668
	0  -  MemoryUsage of job (MB)
	0  -  ResidentSetSize of job (KB)
...
006 (233.001.000) 08/24 17:15:42 Image size of job updated: 378668
	0  -  MemoryUsage of job (MB)
	0  -  ResidentSetSize of job (KB)
...
006 (233.011.000) 08/24 17:15:42 Image size of job updated: 378668
	0  -  MemoryUsage of job (MB)
	0  -  ResidentSetSize of job (KB)
...
006 (233.012.000) 08/24 17:15:42 Image size of job updated: 378664
	0  -  MemoryUsage of job (MB)
	0  -  ResidentSetSize of job (KB)
...
006 (233.003.000) 08/24 17:15:42 Image size of job updated: 378664
	0  -  MemoryUsage of job (MB)
	0  -  ResidentSetSize of job (KB)
...
006 (233.004.000) 08/24 17:15:42 Image size of job updated: 378664
	0  -  MemoryUsage of job (MB)
	0  -  ResidentSetSize of job (KB)
...
006 (233.013.000) 08/24 17:15:42 Image size of job updated: 378664
	0  -  MemoryUsage of job (MB)
	0  -  ResidentSetSize of job (KB)
...
006 (233.007.000) 08/24 17:15:42 Image size of job updated: 378668
	0  -  MemoryUsage of job (MB)
	0  -  ResidentSetSize of job (KB)
...
006 (233.015.000) 08/24 17:15:42 Image size of job updated: 378664
	0  -  MemoryUsage of job (MB)
	0  -  ResidentSetSize of job (KB)
...
006 (233.016.000) 08/24 17:15:42 Image size of job updated: 378668
	0  -  MemoryUsage of job (MB)
	0  -  ResidentSetSize of job (KB)
...
006 (233.005.000) 08/24 17:15:42 Image size of job updated: 378664
	0  -  MemoryUsage of job (MB)
	0  -  ResidentSetSize of job (KB)
...
006 (233.000.000) 08/24 17:15:43 Image size of job updated: 378664
	0  -  MemoryUsage of job (MB)
	0  -  ResidentSetSize of job (KB)
...
006 (233.010.000) 08/24 17:15:43 Image size of job updated: 378664
	0  -  MemoryUsage of job (MB)
	0  -  ResidentSetSize of job (KB)
...
006 (233.006.000) 08/24 17:20:42 Image size of job updated: 380228
	0  -  MemoryUsage of job (MB)
	0  -  ResidentSetSize of job (KB)
...
006 (233.012.000) 08/24 17:20:42 Image size of job updated: 379836
	0  -  MemoryUsage of job (MB)
	0  -  ResidentSetSize of job (KB)
...
006 (233.003.000) 08/24 17:20:42 Image size of job updated: 380620
	0  -  MemoryUsage of job (MB)
	0  -  ResidentSetSize of job (KB)
...
006 (233.004.000) 08/24 17:20:42 Image size of job updated: 380620
	0  -  MemoryUsage of job (MB)
	0  -  ResidentSetSize of job (KB)
...
006 (233.016.000) 08/24 17:20:42 Image size of job updated: 379448
	0  -  MemoryUsage of job (MB)
	0  -  ResidentSetSize of job (KB)
...
006 (233.007.000) 08/24 17:20:42 Image size of job updated: 380228
	0  -  MemoryUsage of job (MB)
	0  -  ResidentSetSize of job (KB)
...
006 (233.001.000) 08/24 17:20:42 Image size of job updated: 380620
	0  -  MemoryUsage of job (MB)
	0  -  ResidentSetSize of job (KB)
...
006 (233.009.000) 08/24 17:20:42 Image size of job updated: 380228
	0  -  MemoryUsage of job (MB)
	0  -  ResidentSetSize of job (KB)
...
006 (233.011.000) 08/24 17:20:42 Image size of job updated: 379840
	0  -  MemoryUsage of job (MB)
	0  -  ResidentSetSize of job (KB)
...
006 (233.002.000) 08/24 17:20:42 Image size of job updated: 380620
	0  -  MemoryUsage of job (MB)
	0  -  ResidentSetSize of job (KB)
...
006 (233.013.000) 08/24 17:20:42 Image size of job updated: 379836
	0  -  MemoryUsage of job (MB)
	0  -  ResidentSetSize of job (KB)
...
006 (233.015.000) 08/24 17:20:42 Image size of job updated: 379836
	0  -  MemoryUsage of job (MB)
	0  -  ResidentSetSize of job (KB)
...
006 (233.005.000) 08/24 17:20:42 Image size of job updated: 380620
	0  -  MemoryUsage of job (MB)
	0  -  ResidentSetSize of job (KB)
...
006 (233.000.000) 08/24 17:20:44 Image size of job updated: 380620
	0  -  MemoryUsage of job (MB)
	0  -  ResidentSetSize of job (KB)
...
006 (233.010.000) 08/24 17:20:44 Image size of job updated: 380228
	0  -  MemoryUsage of job (MB)
	0  -  ResidentSetSize of job (KB)
...
006 (233.006.000) 08/24 17:25:43 Image size of job updated: 382924
	0  -  MemoryUsage of job (MB)
	0  -  ResidentSetSize of job (KB)
...
006 (233.003.000) 08/24 17:25:43 Image size of job updated: 382924
	0  -  MemoryUsage of job (MB)
	0  -  ResidentSetSize of job (KB)
...
006 (233.012.000) 08/24 17:25:43 Image size of job updated: 382532
	0  -  MemoryUsage of job (MB)
	0  -  ResidentSetSize of job (KB)
...
006 (233.016.000) 08/24 17:25:43 Image size of job updated: 382140
	0  -  MemoryUsage of job (MB)
	0  -  ResidentSetSize of job (KB)
...
006 (233.004.000) 08/24 17:25:43 Image size of job updated: 382924
	0  -  MemoryUsage of job (MB)
	0  -  ResidentSetSize of job (KB)
...
006 (233.007.000) 08/24 17:25:43 Image size of job updated: 382532
	0  -  MemoryUsage of job (MB)
	0  -  ResidentSetSize of job (KB)
...
006 (233.013.000) 08/24 17:25:43 Image size of job updated: 382140
	0  -  MemoryUsage of job (MB)
	0  -  ResidentSetSize of job (KB)
...
006 (233.009.000) 08/24 17:25:43 Image size of job updated: 382532
	0  -  MemoryUsage of job (MB)
	0  -  ResidentSetSize of job (KB)
...
006 (233.001.000) 08/24 17:25:43 Image size of job updated: 382924
	0  -  MemoryUsage of job (MB)
	0  -  ResidentSetSize of job (KB)
...
006 (233.011.000) 08/24 17:25:43 Image size of job updated: 382536
	0  -  MemoryUsage of job (MB)
	0  -  ResidentSetSize of job (KB)
...
006 (233.002.000) 08/24 17:25:43 Image size of job updated: 382924
	0  -  MemoryUsage of job (MB)
	0  -  ResidentSetSize of job (KB)
...
006 (233.005.000) 08/24 17:25:43 Image size of job updated: 382924
	0  -  MemoryUsage of job (MB)
	0  -  ResidentSetSize of job (KB)
...
006 (233.015.000) 08/24 17:25:43 Image size of job updated: 382140
	0  -  MemoryUsage of job (MB)
	0  -  ResidentSetSize of job (KB)
...
006 (233.000.000) 08/24 17:25:44 Image size of job updated: 382924
	0  -  MemoryUsage of job (MB)
	0  -  ResidentSetSize of job (KB)
...
006 (233.010.000) 08/24 17:25:44 Image size of job updated: 382532
	0  -  MemoryUsage of job (MB)
	0  -  ResidentSetSize of job (KB)
...
005 (233.000.000) 08/25 03:10:34 Job terminated.
	(1) Normal termination (return value 0)
		Usr 0 09:54:51, Sys 0 00:00:00  -  Run Remote Usage
		Usr 0 00:00:00, Sys 0 00:00:00  -  Run Local Usage
		Usr 0 09:54:51, Sys 0 00:00:00  -  Total Remote Usage
		Usr 0 00:00:00, Sys 0 00:00:00  -  Total Local Usage
	0  -  Run Bytes Sent By Job
	0  -  Run Bytes Received By Job
	0  -  Total Bytes Sent By Job
	0  -  Total Bytes Received By Job
	Partitionable Resources :    Usage  Request Allocated
	   Cpus                 :                 1         1
	   Disk (KB)            :        1        1    183661
	   Gpus                 :                           0
	   Memory (MB)          :        0        1         1
...
005 (233.002.000) 08/25 03:15:47 Job terminated.
	(1) Normal termination (return value 0)
		Usr 0 09:59:59, Sys 0 00:00:00  -  Run Remote Usage
		Usr 0 00:00:00, Sys 0 00:00:00  -  Run Local Usage
		Usr 0 09:59:59, Sys 0 00:00:00  -  Total Remote Usage
		Usr 0 00:00:00, Sys 0 00:00:00  -  Total Local Usage
	0  -  Run Bytes Sent By Job
	0  -  Run Bytes Received By Job
	0  -  Total Bytes Sent By Job
	0  -  Total Bytes Received By Job
	Partitionable Resources :    Usage  Request Allocated
	   Cpus                 :                 1         1
	   Disk (KB)            :        1        1    111891
	   Gpus                 :                           0
	   Memory (MB)          :        0        1         1
...
005 (233.001.000) 08/25 03:34:52 Job terminated.
	(1) Normal termination (return value 0)
		Usr 0 10:13:48, Sys 0 00:00:01  -  Run Remote Usage
		Usr 0 00:00:00, Sys 0 00:00:00  -  Run Local Usage
		Usr 0 10:13:48, Sys 0 00:00:01  -  Total Remote Usage
		Usr 0 00:00:00, Sys 0 00:00:00  -  Total Local Usage
	0  -  Run Bytes Sent By Job
	0  -  Run Bytes Received By Job
	0  -  Total Bytes Sent By Job
	0  -  Total Bytes Received By Job
	Partitionable Resources :    Usage  Request Allocated
	   Cpus                 :                 1         1
	   Disk (KB)            :        1        1    169893
	   Gpus                 :                           0
	   Memory (MB)          :        0        1         1
...
005 (233.003.000) 08/25 03:47:17 Job terminated.
	(1) Normal termination (return value 0)
		Usr 0 10:31:31, Sys 0 00:00:00  -  Run Remote Usage
		Usr 0 00:00:00, Sys 0 00:00:00  -  Run Local Usage
		Usr 0 10:31:31, Sys 0 00:00:00  -  Total Remote Usage
		Usr 0 00:00:00, Sys 0 00:00:00  -  Total Local Usage
	0  -  Run Bytes Sent By Job
	0  -  Run Bytes Received By Job
	0  -  Total Bytes Sent By Job
	0  -  Total Bytes Received By Job
	Partitionable Resources :    Usage  Request Allocated
	   Cpus                 :                 1         1
	   Disk (KB)            :        1        1    184561
	   Gpus                 :                           0
	   Memory (MB)          :        0        1         1
...
005 (233.004.000) 08/25 03:58:09 Job terminated.
	(1) Normal termination (return value 0)
		Usr 0 10:42:21, Sys 0 00:00:00  -  Run Remote Usage
		Usr 0 00:00:00, Sys 0 00:00:00  -  Run Local Usage
		Usr 0 10:42:21, Sys 0 00:00:00  -  Total Remote Usage
		Usr 0 00:00:00, Sys 0 00:00:00  -  Total Local Usage
	0  -  Run Bytes Sent By Job
	0  -  Run Bytes Received By Job
	0  -  Total Bytes Sent By Job
	0  -  Total Bytes Received By Job
	Partitionable Resources :    Usage  Request Allocated
	   Cpus                 :                 1         1
	   Disk (KB)            :        1        1    183482
	   Gpus                 :                           0
	   Memory (MB)          :        0        1         1
...
005 (233.011.000) 08/25 04:07:55 Job terminated.
	(1) Normal termination (return value 0)
		Usr 0 10:52:18, Sys 0 00:00:00  -  Run Remote Usage
		Usr 0 00:00:00, Sys 0 00:00:00  -  Run Local Usage
		Usr 0 10:52:18, Sys 0 00:00:00  -  Total Remote Usage
		Usr 0 00:00:00, Sys 0 00:00:00  -  Total Local Usage
	0  -  Run Bytes Sent By Job
	0  -  Run Bytes Received By Job
	0  -  Total Bytes Sent By Job
	0  -  Total Bytes Received By Job
	Partitionable Resources :    Usage  Request Allocated
	   Cpus                 :                 1         1
	   Disk (KB)            :        1        1    111891
	   Gpus                 :                           0
	   Memory (MB)          :        0        1         1
...
005 (233.005.000) 08/25 04:08:13 Job terminated.
	(1) Normal termination (return value 0)
		Usr 0 10:52:16, Sys 0 00:00:01  -  Run Remote Usage
		Usr 0 00:00:00, Sys 0 00:00:00  -  Run Local Usage
		Usr 0 10:52:16, Sys 0 00:00:01  -  Total Remote Usage
		Usr 0 00:00:00, Sys 0 00:00:00  -  Total Local Usage
	0  -  Run Bytes Sent By Job
	0  -  Run Bytes Received By Job
	0  -  Total Bytes Sent By Job
	0  -  Total Bytes Received By Job
	Partitionable Resources :    Usage  Request Allocated
	   Cpus                 :                 1         1
	   Disk (KB)            :        1        1    181580
	   Gpus                 :                           0
	   Memory (MB)          :        0        1         1
...
005 (233.006.000) 08/25 04:13:06 Job terminated.
	(1) Normal termination (return value 0)
		Usr 0 10:57:22, Sys 0 00:00:00  -  Run Remote Usage
		Usr 0 00:00:00, Sys 0 00:00:00  -  Run Local Usage
		Usr 0 10:57:22, Sys 0 00:00:00  -  Total Remote Usage
		Usr 0 00:00:00, Sys 0 00:00:00  -  Total Local Usage
	0  -  Run Bytes Sent By Job
	0  -  Run Bytes Received By Job
	0  -  Total Bytes Sent By Job
	0  -  Total Bytes Received By Job
	Partitionable Resources :    Usage  Request Allocated
	   Cpus                 :                 1         1
	   Disk (KB)            :        1        1    182723
	   Gpus                 :                           0
	   Memory (MB)          :        0        1         1
...
005 (233.007.000) 08/25 04:23:29 Job terminated.
	(1) Normal termination (return value 0)
		Usr 0 11:07:49, Sys 0 00:00:00  -  Run Remote Usage
		Usr 0 00:00:00, Sys 0 00:00:00  -  Run Local Usage
		Usr 0 11:07:49, Sys 0 00:00:00  -  Total Remote Usage
		Usr 0 00:00:00, Sys 0 00:00:00  -  Total Local Usage
	0  -  Run Bytes Sent By Job
	0  -  Run Bytes Received By Job
	0  -  Total Bytes Sent By Job
	0  -  Total Bytes Received By Job
	Partitionable Resources :    Usage  Request Allocated
	   Cpus                 :                 1         1
	   Disk (KB)            :        1        1    180802
	   Gpus                 :                           0
	   Memory (MB)          :        0        1         1
...
005 (233.013.000) 08/25 04:44:26 Job terminated.
	(1) Normal termination (return value 0)
		Usr 0 11:28:40, Sys 0 00:00:00  -  Run Remote Usage
		Usr 0 00:00:00, Sys 0 00:00:00  -  Run Local Usage
		Usr 0 11:28:40, Sys 0 00:00:00  -  Total Remote Usage
		Usr 0 00:00:00, Sys 0 00:00:00  -  Total Local Usage
	0  -  Run Bytes Sent By Job
	0  -  Run Bytes Received By Job
	0  -  Total Bytes Sent By Job
	0  -  Total Bytes Received By Job
	Partitionable Resources :    Usage  Request Allocated
	   Cpus                 :                 1         1
	   Disk (KB)            :        1        1    183482
	   Gpus                 :                           0
	   Memory (MB)          :        0        1         1
...
005 (233.012.000) 08/25 04:46:34 Job terminated.
	(1) Normal termination (return value 0)
		Usr 0 11:30:47, Sys 0 00:00:00  -  Run Remote Usage
		Usr 0 00:00:00, Sys 0 00:00:00  -  Run Local Usage
		Usr 0 11:30:47, Sys 0 00:00:00  -  Total Remote Usage
		Usr 0 00:00:00, Sys 0 00:00:00  -  Total Local Usage
	0  -  Run Bytes Sent By Job
	0  -  Run Bytes Received By Job
	0  -  Total Bytes Sent By Job
	0  -  Total Bytes Received By Job
	Partitionable Resources :    Usage  Request Allocated
	   Cpus                 :                 1         1
	   Disk (KB)            :        1        1    184561
	   Gpus                 :                           0
	   Memory (MB)          :        0        1         1
...
005 (233.009.000) 08/25 04:49:08 Job terminated.
	(1) Normal termination (return value 0)
		Usr 0 11:28:50, Sys 0 00:00:00  -  Run Remote Usage
		Usr 0 00:00:00, Sys 0 00:00:00  -  Run Local Usage
		Usr 0 11:28:50, Sys 0 00:00:00  -  Total Remote Usage
		Usr 0 00:00:00, Sys 0 00:00:00  -  Total Local Usage
	0  -  Run Bytes Sent By Job
	0  -  Run Bytes Received By Job
	0  -  Total Bytes Sent By Job
	0  -  Total Bytes Received By Job
	Partitionable Resources :    Usage  Request Allocated
	   Cpus                 :                 1         1
	   Disk (KB)            :        1        1    169893
	   Gpus                 :                           0
	   Memory (MB)          :        0        1         1
...
005 (233.010.000) 08/25 04:52:03 Job terminated.
	(1) Normal termination (return value 0)
		Usr 0 11:36:14, Sys 0 00:00:00  -  Run Remote Usage
		Usr 0 00:00:00, Sys 0 00:00:00  -  Run Local Usage
		Usr 0 11:36:14, Sys 0 00:00:00  -  Total Remote Usage
		Usr 0 00:00:00, Sys 0 00:00:00  -  Total Local Usage
	0  -  Run Bytes Sent By Job
	0  -  Run Bytes Received By Job
	0  -  Total Bytes Sent By Job
	0  -  Total Bytes Received By Job
	Partitionable Resources :    Usage  Request Allocated
	   Cpus                 :                 1         1
	   Disk (KB)            :        1        1    183661
	   Gpus                 :                           0
	   Memory (MB)          :        0        1         1
...
005 (233.015.000) 08/25 05:08:20 Job terminated.
	(1) Normal termination (return value 0)
		Usr 0 11:52:33, Sys 0 00:00:00  -  Run Remote Usage
		Usr 0 00:00:00, Sys 0 00:00:00  -  Run Local Usage
		Usr 0 11:52:33, Sys 0 00:00:00  -  Total Remote Usage
		Usr 0 00:00:00, Sys 0 00:00:00  -  Total Local Usage
	0  -  Run Bytes Sent By Job
	0  -  Run Bytes Received By Job
	0  -  Total Bytes Sent By Job
	0  -  Total Bytes Received By Job
	Partitionable Resources :    Usage  Request Allocated
	   Cpus                 :                 1         1
	   Disk (KB)            :        1        1    181580
	   Gpus                 :                           0
	   Memory (MB)          :        0        1         1
...
005 (233.016.000) 08/25 05:11:27 Job terminated.
	(1) Normal termination (return value 0)
		Usr 0 11:55:44, Sys 0 00:00:00  -  Run Remote Usage
		Usr 0 00:00:00, Sys 0 00:00:00  -  Run Local Usage
		Usr 0 11:55:44, Sys 0 00:00:00  -  Total Remote Usage
		Usr 0 00:00:00, Sys 0 00:00:00  -  Total Local Usage
	0  -  Run Bytes Sent By Job
	0  -  Run Bytes Received By Job
	0  -  Total Bytes Sent By Job
	0  -  Total Bytes Received By Job
	Partitionable Resources :    Usage  Request Allocated
	   Cpus                 :                 1         1
	   Disk (KB)            :        1        1    180802
	   Gpus                 :                           0
	   Memory (MB)          :        0        1         1
...
