000 (024.000.000) 08/20 10:24:11 Job submitted from host: <129.69.120.173:10625?addrs=129.69.120.173-10625>
...
000 (024.001.000) 08/20 10:24:11 Job submitted from host: <129.69.120.173:10625?addrs=129.69.120.173-10625>
...
000 (024.002.000) 08/20 10:24:11 Job submitted from host: <129.69.120.173:10625?addrs=129.69.120.173-10625>
...
000 (024.003.000) 08/20 10:24:11 Job submitted from host: <129.69.120.173:10625?addrs=129.69.120.173-10625>
...
000 (024.004.000) 08/20 10:24:11 Job submitted from host: <129.69.120.173:10625?addrs=129.69.120.173-10625>
...
000 (024.005.000) 08/20 10:24:11 Job submitted from host: <129.69.120.173:10625?addrs=129.69.120.173-10625>
...
000 (024.006.000) 08/20 10:24:11 Job submitted from host: <129.69.120.173:10625?addrs=129.69.120.173-10625>
...
000 (024.007.000) 08/20 10:24:11 Job submitted from host: <129.69.120.173:10625?addrs=129.69.120.173-10625>
...
000 (024.008.000) 08/20 10:24:11 Job submitted from host: <129.69.120.173:10625?addrs=129.69.120.173-10625>
...
000 (024.009.000) 08/20 10:24:11 Job submitted from host: <129.69.120.173:10625?addrs=129.69.120.173-10625>
...
000 (024.010.000) 08/20 10:24:11 Job submitted from host: <129.69.120.173:10625?addrs=129.69.120.173-10625>
...
000 (024.011.000) 08/20 10:24:11 Job submitted from host: <129.69.120.173:10625?addrs=129.69.120.173-10625>
...
000 (024.012.000) 08/20 10:24:11 Job submitted from host: <129.69.120.173:10625?addrs=129.69.120.173-10625>
...
000 (024.013.000) 08/20 10:24:11 Job submitted from host: <129.69.120.173:10625?addrs=129.69.120.173-10625>
...
000 (024.014.000) 08/20 10:24:11 Job submitted from host: <129.69.120.173:10625?addrs=129.69.120.173-10625>
...
000 (024.015.000) 08/20 10:24:11 Job submitted from host: <129.69.120.173:10625?addrs=129.69.120.173-10625>
...
000 (024.016.000) 08/20 10:24:11 Job submitted from host: <129.69.120.173:10625?addrs=129.69.120.173-10625>
...
000 (024.017.000) 08/20 10:24:11 Job submitted from host: <129.69.120.173:10625?addrs=129.69.120.173-10625>
...
000 (024.018.000) 08/20 10:24:11 Job submitted from host: <129.69.120.173:10625?addrs=129.69.120.173-10625>
...
000 (024.019.000) 08/20 10:24:11 Job submitted from host: <129.69.120.173:10625?addrs=129.69.120.173-10625>
...
001 (024.012.000) 08/20 10:24:47 Job executing on host: <129.69.120.176:4077?addrs=129.69.120.176-4077>
...
001 (024.011.000) 08/20 10:24:47 Job executing on host: <129.69.120.175:28204?addrs=129.69.120.175-28204>
...
001 (024.006.000) 08/20 10:24:47 Job executing on host: <129.69.120.91:49494?addrs=129.69.120.91-49494>
...
001 (024.013.000) 08/20 10:24:47 Job executing on host: <129.69.120.177:10544?addrs=129.69.120.177-10544>
...
001 (024.009.000) 08/20 10:24:47 Job executing on host: <129.69.120.56:17704?addrs=129.69.120.56-17704>
...
001 (024.016.000) 08/20 10:24:47 Job executing on host: <129.69.120.45:48890?addrs=129.69.120.45-48890>
...
001 (024.002.000) 08/20 10:24:47 Job executing on host: <129.69.120.45:48890?addrs=129.69.120.45-48890>
...
001 (024.014.000) 08/20 10:24:47 Job executing on host: <129.69.120.178:58310?addrs=129.69.120.178-58310>
...
001 (024.008.000) 08/20 10:24:47 Job executing on host: <129.69.120.49:55505?addrs=129.69.120.49-55505>
...
001 (024.010.000) 08/20 10:24:47 Job executing on host: <129.69.120.174:25933?addrs=129.69.120.174-25933>
...
001 (024.018.000) 08/20 10:24:47 Job executing on host: <129.69.120.57:45581?addrs=129.69.120.57-45581>
...
001 (024.003.000) 08/20 10:24:47 Job executing on host: <129.69.120.57:45581?addrs=129.69.120.57-45581>
...
001 (024.005.000) 08/20 10:24:47 Job executing on host: <129.69.120.53:53710?addrs=129.69.120.53-53710>
...
001 (024.000.000) 08/20 10:24:47 Job executing on host: <129.69.120.73:24045?addrs=129.69.120.73-24045>
...
001 (024.019.000) 08/20 10:24:47 Job executing on host: <129.69.120.73:24045?addrs=129.69.120.73-24045>
...
001 (024.004.000) 08/20 10:24:47 Job executing on host: <129.69.120.67:32163?addrs=129.69.120.67-32163>
...
001 (024.007.000) 08/20 10:24:47 Job executing on host: <129.69.120.37:22786?addrs=129.69.120.37-22786>
...
001 (024.017.000) 08/20 10:24:47 Job executing on host: <129.69.120.37:22786?addrs=129.69.120.37-22786>
...
001 (024.015.000) 08/20 10:24:47 Job executing on host: <129.69.120.179:31265?addrs=129.69.120.179-31265>
...
001 (024.001.000) 08/20 10:24:47 Job executing on host: <129.69.120.42:29964?addrs=129.69.120.42-29964>
...
006 (024.009.000) 08/20 10:24:48 Image size of job updated: 1
	0  -  MemoryUsage of job (MB)
	0  -  ResidentSetSize of job (KB)
...
005 (024.009.000) 08/20 10:24:48 Job terminated.
	(1) Normal termination (return value 1)
		Usr 0 00:00:00, Sys 0 00:00:00  -  Run Remote Usage
		Usr 0 00:00:00, Sys 0 00:00:00  -  Run Local Usage
		Usr 0 00:00:00, Sys 0 00:00:00  -  Total Remote Usage
		Usr 0 00:00:00, Sys 0 00:00:00  -  Total Local Usage
	0  -  Run Bytes Sent By Job
	0  -  Run Bytes Received By Job
	0  -  Total Bytes Sent By Job
	0  -  Total Bytes Received By Job
	Partitionable Resources :    Usage  Request Allocated
	   Cpus                 :                 1         1
	   Disk (KB)            :        1        1    184383
	   Gpus                 :                           1
	   Memory (MB)          :        0        1         1
...
006 (024.013.000) 08/20 10:24:56 Image size of job updated: 9144880
	0  -  MemoryUsage of job (MB)
	0  -  ResidentSetSize of job (KB)
...
006 (024.012.000) 08/20 10:24:56 Image size of job updated: 9144880
	0  -  MemoryUsage of job (MB)
	0  -  ResidentSetSize of job (KB)
...
006 (024.011.000) 08/20 10:24:56 Image size of job updated: 9144880
	0  -  MemoryUsage of job (MB)
	0  -  ResidentSetSize of job (KB)
...
006 (024.006.000) 08/20 10:24:56 Image size of job updated: 378664
	0  -  MemoryUsage of job (MB)
	0  -  ResidentSetSize of job (KB)
...
006 (024.002.000) 08/20 10:24:56 Image size of job updated: 378664
	0  -  MemoryUsage of job (MB)
	0  -  ResidentSetSize of job (KB)
...
006 (024.010.000) 08/20 10:24:56 Image size of job updated: 9144880
	0  -  MemoryUsage of job (MB)
	0  -  ResidentSetSize of job (KB)
...
006 (024.016.000) 08/20 10:24:56 Image size of job updated: 378664
	0  -  MemoryUsage of job (MB)
	0  -  ResidentSetSize of job (KB)
...
006 (024.014.000) 08/20 10:24:56 Image size of job updated: 9144880
	0  -  MemoryUsage of job (MB)
	0  -  ResidentSetSize of job (KB)
...
006 (024.008.000) 08/20 10:24:56 Image size of job updated: 378664
	0  -  MemoryUsage of job (MB)
	0  -  ResidentSetSize of job (KB)
...
006 (024.003.000) 08/20 10:24:56 Image size of job updated: 378668
	0  -  MemoryUsage of job (MB)
	0  -  ResidentSetSize of job (KB)
...
006 (024.018.000) 08/20 10:24:56 Image size of job updated: 378668
	0  -  MemoryUsage of job (MB)
	0  -  ResidentSetSize of job (KB)
...
006 (024.005.000) 08/20 10:24:56 Image size of job updated: 378664
	0  -  MemoryUsage of job (MB)
	0  -  ResidentSetSize of job (KB)
...
006 (024.000.000) 08/20 10:24:56 Image size of job updated: 378668
	0  -  MemoryUsage of job (MB)
	0  -  ResidentSetSize of job (KB)
...
006 (024.019.000) 08/20 10:24:56 Image size of job updated: 46793328
	0  -  MemoryUsage of job (MB)
	0  -  ResidentSetSize of job (KB)
...
006 (024.004.000) 08/20 10:24:56 Image size of job updated: 378668
	0  -  MemoryUsage of job (MB)
	0  -  ResidentSetSize of job (KB)
...
006 (024.007.000) 08/20 10:24:56 Image size of job updated: 378668
	0  -  MemoryUsage of job (MB)
	0  -  ResidentSetSize of job (KB)
...
006 (024.017.000) 08/20 10:24:56 Image size of job updated: 46793328
	0  -  MemoryUsage of job (MB)
	0  -  ResidentSetSize of job (KB)
...
006 (024.015.000) 08/20 10:24:56 Image size of job updated: 9144880
	0  -  MemoryUsage of job (MB)
	0  -  ResidentSetSize of job (KB)
...
006 (024.001.000) 08/20 10:24:57 Image size of job updated: 378664
	0  -  MemoryUsage of job (MB)
	0  -  ResidentSetSize of job (KB)
...
006 (024.012.000) 08/20 10:29:57 Image size of job updated: 9146444
	0  -  MemoryUsage of job (MB)
	0  -  ResidentSetSize of job (KB)
...
006 (024.011.000) 08/20 10:29:57 Image size of job updated: 9146444
	0  -  MemoryUsage of job (MB)
	0  -  ResidentSetSize of job (KB)
...
006 (024.013.000) 08/20 10:29:57 Image size of job updated: 9146444
	0  -  MemoryUsage of job (MB)
	0  -  ResidentSetSize of job (KB)
...
006 (024.014.000) 08/20 10:29:57 Image size of job updated: 9146052
	0  -  MemoryUsage of job (MB)
	0  -  ResidentSetSize of job (KB)
...
006 (024.010.000) 08/20 10:29:57 Image size of job updated: 9146444
	0  -  MemoryUsage of job (MB)
	0  -  ResidentSetSize of job (KB)
...
006 (024.002.000) 08/20 10:29:57 Image size of job updated: 380620
	0  -  MemoryUsage of job (MB)
	0  -  ResidentSetSize of job (KB)
...
006 (024.016.000) 08/20 10:29:57 Image size of job updated: 379836
	0  -  MemoryUsage of job (MB)
	0  -  ResidentSetSize of job (KB)
...
006 (024.003.000) 08/20 10:29:57 Image size of job updated: 380620
	0  -  MemoryUsage of job (MB)
	0  -  ResidentSetSize of job (KB)
...
006 (024.018.000) 08/20 10:29:57 Image size of job updated: 379448
	0  -  MemoryUsage of job (MB)
	0  -  ResidentSetSize of job (KB)
...
006 (024.006.000) 08/20 10:29:57 Image size of job updated: 380620
	0  -  MemoryUsage of job (MB)
	0  -  ResidentSetSize of job (KB)
...
006 (024.015.000) 08/20 10:29:57 Image size of job updated: 9146052
	0  -  MemoryUsage of job (MB)
	0  -  ResidentSetSize of job (KB)
...
006 (024.000.000) 08/20 10:29:57 Image size of job updated: 381012
	0  -  MemoryUsage of job (MB)
	0  -  ResidentSetSize of job (KB)
...
006 (024.019.000) 08/20 10:29:57 Image size of job updated: 46794108
	0  -  MemoryUsage of job (MB)
	0  -  ResidentSetSize of job (KB)
...
006 (024.004.000) 08/20 10:29:57 Image size of job updated: 380620
	0  -  MemoryUsage of job (MB)
	0  -  ResidentSetSize of job (KB)
...
006 (024.008.000) 08/20 10:29:57 Image size of job updated: 380228
	0  -  MemoryUsage of job (MB)
	0  -  ResidentSetSize of job (KB)
...
006 (024.005.000) 08/20 10:29:57 Image size of job updated: 380620
	0  -  MemoryUsage of job (MB)
	0  -  ResidentSetSize of job (KB)
...
006 (024.017.000) 08/20 10:29:57 Image size of job updated: 46794500
	0  -  MemoryUsage of job (MB)
	0  -  ResidentSetSize of job (KB)
...
006 (024.007.000) 08/20 10:29:57 Image size of job updated: 380620
	0  -  MemoryUsage of job (MB)
	0  -  ResidentSetSize of job (KB)
...
006 (024.001.000) 08/20 10:29:57 Image size of job updated: 381008
	0  -  MemoryUsage of job (MB)
	0  -  ResidentSetSize of job (KB)
...
006 (024.013.000) 08/20 10:34:57 Image size of job updated: 9148748
	0  -  MemoryUsage of job (MB)
	0  -  ResidentSetSize of job (KB)
...
006 (024.012.000) 08/20 10:34:57 Image size of job updated: 9148748
	0  -  MemoryUsage of job (MB)
	0  -  ResidentSetSize of job (KB)
...
006 (024.011.000) 08/20 10:34:57 Image size of job updated: 9148748
	0  -  MemoryUsage of job (MB)
	0  -  ResidentSetSize of job (KB)
...
006 (024.010.000) 08/20 10:34:57 Image size of job updated: 9148748
	0  -  MemoryUsage of job (MB)
	0  -  ResidentSetSize of job (KB)
...
006 (024.014.000) 08/20 10:34:57 Image size of job updated: 9148356
	0  -  MemoryUsage of job (MB)
	0  -  ResidentSetSize of job (KB)
...
006 (024.015.000) 08/20 10:34:57 Image size of job updated: 9148356
	0  -  MemoryUsage of job (MB)
	0  -  ResidentSetSize of job (KB)
...
006 (024.002.000) 08/20 10:34:57 Image size of job updated: 382924
	0  -  MemoryUsage of job (MB)
	0  -  ResidentSetSize of job (KB)
...
006 (024.016.000) 08/20 10:34:57 Image size of job updated: 382140
	0  -  MemoryUsage of job (MB)
	0  -  ResidentSetSize of job (KB)
...
006 (024.018.000) 08/20 10:34:57 Image size of job updated: 382144
	0  -  MemoryUsage of job (MB)
	0  -  ResidentSetSize of job (KB)
...
006 (024.003.000) 08/20 10:34:57 Image size of job updated: 382924
	0  -  MemoryUsage of job (MB)
	0  -  ResidentSetSize of job (KB)
...
006 (024.006.000) 08/20 10:34:57 Image size of job updated: 382924
	0  -  MemoryUsage of job (MB)
	0  -  ResidentSetSize of job (KB)
...
006 (024.000.000) 08/20 10:34:57 Image size of job updated: 383316
	0  -  MemoryUsage of job (MB)
	0  -  ResidentSetSize of job (KB)
...
006 (024.004.000) 08/20 10:34:57 Image size of job updated: 382924
	0  -  MemoryUsage of job (MB)
	0  -  ResidentSetSize of job (KB)
...
006 (024.019.000) 08/20 10:34:57 Image size of job updated: 46796804
	0  -  MemoryUsage of job (MB)
	0  -  ResidentSetSize of job (KB)
...
006 (024.008.000) 08/20 10:34:57 Image size of job updated: 382924
	0  -  MemoryUsage of job (MB)
	0  -  ResidentSetSize of job (KB)
...
006 (024.017.000) 08/20 10:34:57 Image size of job updated: 46796804
	0  -  MemoryUsage of job (MB)
	0  -  ResidentSetSize of job (KB)
...
006 (024.007.000) 08/20 10:34:57 Image size of job updated: 382924
	0  -  MemoryUsage of job (MB)
	0  -  ResidentSetSize of job (KB)
...
006 (024.005.000) 08/20 10:34:57 Image size of job updated: 382924
	0  -  MemoryUsage of job (MB)
	0  -  ResidentSetSize of job (KB)
...
006 (024.001.000) 08/20 10:34:57 Image size of job updated: 383312
	0  -  MemoryUsage of job (MB)
	0  -  ResidentSetSize of job (KB)
...
010 (024.010.000) 08/20 10:50:11 Job was suspended.
	Number of processes actually suspended: 2
...
011 (024.010.000) 08/20 11:02:26 Job was unsuspended.
...
010 (024.010.000) 08/20 11:03:22 Job was suspended.
	Number of processes actually suspended: 2
...
010 (024.008.000) 08/20 11:19:23 Job was suspended.
	Number of processes actually suspended: 2
...
011 (024.008.000) 08/20 11:19:48 Job was unsuspended.
...
011 (024.010.000) 08/20 11:25:07 Job was unsuspended.
...
010 (024.004.000) 08/20 11:31:25 Job was suspended.
	Number of processes actually suspended: 2
...
010 (024.010.000) 08/20 11:58:54 Job was suspended.
	Number of processes actually suspended: 2
...
011 (024.004.000) 08/20 12:01:29 Job was unsuspended.
...
004 (024.004.000) 08/20 12:01:30 Job was evicted.
	(0) Job was not checkpointed.
		Usr 0 01:06:37, Sys 0 00:00:00  -  Run Remote Usage
		Usr 0 00:00:00, Sys 0 00:00:00  -  Run Local Usage
	0  -  Run Bytes Sent By Job
	0  -  Run Bytes Received By Job
	Partitionable Resources :    Usage  Request Allocated
	   Cpus                 :                 1         1
	   Disk (KB)            :        1        1    112742
	   Gpus                 :                           0
	   Memory (MB)          :        0        1         1
...
001 (024.004.000) 08/20 12:02:15 Job executing on host: <129.69.120.42:29964?addrs=129.69.120.42-29964>
...
011 (024.010.000) 08/20 12:28:59 Job was unsuspended.
...
004 (024.010.000) 08/20 12:28:59 Job was evicted.
	(0) Job was not checkpointed.
		Usr 0 01:00:04, Sys 0 00:00:00  -  Run Remote Usage
		Usr 0 00:00:00, Sys 0 00:00:00  -  Run Local Usage
	0  -  Run Bytes Sent By Job
	0  -  Run Bytes Received By Job
	Partitionable Resources :    Usage  Request Allocated
	   Cpus                 :                 1         4
	   Disk (KB)            :        1        1    170799
	   Gpus                 :                           1
	   Memory (MB)          :        0        1     10112
...
010 (024.019.000) 08/20 12:30:08 Job was suspended.
	Number of processes actually suspended: 2
...
010 (024.000.000) 08/20 12:30:08 Job was suspended.
	Number of processes actually suspended: 2
...
001 (024.010.000) 08/20 12:33:45 Job executing on host: <129.69.120.93:61543?addrs=129.69.120.93-61543>
...
011 (024.000.000) 08/20 13:00:09 Job was unsuspended.
...
011 (024.019.000) 08/20 13:00:09 Job was unsuspended.
...
004 (024.000.000) 08/20 13:00:09 Job was evicted.
	(0) Job was not checkpointed.
		Usr 0 02:05:19, Sys 0 00:00:00  -  Run Remote Usage
		Usr 0 00:00:00, Sys 0 00:00:00  -  Run Local Usage
	0  -  Run Bytes Sent By Job
	0  -  Run Bytes Received By Job
	Partitionable Resources :    Usage  Request Allocated
	   Cpus                 :                 1         1
	   Disk (KB)            :        1        1    167372
	   Gpus                 :                           0
	   Memory (MB)          :        0        1         1
...
004 (024.019.000) 08/20 13:00:09 Job was evicted.
	(0) Job was not checkpointed.
		Usr 0 02:05:20, Sys 0 00:00:00  -  Run Remote Usage
		Usr 0 00:00:00, Sys 0 00:00:00  -  Run Local Usage
	0  -  Run Bytes Sent By Job
	0  -  Run Bytes Received By Job
	Partitionable Resources :    Usage  Request Allocated
	   Cpus                 :                 1         4
	   Disk (KB)            :        1        1    167372
	   Gpus                 :                           1
	   Memory (MB)          :        0        1     10112
...
001 (024.000.000) 08/20 13:04:46 Job executing on host: <129.69.120.93:61543?addrs=129.69.120.93-61543>
...
001 (024.019.000) 08/20 13:04:46 Job executing on host: <129.69.120.53:53710?addrs=129.69.120.53-53710>
...
010 (024.014.000) 08/20 14:47:02 Job was suspended.
	Number of processes actually suspended: 2
...
011 (024.014.000) 08/20 15:17:06 Job was unsuspended.
...
004 (024.014.000) 08/20 15:17:06 Job was evicted.
	(0) Job was not checkpointed.
		Usr 0 04:22:14, Sys 0 00:00:00  -  Run Remote Usage
		Usr 0 00:00:00, Sys 0 00:00:00  -  Run Local Usage
	0  -  Run Bytes Sent By Job
	0  -  Run Bytes Received By Job
	Partitionable Resources :    Usage  Request Allocated
	   Cpus                 :                 1         4
	   Disk (KB)            :        1        1    170112
	   Gpus                 :                           1
	   Memory (MB)          :        0        1     10112
...
001 (024.014.000) 08/20 15:21:20 Job executing on host: <129.69.120.37:22786?addrs=129.69.120.37-22786>
...
004 (024.011.000) 08/20 17:07:34 Job was evicted.
	(0) Job was not checkpointed.
		Usr 0 06:42:46, Sys 0 00:00:00  -  Run Remote Usage
		Usr 0 00:00:00, Sys 0 00:00:00  -  Run Local Usage
	0  -  Run Bytes Sent By Job
	0  -  Run Bytes Received By Job
	Partitionable Resources :    Usage  Request Allocated
	   Cpus                 :                 1         4
	   Disk (KB)            :        1        1    167805
	   Gpus                 :                           1
	   Memory (MB)          :        0        1     10112
...
004 (024.012.000) 08/20 17:07:34 Job was evicted.
	(0) Job was not checkpointed.
		Usr 0 06:42:46, Sys 0 00:00:00  -  Run Remote Usage
		Usr 0 00:00:00, Sys 0 00:00:00  -  Run Local Usage
	0  -  Run Bytes Sent By Job
	0  -  Run Bytes Received By Job
	Partitionable Resources :    Usage  Request Allocated
	   Cpus                 :                 1         4
	   Disk (KB)            :        1        1    170022
	   Gpus                 :                           1
	   Memory (MB)          :        0        1     10112
...
001 (024.012.000) 08/20 17:13:34 Job executing on host: <129.69.120.56:17704?addrs=129.69.120.56-17704>
...
001 (024.011.000) 08/20 17:13:34 Job executing on host: <129.69.120.49:55505?addrs=129.69.120.49-55505>
...
005 (024.012.000) 08/20 17:13:34 Job terminated.
	(1) Normal termination (return value 1)
		Usr 0 00:00:00, Sys 0 00:00:00  -  Run Remote Usage
		Usr 0 00:00:00, Sys 0 00:00:00  -  Run Local Usage
		Usr 0 00:00:00, Sys 0 00:00:00  -  Total Remote Usage
		Usr 0 00:00:00, Sys 0 00:00:00  -  Total Local Usage
	0  -  Run Bytes Sent By Job
	0  -  Run Bytes Received By Job
	0  -  Total Bytes Sent By Job
	0  -  Total Bytes Received By Job
	Partitionable Resources :    Usage  Request Allocated
	   Cpus                 :                 1         1
	   Disk (KB)            :        1        1    184382
	   Gpus                 :                           1
	   Memory (MB)          :        0        0         0
...
010 (024.015.000) 08/20 18:34:45 Job was suspended.
	Number of processes actually suspended: 2
...
011 (024.015.000) 08/20 18:59:59 Job was unsuspended.
...
005 (024.013.000) 08/20 19:16:57 Job terminated.
	(1) Normal termination (return value 1)
		Usr 0 08:52:00, Sys 0 00:00:00  -  Run Remote Usage
		Usr 0 00:00:00, Sys 0 00:00:00  -  Run Local Usage
		Usr 0 08:52:00, Sys 0 00:00:00  -  Total Remote Usage
		Usr 0 00:00:00, Sys 0 00:00:00  -  Total Local Usage
	0  -  Run Bytes Sent By Job
	0  -  Run Bytes Received By Job
	0  -  Total Bytes Sent By Job
	0  -  Total Bytes Received By Job
	Partitionable Resources :    Usage  Request Allocated
	   Cpus                 :                 1         4
	   Disk (KB)            :        1        1    169623
	   Gpus                 :                           1
	   Memory (MB)          :        0        1     10112
...
005 (024.015.000) 08/20 19:55:53 Job terminated.
	(1) Normal termination (return value 1)
		Usr 0 09:05:37, Sys 0 00:00:00  -  Run Remote Usage
		Usr 0 00:00:00, Sys 0 00:00:00  -  Run Local Usage
		Usr 0 09:05:37, Sys 0 00:00:00  -  Total Remote Usage
		Usr 0 00:00:00, Sys 0 00:00:00  -  Total Local Usage
	0  -  Run Bytes Sent By Job
	0  -  Run Bytes Received By Job
	0  -  Total Bytes Sent By Job
	0  -  Total Bytes Received By Job
	Partitionable Resources :    Usage  Request Allocated
	   Cpus                 :                 1         4
	   Disk (KB)            :        1        1    170218
	   Gpus                 :                           1
	   Memory (MB)          :        0        1     10112
...
005 (024.001.000) 08/20 20:38:35 Job terminated.
	(1) Normal termination (return value 1)
		Usr 0 10:13:29, Sys 0 00:00:00  -  Run Remote Usage
		Usr 0 00:00:00, Sys 0 00:00:00  -  Run Local Usage
		Usr 0 10:13:29, Sys 0 00:00:00  -  Total Remote Usage
		Usr 0 00:00:00, Sys 0 00:00:00  -  Total Local Usage
	0  -  Run Bytes Sent By Job
	0  -  Run Bytes Received By Job
	0  -  Total Bytes Sent By Job
	0  -  Total Bytes Received By Job
	Partitionable Resources :    Usage  Request Allocated
	   Cpus                 :                 1         1
	   Disk (KB)            :        1        1    183926
	   Gpus                 :                           0
	   Memory (MB)          :        0        1         1
...
005 (024.002.000) 08/20 20:50:20 Job terminated.
	(1) Normal termination (return value 1)
		Usr 0 10:25:15, Sys 0 00:00:00  -  Run Remote Usage
		Usr 0 00:00:00, Sys 0 00:00:00  -  Run Local Usage
		Usr 0 10:25:15, Sys 0 00:00:00  -  Total Remote Usage
		Usr 0 00:00:00, Sys 0 00:00:00  -  Total Local Usage
	0  -  Run Bytes Sent By Job
	0  -  Run Bytes Received By Job
	0  -  Total Bytes Sent By Job
	0  -  Total Bytes Received By Job
	Partitionable Resources :    Usage  Request Allocated
	   Cpus                 :                 1         1
	   Disk (KB)            :        1        1    184838
	   Gpus                 :                           0
	   Memory (MB)          :        0        1         1
...
005 (024.003.000) 08/20 21:06:16 Job terminated.
	(1) Normal termination (return value 1)
		Usr 0 10:41:12, Sys 0 00:00:01  -  Run Remote Usage
		Usr 0 00:00:00, Sys 0 00:00:00  -  Run Local Usage
		Usr 0 10:41:12, Sys 0 00:00:01  -  Total Remote Usage
		Usr 0 00:00:00, Sys 0 00:00:00  -  Total Local Usage
	0  -  Run Bytes Sent By Job
	0  -  Run Bytes Received By Job
	0  -  Total Bytes Sent By Job
	0  -  Total Bytes Received By Job
	Partitionable Resources :    Usage  Request Allocated
	   Cpus                 :                 1         1
	   Disk (KB)            :        1        1    170050
	   Gpus                 :                           0
	   Memory (MB)          :        0        1         1
...
005 (024.007.000) 08/20 21:12:55 Job terminated.
	(1) Normal termination (return value 1)
		Usr 0 10:48:04, Sys 0 00:00:00  -  Run Remote Usage
		Usr 0 00:00:00, Sys 0 00:00:00  -  Run Local Usage
		Usr 0 10:48:04, Sys 0 00:00:00  -  Total Remote Usage
		Usr 0 00:00:00, Sys 0 00:00:00  -  Total Local Usage
	0  -  Run Bytes Sent By Job
	0  -  Run Bytes Received By Job
	0  -  Total Bytes Sent By Job
	0  -  Total Bytes Received By Job
	Partitionable Resources :    Usage  Request Allocated
	   Cpus                 :                 1         1
	   Disk (KB)            :        1        1    179953
	   Gpus                 :                           0
	   Memory (MB)          :        0        1         1
...
005 (024.005.000) 08/20 21:22:06 Job terminated.
	(1) Normal termination (return value 1)
		Usr 0 10:57:06, Sys 0 00:00:01  -  Run Remote Usage
		Usr 0 00:00:00, Sys 0 00:00:00  -  Run Local Usage
		Usr 0 10:57:06, Sys 0 00:00:01  -  Total Remote Usage
		Usr 0 00:00:00, Sys 0 00:00:00  -  Total Local Usage
	0  -  Run Bytes Sent By Job
	0  -  Run Bytes Received By Job
	0  -  Total Bytes Sent By Job
	0  -  Total Bytes Received By Job
	Partitionable Resources :    Usage  Request Allocated
	   Cpus                 :                 1         1
	   Disk (KB)            :        1        1    182572
	   Gpus                 :                           0
	   Memory (MB)          :        0        1         1
...
005 (024.006.000) 08/20 21:29:51 Job terminated.
	(1) Normal termination (return value 1)
		Usr 0 11:04:55, Sys 0 00:00:01  -  Run Remote Usage
		Usr 0 00:00:00, Sys 0 00:00:00  -  Run Local Usage
		Usr 0 11:04:55, Sys 0 00:00:01  -  Total Remote Usage
		Usr 0 00:00:00, Sys 0 00:00:00  -  Total Local Usage
	0  -  Run Bytes Sent By Job
	0  -  Run Bytes Received By Job
	0  -  Total Bytes Sent By Job
	0  -  Total Bytes Received By Job
	Partitionable Resources :    Usage  Request Allocated
	   Cpus                 :                 1         1
	   Disk (KB)            :        1        1    183479
	   Gpus                 :                           0
	   Memory (MB)          :        0        1         1
...
005 (024.008.000) 08/20 21:40:35 Job terminated.
	(1) Normal termination (return value 1)
		Usr 0 11:15:15, Sys 0 00:00:00  -  Run Remote Usage
		Usr 0 00:00:00, Sys 0 00:00:00  -  Run Local Usage
		Usr 0 11:15:15, Sys 0 00:00:00  -  Total Remote Usage
		Usr 0 00:00:00, Sys 0 00:00:00  -  Total Local Usage
	0  -  Run Bytes Sent By Job
	0  -  Run Bytes Received By Job
	0  -  Total Bytes Sent By Job
	0  -  Total Bytes Received By Job
	Partitionable Resources :    Usage  Request Allocated
	   Cpus                 :                 1         1
	   Disk (KB)            :        1        1    183440
	   Gpus                 :                           1
	   Memory (MB)          :        0        1         1
...
005 (024.017.000) 08/20 22:11:45 Job terminated.
	(1) Normal termination (return value 1)
		Usr 0 11:46:55, Sys 0 00:00:00  -  Run Remote Usage
		Usr 0 00:00:00, Sys 0 00:00:00  -  Run Local Usage
		Usr 0 11:46:55, Sys 0 00:00:00  -  Total Remote Usage
		Usr 0 00:00:00, Sys 0 00:00:00  -  Total Local Usage
	0  -  Run Bytes Sent By Job
	0  -  Run Bytes Received By Job
	0  -  Total Bytes Sent By Job
	0  -  Total Bytes Received By Job
	Partitionable Resources :    Usage  Request Allocated
	   Cpus                 :                 1         4
	   Disk (KB)            :        1        1    179953
	   Gpus                 :                           1
	   Memory (MB)          :        0        1     10112
...
010 (024.014.000) 08/20 22:19:29 Job was suspended.
	Number of processes actually suspended: 2
...
005 (024.016.000) 08/20 22:19:42 Job terminated.
	(1) Normal termination (return value 1)
		Usr 0 11:54:45, Sys 0 00:00:01  -  Run Remote Usage
		Usr 0 00:00:00, Sys 0 00:00:00  -  Run Local Usage
		Usr 0 11:54:45, Sys 0 00:00:01  -  Total Remote Usage
		Usr 0 00:00:00, Sys 0 00:00:00  -  Total Local Usage
	0  -  Run Bytes Sent By Job
	0  -  Run Bytes Received By Job
	0  -  Total Bytes Sent By Job
	0  -  Total Bytes Received By Job
	Partitionable Resources :    Usage  Request Allocated
	   Cpus                 :                 1         1
	   Disk (KB)            :        1        1    184838
	   Gpus                 :                           0
	   Memory (MB)          :        0        1         1
...
011 (024.014.000) 08/20 22:33:29 Job was unsuspended.
...
005 (024.018.000) 08/20 22:37:42 Job terminated.
	(1) Normal termination (return value 1)
		Usr 0 12:12:44, Sys 0 00:00:00  -  Run Remote Usage
		Usr 0 00:00:00, Sys 0 00:00:00  -  Run Local Usage
		Usr 0 12:12:44, Sys 0 00:00:00  -  Total Remote Usage
		Usr 0 00:00:00, Sys 0 00:00:00  -  Total Local Usage
	0  -  Run Bytes Sent By Job
	0  -  Run Bytes Received By Job
	0  -  Total Bytes Sent By Job
	0  -  Total Bytes Received By Job
	Partitionable Resources :    Usage  Request Allocated
	   Cpus                 :                 1         1
	   Disk (KB)            :        1        1    170050
	   Gpus                 :                           0
	   Memory (MB)          :        0        1         1
...
005 (024.000.000) 08/20 22:42:31 Job terminated.
	(1) Normal termination (return value 1)
		Usr 0 09:37:37, Sys 0 00:00:01  -  Run Remote Usage
		Usr 0 00:00:00, Sys 0 00:00:00  -  Run Local Usage
		Usr 0 09:37:37, Sys 0 00:00:01  -  Total Remote Usage
		Usr 0 00:00:00, Sys 0 00:00:00  -  Total Local Usage
	0  -  Run Bytes Sent By Job
	0  -  Run Bytes Received By Job
	0  -  Total Bytes Sent By Job
	0  -  Total Bytes Received By Job
	Partitionable Resources :    Usage  Request Allocated
	   Cpus                 :                 1         1
	   Disk (KB)            :        1        1    184017
	   Gpus                 :                           0
	   Memory (MB)          :        0        0         0
...
005 (024.004.000) 08/20 22:51:48 Job terminated.
	(1) Normal termination (return value 1)
		Usr 0 10:49:21, Sys 0 00:00:00  -  Run Remote Usage
		Usr 0 00:00:00, Sys 0 00:00:00  -  Run Local Usage
		Usr 0 10:49:21, Sys 0 00:00:00  -  Total Remote Usage
		Usr 0 00:00:00, Sys 0 00:00:00  -  Total Local Usage
	0  -  Run Bytes Sent By Job
	0  -  Run Bytes Received By Job
	0  -  Total Bytes Sent By Job
	0  -  Total Bytes Received By Job
	Partitionable Resources :    Usage  Request Allocated
	   Cpus                 :                 1         1
	   Disk (KB)            :        1        1    183926
	   Gpus                 :                           0
	   Memory (MB)          :        0        0         0
...
005 (024.010.000) 08/20 23:37:30 Job terminated.
	(1) Normal termination (return value 1)
		Usr 0 11:03:35, Sys 0 00:00:00  -  Run Remote Usage
		Usr 0 00:00:00, Sys 0 00:00:00  -  Run Local Usage
		Usr 0 11:03:35, Sys 0 00:00:00  -  Total Remote Usage
		Usr 0 00:00:00, Sys 0 00:00:00  -  Total Local Usage
	0  -  Run Bytes Sent By Job
	0  -  Run Bytes Received By Job
	0  -  Total Bytes Sent By Job
	0  -  Total Bytes Received By Job
	Partitionable Resources :    Usage  Request Allocated
	   Cpus                 :                 1         1
	   Disk (KB)            :        1        1    184018
	   Gpus                 :                           0
	   Memory (MB)          :        0        0         0
...
005 (024.019.000) 08/21 01:11:53 Job terminated.
	(1) Normal termination (return value 1)
		Usr 0 12:06:54, Sys 0 00:00:01  -  Run Remote Usage
		Usr 0 00:00:00, Sys 0 00:00:00  -  Run Local Usage
		Usr 0 12:06:54, Sys 0 00:00:01  -  Total Remote Usage
		Usr 0 00:00:00, Sys 0 00:00:00  -  Total Local Usage
	0  -  Run Bytes Sent By Job
	0  -  Run Bytes Received By Job
	0  -  Total Bytes Sent By Job
	0  -  Total Bytes Received By Job
	Partitionable Resources :    Usage  Request Allocated
	   Cpus                 :                 1         1
	   Disk (KB)            :        1        1    182571
	   Gpus                 :                           0
	   Memory (MB)          :        0        0         0
...
005 (024.014.000) 08/21 04:13:59 Job terminated.
	(1) Normal termination (return value 1)
		Usr 0 12:38:26, Sys 0 00:00:00  -  Run Remote Usage
		Usr 0 00:00:00, Sys 0 00:00:00  -  Run Local Usage
		Usr 0 12:38:26, Sys 0 00:00:00  -  Total Remote Usage
		Usr 0 00:00:00, Sys 0 00:00:00  -  Total Local Usage
	0  -  Run Bytes Sent By Job
	0  -  Run Bytes Received By Job
	0  -  Total Bytes Sent By Job
	0  -  Total Bytes Received By Job
	Partitionable Resources :    Usage  Request Allocated
	   Cpus                 :                 1         1
	   Disk (KB)            :        1        1    179964
	   Gpus                 :                           0
	   Memory (MB)          :        0        0         0
...
005 (024.011.000) 08/21 04:40:59 Job terminated.
	(1) Normal termination (return value 1)
		Usr 0 11:27:06, Sys 0 00:00:07  -  Run Remote Usage
		Usr 0 00:00:00, Sys 0 00:00:00  -  Run Local Usage
		Usr 0 11:27:06, Sys 0 00:00:07  -  Total Remote Usage
		Usr 0 00:00:00, Sys 0 00:00:00  -  Total Local Usage
	0  -  Run Bytes Sent By Job
	0  -  Run Bytes Received By Job
	0  -  Total Bytes Sent By Job
	0  -  Total Bytes Received By Job
	Partitionable Resources :    Usage  Request Allocated
	   Cpus                 :                 1         1
	   Disk (KB)            :        1        1    183391
	   Gpus                 :                           0
	   Memory (MB)          :        0        0         0
...
