000 (025.000.000) 08/20 10:25:32 Job submitted from host: <129.69.120.173:10625?addrs=129.69.120.173-10625>
...
001 (025.000.000) 08/20 10:25:45 Job executing on host: <129.69.120.73:24045?addrs=129.69.120.73-24045>
...
006 (025.000.000) 08/20 10:25:53 Image size of job updated: 378668
	0  -  MemoryUsage of job (MB)
	0  -  ResidentSetSize of job (KB)
...
006 (025.000.000) 08/20 10:30:53 Image size of job updated: 380228
	0  -  MemoryUsage of job (MB)
	0  -  ResidentSetSize of job (KB)
...
006 (025.000.000) 08/20 10:35:54 Image size of job updated: 382532
	0  -  MemoryUsage of job (MB)
	0  -  ResidentSetSize of job (KB)
...
010 (025.000.000) 08/20 12:30:08 Job was suspended.
	Number of processes actually suspended: 2
...
011 (025.000.000) 08/20 13:00:09 Job was unsuspended.
...
004 (025.000.000) 08/20 13:00:09 Job was evicted.
	(0) Job was not checkpointed.
		Usr 0 02:04:22, Sys 0 00:00:00  -  Run Remote Usage
		Usr 0 00:00:00, Sys 0 00:00:00  -  Run Local Usage
	0  -  Run Bytes Sent By Job
	0  -  Run Bytes Received By Job
	Partitionable Resources :    Usage  Request Allocated
	   Cpus                 :                 1         1
	   Disk (KB)            :        1        1    167372
	   Gpus                 :                           0
	   Memory (MB)          :        0        1         1
...
001 (025.000.000) 08/20 13:04:46 Job executing on host: <129.69.120.91:49494?addrs=129.69.120.91-49494>
...
005 (025.000.000) 08/21 00:29:34 Job terminated.
	(1) Normal termination (return value 0)
		Usr 0 11:24:46, Sys 0 00:00:00  -  Run Remote Usage
		Usr 0 00:00:00, Sys 0 00:00:00  -  Run Local Usage
		Usr 0 11:24:46, Sys 0 00:00:00  -  Total Remote Usage
		Usr 0 00:00:00, Sys 0 00:00:00  -  Total Local Usage
	0  -  Run Bytes Sent By Job
	0  -  Run Bytes Received By Job
	0  -  Total Bytes Sent By Job
	0  -  Total Bytes Received By Job
	Partitionable Resources :    Usage  Request Allocated
	   Cpus                 :                 1         1
	   Disk (KB)            :        1        1    183478
	   Gpus                 :                           0
	   Memory (MB)          :        0        0         0
...
