000 (026.000.000) 08/22 12:34:27 Job submitted from host: <129.69.120.173:10625?addrs=129.69.120.173-10625>
...
000 (026.001.000) 08/22 12:34:27 Job submitted from host: <129.69.120.173:10625?addrs=129.69.120.173-10625>
...
000 (026.002.000) 08/22 12:34:27 Job submitted from host: <129.69.120.173:10625?addrs=129.69.120.173-10625>
...
000 (026.003.000) 08/22 12:34:27 Job submitted from host: <129.69.120.173:10625?addrs=129.69.120.173-10625>
...
000 (026.004.000) 08/22 12:34:27 Job submitted from host: <129.69.120.173:10625?addrs=129.69.120.173-10625>
...
000 (026.005.000) 08/22 12:34:27 Job submitted from host: <129.69.120.173:10625?addrs=129.69.120.173-10625>
...
000 (026.006.000) 08/22 12:34:27 Job submitted from host: <129.69.120.173:10625?addrs=129.69.120.173-10625>
...
000 (026.007.000) 08/22 12:34:27 Job submitted from host: <129.69.120.173:10625?addrs=129.69.120.173-10625>
...
000 (026.008.000) 08/22 12:34:27 Job submitted from host: <129.69.120.173:10625?addrs=129.69.120.173-10625>
...
000 (026.009.000) 08/22 12:34:27 Job submitted from host: <129.69.120.173:10625?addrs=129.69.120.173-10625>
...
000 (026.010.000) 08/22 12:34:27 Job submitted from host: <129.69.120.173:10625?addrs=129.69.120.173-10625>
...
000 (026.011.000) 08/22 12:34:27 Job submitted from host: <129.69.120.173:10625?addrs=129.69.120.173-10625>
...
000 (026.012.000) 08/22 12:34:27 Job submitted from host: <129.69.120.173:10625?addrs=129.69.120.173-10625>
...
000 (026.013.000) 08/22 12:34:27 Job submitted from host: <129.69.120.173:10625?addrs=129.69.120.173-10625>
...
000 (026.014.000) 08/22 12:34:27 Job submitted from host: <129.69.120.173:10625?addrs=129.69.120.173-10625>
...
000 (026.015.000) 08/22 12:34:27 Job submitted from host: <129.69.120.173:10625?addrs=129.69.120.173-10625>
...
000 (026.016.000) 08/22 12:34:27 Job submitted from host: <129.69.120.173:10625?addrs=129.69.120.173-10625>
...
000 (026.017.000) 08/22 12:34:27 Job submitted from host: <129.69.120.173:10625?addrs=129.69.120.173-10625>
...
000 (026.018.000) 08/22 12:34:27 Job submitted from host: <129.69.120.173:10625?addrs=129.69.120.173-10625>
...
000 (026.019.000) 08/22 12:34:27 Job submitted from host: <129.69.120.173:10625?addrs=129.69.120.173-10625>
...
001 (026.017.000) 08/22 12:35:05 Job executing on host: <129.69.120.181:55019?addrs=129.69.120.181-55019>
...
001 (026.007.000) 08/22 12:35:05 Job executing on host: <129.69.120.181:55019?addrs=129.69.120.181-55019>
...
001 (026.010.000) 08/22 12:35:05 Job executing on host: <129.69.120.175:28204?addrs=129.69.120.175-28204>
...
001 (026.009.000) 08/22 12:35:05 Job executing on host: <129.69.120.174:25933?addrs=129.69.120.174-25933>
...
001 (026.013.000) 08/22 12:35:05 Job executing on host: <129.69.120.178:58310?addrs=129.69.120.178-58310>
...
001 (026.012.000) 08/22 12:35:05 Job executing on host: <129.69.120.177:10544?addrs=129.69.120.177-10544>
...
001 (026.014.000) 08/22 12:35:05 Job executing on host: <129.69.120.179:31265?addrs=129.69.120.179-31265>
...
001 (026.011.000) 08/22 12:35:05 Job executing on host: <129.69.120.176:4077?addrs=129.69.120.176-4077>
...
001 (026.003.000) 08/22 12:35:05 Job executing on host: <129.69.120.73:23989?addrs=129.69.120.73-23989>
...
001 (026.016.000) 08/22 12:35:05 Job executing on host: <129.69.120.73:23989?addrs=129.69.120.73-23989>
...
001 (026.006.000) 08/22 12:35:05 Job executing on host: <129.69.120.91:49494?addrs=129.69.120.91-49494>
...
001 (026.002.000) 08/22 12:35:05 Job executing on host: <129.69.120.57:45581?addrs=129.69.120.57-45581>
...
001 (026.015.000) 08/22 12:35:05 Job executing on host: <129.69.120.45:48890?addrs=129.69.120.45-48890>
...
001 (026.001.000) 08/22 12:35:05 Job executing on host: <129.69.120.45:48890?addrs=129.69.120.45-48890>
...
001 (026.004.000) 08/22 12:35:05 Job executing on host: <129.69.120.49:61977?addrs=129.69.120.49-61977>
...
001 (026.000.000) 08/22 12:35:06 Job executing on host: <129.69.120.42:29964?addrs=129.69.120.42-29964>
...
001 (026.019.000) 08/22 12:35:06 Job executing on host: <129.69.120.42:29964?addrs=129.69.120.42-29964>
...
001 (026.005.000) 08/22 12:35:06 Job executing on host: <129.69.120.53:53710?addrs=129.69.120.53-53710>
...
001 (026.018.000) 08/22 12:35:06 Job executing on host: <129.69.120.190:51391?addrs=129.69.120.190-51391>
...
001 (026.008.000) 08/22 12:35:06 Job executing on host: <129.69.120.181:55019?addrs=129.69.120.181-55019>
...
006 (026.019.000) 08/22 12:35:14 Image size of job updated: 378664
	0  -  MemoryUsage of job (MB)
	0  -  ResidentSetSize of job (KB)
...
006 (026.000.000) 08/22 12:35:14 Image size of job updated: 378664
	0  -  MemoryUsage of job (MB)
	0  -  ResidentSetSize of job (KB)
...
006 (026.018.000) 08/22 12:35:14 Image size of job updated: 9144880
	0  -  MemoryUsage of job (MB)
	0  -  ResidentSetSize of job (KB)
...
006 (026.005.000) 08/22 12:35:14 Image size of job updated: 378664
	0  -  MemoryUsage of job (MB)
	0  -  ResidentSetSize of job (KB)
...
006 (026.008.000) 08/22 12:35:14 Image size of job updated: 9144880
	0  -  MemoryUsage of job (MB)
	0  -  ResidentSetSize of job (KB)
...
006 (026.017.000) 08/22 12:35:14 Image size of job updated: 378608
	0  -  MemoryUsage of job (MB)
	0  -  ResidentSetSize of job (KB)
...
006 (026.007.000) 08/22 12:35:14 Image size of job updated: 378608
	0  -  MemoryUsage of job (MB)
	0  -  ResidentSetSize of job (KB)
...
006 (026.010.000) 08/22 12:35:14 Image size of job updated: 9144880
	0  -  MemoryUsage of job (MB)
	0  -  ResidentSetSize of job (KB)
...
006 (026.013.000) 08/22 12:35:14 Image size of job updated: 9144880
	0  -  MemoryUsage of job (MB)
	0  -  ResidentSetSize of job (KB)
...
006 (026.012.000) 08/22 12:35:14 Image size of job updated: 9144880
	0  -  MemoryUsage of job (MB)
	0  -  ResidentSetSize of job (KB)
...
006 (026.014.000) 08/22 12:35:14 Image size of job updated: 9144880
	0  -  MemoryUsage of job (MB)
	0  -  ResidentSetSize of job (KB)
...
006 (026.009.000) 08/22 12:35:14 Image size of job updated: 9144880
	0  -  MemoryUsage of job (MB)
	0  -  ResidentSetSize of job (KB)
...
006 (026.011.000) 08/22 12:35:14 Image size of job updated: 9144880
	0  -  MemoryUsage of job (MB)
	0  -  ResidentSetSize of job (KB)
...
006 (026.003.000) 08/22 12:35:14 Image size of job updated: 378668
	0  -  MemoryUsage of job (MB)
	0  -  ResidentSetSize of job (KB)
...
006 (026.016.000) 08/22 12:35:14 Image size of job updated: 46793328
	0  -  MemoryUsage of job (MB)
	0  -  ResidentSetSize of job (KB)
...
006 (026.006.000) 08/22 12:35:14 Image size of job updated: 378668
	0  -  MemoryUsage of job (MB)
	0  -  ResidentSetSize of job (KB)
...
006 (026.015.000) 08/22 12:35:14 Image size of job updated: 378664
	0  -  MemoryUsage of job (MB)
	0  -  ResidentSetSize of job (KB)
...
006 (026.001.000) 08/22 12:35:14 Image size of job updated: 378664
	0  -  MemoryUsage of job (MB)
	0  -  ResidentSetSize of job (KB)
...
006 (026.002.000) 08/22 12:35:14 Image size of job updated: 378668
	0  -  MemoryUsage of job (MB)
	0  -  ResidentSetSize of job (KB)
...
006 (026.004.000) 08/22 12:35:14 Image size of job updated: 378664
	0  -  MemoryUsage of job (MB)
	0  -  ResidentSetSize of job (KB)
...
006 (026.019.000) 08/22 12:40:14 Image size of job updated: 379448
	0  -  MemoryUsage of job (MB)
	0  -  ResidentSetSize of job (KB)
...
006 (026.018.000) 08/22 12:40:14 Image size of job updated: 9146052
	0  -  MemoryUsage of job (MB)
	0  -  ResidentSetSize of job (KB)
...
006 (026.000.000) 08/22 12:40:14 Image size of job updated: 380620
	0  -  MemoryUsage of job (MB)
	0  -  ResidentSetSize of job (KB)
...
006 (026.005.000) 08/22 12:40:14 Image size of job updated: 380620
	0  -  MemoryUsage of job (MB)
	0  -  ResidentSetSize of job (KB)
...
006 (026.008.000) 08/22 12:40:14 Image size of job updated: 9146444
	0  -  MemoryUsage of job (MB)
	0  -  ResidentSetSize of job (KB)
...
006 (026.007.000) 08/22 12:40:15 Image size of job updated: 380168
	0  -  MemoryUsage of job (MB)
	0  -  ResidentSetSize of job (KB)
...
006 (026.012.000) 08/22 12:40:15 Image size of job updated: 9146444
	0  -  MemoryUsage of job (MB)
	0  -  ResidentSetSize of job (KB)
...
006 (026.014.000) 08/22 12:40:15 Image size of job updated: 9146052
	0  -  MemoryUsage of job (MB)
	0  -  ResidentSetSize of job (KB)
...
006 (026.010.000) 08/22 12:40:15 Image size of job updated: 9146444
	0  -  MemoryUsage of job (MB)
	0  -  ResidentSetSize of job (KB)
...
006 (026.013.000) 08/22 12:40:15 Image size of job updated: 9146052
	0  -  MemoryUsage of job (MB)
	0  -  ResidentSetSize of job (KB)
...
006 (026.017.000) 08/22 12:40:15 Image size of job updated: 379780
	0  -  MemoryUsage of job (MB)
	0  -  ResidentSetSize of job (KB)
...
006 (026.009.000) 08/22 12:40:15 Image size of job updated: 9146444
	0  -  MemoryUsage of job (MB)
	0  -  ResidentSetSize of job (KB)
...
006 (026.011.000) 08/22 12:40:15 Image size of job updated: 9146444
	0  -  MemoryUsage of job (MB)
	0  -  ResidentSetSize of job (KB)
...
006 (026.001.000) 08/22 12:40:15 Image size of job updated: 380620
	0  -  MemoryUsage of job (MB)
	0  -  ResidentSetSize of job (KB)
...
006 (026.015.000) 08/22 12:40:15 Image size of job updated: 379836
	0  -  MemoryUsage of job (MB)
	0  -  ResidentSetSize of job (KB)
...
006 (026.004.000) 08/22 12:40:15 Image size of job updated: 380620
	0  -  MemoryUsage of job (MB)
	0  -  ResidentSetSize of job (KB)
...
006 (026.006.000) 08/22 12:40:15 Image size of job updated: 380228
	0  -  MemoryUsage of job (MB)
	0  -  ResidentSetSize of job (KB)
...
006 (026.002.000) 08/22 12:40:15 Image size of job updated: 380620
	0  -  MemoryUsage of job (MB)
	0  -  ResidentSetSize of job (KB)
...
006 (026.016.000) 08/22 12:40:15 Image size of job updated: 46794500
	0  -  MemoryUsage of job (MB)
	0  -  ResidentSetSize of job (KB)
...
006 (026.003.000) 08/22 12:40:15 Image size of job updated: 380620
	0  -  MemoryUsage of job (MB)
	0  -  ResidentSetSize of job (KB)
...
006 (026.018.000) 08/22 12:45:14 Image size of job updated: 9148356
	0  -  MemoryUsage of job (MB)
	0  -  ResidentSetSize of job (KB)
...
006 (026.000.000) 08/22 12:45:14 Image size of job updated: 382924
	0  -  MemoryUsage of job (MB)
	0  -  ResidentSetSize of job (KB)
...
006 (026.019.000) 08/22 12:45:14 Image size of job updated: 381752
	0  -  MemoryUsage of job (MB)
	0  -  ResidentSetSize of job (KB)
...
006 (026.005.000) 08/22 12:45:15 Image size of job updated: 382924
	0  -  MemoryUsage of job (MB)
	0  -  ResidentSetSize of job (KB)
...
006 (026.007.000) 08/22 12:45:15 Image size of job updated: 382472
	0  -  MemoryUsage of job (MB)
	0  -  ResidentSetSize of job (KB)
...
006 (026.017.000) 08/22 12:45:15 Image size of job updated: 382084
	0  -  MemoryUsage of job (MB)
	0  -  ResidentSetSize of job (KB)
...
006 (026.012.000) 08/22 12:45:15 Image size of job updated: 9148748
	0  -  MemoryUsage of job (MB)
	0  -  ResidentSetSize of job (KB)
...
006 (026.009.000) 08/22 12:45:15 Image size of job updated: 9148748
	0  -  MemoryUsage of job (MB)
	0  -  ResidentSetSize of job (KB)
...
006 (026.014.000) 08/22 12:45:15 Image size of job updated: 9148356
	0  -  MemoryUsage of job (MB)
	0  -  ResidentSetSize of job (KB)
...
006 (026.013.000) 08/22 12:45:15 Image size of job updated: 9148356
	0  -  MemoryUsage of job (MB)
	0  -  ResidentSetSize of job (KB)
...
006 (026.010.000) 08/22 12:45:15 Image size of job updated: 9148748
	0  -  MemoryUsage of job (MB)
	0  -  ResidentSetSize of job (KB)
...
006 (026.011.000) 08/22 12:45:15 Image size of job updated: 9148748
	0  -  MemoryUsage of job (MB)
	0  -  ResidentSetSize of job (KB)
...
006 (026.001.000) 08/22 12:45:15 Image size of job updated: 382924
	0  -  MemoryUsage of job (MB)
	0  -  ResidentSetSize of job (KB)
...
006 (026.015.000) 08/22 12:45:15 Image size of job updated: 382140
	0  -  MemoryUsage of job (MB)
	0  -  ResidentSetSize of job (KB)
...
006 (026.004.000) 08/22 12:45:15 Image size of job updated: 382924
	0  -  MemoryUsage of job (MB)
	0  -  ResidentSetSize of job (KB)
...
006 (026.006.000) 08/22 12:45:15 Image size of job updated: 382924
	0  -  MemoryUsage of job (MB)
	0  -  ResidentSetSize of job (KB)
...
006 (026.003.000) 08/22 12:45:15 Image size of job updated: 382924
	0  -  MemoryUsage of job (MB)
	0  -  ResidentSetSize of job (KB)
...
006 (026.002.000) 08/22 12:45:15 Image size of job updated: 382924
	0  -  MemoryUsage of job (MB)
	0  -  ResidentSetSize of job (KB)
...
006 (026.016.000) 08/22 12:45:15 Image size of job updated: 46796804
	0  -  MemoryUsage of job (MB)
	0  -  ResidentSetSize of job (KB)
...
006 (026.008.000) 08/22 12:45:15 Image size of job updated: 9148748
	0  -  MemoryUsage of job (MB)
	0  -  ResidentSetSize of job (KB)
...
010 (026.019.000) 08/22 12:58:41 Job was suspended.
	Number of processes actually suspended: 2
...
010 (026.000.000) 08/22 12:58:41 Job was suspended.
	Number of processes actually suspended: 2
...
011 (026.000.000) 08/22 13:09:17 Job was unsuspended.
...
011 (026.019.000) 08/22 13:09:17 Job was unsuspended.
...
010 (026.000.000) 08/22 13:23:24 Job was suspended.
	Number of processes actually suspended: 2
...
010 (026.019.000) 08/22 13:23:24 Job was suspended.
	Number of processes actually suspended: 2
...
011 (026.000.000) 08/22 13:29:54 Job was unsuspended.
...
011 (026.019.000) 08/22 13:29:54 Job was unsuspended.
...
010 (026.016.000) 08/22 13:32:35 Job was suspended.
	Number of processes actually suspended: 2
...
010 (026.003.000) 08/22 13:32:35 Job was suspended.
	Number of processes actually suspended: 2
...
011 (026.003.000) 08/22 13:40:55 Job was unsuspended.
...
011 (026.016.000) 08/22 13:40:55 Job was unsuspended.
...
010 (026.003.000) 08/22 13:42:00 Job was suspended.
	Number of processes actually suspended: 2
...
010 (026.016.000) 08/22 13:42:00 Job was suspended.
	Number of processes actually suspended: 2
...
011 (026.003.000) 08/22 13:51:53 Job was unsuspended.
...
011 (026.016.000) 08/22 13:51:53 Job was unsuspended.
...
010 (026.016.000) 08/22 13:54:49 Job was suspended.
	Number of processes actually suspended: 2
...
010 (026.003.000) 08/22 13:54:49 Job was suspended.
	Number of processes actually suspended: 2
...
010 (026.019.000) 08/22 13:56:35 Job was suspended.
	Number of processes actually suspended: 2
...
010 (026.000.000) 08/22 13:56:35 Job was suspended.
	Number of processes actually suspended: 2
...
011 (026.000.000) 08/22 14:05:51 Job was unsuspended.
...
011 (026.019.000) 08/22 14:05:51 Job was unsuspended.
...
010 (026.019.000) 08/22 14:06:01 Job was suspended.
	Number of processes actually suspended: 2
...
010 (026.000.000) 08/22 14:06:01 Job was suspended.
	Number of processes actually suspended: 2
...
011 (026.003.000) 08/22 14:11:17 Job was unsuspended.
...
011 (026.016.000) 08/22 14:11:17 Job was unsuspended.
...
010 (026.003.000) 08/22 14:18:19 Job was suspended.
	Number of processes actually suspended: 2
...
010 (026.016.000) 08/22 14:18:19 Job was suspended.
	Number of processes actually suspended: 2
...
011 (026.019.000) 08/22 14:23:57 Job was unsuspended.
...
011 (026.000.000) 08/22 14:23:57 Job was unsuspended.
...
010 (026.000.000) 08/22 14:35:07 Job was suspended.
	Number of processes actually suspended: 2
...
010 (026.019.000) 08/22 14:35:07 Job was suspended.
	Number of processes actually suspended: 2
...
011 (026.003.000) 08/22 14:48:24 Job was unsuspended.
...
011 (026.016.000) 08/22 14:48:24 Job was unsuspended.
...
004 (026.003.000) 08/22 14:48:24 Job was evicted.
	(0) Job was not checkpointed.
		Usr 0 01:08:32, Sys 0 00:00:00  -  Run Remote Usage
		Usr 0 00:00:00, Sys 0 00:00:00  -  Run Local Usage
	0  -  Run Bytes Sent By Job
	0  -  Run Bytes Received By Job
	Partitionable Resources :    Usage  Request Allocated
	   Cpus                 :                 1         1
	   Disk (KB)            :        1        1    167362
	   Gpus                 :                           0
	   Memory (MB)          :        0        1         1
...
004 (026.016.000) 08/22 14:48:24 Job was evicted.
	(0) Job was not checkpointed.
		Usr 0 01:08:32, Sys 0 00:00:00  -  Run Remote Usage
		Usr 0 00:00:00, Sys 0 00:00:00  -  Run Local Usage
	0  -  Run Bytes Sent By Job
	0  -  Run Bytes Received By Job
	Partitionable Resources :    Usage  Request Allocated
	   Cpus                 :                 1         4
	   Disk (KB)            :        1        1    167362
	   Gpus                 :                           1
	   Memory (MB)          :        0        1     10112
...
001 (026.003.000) 08/22 14:52:09 Job executing on host: <129.69.120.57:45581?addrs=129.69.120.57-45581>
...
001 (026.016.000) 08/22 14:52:09 Job executing on host: <129.69.120.49:61977?addrs=129.69.120.49-61977>
...
011 (026.019.000) 08/22 14:52:33 Job was unsuspended.
...
011 (026.000.000) 08/22 14:52:33 Job was unsuspended.
...
010 (026.000.000) 08/22 14:53:08 Job was suspended.
	Number of processes actually suspended: 2
...
010 (026.019.000) 08/22 14:53:08 Job was suspended.
	Number of processes actually suspended: 2
...
011 (026.000.000) 08/22 14:58:19 Job was unsuspended.
...
011 (026.019.000) 08/22 14:58:19 Job was unsuspended.
...
010 (026.000.000) 08/22 15:12:51 Job was suspended.
	Number of processes actually suspended: 2
...
010 (026.019.000) 08/22 15:12:51 Job was suspended.
	Number of processes actually suspended: 2
...
011 (026.019.000) 08/22 15:23:15 Job was unsuspended.
...
011 (026.000.000) 08/22 15:23:15 Job was unsuspended.
...
010 (026.000.000) 08/22 15:23:20 Job was suspended.
	Number of processes actually suspended: 2
...
010 (026.019.000) 08/22 15:23:20 Job was suspended.
	Number of processes actually suspended: 2
...
011 (026.000.000) 08/22 15:39:38 Job was unsuspended.
...
011 (026.019.000) 08/22 15:39:38 Job was unsuspended.
...
010 (026.017.000) 08/22 15:40:00 Job was suspended.
	Number of processes actually suspended: 2
...
010 (026.007.000) 08/22 15:40:00 Job was suspended.
	Number of processes actually suspended: 2
...
010 (026.008.000) 08/22 15:40:00 Job was suspended.
	Number of processes actually suspended: 2
...
010 (026.000.000) 08/22 15:40:24 Job was suspended.
	Number of processes actually suspended: 2
...
010 (026.019.000) 08/22 15:40:24 Job was suspended.
	Number of processes actually suspended: 2
...
011 (026.000.000) 08/22 15:51:59 Job was unsuspended.
...
011 (026.019.000) 08/22 15:51:59 Job was unsuspended.
...
010 (026.000.000) 08/22 15:55:09 Job was suspended.
	Number of processes actually suspended: 2
...
010 (026.019.000) 08/22 15:55:09 Job was suspended.
	Number of processes actually suspended: 2
...
011 (026.017.000) 08/22 15:58:19 Job was unsuspended.
...
011 (026.008.000) 08/22 15:58:19 Job was unsuspended.
...
011 (026.007.000) 08/22 15:58:19 Job was unsuspended.
...
011 (026.019.000) 08/22 16:00:10 Job was unsuspended.
...
011 (026.000.000) 08/22 16:00:10 Job was unsuspended.
...
010 (026.007.000) 08/22 16:11:08 Job was suspended.
	Number of processes actually suspended: 2
...
010 (026.017.000) 08/22 16:11:08 Job was suspended.
	Number of processes actually suspended: 2
...
010 (026.008.000) 08/22 16:11:08 Job was suspended.
	Number of processes actually suspended: 2
...
010 (026.000.000) 08/22 16:13:11 Job was suspended.
	Number of processes actually suspended: 2
...
010 (026.019.000) 08/22 16:13:11 Job was suspended.
	Number of processes actually suspended: 2
...
011 (026.000.000) 08/22 16:20:03 Job was unsuspended.
...
011 (026.019.000) 08/22 16:20:03 Job was unsuspended.
...
010 (026.000.000) 08/22 16:20:08 Job was suspended.
	Number of processes actually suspended: 2
...
010 (026.019.000) 08/22 16:20:08 Job was suspended.
	Number of processes actually suspended: 2
...
011 (026.019.000) 08/22 16:25:07 Job was unsuspended.
...
011 (026.000.000) 08/22 16:25:07 Job was unsuspended.
...
011 (026.007.000) 08/22 16:28:29 Job was unsuspended.
...
011 (026.017.000) 08/22 16:28:29 Job was unsuspended.
...
011 (026.008.000) 08/22 16:28:29 Job was unsuspended.
...
010 (026.008.000) 08/22 16:34:00 Job was suspended.
	Number of processes actually suspended: 2
...
010 (026.017.000) 08/22 16:34:00 Job was suspended.
	Number of processes actually suspended: 2
...
010 (026.007.000) 08/22 16:34:00 Job was suspended.
	Number of processes actually suspended: 2
...
011 (026.007.000) 08/22 16:39:16 Job was unsuspended.
...
011 (026.017.000) 08/22 16:39:16 Job was unsuspended.
...
011 (026.008.000) 08/22 16:39:16 Job was unsuspended.
...
010 (026.007.000) 08/22 16:39:56 Job was suspended.
	Number of processes actually suspended: 2
...
010 (026.017.000) 08/22 16:39:56 Job was suspended.
	Number of processes actually suspended: 2
...
010 (026.008.000) 08/22 16:39:56 Job was suspended.
	Number of processes actually suspended: 2
...
011 (026.007.000) 08/22 17:09:59 Job was unsuspended.
...
011 (026.017.000) 08/22 17:09:59 Job was unsuspended.
...
011 (026.008.000) 08/22 17:09:59 Job was unsuspended.
...
004 (026.007.000) 08/22 17:09:59 Job was evicted.
	(0) Job was not checkpointed.
		Usr 0 03:23:52, Sys 0 00:00:01  -  Run Remote Usage
		Usr 0 00:00:00, Sys 0 00:00:00  -  Run Local Usage
	0  -  Run Bytes Sent By Job
	0  -  Run Bytes Received By Job
	Partitionable Resources :    Usage  Request Allocated
	   Cpus                 :                 1         1
	   Disk (KB)            :        1        1    169746
	   Gpus                 :                           0
	   Memory (MB)          :        0        1         1
...
004 (026.017.000) 08/22 17:09:59 Job was evicted.
	(0) Job was not checkpointed.
		Usr 0 03:23:53, Sys 0 00:00:00  -  Run Remote Usage
		Usr 0 00:00:00, Sys 0 00:00:00  -  Run Local Usage
	0  -  Run Bytes Sent By Job
	0  -  Run Bytes Received By Job
	Partitionable Resources :    Usage  Request Allocated
	   Cpus                 :                 1         1
	   Disk (KB)            :        1        1    169745
	   Gpus                 :                           0
	   Memory (MB)          :        0        1         1
...
004 (026.008.000) 08/22 17:09:59 Job was evicted.
	(0) Job was not checkpointed.
		Usr 0 03:23:54, Sys 0 00:00:00  -  Run Remote Usage
		Usr 0 00:00:00, Sys 0 00:00:00  -  Run Local Usage
	0  -  Run Bytes Sent By Job
	0  -  Run Bytes Received By Job
	Partitionable Resources :    Usage  Request Allocated
	   Cpus                 :                 1         1
	   Disk (KB)            :        1        1    169746
	   Gpus                 :                           1
	   Memory (MB)          :        0        1      4096
...
001 (026.017.000) 08/22 17:14:32 Job executing on host: <129.69.120.91:49494?addrs=129.69.120.91-49494>
...
001 (026.007.000) 08/22 17:14:32 Job executing on host: <129.69.120.103:29191?addrs=129.69.120.103-29191>
...
001 (026.008.000) 08/22 17:14:32 Job executing on host: <129.69.120.53:53710?addrs=129.69.120.53-53710>
...
010 (026.007.000) 08/22 17:16:52 Job was suspended.
	Number of processes actually suspended: 2
...
011 (026.007.000) 08/22 17:26:50 Job was unsuspended.
...
010 (026.007.000) 08/22 17:33:22 Job was suspended.
	Number of processes actually suspended: 2
...
011 (026.007.000) 08/22 17:42:29 Job was unsuspended.
...
010 (026.007.000) 08/22 17:47:41 Job was suspended.
	Number of processes actually suspended: 2
...
011 (026.007.000) 08/22 17:52:42 Job was unsuspended.
...
010 (026.007.000) 08/22 18:25:02 Job was suspended.
	Number of processes actually suspended: 2
...
011 (026.007.000) 08/22 18:34:25 Job was unsuspended.
...
010 (026.018.000) 08/22 19:15:21 Job was suspended.
	Number of processes actually suspended: 2
...
011 (026.018.000) 08/22 19:45:23 Job was unsuspended.
...
004 (026.018.000) 08/22 19:45:23 Job was evicted.
	(0) Job was not checkpointed.
		Usr 0 06:40:15, Sys 0 00:00:00  -  Run Remote Usage
		Usr 0 00:00:00, Sys 0 00:00:00  -  Run Local Usage
	0  -  Run Bytes Sent By Job
	0  -  Run Bytes Received By Job
	Partitionable Resources :    Usage  Request Allocated
	   Cpus                 :                 1         4
	   Disk (KB)            :        1        1    164650
	   Gpus                 :                           1
	   Memory (MB)          :        0        1     10112
...
001 (026.018.000) 08/22 19:46:34 Job executing on host: <129.69.120.73:23989?addrs=129.69.120.73-23989>
...
010 (026.007.000) 08/22 21:04:54 Job was suspended.
	Number of processes actually suspended: 2
...
005 (026.009.000) 08/22 21:16:41 Job terminated.
	(1) Normal termination (return value 1)
		Usr 0 08:41:34, Sys 0 00:00:00  -  Run Remote Usage
		Usr 0 00:00:00, Sys 0 00:00:00  -  Run Local Usage
		Usr 0 08:41:34, Sys 0 00:00:00  -  Total Remote Usage
		Usr 0 00:00:00, Sys 0 00:00:00  -  Total Local Usage
	0  -  Run Bytes Sent By Job
	0  -  Run Bytes Received By Job
	0  -  Total Bytes Sent By Job
	0  -  Total Bytes Received By Job
	Partitionable Resources :    Usage  Request Allocated
	   Cpus                 :                 1         4
	   Disk (KB)            :        1        1    170794
	   Gpus                 :                           1
	   Memory (MB)          :        0        1     10112
...
005 (026.012.000) 08/22 21:21:22 Job terminated.
	(1) Normal termination (return value 1)
		Usr 0 08:46:16, Sys 0 00:00:00  -  Run Remote Usage
		Usr 0 00:00:00, Sys 0 00:00:00  -  Run Local Usage
		Usr 0 08:46:16, Sys 0 00:00:00  -  Total Remote Usage
		Usr 0 00:00:00, Sys 0 00:00:00  -  Total Local Usage
	0  -  Run Bytes Sent By Job
	0  -  Run Bytes Received By Job
	0  -  Total Bytes Sent By Job
	0  -  Total Bytes Received By Job
	Partitionable Resources :    Usage  Request Allocated
	   Cpus                 :                 1         4
	   Disk (KB)            :        1        1    169620
	   Gpus                 :                           1
	   Memory (MB)          :        0        1     10112
...
005 (026.011.000) 08/22 21:21:49 Job terminated.
	(1) Normal termination (return value 1)
		Usr 0 08:46:29, Sys 0 00:00:00  -  Run Remote Usage
		Usr 0 00:00:00, Sys 0 00:00:00  -  Run Local Usage
		Usr 0 08:46:29, Sys 0 00:00:00  -  Total Remote Usage
		Usr 0 00:00:00, Sys 0 00:00:00  -  Total Local Usage
	0  -  Run Bytes Sent By Job
	0  -  Run Bytes Received By Job
	0  -  Total Bytes Sent By Job
	0  -  Total Bytes Received By Job
	Partitionable Resources :    Usage  Request Allocated
	   Cpus                 :                 1         4
	   Disk (KB)            :        1        1    170017
	   Gpus                 :                           1
	   Memory (MB)          :        0        1     10112
...
005 (026.010.000) 08/22 21:22:15 Job terminated.
	(1) Normal termination (return value 1)
		Usr 0 08:47:06, Sys 0 00:00:00  -  Run Remote Usage
		Usr 0 00:00:00, Sys 0 00:00:00  -  Run Local Usage
		Usr 0 08:47:06, Sys 0 00:00:00  -  Total Remote Usage
		Usr 0 00:00:00, Sys 0 00:00:00  -  Total Local Usage
	0  -  Run Bytes Sent By Job
	0  -  Run Bytes Received By Job
	0  -  Total Bytes Sent By Job
	0  -  Total Bytes Received By Job
	Partitionable Resources :    Usage  Request Allocated
	   Cpus                 :                 1         4
	   Disk (KB)            :        1        1    167800
	   Gpus                 :                           1
	   Memory (MB)          :        0        1     10112
...
005 (026.013.000) 08/22 21:27:37 Job terminated.
	(1) Normal termination (return value 1)
		Usr 0 08:52:23, Sys 0 00:00:00  -  Run Remote Usage
		Usr 0 00:00:00, Sys 0 00:00:00  -  Run Local Usage
		Usr 0 08:52:23, Sys 0 00:00:00  -  Total Remote Usage
		Usr 0 00:00:00, Sys 0 00:00:00  -  Total Local Usage
	0  -  Run Bytes Sent By Job
	0  -  Run Bytes Received By Job
	0  -  Total Bytes Sent By Job
	0  -  Total Bytes Received By Job
	Partitionable Resources :    Usage  Request Allocated
	   Cpus                 :                 1         4
	   Disk (KB)            :        1        1    170104
	   Gpus                 :                           1
	   Memory (MB)          :        0        1     10112
...
011 (026.007.000) 08/22 21:30:22 Job was unsuspended.
...
010 (026.007.000) 08/22 21:31:48 Job was suspended.
	Number of processes actually suspended: 2
...
005 (026.014.000) 08/22 21:35:08 Job terminated.
	(1) Normal termination (return value 1)
		Usr 0 08:59:48, Sys 0 00:00:00  -  Run Remote Usage
		Usr 0 00:00:00, Sys 0 00:00:00  -  Run Local Usage
		Usr 0 08:59:48, Sys 0 00:00:00  -  Total Remote Usage
		Usr 0 00:00:00, Sys 0 00:00:00  -  Total Local Usage
	0  -  Run Bytes Sent By Job
	0  -  Run Bytes Received By Job
	0  -  Total Bytes Sent By Job
	0  -  Total Bytes Received By Job
	Partitionable Resources :    Usage  Request Allocated
	   Cpus                 :                 1         4
	   Disk (KB)            :        1        1    170213
	   Gpus                 :                           1
	   Memory (MB)          :        0        1     10112
...
011 (026.007.000) 08/22 21:36:50 Job was unsuspended.
...
010 (026.007.000) 08/22 21:40:12 Job was suspended.
	Number of processes actually suspended: 2
...
011 (026.007.000) 08/22 21:51:25 Job was unsuspended.
...
010 (026.007.000) 08/22 21:52:21 Job was suspended.
	Number of processes actually suspended: 2
...
011 (026.007.000) 08/22 22:22:24 Job was unsuspended.
...
004 (026.007.000) 08/22 22:22:24 Job was evicted.
	(0) Job was not checkpointed.
		Usr 0 03:22:31, Sys 0 00:00:00  -  Run Remote Usage
		Usr 0 00:00:00, Sys 0 00:00:00  -  Run Local Usage
	0  -  Run Bytes Sent By Job
	0  -  Run Bytes Received By Job
	Partitionable Resources :    Usage  Request Allocated
	   Cpus                 :                 1         1
	   Disk (KB)            :        1        1    181765
	   Gpus                 :                           0
	   Memory (MB)          :        0        0         0
...
001 (026.007.000) 08/22 22:23:38 Job executing on host: <129.69.120.73:23989?addrs=129.69.120.73-23989>
...
005 (026.001.000) 08/22 22:47:30 Job terminated.
	(1) Normal termination (return value 1)
		Usr 0 10:12:06, Sys 0 00:00:01  -  Run Remote Usage
		Usr 0 00:00:00, Sys 0 00:00:00  -  Run Local Usage
		Usr 0 10:12:06, Sys 0 00:00:01  -  Total Remote Usage
		Usr 0 00:00:00, Sys 0 00:00:00  -  Total Local Usage
	0  -  Run Bytes Sent By Job
	0  -  Run Bytes Received By Job
	0  -  Total Bytes Sent By Job
	0  -  Total Bytes Received By Job
	Partitionable Resources :    Usage  Request Allocated
	   Cpus                 :                 1         1
	   Disk (KB)            :        1        1    184835
	   Gpus                 :                           0
	   Memory (MB)          :        0        1         1
...
005 (026.002.000) 08/22 23:04:20 Job terminated.
	(1) Normal termination (return value 1)
		Usr 0 10:28:59, Sys 0 00:00:00  -  Run Remote Usage
		Usr 0 00:00:00, Sys 0 00:00:00  -  Run Local Usage
		Usr 0 10:28:59, Sys 0 00:00:00  -  Total Remote Usage
		Usr 0 00:00:00, Sys 0 00:00:00  -  Total Local Usage
	0  -  Run Bytes Sent By Job
	0  -  Run Bytes Received By Job
	0  -  Total Bytes Sent By Job
	0  -  Total Bytes Received By Job
	Partitionable Resources :    Usage  Request Allocated
	   Cpus                 :                 1         1
	   Disk (KB)            :        1        1    170045
	   Gpus                 :                           0
	   Memory (MB)          :        0        1         1
...
005 (026.004.000) 08/22 23:21:43 Job terminated.
	(1) Normal termination (return value 1)
		Usr 0 10:46:26, Sys 0 00:00:00  -  Run Remote Usage
		Usr 0 00:00:00, Sys 0 00:00:00  -  Run Local Usage
		Usr 0 10:46:26, Sys 0 00:00:00  -  Total Remote Usage
		Usr 0 00:00:00, Sys 0 00:00:00  -  Total Local Usage
	0  -  Run Bytes Sent By Job
	0  -  Run Bytes Received By Job
	0  -  Total Bytes Sent By Job
	0  -  Total Bytes Received By Job
	Partitionable Resources :    Usage  Request Allocated
	   Cpus                 :                 1         1
	   Disk (KB)            :        1        1    183735
	   Gpus                 :                           0
	   Memory (MB)          :        0        1         1
...
005 (026.005.000) 08/22 23:33:59 Job terminated.
	(1) Normal termination (return value 1)
		Usr 0 10:58:45, Sys 0 00:00:01  -  Run Remote Usage
		Usr 0 00:00:00, Sys 0 00:00:00  -  Run Local Usage
		Usr 0 10:58:45, Sys 0 00:00:01  -  Total Remote Usage
		Usr 0 00:00:00, Sys 0 00:00:00  -  Total Local Usage
	0  -  Run Bytes Sent By Job
	0  -  Run Bytes Received By Job
	0  -  Total Bytes Sent By Job
	0  -  Total Bytes Received By Job
	Partitionable Resources :    Usage  Request Allocated
	   Cpus                 :                 1         1
	   Disk (KB)            :        1        1    182358
	   Gpus                 :                           0
	   Memory (MB)          :        0        1         1
...
005 (026.006.000) 08/22 23:38:08 Job terminated.
	(1) Normal termination (return value 1)
		Usr 0 11:03:00, Sys 0 00:00:00  -  Run Remote Usage
		Usr 0 00:00:00, Sys 0 00:00:00  -  Run Local Usage
		Usr 0 11:03:00, Sys 0 00:00:00  -  Total Remote Usage
		Usr 0 00:00:00, Sys 0 00:00:00  -  Total Local Usage
	0  -  Run Bytes Sent By Job
	0  -  Run Bytes Received By Job
	0  -  Total Bytes Sent By Job
	0  -  Total Bytes Received By Job
	Partitionable Resources :    Usage  Request Allocated
	   Cpus                 :                 1         1
	   Disk (KB)            :        1        1    183476
	   Gpus                 :                           0
	   Memory (MB)          :        0        1         1
...
005 (026.015.000) 08/23 00:22:59 Job terminated.
	(1) Normal termination (return value 1)
		Usr 0 11:47:47, Sys 0 00:00:00  -  Run Remote Usage
		Usr 0 00:00:00, Sys 0 00:00:00  -  Run Local Usage
		Usr 0 11:47:47, Sys 0 00:00:00  -  Total Remote Usage
		Usr 0 00:00:00, Sys 0 00:00:00  -  Total Local Usage
	0  -  Run Bytes Sent By Job
	0  -  Run Bytes Received By Job
	0  -  Total Bytes Sent By Job
	0  -  Total Bytes Received By Job
	Partitionable Resources :    Usage  Request Allocated
	   Cpus                 :                 1         1
	   Disk (KB)            :        1        1    184835
	   Gpus                 :                           0
	   Memory (MB)          :        0        1         1
...
005 (026.000.000) 08/23 00:31:01 Job terminated.
	(1) Normal termination (return value 1)
		Usr 0 09:53:46, Sys 0 00:00:00  -  Run Remote Usage
		Usr 0 00:00:00, Sys 0 00:00:00  -  Run Local Usage
		Usr 0 09:53:46, Sys 0 00:00:00  -  Total Remote Usage
		Usr 0 00:00:00, Sys 0 00:00:00  -  Total Local Usage
	0  -  Run Bytes Sent By Job
	0  -  Run Bytes Received By Job
	0  -  Total Bytes Sent By Job
	0  -  Total Bytes Received By Job
	Partitionable Resources :    Usage  Request Allocated
	   Cpus                 :                 1         1
	   Disk (KB)            :        1        1    183915
	   Gpus                 :                           0
	   Memory (MB)          :        0        1         1
...
005 (026.003.000) 08/23 01:34:34 Job terminated.
	(1) Normal termination (return value 1)
		Usr 0 10:42:11, Sys 0 00:00:00  -  Run Remote Usage
		Usr 0 00:00:00, Sys 0 00:00:00  -  Run Local Usage
		Usr 0 10:42:11, Sys 0 00:00:00  -  Total Remote Usage
		Usr 0 00:00:00, Sys 0 00:00:00  -  Total Local Usage
	0  -  Run Bytes Sent By Job
	0  -  Run Bytes Received By Job
	0  -  Total Bytes Sent By Job
	0  -  Total Bytes Received By Job
	Partitionable Resources :    Usage  Request Allocated
	   Cpus                 :                 1         1
	   Disk (KB)            :        1        1    170045
	   Gpus                 :                           0
	   Memory (MB)          :        0        0         0
...
005 (026.019.000) 08/23 02:44:00 Job terminated.
	(1) Normal termination (return value 1)
		Usr 0 12:06:37, Sys 0 00:00:00  -  Run Remote Usage
		Usr 0 00:00:00, Sys 0 00:00:00  -  Run Local Usage
		Usr 0 12:06:37, Sys 0 00:00:00  -  Total Remote Usage
		Usr 0 00:00:00, Sys 0 00:00:00  -  Total Local Usage
	0  -  Run Bytes Sent By Job
	0  -  Run Bytes Received By Job
	0  -  Total Bytes Sent By Job
	0  -  Total Bytes Received By Job
	Partitionable Resources :    Usage  Request Allocated
	   Cpus                 :                 1         1
	   Disk (KB)            :        1        1    183915
	   Gpus                 :                           0
	   Memory (MB)          :        0        1         1
...
005 (026.016.000) 08/23 02:48:53 Job terminated.
	(1) Normal termination (return value 1)
		Usr 0 11:56:34, Sys 0 00:00:00  -  Run Remote Usage
		Usr 0 00:00:00, Sys 0 00:00:00  -  Run Local Usage
		Usr 0 11:56:34, Sys 0 00:00:00  -  Total Remote Usage
		Usr 0 00:00:00, Sys 0 00:00:00  -  Total Local Usage
	0  -  Run Bytes Sent By Job
	0  -  Run Bytes Received By Job
	0  -  Total Bytes Sent By Job
	0  -  Total Bytes Received By Job
	Partitionable Resources :    Usage  Request Allocated
	   Cpus                 :                 1         1
	   Disk (KB)            :        1        1    183738
	   Gpus                 :                           0
	   Memory (MB)          :        0        0         0
...
005 (026.008.000) 08/23 04:31:36 Job terminated.
	(1) Normal termination (return value 1)
		Usr 0 11:16:54, Sys 0 00:00:00  -  Run Remote Usage
		Usr 0 00:00:00, Sys 0 00:00:00  -  Run Local Usage
		Usr 0 11:16:54, Sys 0 00:00:00  -  Total Remote Usage
		Usr 0 00:00:00, Sys 0 00:00:00  -  Total Local Usage
	0  -  Run Bytes Sent By Job
	0  -  Run Bytes Received By Job
	0  -  Total Bytes Sent By Job
	0  -  Total Bytes Received By Job
	Partitionable Resources :    Usage  Request Allocated
	   Cpus                 :                 1         1
	   Disk (KB)            :        1        1    182357
	   Gpus                 :                           0
	   Memory (MB)          :        0        0         0
...
005 (026.017.000) 08/23 05:20:34 Job terminated.
	(1) Normal termination (return value 1)
		Usr 0 12:05:55, Sys 0 00:00:00  -  Run Remote Usage
		Usr 0 00:00:00, Sys 0 00:00:00  -  Run Local Usage
		Usr 0 12:05:55, Sys 0 00:00:00  -  Total Remote Usage
		Usr 0 00:00:00, Sys 0 00:00:00  -  Total Local Usage
	0  -  Run Bytes Sent By Job
	0  -  Run Bytes Received By Job
	0  -  Total Bytes Sent By Job
	0  -  Total Bytes Received By Job
	Partitionable Resources :    Usage  Request Allocated
	   Cpus                 :                 1         1
	   Disk (KB)            :        1        1    183475
	   Gpus                 :                           0
	   Memory (MB)          :        0        0         0
...
005 (026.018.000) 08/23 07:20:30 Job terminated.
	(1) Normal termination (return value 1)
		Usr 0 11:33:51, Sys 0 00:00:00  -  Run Remote Usage
		Usr 0 00:00:00, Sys 0 00:00:00  -  Run Local Usage
		Usr 0 11:33:51, Sys 0 00:00:00  -  Total Remote Usage
		Usr 0 00:00:00, Sys 0 00:00:00  -  Total Local Usage
	0  -  Run Bytes Sent By Job
	0  -  Run Bytes Received By Job
	0  -  Total Bytes Sent By Job
	0  -  Total Bytes Received By Job
	Partitionable Resources :    Usage  Request Allocated
	   Cpus                 :                 1         1
	   Disk (KB)            :        1        1    166643
	   Gpus                 :                           0
	   Memory (MB)          :        0        0         0
...
005 (026.007.000) 08/23 09:01:28 Job terminated.
	(1) Normal termination (return value 1)
		Usr 0 10:37:44, Sys 0 00:00:01  -  Run Remote Usage
		Usr 0 00:00:00, Sys 0 00:00:00  -  Run Local Usage
		Usr 0 10:37:44, Sys 0 00:00:01  -  Total Remote Usage
		Usr 0 00:00:00, Sys 0 00:00:00  -  Total Local Usage
	0  -  Run Bytes Sent By Job
	0  -  Run Bytes Received By Job
	0  -  Total Bytes Sent By Job
	0  -  Total Bytes Received By Job
	Partitionable Resources :    Usage  Request Allocated
	   Cpus                 :                 1         1
	   Disk (KB)            :        1        1    166642
	   Gpus                 :                           0
	   Memory (MB)          :        0        0         0
...
