000 (027.000.000) 08/31 11:27:51 Job submitted from host: <129.69.120.173:63804?addrs=129.69.120.173-63804>
...
000 (027.001.000) 08/31 11:27:51 Job submitted from host: <129.69.120.173:63804?addrs=129.69.120.173-63804>
...
001 (027.000.000) 08/31 11:28:02 Job executing on host: <129.69.120.182:47983?addrs=129.69.120.182-47983>
...
001 (027.001.000) 08/31 11:28:02 Job executing on host: <129.69.120.183:17654?addrs=129.69.120.183-17654>
...
006 (027.000.000) 08/31 11:28:03 Image size of job updated: 1
	0  -  MemoryUsage of job (MB)
	0  -  ResidentSetSize of job (KB)
...
006 (027.001.000) 08/31 11:28:03 Image size of job updated: 1
	0  -  MemoryUsage of job (MB)
	0  -  ResidentSetSize of job (KB)
...
005 (027.000.000) 08/31 11:28:03 Job terminated.
	(1) Normal termination (return value 1)
		Usr 0 00:00:00, Sys 0 00:00:00  -  Run Remote Usage
		Usr 0 00:00:00, Sys 0 00:00:00  -  Run Local Usage
		Usr 0 00:00:00, Sys 0 00:00:00  -  Total Remote Usage
		Usr 0 00:00:00, Sys 0 00:00:00  -  Total Local Usage
	0  -  Run Bytes Sent By Job
	0  -  Run Bytes Received By Job
	0  -  Total Bytes Sent By Job
	0  -  Total Bytes Received By Job
	Partitionable Resources :    Usage  Request Allocated
	   Cpus                 :                 1         4
	   Disk (KB)            :        1        1    169334
	   Gpus                 :                 1         1
	   Memory (MB)          :        0        1       128
...
005 (027.001.000) 08/31 11:28:03 Job terminated.
	(1) Normal termination (return value 1)
		Usr 0 00:00:00, Sys 0 00:00:00  -  Run Remote Usage
		Usr 0 00:00:00, Sys 0 00:00:00  -  Run Local Usage
		Usr 0 00:00:00, Sys 0 00:00:00  -  Total Remote Usage
		Usr 0 00:00:00, Sys 0 00:00:00  -  Total Local Usage
	0  -  Run Bytes Sent By Job
	0  -  Run Bytes Received By Job
	0  -  Total Bytes Sent By Job
	0  -  Total Bytes Received By Job
	Partitionable Resources :    Usage  Request Allocated
	   Cpus                 :                 1         4
	   Disk (KB)            :        1        1    169163
	   Gpus                 :                 1         1
	   Memory (MB)          :        0        1       128
...
