000 (003.000.000) 08/15 14:26:27 Job submitted from host: <129.69.120.175:28695?addrs=129.69.120.175-28695>
...
000 (003.001.000) 08/15 14:26:27 Job submitted from host: <129.69.120.175:28695?addrs=129.69.120.175-28695>
...
000 (003.002.000) 08/15 14:26:27 Job submitted from host: <129.69.120.175:28695?addrs=129.69.120.175-28695>
...
000 (003.003.000) 08/15 14:26:27 Job submitted from host: <129.69.120.175:28695?addrs=129.69.120.175-28695>
...
000 (003.004.000) 08/15 14:26:27 Job submitted from host: <129.69.120.175:28695?addrs=129.69.120.175-28695>
...
000 (003.005.000) 08/15 14:26:27 Job submitted from host: <129.69.120.175:28695?addrs=129.69.120.175-28695>
...
000 (003.006.000) 08/15 14:26:27 Job submitted from host: <129.69.120.175:28695?addrs=129.69.120.175-28695>
...
000 (003.007.000) 08/15 14:26:27 Job submitted from host: <129.69.120.175:28695?addrs=129.69.120.175-28695>
...
000 (003.008.000) 08/15 14:26:27 Job submitted from host: <129.69.120.175:28695?addrs=129.69.120.175-28695>
...
000 (003.009.000) 08/15 14:26:27 Job submitted from host: <129.69.120.175:28695?addrs=129.69.120.175-28695>
...
009 (003.001.000) 08/15 14:26:37 Job was aborted by the user.
	via condor_rm (by user gcates)
...
001 (003.000.000) 08/15 14:26:42 Job executing on host: <129.69.120.56:7528?addrs=129.69.120.56-7528>
...
001 (003.003.000) 08/15 14:26:42 Job executing on host: <129.69.120.56:7528?addrs=129.69.120.56-7528>
...
001 (003.004.000) 08/15 14:26:42 Job executing on host: <129.69.120.56:7528?addrs=129.69.120.56-7528>
...
001 (003.005.000) 08/15 14:26:42 Job executing on host: <129.69.120.56:7528?addrs=129.69.120.56-7528>
...
001 (003.002.000) 08/15 14:26:42 Job executing on host: <129.69.120.191:45604?addrs=129.69.120.191-45604>
...
006 (003.000.000) 08/15 14:26:42 Image size of job updated: 1
	0  -  MemoryUsage of job (MB)
	0  -  ResidentSetSize of job (KB)
...
005 (003.000.000) 08/15 14:26:42 Job terminated.
	(1) Normal termination (return value 0)
		Usr 0 00:00:00, Sys 0 00:00:00  -  Run Remote Usage
		Usr 0 00:00:00, Sys 0 00:00:00  -  Run Local Usage
		Usr 0 00:00:00, Sys 0 00:00:00  -  Total Remote Usage
		Usr 0 00:00:00, Sys 0 00:00:00  -  Total Local Usage
	0  -  Run Bytes Sent By Job
	0  -  Run Bytes Received By Job
	0  -  Total Bytes Sent By Job
	0  -  Total Bytes Received By Job
	Partitionable Resources :    Usage  Request Allocated
	   Cpus                 :                 1         1
	   Disk (KB)            :        1        1    184402
	   Gpus                 :                           1
	   Memory (MB)          :        0        1         1
...
006 (003.003.000) 08/15 14:26:42 Image size of job updated: 1
	0  -  MemoryUsage of job (MB)
	0  -  ResidentSetSize of job (KB)
...
005 (003.003.000) 08/15 14:26:42 Job terminated.
	(1) Normal termination (return value 0)
		Usr 0 00:00:00, Sys 0 00:00:00  -  Run Remote Usage
		Usr 0 00:00:00, Sys 0 00:00:00  -  Run Local Usage
		Usr 0 00:00:00, Sys 0 00:00:00  -  Total Remote Usage
		Usr 0 00:00:00, Sys 0 00:00:00  -  Total Local Usage
	0  -  Run Bytes Sent By Job
	0  -  Run Bytes Received By Job
	0  -  Total Bytes Sent By Job
	0  -  Total Bytes Received By Job
	Partitionable Resources :    Usage  Request Allocated
	   Cpus                 :                 1         1
	   Disk (KB)            :        1        1    184402
	   Gpus                 :                           1
	   Memory (MB)          :        0        1         1
...
001 (003.006.000) 08/15 14:26:42 Job executing on host: <129.69.120.56:7528?addrs=129.69.120.56-7528>
...
006 (003.004.000) 08/15 14:26:42 Image size of job updated: 1
	0  -  MemoryUsage of job (MB)
	0  -  ResidentSetSize of job (KB)
...
005 (003.004.000) 08/15 14:26:42 Job terminated.
	(1) Normal termination (return value 0)
		Usr 0 00:00:00, Sys 0 00:00:00  -  Run Remote Usage
		Usr 0 00:00:00, Sys 0 00:00:00  -  Run Local Usage
		Usr 0 00:00:00, Sys 0 00:00:00  -  Total Remote Usage
		Usr 0 00:00:00, Sys 0 00:00:00  -  Total Local Usage
	0  -  Run Bytes Sent By Job
	0  -  Run Bytes Received By Job
	0  -  Total Bytes Sent By Job
	0  -  Total Bytes Received By Job
	Partitionable Resources :    Usage  Request Allocated
	   Cpus                 :                 1         1
	   Disk (KB)            :        1        1    184402
	   Gpus                 :                           1
	   Memory (MB)          :        0        1         1
...
001 (003.007.000) 08/15 14:26:42 Job executing on host: <129.69.120.56:7528?addrs=129.69.120.56-7528>
...
001 (003.009.000) 08/15 14:26:42 Job executing on host: <129.69.120.56:7528?addrs=129.69.120.56-7528>
...
006 (003.005.000) 08/15 14:26:42 Image size of job updated: 1
	0  -  MemoryUsage of job (MB)
	0  -  ResidentSetSize of job (KB)
...
005 (003.005.000) 08/15 14:26:42 Job terminated.
	(1) Normal termination (return value 0)
		Usr 0 00:00:00, Sys 0 00:00:00  -  Run Remote Usage
		Usr 0 00:00:00, Sys 0 00:00:00  -  Run Local Usage
		Usr 0 00:00:00, Sys 0 00:00:00  -  Total Remote Usage
		Usr 0 00:00:00, Sys 0 00:00:00  -  Total Local Usage
	0  -  Run Bytes Sent By Job
	0  -  Run Bytes Received By Job
	0  -  Total Bytes Sent By Job
	0  -  Total Bytes Received By Job
	Partitionable Resources :    Usage  Request Allocated
	   Cpus                 :                 1         1
	   Disk (KB)            :        1        1    184402
	   Gpus                 :                           1
	   Memory (MB)          :        0        1         1
...
006 (003.006.000) 08/15 14:26:42 Image size of job updated: 1
	0  -  MemoryUsage of job (MB)
	0  -  ResidentSetSize of job (KB)
...
005 (003.006.000) 08/15 14:26:42 Job terminated.
	(1) Normal termination (return value 0)
		Usr 0 00:00:00, Sys 0 00:00:00  -  Run Remote Usage
		Usr 0 00:00:00, Sys 0 00:00:00  -  Run Local Usage
		Usr 0 00:00:00, Sys 0 00:00:00  -  Total Remote Usage
		Usr 0 00:00:00, Sys 0 00:00:00  -  Total Local Usage
	0  -  Run Bytes Sent By Job
	0  -  Run Bytes Received By Job
	0  -  Total Bytes Sent By Job
	0  -  Total Bytes Received By Job
	Partitionable Resources :    Usage  Request Allocated
	   Cpus                 :                 1         1
	   Disk (KB)            :        1        1    184402
	   Gpus                 :                           1
	   Memory (MB)          :        0        1         1
...
006 (003.007.000) 08/15 14:26:42 Image size of job updated: 1
	0  -  MemoryUsage of job (MB)
	0  -  ResidentSetSize of job (KB)
...
005 (003.007.000) 08/15 14:26:42 Job terminated.
	(1) Normal termination (return value 0)
		Usr 0 00:00:00, Sys 0 00:00:00  -  Run Remote Usage
		Usr 0 00:00:00, Sys 0 00:00:00  -  Run Local Usage
		Usr 0 00:00:00, Sys 0 00:00:00  -  Total Remote Usage
		Usr 0 00:00:00, Sys 0 00:00:00  -  Total Local Usage
	0  -  Run Bytes Sent By Job
	0  -  Run Bytes Received By Job
	0  -  Total Bytes Sent By Job
	0  -  Total Bytes Received By Job
	Partitionable Resources :    Usage  Request Allocated
	   Cpus                 :                 1         1
	   Disk (KB)            :        1        1    184401
	   Gpus                 :                           1
	   Memory (MB)          :        0        1         1
...
006 (003.009.000) 08/15 14:26:42 Image size of job updated: 1
	0  -  MemoryUsage of job (MB)
	0  -  ResidentSetSize of job (KB)
...
005 (003.009.000) 08/15 14:26:42 Job terminated.
	(1) Normal termination (return value 0)
		Usr 0 00:00:00, Sys 0 00:00:00  -  Run Remote Usage
		Usr 0 00:00:00, Sys 0 00:00:00  -  Run Local Usage
		Usr 0 00:00:00, Sys 0 00:00:00  -  Total Remote Usage
		Usr 0 00:00:00, Sys 0 00:00:00  -  Total Local Usage
	0  -  Run Bytes Sent By Job
	0  -  Run Bytes Received By Job
	0  -  Total Bytes Sent By Job
	0  -  Total Bytes Received By Job
	Partitionable Resources :    Usage  Request Allocated
	   Cpus                 :                 1         1
	   Disk (KB)            :        1        1    184402
	   Gpus                 :                           1
	   Memory (MB)          :        0        1         1
...
001 (003.008.000) 08/15 14:26:43 Job executing on host: <129.69.120.56:7528?addrs=129.69.120.56-7528>
...
006 (003.008.000) 08/15 14:26:43 Image size of job updated: 1
	0  -  MemoryUsage of job (MB)
	0  -  ResidentSetSize of job (KB)
...
005 (003.008.000) 08/15 14:26:43 Job terminated.
	(1) Normal termination (return value 0)
		Usr 0 00:00:00, Sys 0 00:00:00  -  Run Remote Usage
		Usr 0 00:00:00, Sys 0 00:00:00  -  Run Local Usage
		Usr 0 00:00:00, Sys 0 00:00:00  -  Total Remote Usage
		Usr 0 00:00:00, Sys 0 00:00:00  -  Total Local Usage
	0  -  Run Bytes Sent By Job
	0  -  Run Bytes Received By Job
	0  -  Total Bytes Sent By Job
	0  -  Total Bytes Received By Job
	Partitionable Resources :    Usage  Request Allocated
	   Cpus                 :                 1         1
	   Disk (KB)            :        1        1    184402
	   Gpus                 :                           1
	   Memory (MB)          :        0        1         1
...
006 (003.002.000) 08/15 14:26:50 Image size of job updated: 9144880
	0  -  MemoryUsage of job (MB)
	0  -  ResidentSetSize of job (KB)
...
006 (003.002.000) 08/15 14:31:50 Image size of job updated: 9146836
	0  -  MemoryUsage of job (MB)
	0  -  ResidentSetSize of job (KB)
...
006 (003.002.000) 08/15 14:36:51 Image size of job updated: 9149140
	0  -  MemoryUsage of job (MB)
	0  -  ResidentSetSize of job (KB)
...
004 (003.002.000) 08/15 17:49:16 Job was evicted.
	(0) Job was not checkpointed.
		Usr 0 03:22:33, Sys 0 00:00:00  -  Run Remote Usage
		Usr 0 00:00:00, Sys 0 00:00:00  -  Run Local Usage
	0  -  Run Bytes Sent By Job
	0  -  Run Bytes Received By Job
	Partitionable Resources :    Usage  Request Allocated
	   Cpus                 :                 1         1
	   Disk (KB)            :        1        1    170685
	   Gpus                 :                           1
	   Memory (MB)          :        0        1      4096
...
001 (003.002.000) 08/15 17:51:17 Job executing on host: <129.69.120.56:7528?addrs=129.69.120.56-7528>
...
005 (003.002.000) 08/15 17:51:18 Job terminated.
	(1) Normal termination (return value 0)
		Usr 0 00:00:00, Sys 0 00:00:00  -  Run Remote Usage
		Usr 0 00:00:00, Sys 0 00:00:00  -  Run Local Usage
		Usr 0 00:00:00, Sys 0 00:00:00  -  Total Remote Usage
		Usr 0 00:00:00, Sys 0 00:00:00  -  Total Local Usage
	0  -  Run Bytes Sent By Job
	0  -  Run Bytes Received By Job
	0  -  Total Bytes Sent By Job
	0  -  Total Bytes Received By Job
	Partitionable Resources :    Usage  Request Allocated
	   Cpus                 :                 1         1
	   Disk (KB)            :        1        1    184386
	   Gpus                 :                           0
	   Memory (MB)          :        0        0         0
...
