000 (058.000.000) 08/15 10:44:23 Job submitted from host: <129.69.120.36:13789?addrs=129.69.120.36-13789>
...
001 (058.000.000) 08/15 10:44:34 Job executing on host: <129.69.120.42:36537?addrs=129.69.120.42-36537>
...
006 (058.000.000) 08/15 10:44:36 Image size of job updated: 378664
	0  -  MemoryUsage of job (MB)
	0  -  ResidentSetSize of job (KB)
...
004 (058.000.000) 08/15 10:44:36 Job was evicted.
	(0) Job was not checkpointed.
		Usr 0 00:00:01, Sys 0 00:00:00  -  Run Remote Usage
		Usr 0 00:00:00, Sys 0 00:00:00  -  Run Local Usage
	0  -  Run Bytes Sent By Job
	0  -  Run Bytes Received By Job
	Partitionable Resources :    Usage  Request Allocated
	   Cpus                 :                 1         1
	   Disk (KB)            :        1        1    184165
	   Gpus                 :                           0
	   Memory (MB)          :        0        1         1
...
009 (058.000.000) 08/15 10:44:36 Job was aborted by the user.
	via condor_rm (by user gcates)
...
