000 (064.000.000) 08/15 10:56:29 Job submitted from host: <129.69.120.36:13789?addrs=129.69.120.36-13789>
...
000 (064.001.000) 08/15 10:56:29 Job submitted from host: <129.69.120.36:13789?addrs=129.69.120.36-13789>
...
000 (064.002.000) 08/15 10:56:29 Job submitted from host: <129.69.120.36:13789?addrs=129.69.120.36-13789>
...
000 (064.003.000) 08/15 10:56:29 Job submitted from host: <129.69.120.36:13789?addrs=129.69.120.36-13789>
...
000 (064.004.000) 08/15 10:56:29 Job submitted from host: <129.69.120.36:13789?addrs=129.69.120.36-13789>
...
000 (064.005.000) 08/15 10:56:29 Job submitted from host: <129.69.120.36:13789?addrs=129.69.120.36-13789>
...
000 (064.006.000) 08/15 10:56:29 Job submitted from host: <129.69.120.36:13789?addrs=129.69.120.36-13789>
...
000 (064.007.000) 08/15 10:56:29 Job submitted from host: <129.69.120.36:13789?addrs=129.69.120.36-13789>
...
000 (064.008.000) 08/15 10:56:29 Job submitted from host: <129.69.120.36:13789?addrs=129.69.120.36-13789>
...
000 (064.009.000) 08/15 10:56:29 Job submitted from host: <129.69.120.36:13789?addrs=129.69.120.36-13789>
...
001 (064.001.000) 08/15 10:56:35 Job executing on host: <129.69.120.93:55829?addrs=129.69.120.93-55829>
...
001 (064.003.000) 08/15 10:56:35 Job executing on host: <129.69.120.45:14957?addrs=129.69.120.45-14957>
...
001 (064.002.000) 08/15 10:56:35 Job executing on host: <129.69.120.103:52392?addrs=129.69.120.103-52392>
...
001 (064.000.000) 08/15 10:56:35 Job executing on host: <129.69.120.42:36537?addrs=129.69.120.42-36537>
...
001 (064.007.000) 08/15 10:56:35 Job executing on host: <129.69.120.56:7528?addrs=129.69.120.56-7528>
...
001 (064.004.000) 08/15 10:56:35 Job executing on host: <129.69.120.73:17648?addrs=129.69.120.73-17648>
...
001 (064.006.000) 08/15 10:56:35 Job executing on host: <129.69.120.53:18215?addrs=129.69.120.53-18215>
...
001 (064.005.000) 08/15 10:56:35 Job executing on host: <129.69.120.57:4573?addrs=129.69.120.57-4573>
...
001 (064.008.000) 08/15 10:56:35 Job executing on host: <129.69.120.93:55829?addrs=129.69.120.93-55829>
...
001 (064.009.000) 08/15 10:56:35 Job executing on host: <129.69.120.42:36537?addrs=129.69.120.42-36537>
...
006 (064.007.000) 08/15 10:56:36 Image size of job updated: 1
	0  -  MemoryUsage of job (MB)
	0  -  ResidentSetSize of job (KB)
...
005 (064.007.000) 08/15 10:56:36 Job terminated.
	(1) Normal termination (return value 0)
		Usr 0 00:00:00, Sys 0 00:00:00  -  Run Remote Usage
		Usr 0 00:00:00, Sys 0 00:00:00  -  Run Local Usage
		Usr 0 00:00:00, Sys 0 00:00:00  -  Total Remote Usage
		Usr 0 00:00:00, Sys 0 00:00:00  -  Total Local Usage
	0  -  Run Bytes Sent By Job
	0  -  Run Bytes Received By Job
	0  -  Total Bytes Sent By Job
	0  -  Total Bytes Received By Job
	Partitionable Resources :    Usage  Request Allocated
	   Cpus                 :                 1         1
	   Disk (KB)            :        1        1    184410
	   Gpus                 :                           1
	   Memory (MB)          :        0        1         1
...
006 (064.001.000) 08/15 10:56:44 Image size of job updated: 379056
	0  -  MemoryUsage of job (MB)
	0  -  ResidentSetSize of job (KB)
...
006 (064.000.000) 08/15 10:56:44 Image size of job updated: 379448
	0  -  MemoryUsage of job (MB)
	0  -  ResidentSetSize of job (KB)
...
006 (064.002.000) 08/15 10:56:44 Image size of job updated: 378664
	0  -  MemoryUsage of job (MB)
	0  -  ResidentSetSize of job (KB)
...
006 (064.003.000) 08/15 10:56:44 Image size of job updated: 378664
	0  -  MemoryUsage of job (MB)
	0  -  ResidentSetSize of job (KB)
...
006 (064.004.000) 08/15 10:56:44 Image size of job updated: 378668
	0  -  MemoryUsage of job (MB)
	0  -  ResidentSetSize of job (KB)
...
006 (064.008.000) 08/15 10:56:44 Image size of job updated: 378668
	0  -  MemoryUsage of job (MB)
	0  -  ResidentSetSize of job (KB)
...
006 (064.009.000) 08/15 10:56:44 Image size of job updated: 378664
	0  -  MemoryUsage of job (MB)
	0  -  ResidentSetSize of job (KB)
...
006 (064.006.000) 08/15 10:56:44 Image size of job updated: 378664
	0  -  MemoryUsage of job (MB)
	0  -  ResidentSetSize of job (KB)
...
006 (064.005.000) 08/15 10:56:44 Image size of job updated: 378668
	0  -  MemoryUsage of job (MB)
	0  -  ResidentSetSize of job (KB)
...
006 (064.009.000) 08/15 10:57:43 Image size of job updated: 380228
	0  -  MemoryUsage of job (MB)
	0  -  ResidentSetSize of job (KB)
...
004 (064.009.000) 08/15 10:57:43 Job was evicted.
	(0) Job was not checkpointed.
		Usr 0 00:01:07, Sys 0 00:00:00  -  Run Remote Usage
		Usr 0 00:00:00, Sys 0 00:00:00  -  Run Local Usage
	0  -  Run Bytes Sent By Job
	0  -  Run Bytes Received By Job
	Partitionable Resources :    Usage  Request Allocated
	   Cpus                 :                 1         1
	   Disk (KB)            :        1        1    184165
	   Gpus                 :                           0
	   Memory (MB)          :        0        1         1
...
006 (064.008.000) 08/15 10:57:43 Image size of job updated: 380228
	0  -  MemoryUsage of job (MB)
	0  -  ResidentSetSize of job (KB)
...
006 (064.001.000) 08/15 10:57:43 Image size of job updated: 381400
	0  -  MemoryUsage of job (MB)
	0  -  ResidentSetSize of job (KB)
...
004 (064.008.000) 08/15 10:57:43 Job was evicted.
	(0) Job was not checkpointed.
		Usr 0 00:01:07, Sys 0 00:00:00  -  Run Remote Usage
		Usr 0 00:00:00, Sys 0 00:00:00  -  Run Local Usage
	0  -  Run Bytes Sent By Job
	0  -  Run Bytes Received By Job
	Partitionable Resources :    Usage  Request Allocated
	   Cpus                 :                 1         1
	   Disk (KB)            :        1        1    184038
	   Gpus                 :                           0
	   Memory (MB)          :        0        1         1
...
004 (064.001.000) 08/15 10:57:43 Job was evicted.
	(0) Job was not checkpointed.
		Usr 0 00:01:07, Sys 0 00:00:00  -  Run Remote Usage
		Usr 0 00:00:00, Sys 0 00:00:00  -  Run Local Usage
	0  -  Run Bytes Sent By Job
	0  -  Run Bytes Received By Job
	Partitionable Resources :    Usage  Request Allocated
	   Cpus                 :                 1         1
	   Disk (KB)            :        1        1    184038
	   Gpus                 :                           0
	   Memory (MB)          :        0        1         1
...
006 (064.005.000) 08/15 10:57:43 Image size of job updated: 380620
	0  -  MemoryUsage of job (MB)
	0  -  ResidentSetSize of job (KB)
...
004 (064.005.000) 08/15 10:57:43 Job was evicted.
	(0) Job was not checkpointed.
		Usr 0 00:01:07, Sys 0 00:00:00  -  Run Remote Usage
		Usr 0 00:00:00, Sys 0 00:00:00  -  Run Local Usage
	0  -  Run Bytes Sent By Job
	0  -  Run Bytes Received By Job
	Partitionable Resources :    Usage  Request Allocated
	   Cpus                 :                 1         1
	   Disk (KB)            :        1        1    170046
	   Gpus                 :                           0
	   Memory (MB)          :        0        1         1
...
006 (064.000.000) 08/15 10:57:43 Image size of job updated: 382428
	0  -  MemoryUsage of job (MB)
	0  -  ResidentSetSize of job (KB)
...
004 (064.000.000) 08/15 10:57:43 Job was evicted.
	(0) Job was not checkpointed.
		Usr 0 00:01:07, Sys 0 00:00:00  -  Run Remote Usage
		Usr 0 00:00:00, Sys 0 00:00:00  -  Run Local Usage
	0  -  Run Bytes Sent By Job
	0  -  Run Bytes Received By Job
	Partitionable Resources :    Usage  Request Allocated
	   Cpus                 :                 1         1
	   Disk (KB)            :        1        1    184165
	   Gpus                 :                           0
	   Memory (MB)          :        0        1         1
...
006 (064.004.000) 08/15 10:57:43 Image size of job updated: 380620
	0  -  MemoryUsage of job (MB)
	0  -  ResidentSetSize of job (KB)
...
004 (064.004.000) 08/15 10:57:43 Job was evicted.
	(0) Job was not checkpointed.
		Usr 0 00:01:07, Sys 0 00:00:00  -  Run Remote Usage
		Usr 0 00:00:00, Sys 0 00:00:00  -  Run Local Usage
	0  -  Run Bytes Sent By Job
	0  -  Run Bytes Received By Job
	Partitionable Resources :    Usage  Request Allocated
	   Cpus                 :                 1         1
	   Disk (KB)            :        1        1    169321
	   Gpus                 :                           0
	   Memory (MB)          :        0        1         1
...
006 (064.003.000) 08/15 10:57:43 Image size of job updated: 381008
	0  -  MemoryUsage of job (MB)
	0  -  ResidentSetSize of job (KB)
...
004 (064.003.000) 08/15 10:57:43 Job was evicted.
	(0) Job was not checkpointed.
		Usr 0 00:01:07, Sys 0 00:00:00  -  Run Remote Usage
		Usr 0 00:00:00, Sys 0 00:00:00  -  Run Local Usage
	0  -  Run Bytes Sent By Job
	0  -  Run Bytes Received By Job
	Partitionable Resources :    Usage  Request Allocated
	   Cpus                 :                 1         1
	   Disk (KB)            :        1        1    185012
	   Gpus                 :                           0
	   Memory (MB)          :        0        1         1
...
006 (064.002.000) 08/15 10:57:43 Image size of job updated: 381008
	0  -  MemoryUsage of job (MB)
	0  -  ResidentSetSize of job (KB)
...
004 (064.002.000) 08/15 10:57:43 Job was evicted.
	(0) Job was not checkpointed.
		Usr 0 00:01:07, Sys 0 00:00:00  -  Run Remote Usage
		Usr 0 00:00:00, Sys 0 00:00:00  -  Run Local Usage
	0  -  Run Bytes Sent By Job
	0  -  Run Bytes Received By Job
	Partitionable Resources :    Usage  Request Allocated
	   Cpus                 :                 1         1
	   Disk (KB)            :        1        1    182629
	   Gpus                 :                           0
	   Memory (MB)          :        0        1         1
...
006 (064.006.000) 08/15 10:57:43 Image size of job updated: 380620
	0  -  MemoryUsage of job (MB)
	0  -  ResidentSetSize of job (KB)
...
004 (064.006.000) 08/15 10:57:43 Job was evicted.
	(0) Job was not checkpointed.
		Usr 0 00:01:07, Sys 0 00:00:00  -  Run Remote Usage
		Usr 0 00:00:00, Sys 0 00:00:00  -  Run Local Usage
	0  -  Run Bytes Sent By Job
	0  -  Run Bytes Received By Job
	Partitionable Resources :    Usage  Request Allocated
	   Cpus                 :                 1         1
	   Disk (KB)            :        1        1    183555
	   Gpus                 :                           0
	   Memory (MB)          :        0        1         1
...
009 (064.001.000) 08/15 10:57:43 Job was aborted by the user.
	via condor_rm (by user gcates)
...
009 (064.000.000) 08/15 10:57:43 Job was aborted by the user.
	via condor_rm (by user gcates)
...
009 (064.003.000) 08/15 10:57:43 Job was aborted by the user.
	via condor_rm (by user gcates)
...
009 (064.004.000) 08/15 10:57:43 Job was aborted by the user.
	via condor_rm (by user gcates)
...
009 (064.005.000) 08/15 10:57:43 Job was aborted by the user.
	via condor_rm (by user gcates)
...
009 (064.008.000) 08/15 10:57:43 Job was aborted by the user.
	via condor_rm (by user gcates)
...
009 (064.009.000) 08/15 10:57:43 Job was aborted by the user.
	via condor_rm (by user gcates)
...
009 (064.002.000) 08/15 10:57:43 Job was aborted by the user.
	via condor_rm (by user gcates)
...
009 (064.006.000) 08/15 10:57:43 Job was aborted by the user.
	via condor_rm (by user gcates)
...
