000 (065.000.000) 08/15 10:57:01 Job submitted from host: <129.69.120.36:13789?addrs=129.69.120.36-13789>
...
000 (065.001.000) 08/15 10:57:01 Job submitted from host: <129.69.120.36:13789?addrs=129.69.120.36-13789>
...
000 (065.002.000) 08/15 10:57:01 Job submitted from host: <129.69.120.36:13789?addrs=129.69.120.36-13789>
...
000 (065.003.000) 08/15 10:57:01 Job submitted from host: <129.69.120.36:13789?addrs=129.69.120.36-13789>
...
000 (065.004.000) 08/15 10:57:01 Job submitted from host: <129.69.120.36:13789?addrs=129.69.120.36-13789>
...
000 (065.005.000) 08/15 10:57:01 Job submitted from host: <129.69.120.36:13789?addrs=129.69.120.36-13789>
...
000 (065.006.000) 08/15 10:57:01 Job submitted from host: <129.69.120.36:13789?addrs=129.69.120.36-13789>
...
000 (065.007.000) 08/15 10:57:01 Job submitted from host: <129.69.120.36:13789?addrs=129.69.120.36-13789>
...
000 (065.008.000) 08/15 10:57:01 Job submitted from host: <129.69.120.36:13789?addrs=129.69.120.36-13789>
...
000 (065.009.000) 08/15 10:57:01 Job submitted from host: <129.69.120.36:13789?addrs=129.69.120.36-13789>
...
001 (065.005.000) 08/15 10:57:08 Job executing on host: <129.69.120.56:7528?addrs=129.69.120.56-7528>
...
001 (065.000.000) 08/15 10:57:08 Job executing on host: <129.69.120.103:52392?addrs=129.69.120.103-52392>
...
001 (065.002.000) 08/15 10:57:08 Job executing on host: <129.69.120.73:17648?addrs=129.69.120.73-17648>
...
001 (065.001.000) 08/15 10:57:08 Job executing on host: <129.69.120.45:14957?addrs=129.69.120.45-14957>
...
001 (065.003.000) 08/15 10:57:08 Job executing on host: <129.69.120.57:4573?addrs=129.69.120.57-4573>
...
001 (065.004.000) 08/15 10:57:08 Job executing on host: <129.69.120.53:18215?addrs=129.69.120.53-18215>
...
001 (065.006.000) 08/15 10:57:08 Job executing on host: <129.69.120.56:7528?addrs=129.69.120.56-7528>
...
001 (065.007.000) 08/15 10:57:08 Job executing on host: <129.69.120.56:7528?addrs=129.69.120.56-7528>
...
001 (065.008.000) 08/15 10:57:08 Job executing on host: <129.69.120.56:7528?addrs=129.69.120.56-7528>
...
006 (065.005.000) 08/15 10:57:08 Image size of job updated: 1
	0  -  MemoryUsage of job (MB)
	0  -  ResidentSetSize of job (KB)
...
005 (065.005.000) 08/15 10:57:08 Job terminated.
	(1) Normal termination (return value 0)
		Usr 0 00:00:00, Sys 0 00:00:00  -  Run Remote Usage
		Usr 0 00:00:00, Sys 0 00:00:00  -  Run Local Usage
		Usr 0 00:00:00, Sys 0 00:00:00  -  Total Remote Usage
		Usr 0 00:00:00, Sys 0 00:00:00  -  Total Local Usage
	0  -  Run Bytes Sent By Job
	0  -  Run Bytes Received By Job
	0  -  Total Bytes Sent By Job
	0  -  Total Bytes Received By Job
	Partitionable Resources :    Usage  Request Allocated
	   Cpus                 :                 1         1
	   Disk (KB)            :        1        1    184410
	   Gpus                 :                           1
	   Memory (MB)          :        0        1         1
...
001 (065.009.000) 08/15 10:57:08 Job executing on host: <129.69.120.56:7528?addrs=129.69.120.56-7528>
...
006 (065.006.000) 08/15 10:57:08 Image size of job updated: 1
	0  -  MemoryUsage of job (MB)
	0  -  ResidentSetSize of job (KB)
...
005 (065.006.000) 08/15 10:57:08 Job terminated.
	(1) Normal termination (return value 0)
		Usr 0 00:00:00, Sys 0 00:00:00  -  Run Remote Usage
		Usr 0 00:00:00, Sys 0 00:00:00  -  Run Local Usage
		Usr 0 00:00:00, Sys 0 00:00:00  -  Total Remote Usage
		Usr 0 00:00:00, Sys 0 00:00:00  -  Total Local Usage
	0  -  Run Bytes Sent By Job
	0  -  Run Bytes Received By Job
	0  -  Total Bytes Sent By Job
	0  -  Total Bytes Received By Job
	Partitionable Resources :    Usage  Request Allocated
	   Cpus                 :                 1         1
	   Disk (KB)            :        1        1    184410
	   Gpus                 :                           1
	   Memory (MB)          :        0        1         1
...
006 (065.007.000) 08/15 10:57:08 Image size of job updated: 1
	0  -  MemoryUsage of job (MB)
	0  -  ResidentSetSize of job (KB)
...
005 (065.007.000) 08/15 10:57:08 Job terminated.
	(1) Normal termination (return value 0)
		Usr 0 00:00:00, Sys 0 00:00:00  -  Run Remote Usage
		Usr 0 00:00:00, Sys 0 00:00:00  -  Run Local Usage
		Usr 0 00:00:00, Sys 0 00:00:00  -  Total Remote Usage
		Usr 0 00:00:00, Sys 0 00:00:00  -  Total Local Usage
	0  -  Run Bytes Sent By Job
	0  -  Run Bytes Received By Job
	0  -  Total Bytes Sent By Job
	0  -  Total Bytes Received By Job
	Partitionable Resources :    Usage  Request Allocated
	   Cpus                 :                 1         1
	   Disk (KB)            :        1        1    184410
	   Gpus                 :                           1
	   Memory (MB)          :        0        1         1
...
006 (065.008.000) 08/15 10:57:08 Image size of job updated: 1
	0  -  MemoryUsage of job (MB)
	0  -  ResidentSetSize of job (KB)
...
005 (065.008.000) 08/15 10:57:08 Job terminated.
	(1) Normal termination (return value 0)
		Usr 0 00:00:00, Sys 0 00:00:00  -  Run Remote Usage
		Usr 0 00:00:00, Sys 0 00:00:00  -  Run Local Usage
		Usr 0 00:00:00, Sys 0 00:00:00  -  Total Remote Usage
		Usr 0 00:00:00, Sys 0 00:00:00  -  Total Local Usage
	0  -  Run Bytes Sent By Job
	0  -  Run Bytes Received By Job
	0  -  Total Bytes Sent By Job
	0  -  Total Bytes Received By Job
	Partitionable Resources :    Usage  Request Allocated
	   Cpus                 :                 1         1
	   Disk (KB)            :        1        1    184410
	   Gpus                 :                           1
	   Memory (MB)          :        0        1         1
...
006 (065.009.000) 08/15 10:57:08 Image size of job updated: 1
	0  -  MemoryUsage of job (MB)
	0  -  ResidentSetSize of job (KB)
...
005 (065.009.000) 08/15 10:57:08 Job terminated.
	(1) Normal termination (return value 0)
		Usr 0 00:00:00, Sys 0 00:00:00  -  Run Remote Usage
		Usr 0 00:00:00, Sys 0 00:00:00  -  Run Local Usage
		Usr 0 00:00:00, Sys 0 00:00:00  -  Total Remote Usage
		Usr 0 00:00:00, Sys 0 00:00:00  -  Total Local Usage
	0  -  Run Bytes Sent By Job
	0  -  Run Bytes Received By Job
	0  -  Total Bytes Sent By Job
	0  -  Total Bytes Received By Job
	Partitionable Resources :    Usage  Request Allocated
	   Cpus                 :                 1         1
	   Disk (KB)            :        1        1    184409
	   Gpus                 :                           1
	   Memory (MB)          :        0        1         1
...
006 (065.000.000) 08/15 10:57:11 Image size of job updated: 378664
	0  -  MemoryUsage of job (MB)
	0  -  ResidentSetSize of job (KB)
...
004 (065.000.000) 08/15 10:57:11 Job was evicted.
	(0) Job was not checkpointed.
		Usr 0 00:00:02, Sys 0 00:00:00  -  Run Remote Usage
		Usr 0 00:00:00, Sys 0 00:00:00  -  Run Local Usage
	0  -  Run Bytes Sent By Job
	0  -  Run Bytes Received By Job
	Partitionable Resources :    Usage  Request Allocated
	   Cpus                 :                 1         1
	   Disk (KB)            :        1        1    182629
	   Gpus                 :                           0
	   Memory (MB)          :        0        1         1
...
006 (065.004.000) 08/15 10:57:11 Image size of job updated: 378664
	0  -  MemoryUsage of job (MB)
	0  -  ResidentSetSize of job (KB)
...
004 (065.004.000) 08/15 10:57:11 Job was evicted.
	(0) Job was not checkpointed.
		Usr 0 00:00:02, Sys 0 00:00:00  -  Run Remote Usage
		Usr 0 00:00:00, Sys 0 00:00:00  -  Run Local Usage
	0  -  Run Bytes Sent By Job
	0  -  Run Bytes Received By Job
	Partitionable Resources :    Usage  Request Allocated
	   Cpus                 :                 1         1
	   Disk (KB)            :        1        1    183555
	   Gpus                 :                           0
	   Memory (MB)          :        0        1         1
...
006 (065.003.000) 08/15 10:57:11 Image size of job updated: 378668
	0  -  MemoryUsage of job (MB)
	0  -  ResidentSetSize of job (KB)
...
004 (065.003.000) 08/15 10:57:11 Job was evicted.
	(0) Job was not checkpointed.
		Usr 0 00:00:02, Sys 0 00:00:00  -  Run Remote Usage
		Usr 0 00:00:00, Sys 0 00:00:00  -  Run Local Usage
	0  -  Run Bytes Sent By Job
	0  -  Run Bytes Received By Job
	Partitionable Resources :    Usage  Request Allocated
	   Cpus                 :                 1         1
	   Disk (KB)            :        1        1    170045
	   Gpus                 :                           0
	   Memory (MB)          :        0        1         1
...
006 (065.002.000) 08/15 10:57:11 Image size of job updated: 378668
	0  -  MemoryUsage of job (MB)
	0  -  ResidentSetSize of job (KB)
...
004 (065.002.000) 08/15 10:57:11 Job was evicted.
	(0) Job was not checkpointed.
		Usr 0 00:00:02, Sys 0 00:00:00  -  Run Remote Usage
		Usr 0 00:00:00, Sys 0 00:00:00  -  Run Local Usage
	0  -  Run Bytes Sent By Job
	0  -  Run Bytes Received By Job
	Partitionable Resources :    Usage  Request Allocated
	   Cpus                 :                 1         1
	   Disk (KB)            :        1        1    169321
	   Gpus                 :                           0
	   Memory (MB)          :        0        1         1
...
006 (065.001.000) 08/15 10:57:11 Image size of job updated: 378664
	0  -  MemoryUsage of job (MB)
	0  -  ResidentSetSize of job (KB)
...
004 (065.001.000) 08/15 10:57:11 Job was evicted.
	(0) Job was not checkpointed.
		Usr 0 00:00:02, Sys 0 00:00:00  -  Run Remote Usage
		Usr 0 00:00:00, Sys 0 00:00:00  -  Run Local Usage
	0  -  Run Bytes Sent By Job
	0  -  Run Bytes Received By Job
	Partitionable Resources :    Usage  Request Allocated
	   Cpus                 :                 1         1
	   Disk (KB)            :        1        1    185012
	   Gpus                 :                           0
	   Memory (MB)          :        0        1         1
...
009 (065.000.000) 08/15 10:57:11 Job was aborted by the user.
	via condor_rm (by user gcates)
...
009 (065.002.000) 08/15 10:57:11 Job was aborted by the user.
	via condor_rm (by user gcates)
...
009 (065.003.000) 08/15 10:57:11 Job was aborted by the user.
	via condor_rm (by user gcates)
...
009 (065.004.000) 08/15 10:57:11 Job was aborted by the user.
	via condor_rm (by user gcates)
...
009 (065.001.000) 08/15 10:57:11 Job was aborted by the user.
	via condor_rm (by user gcates)
...
