000 (066.000.000) 08/15 10:57:59 Job submitted from host: <129.69.120.36:13789?addrs=129.69.120.36-13789>
...
000 (066.001.000) 08/15 10:57:59 Job submitted from host: <129.69.120.36:13789?addrs=129.69.120.36-13789>
...
000 (066.002.000) 08/15 10:57:59 Job submitted from host: <129.69.120.36:13789?addrs=129.69.120.36-13789>
...
000 (066.003.000) 08/15 10:57:59 Job submitted from host: <129.69.120.36:13789?addrs=129.69.120.36-13789>
...
000 (066.004.000) 08/15 10:57:59 Job submitted from host: <129.69.120.36:13789?addrs=129.69.120.36-13789>
...
000 (066.005.000) 08/15 10:57:59 Job submitted from host: <129.69.120.36:13789?addrs=129.69.120.36-13789>
...
000 (066.006.000) 08/15 10:57:59 Job submitted from host: <129.69.120.36:13789?addrs=129.69.120.36-13789>
...
000 (066.007.000) 08/15 10:57:59 Job submitted from host: <129.69.120.36:13789?addrs=129.69.120.36-13789>
...
000 (066.008.000) 08/15 10:57:59 Job submitted from host: <129.69.120.36:13789?addrs=129.69.120.36-13789>
...
000 (066.009.000) 08/15 10:57:59 Job submitted from host: <129.69.120.36:13789?addrs=129.69.120.36-13789>
...
001 (066.001.000) 08/15 10:58:05 Job executing on host: <129.69.120.103:52392?addrs=129.69.120.103-52392>
...
001 (066.003.000) 08/15 10:58:05 Job executing on host: <129.69.120.73:17648?addrs=129.69.120.73-17648>
...
001 (066.002.000) 08/15 10:58:05 Job executing on host: <129.69.120.45:14957?addrs=129.69.120.45-14957>
...
001 (066.000.000) 08/15 10:58:05 Job executing on host: <129.69.120.93:55829?addrs=129.69.120.93-55829>
...
001 (066.006.000) 08/15 10:58:05 Job executing on host: <129.69.120.56:7528?addrs=129.69.120.56-7528>
...
001 (066.004.000) 08/15 10:58:05 Job executing on host: <129.69.120.57:4573?addrs=129.69.120.57-4573>
...
001 (066.005.000) 08/15 10:58:05 Job executing on host: <129.69.120.53:18215?addrs=129.69.120.53-18215>
...
001 (066.007.000) 08/15 10:58:05 Job executing on host: <129.69.120.103:52392?addrs=129.69.120.103-52392>
...
001 (066.008.000) 08/15 10:58:05 Job executing on host: <129.69.120.93:55829?addrs=129.69.120.93-55829>
...
001 (066.009.000) 08/15 10:58:05 Job executing on host: <129.69.120.45:14957?addrs=129.69.120.45-14957>
...
006 (066.006.000) 08/15 10:58:05 Image size of job updated: 1
	0  -  MemoryUsage of job (MB)
	0  -  ResidentSetSize of job (KB)
...
005 (066.006.000) 08/15 10:58:06 Job terminated.
	(1) Normal termination (return value 0)
		Usr 0 00:00:00, Sys 0 00:00:00  -  Run Remote Usage
		Usr 0 00:00:00, Sys 0 00:00:00  -  Run Local Usage
		Usr 0 00:00:00, Sys 0 00:00:00  -  Total Remote Usage
		Usr 0 00:00:00, Sys 0 00:00:00  -  Total Local Usage
	0  -  Run Bytes Sent By Job
	0  -  Run Bytes Received By Job
	0  -  Total Bytes Sent By Job
	0  -  Total Bytes Received By Job
	Partitionable Resources :    Usage  Request Allocated
	   Cpus                 :                 1         1
	   Disk (KB)            :        1        1    184409
	   Gpus                 :                           1
	   Memory (MB)          :        0        1         1
...
006 (066.001.000) 08/15 10:58:14 Image size of job updated: 379056
	0  -  MemoryUsage of job (MB)
	0  -  ResidentSetSize of job (KB)
...
006 (066.003.000) 08/15 10:58:14 Image size of job updated: 378668
	0  -  MemoryUsage of job (MB)
	0  -  ResidentSetSize of job (KB)
...
006 (066.002.000) 08/15 10:58:14 Image size of job updated: 378664
	0  -  MemoryUsage of job (MB)
	0  -  ResidentSetSize of job (KB)
...
006 (066.000.000) 08/15 10:58:14 Image size of job updated: 379448
	0  -  MemoryUsage of job (MB)
	0  -  ResidentSetSize of job (KB)
...
006 (066.007.000) 08/15 10:58:14 Image size of job updated: 378664
	0  -  MemoryUsage of job (MB)
	0  -  ResidentSetSize of job (KB)
...
006 (066.005.000) 08/15 10:58:14 Image size of job updated: 378664
	0  -  MemoryUsage of job (MB)
	0  -  ResidentSetSize of job (KB)
...
006 (066.004.000) 08/15 10:58:14 Image size of job updated: 378668
	0  -  MemoryUsage of job (MB)
	0  -  ResidentSetSize of job (KB)
...
006 (066.008.000) 08/15 10:58:14 Image size of job updated: 378668
	0  -  MemoryUsage of job (MB)
	0  -  ResidentSetSize of job (KB)
...
006 (066.009.000) 08/15 10:58:14 Image size of job updated: 378664
	0  -  MemoryUsage of job (MB)
	0  -  ResidentSetSize of job (KB)
...
006 (066.007.000) 08/15 11:03:15 Image size of job updated: 381008
	0  -  MemoryUsage of job (MB)
	0  -  ResidentSetSize of job (KB)
...
006 (066.001.000) 08/15 11:03:15 Image size of job updated: 381400
	0  -  MemoryUsage of job (MB)
	0  -  ResidentSetSize of job (KB)
...
006 (066.000.000) 08/15 11:03:15 Image size of job updated: 382428
	0  -  MemoryUsage of job (MB)
	0  -  ResidentSetSize of job (KB)
...
006 (066.003.000) 08/15 11:03:15 Image size of job updated: 381012
	0  -  MemoryUsage of job (MB)
	0  -  ResidentSetSize of job (KB)
...
006 (066.005.000) 08/15 11:03:15 Image size of job updated: 381008
	0  -  MemoryUsage of job (MB)
	0  -  ResidentSetSize of job (KB)
...
006 (066.008.000) 08/15 11:03:15 Image size of job updated: 381012
	0  -  MemoryUsage of job (MB)
	0  -  ResidentSetSize of job (KB)
...
006 (066.002.000) 08/15 11:03:15 Image size of job updated: 381008
	0  -  MemoryUsage of job (MB)
	0  -  ResidentSetSize of job (KB)
...
006 (066.009.000) 08/15 11:03:15 Image size of job updated: 381008
	0  -  MemoryUsage of job (MB)
	0  -  ResidentSetSize of job (KB)
...
006 (066.004.000) 08/15 11:03:15 Image size of job updated: 381008
	0  -  MemoryUsage of job (MB)
	0  -  ResidentSetSize of job (KB)
...
006 (066.007.000) 08/15 11:08:15 Image size of job updated: 383312
	0  -  MemoryUsage of job (MB)
	0  -  ResidentSetSize of job (KB)
...
006 (066.001.000) 08/15 11:08:15 Image size of job updated: 383192
	0  -  MemoryUsage of job (MB)
	0  -  ResidentSetSize of job (KB)
...
006 (066.000.000) 08/15 11:08:15 Image size of job updated: 384476
	0  -  MemoryUsage of job (MB)
	0  -  ResidentSetSize of job (KB)
...
006 (066.008.000) 08/15 11:08:15 Image size of job updated: 382804
	0  -  MemoryUsage of job (MB)
	0  -  ResidentSetSize of job (KB)
...
006 (066.003.000) 08/15 11:08:15 Image size of job updated: 383316
	0  -  MemoryUsage of job (MB)
	0  -  ResidentSetSize of job (KB)
...
006 (066.005.000) 08/15 11:08:15 Image size of job updated: 382800
	0  -  MemoryUsage of job (MB)
	0  -  ResidentSetSize of job (KB)
...
006 (066.009.000) 08/15 11:08:15 Image size of job updated: 383312
	0  -  MemoryUsage of job (MB)
	0  -  ResidentSetSize of job (KB)
...
006 (066.002.000) 08/15 11:08:15 Image size of job updated: 383312
	0  -  MemoryUsage of job (MB)
	0  -  ResidentSetSize of job (KB)
...
006 (066.004.000) 08/15 11:08:15 Image size of job updated: 383316
	0  -  MemoryUsage of job (MB)
	0  -  ResidentSetSize of job (KB)
...
010 (066.008.000) 08/15 11:14:42 Job was suspended.
	Number of processes actually suspended: 2
...
010 (066.000.000) 08/15 11:14:42 Job was suspended.
	Number of processes actually suspended: 2
...
011 (066.000.000) 08/15 11:19:40 Job was unsuspended.
...
011 (066.008.000) 08/15 11:19:40 Job was unsuspended.
...
010 (066.008.000) 08/15 12:26:09 Job was suspended.
	Number of processes actually suspended: 2
...
010 (066.000.000) 08/15 12:26:09 Job was suspended.
	Number of processes actually suspended: 2
...
011 (066.000.000) 08/15 12:31:10 Job was unsuspended.
...
011 (066.008.000) 08/15 12:31:10 Job was unsuspended.
...
010 (066.000.000) 08/15 12:31:40 Job was suspended.
	Number of processes actually suspended: 2
...
010 (066.008.000) 08/15 12:31:40 Job was suspended.
	Number of processes actually suspended: 2
...
011 (066.008.000) 08/15 12:39:28 Job was unsuspended.
...
011 (066.000.000) 08/15 12:39:28 Job was unsuspended.
...
010 (066.000.000) 08/15 13:01:26 Job was suspended.
	Number of processes actually suspended: 2
...
010 (066.008.000) 08/15 13:01:26 Job was suspended.
	Number of processes actually suspended: 2
...
011 (066.008.000) 08/15 13:15:46 Job was unsuspended.
...
011 (066.000.000) 08/15 13:15:46 Job was unsuspended.
...
010 (066.005.000) 08/15 13:23:39 Job was suspended.
	Number of processes actually suspended: 2
...
011 (066.005.000) 08/15 13:24:26 Job was unsuspended.
...
004 (066.005.000) 08/15 13:24:26 Job was evicted.
	(0) Job was not checkpointed.
		Usr 0 02:25:33, Sys 0 00:00:00  -  Run Remote Usage
		Usr 0 00:00:00, Sys 0 00:00:00  -  Run Local Usage
	0  -  Run Bytes Sent By Job
	0  -  Run Bytes Received By Job
	Partitionable Resources :    Usage  Request Allocated
	   Cpus                 :                 1         1
	   Disk (KB)            :        1        1    183555
	   Gpus                 :                           0
	   Memory (MB)          :        0        1         1
...
001 (066.005.000) 08/15 13:25:33 Job executing on host: <129.69.120.91:19787?addrs=129.69.120.91-19787>
...
010 (066.005.000) 08/15 13:25:38 Job was suspended.
	Number of processes actually suspended: 2
...
011 (066.005.000) 08/15 13:30:36 Job was unsuspended.
...
010 (066.002.000) 08/15 13:37:10 Job was suspended.
	Number of processes actually suspended: 2
...
010 (066.009.000) 08/15 13:37:10 Job was suspended.
	Number of processes actually suspended: 2
...
010 (066.008.000) 08/15 13:40:17 Job was suspended.
	Number of processes actually suspended: 2
...
011 (066.009.000) 08/15 13:46:10 Job was unsuspended.
...
011 (066.002.000) 08/15 13:46:10 Job was unsuspended.
...
010 (066.009.000) 08/15 13:53:00 Job was suspended.
	Number of processes actually suspended: 2
...
010 (066.002.000) 08/15 13:53:00 Job was suspended.
	Number of processes actually suspended: 2
...
011 (066.002.000) 08/15 13:58:03 Job was unsuspended.
...
011 (066.009.000) 08/15 13:58:03 Job was unsuspended.
...
010 (066.002.000) 08/15 14:02:15 Job was suspended.
	Number of processes actually suspended: 2
...
010 (066.009.000) 08/15 14:02:15 Job was suspended.
	Number of processes actually suspended: 2
...
011 (066.008.000) 08/15 14:04:14 Job was unsuspended.
...
010 (066.008.000) 08/15 14:04:19 Job was suspended.
	Number of processes actually suspended: 2
...
011 (066.002.000) 08/15 14:11:32 Job was unsuspended.
...
011 (066.009.000) 08/15 14:11:32 Job was unsuspended.
...
010 (066.004.000) 08/15 14:12:24 Job was suspended.
	Number of processes actually suspended: 2
...
010 (066.000.000) 08/15 14:29:55 Job was suspended.
	Number of processes actually suspended: 2
...
011 (066.008.000) 08/15 14:34:20 Job was unsuspended.
...
004 (066.008.000) 08/15 14:34:20 Job was evicted.
	(0) Job was not checkpointed.
		Usr 0 02:10:09, Sys 0 00:00:00  -  Run Remote Usage
		Usr 0 00:00:00, Sys 0 00:00:00  -  Run Local Usage
	0  -  Run Bytes Sent By Job
	0  -  Run Bytes Received By Job
	Partitionable Resources :    Usage  Request Allocated
	   Cpus                 :                 1         1
	   Disk (KB)            :        1        1    184038
	   Gpus                 :                           0
	   Memory (MB)          :        0        1         1
...
011 (066.004.000) 08/15 14:37:17 Job was unsuspended.
...
001 (066.008.000) 08/15 14:37:41 Job executing on host: <129.69.120.103:52392?addrs=129.69.120.103-52392>
...
011 (066.000.000) 08/15 14:43:27 Job was unsuspended.
...
022 (066.004.000) 08/15 14:45:03 Job disconnected, attempting to reconnect
    Socket between submit and execute hosts closed unexpectedly
    Trying to reconnect to slot1@okapi.icp.uni-stuttgart.de <129.69.120.57:4573?addrs=129.69.120.57-4573>
...
010 (066.003.000) 08/15 14:45:51 Job was suspended.
	Number of processes actually suspended: 2
...
010 (066.000.000) 08/15 14:47:43 Job was suspended.
	Number of processes actually suspended: 2
...
011 (066.003.000) 08/15 14:58:32 Job was unsuspended.
...
010 (066.003.000) 08/15 14:58:47 Job was suspended.
	Number of processes actually suspended: 2
...
011 (066.003.000) 08/15 15:03:44 Job was unsuspended.
...
024 (066.004.000) 08/15 15:05:06 Job reconnection failed
    Job disconnected too long: JobLeaseDuration (1200 seconds) expired
    Can not reconnect to slot1@okapi.icp.uni-stuttgart.de, rescheduling job
...
001 (066.004.000) 08/15 15:09:43 Job executing on host: <129.69.120.183:57299?addrs=129.69.120.183-57299>
...
006 (066.004.000) 08/15 15:09:51 Image size of job updated: 9144880
	0  -  MemoryUsage of job (MB)
	0  -  ResidentSetSize of job (KB)
...
006 (066.004.000) 08/15 15:14:51 Image size of job updated: 9149528
	0  -  MemoryUsage of job (MB)
	0  -  ResidentSetSize of job (KB)
...
011 (066.000.000) 08/15 15:17:45 Job was unsuspended.
...
004 (066.000.000) 08/15 15:17:45 Job was evicted.
	(0) Job was not checkpointed.
		Usr 0 03:03:58, Sys 0 00:00:00  -  Run Remote Usage
		Usr 0 00:00:00, Sys 0 00:00:00  -  Run Local Usage
	0  -  Run Bytes Sent By Job
	0  -  Run Bytes Received By Job
	Partitionable Resources :    Usage  Request Allocated
	   Cpus                 :                 1         1
	   Disk (KB)            :        1        1    184038
	   Gpus                 :                           0
	   Memory (MB)          :        0        1         1
...
010 (066.002.000) 08/15 15:19:59 Job was suspended.
	Number of processes actually suspended: 2
...
010 (066.009.000) 08/15 15:19:59 Job was suspended.
	Number of processes actually suspended: 2
...
010 (066.003.000) 08/15 15:21:08 Job was suspended.
	Number of processes actually suspended: 2
...
001 (066.000.000) 08/15 15:21:17 Job executing on host: <129.69.120.56:7528?addrs=129.69.120.56-7528>
...
005 (066.000.000) 08/15 15:21:17 Job terminated.
	(1) Normal termination (return value 0)
		Usr 0 00:00:00, Sys 0 00:00:00  -  Run Remote Usage
		Usr 0 00:00:00, Sys 0 00:00:00  -  Run Local Usage
		Usr 0 00:00:00, Sys 0 00:00:00  -  Total Remote Usage
		Usr 0 00:00:00, Sys 0 00:00:00  -  Total Local Usage
	0  -  Run Bytes Sent By Job
	0  -  Run Bytes Received By Job
	0  -  Total Bytes Sent By Job
	0  -  Total Bytes Received By Job
	Partitionable Resources :    Usage  Request Allocated
	   Cpus                 :                 1         1
	   Disk (KB)            :        1        1    184388
	   Gpus                 :                           0
	   Memory (MB)          :        0        0         0
...
011 (066.003.000) 08/15 15:26:31 Job was unsuspended.
...
010 (066.003.000) 08/15 15:26:46 Job was suspended.
	Number of processes actually suspended: 2
...
011 (066.002.000) 08/15 15:34:37 Job was unsuspended.
...
011 (066.009.000) 08/15 15:34:37 Job was unsuspended.
...
011 (066.003.000) 08/15 15:37:30 Job was unsuspended.
...
010 (066.003.000) 08/15 15:40:55 Job was suspended.
	Number of processes actually suspended: 2
...
010 (066.009.000) 08/15 15:59:30 Job was suspended.
	Number of processes actually suspended: 2
...
010 (066.002.000) 08/15 15:59:30 Job was suspended.
	Number of processes actually suspended: 2
...
011 (066.009.000) 08/15 16:04:47 Job was unsuspended.
...
011 (066.002.000) 08/15 16:04:47 Job was unsuspended.
...
011 (066.003.000) 08/15 16:08:47 Job was unsuspended.
...
010 (066.003.000) 08/15 16:11:29 Job was suspended.
	Number of processes actually suspended: 2
...
004 (066.004.000) 08/15 16:36:06 Job was evicted.
	(0) Job was not checkpointed.
		Usr 0 01:26:22, Sys 0 00:00:00  -  Run Remote Usage
		Usr 0 00:00:00, Sys 0 00:00:00  -  Run Local Usage
	0  -  Run Bytes Sent By Job
	0  -  Run Bytes Received By Job
	Partitionable Resources :    Usage  Request Allocated
	   Cpus                 :                 1         1
	   Disk (KB)            :        1        1    170259
	   Gpus                 :                           1
	   Memory (MB)          :        0        0      4096
...
009 (066.004.000) 08/15 16:36:06 Job was aborted by the user.
	via condor_rm (by user gcates)
...
011 (066.003.000) 08/15 16:41:31 Job was unsuspended.
...
004 (066.003.000) 08/15 16:41:31 Job was evicted.
	(0) Job was not checkpointed.
		Usr 0 04:11:45, Sys 0 00:00:00  -  Run Remote Usage
		Usr 0 00:00:00, Sys 0 00:00:00  -  Run Local Usage
	0  -  Run Bytes Sent By Job
	0  -  Run Bytes Received By Job
	Partitionable Resources :    Usage  Request Allocated
	   Cpus                 :                 1         1
	   Disk (KB)            :        1        1    169321
	   Gpus                 :                           0
	   Memory (MB)          :        0        1         1
...
001 (066.003.000) 08/15 16:43:54 Job executing on host: <129.69.120.103:52392?addrs=129.69.120.103-52392>
...
005 (066.001.000) 08/15 20:38:44 Job terminated.
	(1) Normal termination (return value 0)
		Usr 0 09:40:24, Sys 0 00:00:00  -  Run Remote Usage
		Usr 0 00:00:00, Sys 0 00:00:00  -  Run Local Usage
		Usr 0 09:40:24, Sys 0 00:00:00  -  Total Remote Usage
		Usr 0 00:00:00, Sys 0 00:00:00  -  Total Local Usage
	0  -  Run Bytes Sent By Job
	0  -  Run Bytes Received By Job
	0  -  Total Bytes Sent By Job
	0  -  Total Bytes Received By Job
	Partitionable Resources :    Usage  Request Allocated
	   Cpus                 :                 1         1
	   Disk (KB)            :        1        1    182629
	   Gpus                 :                           0
	   Memory (MB)          :        0        1         1
...
005 (066.007.000) 08/15 20:58:05 Job terminated.
	(1) Normal termination (return value 0)
		Usr 0 09:59:38, Sys 0 00:00:03  -  Run Remote Usage
		Usr 0 00:00:00, Sys 0 00:00:00  -  Run Local Usage
		Usr 0 09:59:38, Sys 0 00:00:03  -  Total Remote Usage
		Usr 0 00:00:00, Sys 0 00:00:00  -  Total Local Usage
	0  -  Run Bytes Sent By Job
	0  -  Run Bytes Received By Job
	0  -  Total Bytes Sent By Job
	0  -  Total Bytes Received By Job
	Partitionable Resources :    Usage  Request Allocated
	   Cpus                 :                 1         1
	   Disk (KB)            :        1        1    182629
	   Gpus                 :                           0
	   Memory (MB)          :        0        1         1
...
005 (066.002.000) 08/15 21:27:10 Job terminated.
	(1) Normal termination (return value 0)
		Usr 0 09:45:45, Sys 0 00:00:00  -  Run Remote Usage
		Usr 0 00:00:00, Sys 0 00:00:00  -  Run Local Usage
		Usr 0 09:45:45, Sys 0 00:00:00  -  Total Remote Usage
		Usr 0 00:00:00, Sys 0 00:00:00  -  Total Local Usage
	0  -  Run Bytes Sent By Job
	0  -  Run Bytes Received By Job
	0  -  Total Bytes Sent By Job
	0  -  Total Bytes Received By Job
	Partitionable Resources :    Usage  Request Allocated
	   Cpus                 :                 1         1
	   Disk (KB)            :        1        1    185012
	   Gpus                 :                           0
	   Memory (MB)          :        0        1         1
...
005 (066.009.000) 08/15 21:48:16 Job terminated.
	(1) Normal termination (return value 0)
		Usr 0 10:06:50, Sys 0 00:00:00  -  Run Remote Usage
		Usr 0 00:00:00, Sys 0 00:00:00  -  Run Local Usage
		Usr 0 10:06:50, Sys 0 00:00:00  -  Total Remote Usage
		Usr 0 00:00:00, Sys 0 00:00:00  -  Total Local Usage
	0  -  Run Bytes Sent By Job
	0  -  Run Bytes Received By Job
	0  -  Total Bytes Sent By Job
	0  -  Total Bytes Received By Job
	Partitionable Resources :    Usage  Request Allocated
	   Cpus                 :                 1         1
	   Disk (KB)            :        1        1    185012
	   Gpus                 :                           0
	   Memory (MB)          :        0        1         1
...
005 (066.005.000) 08/15 23:32:24 Job terminated.
	(1) Normal termination (return value 0)
		Usr 0 10:00:59, Sys 0 00:00:00  -  Run Remote Usage
		Usr 0 00:00:00, Sys 0 00:00:00  -  Run Local Usage
		Usr 0 10:00:59, Sys 0 00:00:00  -  Total Remote Usage
		Usr 0 00:00:00, Sys 0 00:00:00  -  Total Local Usage
	0  -  Run Bytes Sent By Job
	0  -  Run Bytes Received By Job
	0  -  Total Bytes Sent By Job
	0  -  Total Bytes Received By Job
	Partitionable Resources :    Usage  Request Allocated
	   Cpus                 :                 1         1
	   Disk (KB)            :        1        1    183494
	   Gpus                 :                           0
	   Memory (MB)          :        0        0         0
...
005 (066.008.000) 08/16 00:49:14 Job terminated.
	(1) Normal termination (return value 0)
		Usr 0 10:11:20, Sys 0 00:00:00  -  Run Remote Usage
		Usr 0 00:00:00, Sys 0 00:00:00  -  Run Local Usage
		Usr 0 10:11:20, Sys 0 00:00:00  -  Total Remote Usage
		Usr 0 00:00:00, Sys 0 00:00:00  -  Total Local Usage
	0  -  Run Bytes Sent By Job
	0  -  Run Bytes Received By Job
	0  -  Total Bytes Sent By Job
	0  -  Total Bytes Received By Job
	Partitionable Resources :    Usage  Request Allocated
	   Cpus                 :                 1         1
	   Disk (KB)            :        1        1    182638
	   Gpus                 :                           0
	   Memory (MB)          :        0        0         0
...
005 (066.003.000) 08/16 02:33:03 Job terminated.
	(1) Normal termination (return value 0)
		Usr 0 09:48:50, Sys 0 00:00:01  -  Run Remote Usage
		Usr 0 00:00:00, Sys 0 00:00:00  -  Run Local Usage
		Usr 0 09:48:50, Sys 0 00:00:01  -  Total Remote Usage
		Usr 0 00:00:00, Sys 0 00:00:00  -  Total Local Usage
	0  -  Run Bytes Sent By Job
	0  -  Run Bytes Received By Job
	0  -  Total Bytes Sent By Job
	0  -  Total Bytes Received By Job
	Partitionable Resources :    Usage  Request Allocated
	   Cpus                 :                 1         1
	   Disk (KB)            :        1        1    182637
	   Gpus                 :                           0
	   Memory (MB)          :        0        0         0
...
