000 (067.000.000) 08/15 11:18:56 Job submitted from host: <129.69.120.36:13789?addrs=129.69.120.36-13789>
...
001 (067.000.000) 08/15 11:19:14 Job executing on host: <129.69.120.42:36537?addrs=129.69.120.42-36537>
...
006 (067.000.000) 08/15 11:19:22 Image size of job updated: 378664
	0  -  MemoryUsage of job (MB)
	0  -  ResidentSetSize of job (KB)
...
006 (067.000.000) 08/15 11:24:22 Image size of job updated: 381008
	0  -  MemoryUsage of job (MB)
	0  -  ResidentSetSize of job (KB)
...
006 (067.000.000) 08/15 11:29:23 Image size of job updated: 382800
	0  -  MemoryUsage of job (MB)
	0  -  ResidentSetSize of job (KB)
...
010 (067.000.000) 08/15 13:11:20 Job was suspended.
	Number of processes actually suspended: 2
...
011 (067.000.000) 08/15 13:20:07 Job was unsuspended.
...
010 (067.000.000) 08/15 13:22:37 Job was suspended.
	Number of processes actually suspended: 2
...
011 (067.000.000) 08/15 13:27:38 Job was unsuspended.
...
010 (067.000.000) 08/15 13:34:21 Job was suspended.
	Number of processes actually suspended: 2
...
011 (067.000.000) 08/15 13:39:24 Job was unsuspended.
...
010 (067.000.000) 08/15 13:50:53 Job was suspended.
	Number of processes actually suspended: 2
...
011 (067.000.000) 08/15 14:04:35 Job was unsuspended.
...
010 (067.000.000) 08/15 14:05:10 Job was suspended.
	Number of processes actually suspended: 2
...
011 (067.000.000) 08/15 14:10:14 Job was unsuspended.
...
010 (067.000.000) 08/15 15:22:20 Job was suspended.
	Number of processes actually suspended: 2
...
011 (067.000.000) 08/15 15:28:01 Job was unsuspended.
...
010 (067.000.000) 08/15 16:23:15 Job was suspended.
	Number of processes actually suspended: 2
...
011 (067.000.000) 08/15 16:28:17 Job was unsuspended.
...
010 (067.000.000) 08/15 16:35:57 Job was suspended.
	Number of processes actually suspended: 2
...
011 (067.000.000) 08/15 16:40:58 Job was unsuspended.
...
005 (067.000.000) 08/15 22:11:00 Job terminated.
	(1) Normal termination (return value 0)
		Usr 0 09:58:16, Sys 0 00:00:00  -  Run Remote Usage
		Usr 0 00:00:00, Sys 0 00:00:00  -  Run Local Usage
		Usr 0 09:58:16, Sys 0 00:00:00  -  Total Remote Usage
		Usr 0 00:00:00, Sys 0 00:00:00  -  Total Local Usage
	0  -  Run Bytes Sent By Job
	0  -  Run Bytes Received By Job
	0  -  Total Bytes Sent By Job
	0  -  Total Bytes Received By Job
	Partitionable Resources :    Usage  Request Allocated
	   Cpus                 :                 1         1
	   Disk (KB)            :        1        1    184164
	   Gpus                 :                           0
	   Memory (MB)          :        0        1         1
...
