000 (068.000.000) 08/15 16:36:31 Job submitted from host: <129.69.120.36:13789?addrs=129.69.120.36-13789>
...
001 (068.000.000) 08/15 16:36:57 Job executing on host: <129.69.120.103:52392?addrs=129.69.120.103-52392>
...
006 (068.000.000) 08/15 16:37:06 Image size of job updated: 378664
	0  -  MemoryUsage of job (MB)
	0  -  ResidentSetSize of job (KB)
...
006 (068.000.000) 08/15 16:42:06 Image size of job updated: 381008
	0  -  MemoryUsage of job (MB)
	0  -  ResidentSetSize of job (KB)
...
006 (068.000.000) 08/15 16:47:06 Image size of job updated: 383312
	0  -  MemoryUsage of job (MB)
	0  -  ResidentSetSize of job (KB)
...
005 (068.000.000) 08/16 02:47:02 Job terminated.
	(1) Normal termination (return value 0)
		Usr 0 10:09:59, Sys 0 00:00:02  -  Run Remote Usage
		Usr 0 00:00:00, Sys 0 00:00:00  -  Run Local Usage
		Usr 0 10:09:59, Sys 0 00:00:02  -  Total Remote Usage
		Usr 0 00:00:00, Sys 0 00:00:00  -  Total Local Usage
	0  -  Run Bytes Sent By Job
	0  -  Run Bytes Received By Job
	0  -  Total Bytes Sent By Job
	0  -  Total Bytes Received By Job
	Partitionable Resources :    Usage  Request Allocated
	   Cpus                 :                 1         1
	   Disk (KB)            :        1        1    182637
	   Gpus                 :                           0
	   Memory (MB)          :        0        1         1
...
