000 (030.000.000) 08/31 12:30:47 Job submitted from host: <129.69.120.173:63804?addrs=129.69.120.173-63804>
...
000 (030.001.000) 08/31 12:30:47 Job submitted from host: <129.69.120.173:63804?addrs=129.69.120.173-63804>
...
001 (030.000.000) 08/31 12:30:58 Job executing on host: <129.69.120.175:3633?addrs=129.69.120.175-3633>
...
001 (030.001.000) 08/31 12:30:58 Job executing on host: <129.69.120.179:59064?addrs=129.69.120.179-59064>
...
006 (030.000.000) 08/31 12:31:01 Image size of job updated: 9149968
	0  -  MemoryUsage of job (MB)
	0  -  ResidentSetSize of job (KB)
...
005 (030.000.000) 08/31 12:31:01 Job terminated.
	(1) Normal termination (return value 1)
		Usr 0 00:00:01, Sys 0 00:00:00  -  Run Remote Usage
		Usr 0 00:00:00, Sys 0 00:00:00  -  Run Local Usage
		Usr 0 00:00:01, Sys 0 00:00:00  -  Total Remote Usage
		Usr 0 00:00:00, Sys 0 00:00:00  -  Total Local Usage
	0  -  Run Bytes Sent By Job
	0  -  Run Bytes Received By Job
	0  -  Total Bytes Sent By Job
	0  -  Total Bytes Received By Job
	Partitionable Resources :    Usage  Request Allocated
	   Cpus                 :                 1         4
	   Disk (KB)            :        1        1    167720
	   Gpus                 :                 1         1
	   Memory (MB)          :        0        1     10112
...
006 (030.001.000) 08/31 12:31:01 Image size of job updated: 9149968
	0  -  MemoryUsage of job (MB)
	0  -  ResidentSetSize of job (KB)
...
005 (030.001.000) 08/31 12:31:01 Job terminated.
	(1) Normal termination (return value 1)
		Usr 0 00:00:01, Sys 0 00:00:00  -  Run Remote Usage
		Usr 0 00:00:00, Sys 0 00:00:00  -  Run Local Usage
		Usr 0 00:00:01, Sys 0 00:00:00  -  Total Remote Usage
		Usr 0 00:00:00, Sys 0 00:00:00  -  Total Local Usage
	0  -  Run Bytes Sent By Job
	0  -  Run Bytes Received By Job
	0  -  Total Bytes Sent By Job
	0  -  Total Bytes Received By Job
	Partitionable Resources :    Usage  Request Allocated
	   Cpus                 :                 1         4
	   Disk (KB)            :        1        1    169411
	   Gpus                 :                 1         1
	   Memory (MB)          :        0        1     10112
...
