000 (031.000.000) 08/31 12:32:07 Job submitted from host: <129.69.120.173:63804?addrs=129.69.120.173-63804>
...
000 (031.001.000) 08/31 12:32:07 Job submitted from host: <129.69.120.173:63804?addrs=129.69.120.173-63804>
...
001 (031.001.000) 08/31 12:32:29 Job executing on host: <129.69.120.184:39649?addrs=129.69.120.184-39649>
...
001 (031.000.000) 08/31 12:32:29 Job executing on host: <129.69.120.191:38857?addrs=129.69.120.191-38857>
...
006 (031.001.000) 08/31 12:32:38 Image size of job updated: 9153988
	0  -  MemoryUsage of job (MB)
	0  -  ResidentSetSize of job (KB)
...
006 (031.000.000) 08/31 12:32:38 Image size of job updated: 9153988
	0  -  MemoryUsage of job (MB)
	0  -  ResidentSetSize of job (KB)
...
005 (031.001.000) 08/31 12:35:49 Job terminated.
	(1) Normal termination (return value 1)
		Usr 0 00:03:16, Sys 0 00:00:00  -  Run Remote Usage
		Usr 0 00:00:00, Sys 0 00:00:00  -  Run Local Usage
		Usr 0 00:03:16, Sys 0 00:00:00  -  Total Remote Usage
		Usr 0 00:00:00, Sys 0 00:00:00  -  Total Local Usage
	0  -  Run Bytes Sent By Job
	0  -  Run Bytes Received By Job
	0  -  Total Bytes Sent By Job
	0  -  Total Bytes Received By Job
	Partitionable Resources :    Usage  Request Allocated
	   Cpus                 :                 1         4
	   Disk (KB)            :        1        1    169701
	   Gpus                 :                 1         1
	   Memory (MB)          :        0        1     10112
...
005 (031.000.000) 08/31 12:36:08 Job terminated.
	(1) Normal termination (return value 1)
		Usr 0 00:03:31, Sys 0 00:00:00  -  Run Remote Usage
		Usr 0 00:00:00, Sys 0 00:00:00  -  Run Local Usage
		Usr 0 00:03:31, Sys 0 00:00:00  -  Total Remote Usage
		Usr 0 00:00:00, Sys 0 00:00:00  -  Total Local Usage
	0  -  Run Bytes Sent By Job
	0  -  Run Bytes Received By Job
	0  -  Total Bytes Sent By Job
	0  -  Total Bytes Received By Job
	Partitionable Resources :    Usage  Request Allocated
	   Cpus                 :                 1         4
	   Disk (KB)            :        1        1    169895
	   Gpus                 :                 1         1
	   Memory (MB)          :        0        1     10112
...
