000 (032.000.000) 08/31 12:39:17 Job submitted from host: <129.69.120.173:63804?addrs=129.69.120.173-63804>
...
000 (032.001.000) 08/31 12:39:17 Job submitted from host: <129.69.120.173:63804?addrs=129.69.120.173-63804>
...
001 (032.001.000) 08/31 12:39:29 Job executing on host: <129.69.120.186:41190?addrs=129.69.120.186-41190>
...
001 (032.000.000) 08/31 12:39:29 Job executing on host: <129.69.120.175:3633?addrs=129.69.120.175-3633>
...
006 (032.001.000) 08/31 12:39:37 Image size of job updated: 9153992
	0  -  MemoryUsage of job (MB)
	0  -  ResidentSetSize of job (KB)
...
006 (032.000.000) 08/31 12:39:37 Image size of job updated: 9153992
	0  -  MemoryUsage of job (MB)
	0  -  ResidentSetSize of job (KB)
...
006 (032.001.000) 08/31 12:44:37 Image size of job updated: 9157116
	0  -  MemoryUsage of job (MB)
	0  -  ResidentSetSize of job (KB)
...
006 (032.000.000) 08/31 12:44:37 Image size of job updated: 9157116
	0  -  MemoryUsage of job (MB)
	0  -  ResidentSetSize of job (KB)
...
005 (032.001.000) 08/31 12:47:19 Job terminated.
	(1) Normal termination (return value 1)
		Usr 0 00:07:46, Sys 0 00:00:00  -  Run Remote Usage
		Usr 0 00:00:00, Sys 0 00:00:00  -  Run Local Usage
		Usr 0 00:07:46, Sys 0 00:00:00  -  Total Remote Usage
		Usr 0 00:00:00, Sys 0 00:00:00  -  Total Local Usage
	0  -  Run Bytes Sent By Job
	0  -  Run Bytes Received By Job
	0  -  Total Bytes Sent By Job
	0  -  Total Bytes Received By Job
	Partitionable Resources :    Usage  Request Allocated
	   Cpus                 :                 1         4
	   Disk (KB)            :        1        1    169708
	   Gpus                 :                 1         1
	   Memory (MB)          :        0        1     10112
...
005 (032.000.000) 08/31 12:47:27 Job terminated.
	(1) Normal termination (return value 1)
		Usr 0 00:07:47, Sys 0 00:00:00  -  Run Remote Usage
		Usr 0 00:00:00, Sys 0 00:00:00  -  Run Local Usage
		Usr 0 00:07:47, Sys 0 00:00:00  -  Total Remote Usage
		Usr 0 00:00:00, Sys 0 00:00:00  -  Total Local Usage
	0  -  Run Bytes Sent By Job
	0  -  Run Bytes Received By Job
	0  -  Total Bytes Sent By Job
	0  -  Total Bytes Received By Job
	Partitionable Resources :    Usage  Request Allocated
	   Cpus                 :                 1         1
	   Disk (KB)            :        1        1    167732
	   Gpus                 :                 1         1
	   Memory (MB)          :        0        1      4096
...
