000 (033.000.000) 08/31 12:54:17 Job submitted from host: <129.69.120.173:63804?addrs=129.69.120.173-63804>
...
000 (033.001.000) 08/31 12:54:17 Job submitted from host: <129.69.120.173:63804?addrs=129.69.120.173-63804>
...
000 (033.002.000) 08/31 12:54:17 Job submitted from host: <129.69.120.173:63804?addrs=129.69.120.173-63804>
...
000 (033.003.000) 08/31 12:54:17 Job submitted from host: <129.69.120.173:63804?addrs=129.69.120.173-63804>
...
000 (033.004.000) 08/31 12:54:17 Job submitted from host: <129.69.120.173:63804?addrs=129.69.120.173-63804>
...
000 (033.005.000) 08/31 12:54:17 Job submitted from host: <129.69.120.173:63804?addrs=129.69.120.173-63804>
...
000 (033.006.000) 08/31 12:54:17 Job submitted from host: <129.69.120.173:63804?addrs=129.69.120.173-63804>
...
000 (033.007.000) 08/31 12:54:17 Job submitted from host: <129.69.120.173:63804?addrs=129.69.120.173-63804>
...
000 (033.008.000) 08/31 12:54:17 Job submitted from host: <129.69.120.173:63804?addrs=129.69.120.173-63804>
...
000 (033.009.000) 08/31 12:54:17 Job submitted from host: <129.69.120.173:63804?addrs=129.69.120.173-63804>
...
000 (033.010.000) 08/31 12:54:17 Job submitted from host: <129.69.120.173:63804?addrs=129.69.120.173-63804>
...
000 (033.011.000) 08/31 12:54:17 Job submitted from host: <129.69.120.173:63804?addrs=129.69.120.173-63804>
...
000 (033.012.000) 08/31 12:54:17 Job submitted from host: <129.69.120.173:63804?addrs=129.69.120.173-63804>
...
000 (033.013.000) 08/31 12:54:17 Job submitted from host: <129.69.120.173:63804?addrs=129.69.120.173-63804>
...
000 (033.014.000) 08/31 12:54:17 Job submitted from host: <129.69.120.173:63804?addrs=129.69.120.173-63804>
...
000 (033.015.000) 08/31 12:54:17 Job submitted from host: <129.69.120.173:63804?addrs=129.69.120.173-63804>
...
000 (033.016.000) 08/31 12:54:17 Job submitted from host: <129.69.120.173:63804?addrs=129.69.120.173-63804>
...
000 (033.017.000) 08/31 12:54:17 Job submitted from host: <129.69.120.173:63804?addrs=129.69.120.173-63804>
...
000 (033.018.000) 08/31 12:54:17 Job submitted from host: <129.69.120.173:63804?addrs=129.69.120.173-63804>
...
000 (033.019.000) 08/31 12:54:17 Job submitted from host: <129.69.120.173:63804?addrs=129.69.120.173-63804>
...
001 (033.001.000) 08/31 12:54:59 Job executing on host: <129.69.120.189:60051?addrs=129.69.120.189-60051>
...
001 (033.003.000) 08/31 12:54:59 Job executing on host: <129.69.120.187:38040?addrs=129.69.120.187-38040>
...
001 (033.006.000) 08/31 12:54:59 Job executing on host: <129.69.120.172:26453?addrs=129.69.120.172-26453>
...
001 (033.002.000) 08/31 12:54:59 Job executing on host: <129.69.120.171:16429?addrs=129.69.120.171-16429>
...
001 (033.005.000) 08/31 12:54:59 Job executing on host: <129.69.120.170:15703?addrs=129.69.120.170-15703>
...
001 (033.010.000) 08/31 12:54:59 Job executing on host: <129.69.120.56:19187?addrs=129.69.120.56-19187>
...
001 (033.004.000) 08/31 12:54:59 Job executing on host: <129.69.120.188:45103?addrs=129.69.120.188-45103>
...
001 (033.011.000) 08/31 12:54:59 Job executing on host: <129.69.120.53:9635?addrs=129.69.120.53-9635>
...
001 (033.013.000) 08/31 12:55:00 Job executing on host: <129.69.120.57:53996?addrs=129.69.120.57-53996>
...
001 (033.009.000) 08/31 12:55:00 Job executing on host: <129.69.120.49:8900?addrs=129.69.120.49-8900>
...
001 (033.008.000) 08/31 12:55:00 Job executing on host: <129.69.120.178:32017?addrs=129.69.120.178-32017>
...
001 (033.012.000) 08/31 12:55:00 Job executing on host: <129.69.120.42:58227?addrs=129.69.120.42-58227>
...
001 (033.000.000) 08/31 12:55:00 Job executing on host: <129.69.120.191:38857?addrs=129.69.120.191-38857>
...
001 (033.014.000) 08/31 12:55:00 Job executing on host: <129.69.120.103:5837?addrs=129.69.120.103-5837>
...
006 (033.010.000) 08/31 12:55:00 Image size of job updated: 1
	0  -  MemoryUsage of job (MB)
	0  -  ResidentSetSize of job (KB)
...
005 (033.010.000) 08/31 12:55:00 Job terminated.
	(1) Normal termination (return value 1)
		Usr 0 00:00:00, Sys 0 00:00:00  -  Run Remote Usage
		Usr 0 00:00:00, Sys 0 00:00:00  -  Run Local Usage
		Usr 0 00:00:00, Sys 0 00:00:00  -  Total Remote Usage
		Usr 0 00:00:00, Sys 0 00:00:00  -  Total Local Usage
	0  -  Run Bytes Sent By Job
	0  -  Run Bytes Received By Job
	0  -  Total Bytes Sent By Job
	0  -  Total Bytes Received By Job
	Partitionable Resources :    Usage  Request Allocated
	   Cpus                 :                 1         4
	   Disk (KB)            :        1        1    183544
	   Gpus                 :                 1         1
	   Memory (MB)          :        0        1       128
...
001 (033.015.000) 08/31 12:55:00 Job executing on host: <129.69.120.56:19187?addrs=129.69.120.56-19187>
...
006 (033.015.000) 08/31 12:55:00 Image size of job updated: 1
	0  -  MemoryUsage of job (MB)
	0  -  ResidentSetSize of job (KB)
...
005 (033.015.000) 08/31 12:55:00 Job terminated.
	(1) Normal termination (return value 1)
		Usr 0 00:00:00, Sys 0 00:00:00  -  Run Remote Usage
		Usr 0 00:00:00, Sys 0 00:00:00  -  Run Local Usage
		Usr 0 00:00:00, Sys 0 00:00:00  -  Total Remote Usage
		Usr 0 00:00:00, Sys 0 00:00:00  -  Total Local Usage
	0  -  Run Bytes Sent By Job
	0  -  Run Bytes Received By Job
	0  -  Total Bytes Sent By Job
	0  -  Total Bytes Received By Job
	Partitionable Resources :    Usage  Request Allocated
	   Cpus                 :                 1         4
	   Disk (KB)            :        1        1    183544
	   Gpus                 :                 1         1
	   Memory (MB)          :        0        1       128
...
001 (033.016.000) 08/31 12:55:00 Job executing on host: <129.69.120.56:19187?addrs=129.69.120.56-19187>
...
006 (033.016.000) 08/31 12:55:01 Image size of job updated: 1
	0  -  MemoryUsage of job (MB)
	0  -  ResidentSetSize of job (KB)
...
005 (033.016.000) 08/31 12:55:01 Job terminated.
	(1) Normal termination (return value 1)
		Usr 0 00:00:00, Sys 0 00:00:00  -  Run Remote Usage
		Usr 0 00:00:00, Sys 0 00:00:00  -  Run Local Usage
		Usr 0 00:00:00, Sys 0 00:00:00  -  Total Remote Usage
		Usr 0 00:00:00, Sys 0 00:00:00  -  Total Local Usage
	0  -  Run Bytes Sent By Job
	0  -  Run Bytes Received By Job
	0  -  Total Bytes Sent By Job
	0  -  Total Bytes Received By Job
	Partitionable Resources :    Usage  Request Allocated
	   Cpus                 :                 1         4
	   Disk (KB)            :        1        1    183544
	   Gpus                 :                 1         1
	   Memory (MB)          :        0        1       128
...
001 (033.017.000) 08/31 12:55:01 Job executing on host: <129.69.120.56:19187?addrs=129.69.120.56-19187>
...
006 (033.017.000) 08/31 12:55:01 Image size of job updated: 1
	0  -  MemoryUsage of job (MB)
	0  -  ResidentSetSize of job (KB)
...
005 (033.017.000) 08/31 12:55:01 Job terminated.
	(1) Normal termination (return value 1)
		Usr 0 00:00:00, Sys 0 00:00:00  -  Run Remote Usage
		Usr 0 00:00:00, Sys 0 00:00:00  -  Run Local Usage
		Usr 0 00:00:00, Sys 0 00:00:00  -  Total Remote Usage
		Usr 0 00:00:00, Sys 0 00:00:00  -  Total Local Usage
	0  -  Run Bytes Sent By Job
	0  -  Run Bytes Received By Job
	0  -  Total Bytes Sent By Job
	0  -  Total Bytes Received By Job
	Partitionable Resources :    Usage  Request Allocated
	   Cpus                 :                 1         4
	   Disk (KB)            :        1        1    183544
	   Gpus                 :                 1         1
	   Memory (MB)          :        0        1       128
...
001 (033.018.000) 08/31 12:55:01 Job executing on host: <129.69.120.56:19187?addrs=129.69.120.56-19187>
...
006 (033.018.000) 08/31 12:55:02 Image size of job updated: 1
	0  -  MemoryUsage of job (MB)
	0  -  ResidentSetSize of job (KB)
...
005 (033.018.000) 08/31 12:55:02 Job terminated.
	(1) Normal termination (return value 1)
		Usr 0 00:00:00, Sys 0 00:00:00  -  Run Remote Usage
		Usr 0 00:00:00, Sys 0 00:00:00  -  Run Local Usage
		Usr 0 00:00:00, Sys 0 00:00:00  -  Total Remote Usage
		Usr 0 00:00:00, Sys 0 00:00:00  -  Total Local Usage
	0  -  Run Bytes Sent By Job
	0  -  Run Bytes Received By Job
	0  -  Total Bytes Sent By Job
	0  -  Total Bytes Received By Job
	Partitionable Resources :    Usage  Request Allocated
	   Cpus                 :                 1         4
	   Disk (KB)            :        1        1    183544
	   Gpus                 :                 1         1
	   Memory (MB)          :        0        1       128
...
001 (033.019.000) 08/31 12:55:02 Job executing on host: <129.69.120.56:19187?addrs=129.69.120.56-19187>
...
006 (033.019.000) 08/31 12:55:02 Image size of job updated: 1
	0  -  MemoryUsage of job (MB)
	0  -  ResidentSetSize of job (KB)
...
005 (033.019.000) 08/31 12:55:02 Job terminated.
	(1) Normal termination (return value 1)
		Usr 0 00:00:00, Sys 0 00:00:00  -  Run Remote Usage
		Usr 0 00:00:00, Sys 0 00:00:00  -  Run Local Usage
		Usr 0 00:00:00, Sys 0 00:00:00  -  Total Remote Usage
		Usr 0 00:00:00, Sys 0 00:00:00  -  Total Local Usage
	0  -  Run Bytes Sent By Job
	0  -  Run Bytes Received By Job
	0  -  Total Bytes Sent By Job
	0  -  Total Bytes Received By Job
	Partitionable Resources :    Usage  Request Allocated
	   Cpus                 :                 1         4
	   Disk (KB)            :        1        1    183544
	   Gpus                 :                 1         1
	   Memory (MB)          :        0        1       128
...
006 (033.009.000) 08/31 12:55:08 Image size of job updated: 9154052
	0  -  MemoryUsage of job (MB)
	0  -  ResidentSetSize of job (KB)
...
006 (033.013.000) 08/31 12:55:08 Image size of job updated: 25830916
	0  -  MemoryUsage of job (MB)
	0  -  ResidentSetSize of job (KB)
...
006 (033.008.000) 08/31 12:55:08 Image size of job updated: 9153992
	0  -  MemoryUsage of job (MB)
	0  -  ResidentSetSize of job (KB)
...
006 (033.012.000) 08/31 12:55:08 Image size of job updated: 30025220
	0  -  MemoryUsage of job (MB)
	0  -  ResidentSetSize of job (KB)
...
006 (033.000.000) 08/31 12:55:08 Image size of job updated: 9153992
	0  -  MemoryUsage of job (MB)
	0  -  ResidentSetSize of job (KB)
...
006 (033.014.000) 08/31 12:55:08 Image size of job updated: 30025220
	0  -  MemoryUsage of job (MB)
	0  -  ResidentSetSize of job (KB)
...
006 (033.001.000) 08/31 12:55:08 Image size of job updated: 9153992
	0  -  MemoryUsage of job (MB)
	0  -  ResidentSetSize of job (KB)
...
006 (033.003.000) 08/31 12:55:08 Image size of job updated: 9153992
	0  -  MemoryUsage of job (MB)
	0  -  ResidentSetSize of job (KB)
...
006 (033.005.000) 08/31 12:55:08 Image size of job updated: 9153992
	0  -  MemoryUsage of job (MB)
	0  -  ResidentSetSize of job (KB)
...
006 (033.004.000) 08/31 12:55:08 Image size of job updated: 9153992
	0  -  MemoryUsage of job (MB)
	0  -  ResidentSetSize of job (KB)
...
006 (033.006.000) 08/31 12:55:08 Image size of job updated: 9153992
	0  -  MemoryUsage of job (MB)
	0  -  ResidentSetSize of job (KB)
...
006 (033.002.000) 08/31 12:55:08 Image size of job updated: 9153992
	0  -  MemoryUsage of job (MB)
	0  -  ResidentSetSize of job (KB)
...
006 (033.011.000) 08/31 12:55:09 Image size of job updated: 30025220
	0  -  MemoryUsage of job (MB)
	0  -  ResidentSetSize of job (KB)
...
006 (033.008.000) 08/31 13:00:08 Image size of job updated: 9157116
	0  -  MemoryUsage of job (MB)
	0  -  ResidentSetSize of job (KB)
...
006 (033.009.000) 08/31 13:00:08 Image size of job updated: 9157176
	0  -  MemoryUsage of job (MB)
	0  -  ResidentSetSize of job (KB)
...
006 (033.000.000) 08/31 13:00:08 Image size of job updated: 9157116
	0  -  MemoryUsage of job (MB)
	0  -  ResidentSetSize of job (KB)
...
006 (033.013.000) 08/31 13:00:08 Image size of job updated: 25834040
	0  -  MemoryUsage of job (MB)
	0  -  ResidentSetSize of job (KB)
...
006 (033.012.000) 08/31 13:00:08 Image size of job updated: 30028344
	0  -  MemoryUsage of job (MB)
	0  -  ResidentSetSize of job (KB)
...
006 (033.014.000) 08/31 13:00:08 Image size of job updated: 30028344
	0  -  MemoryUsage of job (MB)
	0  -  ResidentSetSize of job (KB)
...
006 (033.001.000) 08/31 13:00:09 Image size of job updated: 9157116
	0  -  MemoryUsage of job (MB)
	0  -  ResidentSetSize of job (KB)
...
006 (033.003.000) 08/31 13:00:09 Image size of job updated: 9157116
	0  -  MemoryUsage of job (MB)
	0  -  ResidentSetSize of job (KB)
...
006 (033.006.000) 08/31 13:00:09 Image size of job updated: 9157116
	0  -  MemoryUsage of job (MB)
	0  -  ResidentSetSize of job (KB)
...
006 (033.005.000) 08/31 13:00:09 Image size of job updated: 9157116
	0  -  MemoryUsage of job (MB)
	0  -  ResidentSetSize of job (KB)
...
006 (033.002.000) 08/31 13:00:09 Image size of job updated: 9157116
	0  -  MemoryUsage of job (MB)
	0  -  ResidentSetSize of job (KB)
...
006 (033.004.000) 08/31 13:00:09 Image size of job updated: 9157116
	0  -  MemoryUsage of job (MB)
	0  -  ResidentSetSize of job (KB)
...
006 (033.011.000) 08/31 13:00:09 Image size of job updated: 30028344
	0  -  MemoryUsage of job (MB)
	0  -  ResidentSetSize of job (KB)
...
009 (033.007.000) 08/31 13:10:02 Job was aborted by the user.
	via condor_rm (by user gcates)
...
004 (033.000.000) 08/31 13:10:02 Job was evicted.
	(0) Job was not checkpointed.
		Usr 0 00:15:02, Sys 0 00:00:00  -  Run Remote Usage
		Usr 0 00:00:00, Sys 0 00:00:00  -  Run Local Usage
	0  -  Run Bytes Sent By Job
	0  -  Run Bytes Received By Job
	Partitionable Resources :    Usage  Request Allocated
	   Cpus                 :                 1         1
	   Disk (KB)            :        1        1    169907
	   Gpus                 :                 1         1
	   Memory (MB)          :        0        1      4096
...
004 (033.008.000) 08/31 13:10:02 Job was evicted.
	(0) Job was not checkpointed.
		Usr 0 00:15:02, Sys 0 00:00:00  -  Run Remote Usage
		Usr 0 00:00:00, Sys 0 00:00:00  -  Run Local Usage
	0  -  Run Bytes Sent By Job
	0  -  Run Bytes Received By Job
	Partitionable Resources :    Usage  Request Allocated
	   Cpus                 :                 1         4
	   Disk (KB)            :        1        1    170042
	   Gpus                 :                 1         1
	   Memory (MB)          :        0        1       128
...
004 (033.003.000) 08/31 13:10:02 Job was evicted.
	(0) Job was not checkpointed.
		Usr 0 00:15:02, Sys 0 00:00:00  -  Run Remote Usage
		Usr 0 00:00:00, Sys 0 00:00:00  -  Run Local Usage
	0  -  Run Bytes Sent By Job
	0  -  Run Bytes Received By Job
	Partitionable Resources :    Usage  Request Allocated
	   Cpus                 :                 1         4
	   Disk (KB)            :        1        1    169359
	   Gpus                 :                 1         1
	   Memory (MB)          :        0        1     10112
...
004 (033.006.000) 08/31 13:10:02 Job was evicted.
	(0) Job was not checkpointed.
		Usr 0 00:15:02, Sys 0 00:00:00  -  Run Remote Usage
		Usr 0 00:00:00, Sys 0 00:00:00  -  Run Local Usage
	0  -  Run Bytes Sent By Job
	0  -  Run Bytes Received By Job
	Partitionable Resources :    Usage  Request Allocated
	   Cpus                 :                 1         4
	   Disk (KB)            :        1        1    168456
	   Gpus                 :                 1         1
	   Memory (MB)          :        0        1     10112
...
004 (033.002.000) 08/31 13:10:02 Job was evicted.
	(0) Job was not checkpointed.
		Usr 0 00:15:02, Sys 0 00:00:00  -  Run Remote Usage
		Usr 0 00:00:00, Sys 0 00:00:00  -  Run Local Usage
	0  -  Run Bytes Sent By Job
	0  -  Run Bytes Received By Job
	Partitionable Resources :    Usage  Request Allocated
	   Cpus                 :                 1         4
	   Disk (KB)            :        1        1    169898
	   Gpus                 :                 1         1
	   Memory (MB)          :        0        1       128
...
004 (033.005.000) 08/31 13:10:02 Job was evicted.
	(0) Job was not checkpointed.
		Usr 0 00:15:02, Sys 0 00:00:00  -  Run Remote Usage
		Usr 0 00:00:00, Sys 0 00:00:00  -  Run Local Usage
	0  -  Run Bytes Sent By Job
	0  -  Run Bytes Received By Job
	Partitionable Resources :    Usage  Request Allocated
	   Cpus                 :                 1         4
	   Disk (KB)            :        1        1    168805
	   Gpus                 :                 1         1
	   Memory (MB)          :        0        1     10112
...
004 (033.001.000) 08/31 13:10:02 Job was evicted.
	(0) Job was not checkpointed.
		Usr 0 00:15:02, Sys 0 00:00:00  -  Run Remote Usage
		Usr 0 00:00:00, Sys 0 00:00:00  -  Run Local Usage
	0  -  Run Bytes Sent By Job
	0  -  Run Bytes Received By Job
	Partitionable Resources :    Usage  Request Allocated
	   Cpus                 :                 1         4
	   Disk (KB)            :        1        1    164974
	   Gpus                 :                 1         1
	   Memory (MB)          :        0        1       128
...
004 (033.004.000) 08/31 13:10:02 Job was evicted.
	(0) Job was not checkpointed.
		Usr 0 00:15:02, Sys 0 00:00:00  -  Run Remote Usage
		Usr 0 00:00:00, Sys 0 00:00:00  -  Run Local Usage
	0  -  Run Bytes Sent By Job
	0  -  Run Bytes Received By Job
	Partitionable Resources :    Usage  Request Allocated
	   Cpus                 :                 1         4
	   Disk (KB)            :        1        1    167882
	   Gpus                 :                 1         1
	   Memory (MB)          :        0        1     10112
...
009 (033.001.000) 08/31 13:10:02 Job was aborted by the user.
	via condor_rm (by user gcates)
...
004 (033.009.000) 08/31 13:10:02 Job was evicted.
	(0) Job was not checkpointed.
		Usr 0 00:15:02, Sys 0 00:00:00  -  Run Remote Usage
		Usr 0 00:00:00, Sys 0 00:00:00  -  Run Local Usage
	0  -  Run Bytes Sent By Job
	0  -  Run Bytes Received By Job
	Partitionable Resources :    Usage  Request Allocated
	   Cpus                 :                 1         4
	   Disk (KB)            :        1        1    182928
	   Gpus                 :                 1         1
	   Memory (MB)          :        0        1     10112
...
004 (033.013.000) 08/31 13:10:02 Job was evicted.
	(0) Job was not checkpointed.
		Usr 0 00:15:02, Sys 0 00:00:00  -  Run Remote Usage
		Usr 0 00:00:00, Sys 0 00:00:00  -  Run Local Usage
	0  -  Run Bytes Sent By Job
	0  -  Run Bytes Received By Job
	Partitionable Resources :    Usage  Request Allocated
	   Cpus                 :                 1         4
	   Disk (KB)            :        1        1    169370
	   Gpus                 :                 1         1
	   Memory (MB)          :        0        1     10112
...
004 (033.011.000) 08/31 13:10:02 Job was evicted.
	(0) Job was not checkpointed.
		Usr 0 00:15:02, Sys 0 00:00:00  -  Run Remote Usage
		Usr 0 00:00:00, Sys 0 00:00:00  -  Run Local Usage
	0  -  Run Bytes Sent By Job
	0  -  Run Bytes Received By Job
	Partitionable Resources :    Usage  Request Allocated
	   Cpus                 :                 1         4
	   Disk (KB)            :        1        1    182323
	   Gpus                 :                 1         1
	   Memory (MB)          :        0        1     10112
...
009 (033.002.000) 08/31 13:10:02 Job was aborted by the user.
	via condor_rm (by user gcates)
...
009 (033.005.000) 08/31 13:10:02 Job was aborted by the user.
	via condor_rm (by user gcates)
...
004 (033.014.000) 08/31 13:10:02 Job was evicted.
	(0) Job was not checkpointed.
		Usr 0 00:15:00, Sys 0 00:00:00  -  Run Remote Usage
		Usr 0 00:00:00, Sys 0 00:00:00  -  Run Local Usage
	0  -  Run Bytes Sent By Job
	0  -  Run Bytes Received By Job
	Partitionable Resources :    Usage  Request Allocated
	   Cpus                 :                 1         4
	   Disk (KB)            :        1        1    181839
	   Gpus                 :                 1         1
	   Memory (MB)          :        0        1     10112
...
009 (033.003.000) 08/31 13:10:02 Job was aborted by the user.
	via condor_rm (by user gcates)
...
004 (033.012.000) 08/31 13:10:02 Job was evicted.
	(0) Job was not checkpointed.
		Usr 0 00:15:02, Sys 0 00:00:00  -  Run Remote Usage
		Usr 0 00:00:00, Sys 0 00:00:00  -  Run Local Usage
	0  -  Run Bytes Sent By Job
	0  -  Run Bytes Received By Job
	Partitionable Resources :    Usage  Request Allocated
	   Cpus                 :                 1         4
	   Disk (KB)            :        1        1    183140
	   Gpus                 :                 1         1
	   Memory (MB)          :        0        1     10112
...
009 (033.006.000) 08/31 13:10:02 Job was aborted by the user.
	via condor_rm (by user gcates)
...
009 (033.008.000) 08/31 13:10:02 Job was aborted by the user.
	via condor_rm (by user gcates)
...
009 (033.000.000) 08/31 13:10:02 Job was aborted by the user.
	via condor_rm (by user gcates)
...
009 (033.004.000) 08/31 13:10:02 Job was aborted by the user.
	via condor_rm (by user gcates)
...
009 (033.011.000) 08/31 13:10:02 Job was aborted by the user.
	via condor_rm (by user gcates)
...
009 (033.009.000) 08/31 13:10:02 Job was aborted by the user.
	via condor_rm (by user gcates)
...
009 (033.013.000) 08/31 13:10:02 Job was aborted by the user.
	via condor_rm (by user gcates)
...
009 (033.012.000) 08/31 13:10:02 Job was aborted by the user.
	via condor_rm (by user gcates)
...
009 (033.014.000) 08/31 13:10:02 Job was aborted by the user.
	via condor_rm (by user gcates)
...
