000 (034.000.000) 08/31 12:56:02 Job submitted from host: <129.69.120.173:63804?addrs=129.69.120.173-63804>
...
000 (034.001.000) 08/31 12:56:02 Job submitted from host: <129.69.120.173:63804?addrs=129.69.120.173-63804>
...
000 (034.002.000) 08/31 12:56:02 Job submitted from host: <129.69.120.173:63804?addrs=129.69.120.173-63804>
...
000 (034.003.000) 08/31 12:56:02 Job submitted from host: <129.69.120.173:63804?addrs=129.69.120.173-63804>
...
000 (034.004.000) 08/31 12:56:02 Job submitted from host: <129.69.120.173:63804?addrs=129.69.120.173-63804>
...
001 (034.000.000) 08/31 12:58:32 Job executing on host: <129.69.120.67:53456?addrs=129.69.120.67-53456>
...
006 (034.000.000) 08/31 12:58:40 Image size of job updated: 30025220
	0  -  MemoryUsage of job (MB)
	0  -  ResidentSetSize of job (KB)
...
001 (034.001.000) 08/31 12:59:32 Job executing on host: <129.69.120.56:19187?addrs=129.69.120.56-19187>
...
006 (034.001.000) 08/31 12:59:32 Image size of job updated: 1
	0  -  MemoryUsage of job (MB)
	0  -  ResidentSetSize of job (KB)
...
005 (034.001.000) 08/31 12:59:32 Job terminated.
	(1) Normal termination (return value 1)
		Usr 0 00:00:00, Sys 0 00:00:00  -  Run Remote Usage
		Usr 0 00:00:00, Sys 0 00:00:00  -  Run Local Usage
		Usr 0 00:00:00, Sys 0 00:00:00  -  Total Remote Usage
		Usr 0 00:00:00, Sys 0 00:00:00  -  Total Local Usage
	0  -  Run Bytes Sent By Job
	0  -  Run Bytes Received By Job
	0  -  Total Bytes Sent By Job
	0  -  Total Bytes Received By Job
	Partitionable Resources :    Usage  Request Allocated
	   Cpus                 :                 1         1
	   Disk (KB)            :        1        1    183543
	   Gpus                 :                 1         1
	   Memory (MB)          :        0        1         1
...
001 (034.002.000) 08/31 12:59:32 Job executing on host: <129.69.120.56:19187?addrs=129.69.120.56-19187>
...
006 (034.002.000) 08/31 12:59:33 Image size of job updated: 1
	0  -  MemoryUsage of job (MB)
	0  -  ResidentSetSize of job (KB)
...
005 (034.002.000) 08/31 12:59:33 Job terminated.
	(1) Normal termination (return value 1)
		Usr 0 00:00:00, Sys 0 00:00:00  -  Run Remote Usage
		Usr 0 00:00:00, Sys 0 00:00:00  -  Run Local Usage
		Usr 0 00:00:00, Sys 0 00:00:00  -  Total Remote Usage
		Usr 0 00:00:00, Sys 0 00:00:00  -  Total Local Usage
	0  -  Run Bytes Sent By Job
	0  -  Run Bytes Received By Job
	0  -  Total Bytes Sent By Job
	0  -  Total Bytes Received By Job
	Partitionable Resources :    Usage  Request Allocated
	   Cpus                 :                 1         1
	   Disk (KB)            :        1        1    183543
	   Gpus                 :                 1         1
	   Memory (MB)          :        0        1         1
...
001 (034.003.000) 08/31 12:59:33 Job executing on host: <129.69.120.56:19187?addrs=129.69.120.56-19187>
...
006 (034.003.000) 08/31 12:59:33 Image size of job updated: 1
	0  -  MemoryUsage of job (MB)
	0  -  ResidentSetSize of job (KB)
...
005 (034.003.000) 08/31 12:59:33 Job terminated.
	(1) Normal termination (return value 1)
		Usr 0 00:00:00, Sys 0 00:00:00  -  Run Remote Usage
		Usr 0 00:00:00, Sys 0 00:00:00  -  Run Local Usage
		Usr 0 00:00:00, Sys 0 00:00:00  -  Total Remote Usage
		Usr 0 00:00:00, Sys 0 00:00:00  -  Total Local Usage
	0  -  Run Bytes Sent By Job
	0  -  Run Bytes Received By Job
	0  -  Total Bytes Sent By Job
	0  -  Total Bytes Received By Job
	Partitionable Resources :    Usage  Request Allocated
	   Cpus                 :                 1         1
	   Disk (KB)            :        1        1    183543
	   Gpus                 :                 1         1
	   Memory (MB)          :        0        1         1
...
001 (034.004.000) 08/31 12:59:33 Job executing on host: <129.69.120.56:19187?addrs=129.69.120.56-19187>
...
006 (034.004.000) 08/31 12:59:33 Image size of job updated: 1
	0  -  MemoryUsage of job (MB)
	0  -  ResidentSetSize of job (KB)
...
005 (034.004.000) 08/31 12:59:33 Job terminated.
	(1) Normal termination (return value 1)
		Usr 0 00:00:00, Sys 0 00:00:00  -  Run Remote Usage
		Usr 0 00:00:00, Sys 0 00:00:00  -  Run Local Usage
		Usr 0 00:00:00, Sys 0 00:00:00  -  Total Remote Usage
		Usr 0 00:00:00, Sys 0 00:00:00  -  Total Local Usage
	0  -  Run Bytes Sent By Job
	0  -  Run Bytes Received By Job
	0  -  Total Bytes Sent By Job
	0  -  Total Bytes Received By Job
	Partitionable Resources :    Usage  Request Allocated
	   Cpus                 :                 1         1
	   Disk (KB)            :        1        1    183543
	   Gpus                 :                 1         1
	   Memory (MB)          :        0        1         1
...
006 (034.000.000) 08/31 13:03:40 Image size of job updated: 30028348
	0  -  MemoryUsage of job (MB)
	0  -  ResidentSetSize of job (KB)
...
004 (034.000.000) 08/31 13:10:05 Job was evicted.
	(0) Job was not checkpointed.
		Usr 0 00:11:32, Sys 0 00:00:00  -  Run Remote Usage
		Usr 0 00:00:00, Sys 0 00:00:00  -  Run Local Usage
	0  -  Run Bytes Sent By Job
	0  -  Run Bytes Received By Job
	Partitionable Resources :    Usage  Request Allocated
	   Cpus                 :                 1         1
	   Disk (KB)            :        1        1    112270
	   Gpus                 :                 1         1
	   Memory (MB)          :        0        1         1
...
009 (034.000.000) 08/31 13:10:05 Job was aborted by the user.
	via condor_rm (by user gcates)
...
