000 (138.000.000) 08/15 14:20:26 Job submitted from host: <129.69.120.171:31678?addrs=129.69.120.171-31678>
...
000 (138.001.000) 08/15 14:20:26 Job submitted from host: <129.69.120.171:31678?addrs=129.69.120.171-31678>
...
001 (138.001.000) 08/15 14:20:55 Job executing on host: <129.69.120.56:7528?addrs=129.69.120.56-7528>
...
001 (138.000.000) 08/15 14:20:55 Job executing on host: <129.69.120.42:36537?addrs=129.69.120.42-36537>
...
006 (138.001.000) 08/15 14:20:55 Image size of job updated: 1
	0  -  MemoryUsage of job (MB)
	0  -  ResidentSetSize of job (KB)
...
005 (138.001.000) 08/15 14:20:55 Job terminated.
	(1) Normal termination (return value 0)
		Usr 0 00:00:00, Sys 0 00:00:00  -  Run Remote Usage
		Usr 0 00:00:00, Sys 0 00:00:00  -  Run Local Usage
		Usr 0 00:00:00, Sys 0 00:00:00  -  Total Remote Usage
		Usr 0 00:00:00, Sys 0 00:00:00  -  Total Local Usage
	0  -  Run Bytes Sent By Job
	0  -  Run Bytes Received By Job
	0  -  Total Bytes Sent By Job
	0  -  Total Bytes Received By Job
	Partitionable Resources :    Usage  Request Allocated
	   Cpus                 :                 1         1
	   Disk (KB)            :        1        1    184402
	   Gpus                 :                           1
	   Memory (MB)          :        0        1         1
...
006 (138.000.000) 08/15 14:21:04 Image size of job updated: 378664
	0  -  MemoryUsage of job (MB)
	0  -  ResidentSetSize of job (KB)
...
006 (138.000.000) 08/15 14:26:05 Image size of job updated: 381008
	0  -  MemoryUsage of job (MB)
	0  -  ResidentSetSize of job (KB)
...
006 (138.000.000) 08/15 14:31:06 Image size of job updated: 383312
	0  -  MemoryUsage of job (MB)
	0  -  ResidentSetSize of job (KB)
...
010 (138.000.000) 08/15 15:22:20 Job was suspended.
	Number of processes actually suspended: 2
...
011 (138.000.000) 08/15 15:28:01 Job was unsuspended.
...
010 (138.000.000) 08/15 16:23:15 Job was suspended.
	Number of processes actually suspended: 2
...
011 (138.000.000) 08/15 16:28:17 Job was unsuspended.
...
010 (138.000.000) 08/15 16:35:57 Job was suspended.
	Number of processes actually suspended: 2
...
011 (138.000.000) 08/15 16:40:58 Job was unsuspended.
...
005 (138.000.000) 08/16 00:55:31 Job terminated.
	(1) Normal termination (return value 0)
		Usr 0 10:18:37, Sys 0 00:00:00  -  Run Remote Usage
		Usr 0 00:00:00, Sys 0 00:00:00  -  Run Local Usage
		Usr 0 10:18:37, Sys 0 00:00:00  -  Total Remote Usage
		Usr 0 00:00:00, Sys 0 00:00:00  -  Total Local Usage
	0  -  Run Bytes Sent By Job
	0  -  Run Bytes Received By Job
	0  -  Total Bytes Sent By Job
	0  -  Total Bytes Received By Job
	Partitionable Resources :    Usage  Request Allocated
	   Cpus                 :                 1         1
	   Disk (KB)            :        1        1    184163
	   Gpus                 :                           0
	   Memory (MB)          :        0        1         1
...
