000 (013.000.000) 08/13 12:52:19 Job submitted from host: <129.69.120.173:40804?addrs=129.69.120.173-40804>
...
000 (013.001.000) 08/13 12:52:19 Job submitted from host: <129.69.120.173:40804?addrs=129.69.120.173-40804>
...
000 (013.002.000) 08/13 12:52:19 Job submitted from host: <129.69.120.173:40804?addrs=129.69.120.173-40804>
...
000 (013.003.000) 08/13 12:52:19 Job submitted from host: <129.69.120.173:40804?addrs=129.69.120.173-40804>
...
000 (013.004.000) 08/13 12:52:19 Job submitted from host: <129.69.120.173:40804?addrs=129.69.120.173-40804>
...
000 (013.005.000) 08/13 12:52:19 Job submitted from host: <129.69.120.173:40804?addrs=129.69.120.173-40804>
...
000 (013.006.000) 08/13 12:52:19 Job submitted from host: <129.69.120.173:40804?addrs=129.69.120.173-40804>
...
000 (013.007.000) 08/13 12:52:19 Job submitted from host: <129.69.120.173:40804?addrs=129.69.120.173-40804>
...
000 (013.008.000) 08/13 12:52:19 Job submitted from host: <129.69.120.173:40804?addrs=129.69.120.173-40804>
...
000 (013.009.000) 08/13 12:52:19 Job submitted from host: <129.69.120.173:40804?addrs=129.69.120.173-40804>
...
000 (013.010.000) 08/13 12:52:19 Job submitted from host: <129.69.120.173:40804?addrs=129.69.120.173-40804>
...
000 (013.011.000) 08/13 12:52:19 Job submitted from host: <129.69.120.173:40804?addrs=129.69.120.173-40804>
...
000 (013.012.000) 08/13 12:52:19 Job submitted from host: <129.69.120.173:40804?addrs=129.69.120.173-40804>
...
000 (013.013.000) 08/13 12:52:19 Job submitted from host: <129.69.120.173:40804?addrs=129.69.120.173-40804>
...
000 (013.014.000) 08/13 12:52:19 Job submitted from host: <129.69.120.173:40804?addrs=129.69.120.173-40804>
...
000 (013.015.000) 08/13 12:52:19 Job submitted from host: <129.69.120.173:40804?addrs=129.69.120.173-40804>
...
001 (013.005.000) 08/13 12:52:36 Job executing on host: <129.69.120.181:21483?addrs=129.69.120.181-21483>
...
001 (013.006.000) 08/13 12:52:36 Job executing on host: <129.69.120.185:5552?addrs=129.69.120.185-5552>
...
001 (013.003.000) 08/13 12:52:36 Job executing on host: <129.69.120.177:19384?addrs=129.69.120.177-19384>
...
001 (013.015.000) 08/13 12:52:36 Job executing on host: <129.69.120.177:19384?addrs=129.69.120.177-19384>
...
001 (013.004.000) 08/13 12:52:36 Job executing on host: <129.69.120.189:21618?addrs=129.69.120.189-21618>
...
001 (013.007.000) 08/13 12:52:36 Job executing on host: <129.69.120.190:19991?addrs=129.69.120.190-19991>
...
001 (013.008.000) 08/13 12:52:36 Job executing on host: <129.69.120.183:45007?addrs=129.69.120.183-45007>
...
001 (013.010.000) 08/13 12:52:36 Job executing on host: <129.69.120.195:45965?addrs=129.69.120.195-45965>
...
001 (013.000.000) 08/13 12:52:36 Job executing on host: <129.69.120.103:34147?addrs=129.69.120.103-34147>
...
001 (013.009.000) 08/13 12:52:36 Job executing on host: <129.69.120.179:16665?addrs=129.69.120.179-16665>
...
001 (013.001.000) 08/13 12:52:36 Job executing on host: <129.69.120.53:31490?addrs=129.69.120.53-31490>
...
001 (013.002.000) 08/13 12:52:36 Job executing on host: <129.69.120.56:34701?addrs=129.69.120.56-34701>
...
001 (013.014.000) 08/13 12:52:36 Job executing on host: <129.69.120.181:21483?addrs=129.69.120.181-21483>
...
001 (013.012.000) 08/13 12:52:36 Job executing on host: <129.69.120.190:19991?addrs=129.69.120.190-19991>
...
001 (013.011.000) 08/13 12:52:36 Job executing on host: <129.69.120.179:16665?addrs=129.69.120.179-16665>
...
006 (013.002.000) 08/13 12:52:37 Image size of job updated: 1
	0  -  MemoryUsage of job (MB)
	0  -  ResidentSetSize of job (KB)
...
005 (013.002.000) 08/13 12:52:37 Job terminated.
	(1) Normal termination (return value 0)
		Usr 0 00:00:00, Sys 0 00:00:00  -  Run Remote Usage
		Usr 0 00:00:00, Sys 0 00:00:00  -  Run Local Usage
		Usr 0 00:00:00, Sys 0 00:00:00  -  Total Remote Usage
		Usr 0 00:00:00, Sys 0 00:00:00  -  Total Local Usage
	0  -  Run Bytes Sent By Job
	0  -  Run Bytes Received By Job
	0  -  Total Bytes Sent By Job
	0  -  Total Bytes Received By Job
	Partitionable Resources :    Usage  Request Allocated
	   Cpus                 :                 1         1
	   Disk (KB)            :        1        1    184752
	   Gpus                 :                           0
	   Memory (MB)          :        0        1         1
...
001 (013.013.000) 08/13 12:52:37 Job executing on host: <129.69.120.53:31490?addrs=129.69.120.53-31490>
...
006 (013.013.000) 08/13 12:52:45 Image size of job updated: 30016112
	0  -  MemoryUsage of job (MB)
	0  -  ResidentSetSize of job (KB)
...
006 (013.000.000) 08/13 12:52:45 Image size of job updated: 378664
	0  -  MemoryUsage of job (MB)
	0  -  ResidentSetSize of job (KB)
...
004 (013.000.000) 08/13 12:52:45 Job was evicted.
	(0) Job was not checkpointed.
		Usr 0 00:00:08, Sys 0 00:00:00  -  Run Remote Usage
		Usr 0 00:00:00, Sys 0 00:00:00  -  Run Local Usage
	0  -  Run Bytes Sent By Job
	0  -  Run Bytes Received By Job
	Partitionable Resources :    Usage  Request Allocated
	   Cpus                 :                 1         1
	   Disk (KB)            :        1        1    184433
	   Gpus                 :                           0
	   Memory (MB)          :        0        1         1
...
009 (013.000.000) 08/13 12:52:45 Job was aborted by the user.
	via condor_rm (by user gcates)
...
006 (013.006.000) 08/13 12:52:45 Image size of job updated: 378608
	0  -  MemoryUsage of job (MB)
	0  -  ResidentSetSize of job (KB)
...
006 (013.015.000) 08/13 12:52:45 Image size of job updated: 378608
	0  -  MemoryUsage of job (MB)
	0  -  ResidentSetSize of job (KB)
...
006 (013.005.000) 08/13 12:52:45 Image size of job updated: 378608
	0  -  MemoryUsage of job (MB)
	0  -  ResidentSetSize of job (KB)
...
006 (013.004.000) 08/13 12:52:45 Image size of job updated: 378608
	0  -  MemoryUsage of job (MB)
	0  -  ResidentSetSize of job (KB)
...
006 (013.003.000) 08/13 12:52:45 Image size of job updated: 378608
	0  -  MemoryUsage of job (MB)
	0  -  ResidentSetSize of job (KB)
...
006 (013.007.000) 08/13 12:52:45 Image size of job updated: 378608
	0  -  MemoryUsage of job (MB)
	0  -  ResidentSetSize of job (KB)
...
006 (013.008.000) 08/13 12:52:45 Image size of job updated: 378608
	0  -  MemoryUsage of job (MB)
	0  -  ResidentSetSize of job (KB)
...
006 (013.010.000) 08/13 12:52:45 Image size of job updated: 378608
	0  -  MemoryUsage of job (MB)
	0  -  ResidentSetSize of job (KB)
...
006 (013.009.000) 08/13 12:52:45 Image size of job updated: 378608
	0  -  MemoryUsage of job (MB)
	0  -  ResidentSetSize of job (KB)
...
006 (013.001.000) 08/13 12:52:45 Image size of job updated: 378664
	0  -  MemoryUsage of job (MB)
	0  -  ResidentSetSize of job (KB)
...
006 (013.014.000) 08/13 12:52:45 Image size of job updated: 9144880
	0  -  MemoryUsage of job (MB)
	0  -  ResidentSetSize of job (KB)
...
006 (013.012.000) 08/13 12:52:45 Image size of job updated: 9144880
	0  -  MemoryUsage of job (MB)
	0  -  ResidentSetSize of job (KB)
...
006 (013.011.000) 08/13 12:52:45 Image size of job updated: 9144880
	0  -  MemoryUsage of job (MB)
	0  -  ResidentSetSize of job (KB)
...
004 (013.001.000) 08/13 12:52:47 Job was evicted.
	(0) Job was not checkpointed.
		Usr 0 00:00:10, Sys 0 00:00:00  -  Run Remote Usage
		Usr 0 00:00:00, Sys 0 00:00:00  -  Run Local Usage
	0  -  Run Bytes Sent By Job
	0  -  Run Bytes Received By Job
	Partitionable Resources :    Usage  Request Allocated
	   Cpus                 :                 1         1
	   Disk (KB)            :        1        1    183848
	   Gpus                 :                           0
	   Memory (MB)          :        0        1         1
...
009 (013.001.000) 08/13 12:52:47 Job was aborted by the user.
	via condor_rm (by user gcates)
...
006 (013.003.000) 08/13 12:52:54 Image size of job updated: 378996
	0  -  MemoryUsage of job (MB)
	0  -  ResidentSetSize of job (KB)
...
004 (013.003.000) 08/13 12:52:54 Job was evicted.
	(0) Job was not checkpointed.
		Usr 0 00:00:17, Sys 0 00:00:00  -  Run Remote Usage
		Usr 0 00:00:00, Sys 0 00:00:00  -  Run Local Usage
	0  -  Run Bytes Sent By Job
	0  -  Run Bytes Received By Job
	Partitionable Resources :    Usage  Request Allocated
	   Cpus                 :                 1         1
	   Disk (KB)            :        1        1    169926
	   Gpus                 :                           0
	   Memory (MB)          :        0        1         1
...
009 (013.003.000) 08/13 12:52:54 Job was aborted by the user.
	via condor_rm (by user gcates)
...
006 (013.004.000) 08/13 12:52:59 Image size of job updated: 378996
	0  -  MemoryUsage of job (MB)
	0  -  ResidentSetSize of job (KB)
...
004 (013.004.000) 08/13 12:52:59 Job was evicted.
	(0) Job was not checkpointed.
		Usr 0 00:00:22, Sys 0 00:00:00  -  Run Remote Usage
		Usr 0 00:00:00, Sys 0 00:00:00  -  Run Local Usage
	0  -  Run Bytes Sent By Job
	0  -  Run Bytes Received By Job
	Partitionable Resources :    Usage  Request Allocated
	   Cpus                 :                 1         1
	   Disk (KB)            :        1        1    166846
	   Gpus                 :                           0
	   Memory (MB)          :        0        1         1
...
009 (013.004.000) 08/13 12:52:59 Job was aborted by the user.
	via condor_rm (by user gcates)
...
006 (013.005.000) 08/13 12:53:01 Image size of job updated: 378996
	0  -  MemoryUsage of job (MB)
	0  -  ResidentSetSize of job (KB)
...
004 (013.005.000) 08/13 12:53:01 Job was evicted.
	(0) Job was not checkpointed.
		Usr 0 00:00:23, Sys 0 00:00:00  -  Run Remote Usage
		Usr 0 00:00:00, Sys 0 00:00:00  -  Run Local Usage
	0  -  Run Bytes Sent By Job
	0  -  Run Bytes Received By Job
	Partitionable Resources :    Usage  Request Allocated
	   Cpus                 :                 1         1
	   Disk (KB)            :        1        1    170278
	   Gpus                 :                           0
	   Memory (MB)          :        0        1         1
...
009 (013.005.000) 08/13 12:53:01 Job was aborted by the user.
	via condor_rm (by user gcates)
...
006 (013.006.000) 08/13 12:53:02 Image size of job updated: 378996
	0  -  MemoryUsage of job (MB)
	0  -  ResidentSetSize of job (KB)
...
004 (013.006.000) 08/13 12:53:02 Job was evicted.
	(0) Job was not checkpointed.
		Usr 0 00:00:25, Sys 0 00:00:00  -  Run Remote Usage
		Usr 0 00:00:00, Sys 0 00:00:00  -  Run Local Usage
	0  -  Run Bytes Sent By Job
	0  -  Run Bytes Received By Job
	Partitionable Resources :    Usage  Request Allocated
	   Cpus                 :                 1         1
	   Disk (KB)            :        1        1    170423
	   Gpus                 :                           0
	   Memory (MB)          :        0        1         1
...
009 (013.006.000) 08/13 12:53:02 Job was aborted by the user.
	via condor_rm (by user gcates)
...
004 (013.007.000) 08/13 12:53:04 Job was evicted.
	(0) Job was not checkpointed.
		Usr 0 00:00:27, Sys 0 00:00:00  -  Run Remote Usage
		Usr 0 00:00:00, Sys 0 00:00:00  -  Run Local Usage
	0  -  Run Bytes Sent By Job
	0  -  Run Bytes Received By Job
	Partitionable Resources :    Usage  Request Allocated
	   Cpus                 :                 1         1
	   Disk (KB)            :        1        1    166665
	   Gpus                 :                           0
	   Memory (MB)          :        0        1         1
...
009 (013.007.000) 08/13 12:53:04 Job was aborted by the user.
	via condor_rm (by user gcates)
...
004 (013.008.000) 08/13 12:53:07 Job was evicted.
	(0) Job was not checkpointed.
		Usr 0 00:00:30, Sys 0 00:00:00  -  Run Remote Usage
		Usr 0 00:00:00, Sys 0 00:00:00  -  Run Local Usage
	0  -  Run Bytes Sent By Job
	0  -  Run Bytes Received By Job
	Partitionable Resources :    Usage  Request Allocated
	   Cpus                 :                 1         1
	   Disk (KB)            :        1        1    170291
	   Gpus                 :                           0
	   Memory (MB)          :        0        1         1
...
009 (013.008.000) 08/13 12:53:07 Job was aborted by the user.
	via condor_rm (by user gcates)
...
006 (013.009.000) 08/13 12:53:11 Image size of job updated: 378996
	0  -  MemoryUsage of job (MB)
	0  -  ResidentSetSize of job (KB)
...
004 (013.009.000) 08/13 12:53:11 Job was evicted.
	(0) Job was not checkpointed.
		Usr 0 00:00:34, Sys 0 00:00:00  -  Run Remote Usage
		Usr 0 00:00:00, Sys 0 00:00:00  -  Run Local Usage
	0  -  Run Bytes Sent By Job
	0  -  Run Bytes Received By Job
	Partitionable Resources :    Usage  Request Allocated
	   Cpus                 :                 1         1
	   Disk (KB)            :        1        1    170098
	   Gpus                 :                           0
	   Memory (MB)          :        0        1         1
...
009 (013.009.000) 08/13 12:53:11 Job was aborted by the user.
	via condor_rm (by user gcates)
...
006 (013.010.000) 08/13 12:53:14 Image size of job updated: 378996
	0  -  MemoryUsage of job (MB)
	0  -  ResidentSetSize of job (KB)
...
004 (013.010.000) 08/13 12:53:14 Job was evicted.
	(0) Job was not checkpointed.
		Usr 0 00:00:37, Sys 0 00:00:00  -  Run Remote Usage
		Usr 0 00:00:00, Sys 0 00:00:00  -  Run Local Usage
	0  -  Run Bytes Sent By Job
	0  -  Run Bytes Received By Job
	Partitionable Resources :    Usage  Request Allocated
	   Cpus                 :                 1         1
	   Disk (KB)            :        1        1    170218
	   Gpus                 :                           0
	   Memory (MB)          :        0        1         1
...
009 (013.010.000) 08/13 12:53:14 Job was aborted by the user.
	via condor_rm (by user gcates)
...
006 (013.011.000) 08/13 12:53:16 Image size of job updated: 9145272
	0  -  MemoryUsage of job (MB)
	0  -  ResidentSetSize of job (KB)
...
004 (013.011.000) 08/13 12:53:16 Job was evicted.
	(0) Job was not checkpointed.
		Usr 0 00:00:39, Sys 0 00:00:00  -  Run Remote Usage
		Usr 0 00:00:00, Sys 0 00:00:00  -  Run Local Usage
	0  -  Run Bytes Sent By Job
	0  -  Run Bytes Received By Job
	Partitionable Resources :    Usage  Request Allocated
	   Cpus                 :                 1         1
	   Disk (KB)            :        1        1    170098
	   Gpus                 :                           1
	   Memory (MB)          :        0        1      4096
...
009 (013.011.000) 08/13 12:53:16 Job was aborted by the user.
	via condor_rm (by user gcates)
...
006 (013.012.000) 08/13 12:53:17 Image size of job updated: 9145272
	0  -  MemoryUsage of job (MB)
	0  -  ResidentSetSize of job (KB)
...
004 (013.012.000) 08/13 12:53:17 Job was evicted.
	(0) Job was not checkpointed.
		Usr 0 00:00:40, Sys 0 00:00:00  -  Run Remote Usage
		Usr 0 00:00:00, Sys 0 00:00:00  -  Run Local Usage
	0  -  Run Bytes Sent By Job
	0  -  Run Bytes Received By Job
	Partitionable Resources :    Usage  Request Allocated
	   Cpus                 :                 1         1
	   Disk (KB)            :        1        1    166665
	   Gpus                 :                           1
	   Memory (MB)          :        0        1      4096
...
009 (013.012.000) 08/13 12:53:17 Job was aborted by the user.
	via condor_rm (by user gcates)
...
006 (013.013.000) 08/13 12:53:18 Image size of job updated: 30016500
	0  -  MemoryUsage of job (MB)
	0  -  ResidentSetSize of job (KB)
...
004 (013.013.000) 08/13 12:53:18 Job was evicted.
	(0) Job was not checkpointed.
		Usr 0 00:00:41, Sys 0 00:00:00  -  Run Remote Usage
		Usr 0 00:00:00, Sys 0 00:00:00  -  Run Local Usage
	0  -  Run Bytes Sent By Job
	0  -  Run Bytes Received By Job
	Partitionable Resources :    Usage  Request Allocated
	   Cpus                 :                 1         1
	   Disk (KB)            :        1        1    183848
	   Gpus                 :                           1
	   Memory (MB)          :        0        1      4096
...
009 (013.013.000) 08/13 12:53:18 Job was aborted by the user.
	via condor_rm (by user gcates)
...
006 (013.014.000) 08/13 12:53:20 Image size of job updated: 9145272
	0  -  MemoryUsage of job (MB)
	0  -  ResidentSetSize of job (KB)
...
004 (013.014.000) 08/13 12:53:20 Job was evicted.
	(0) Job was not checkpointed.
		Usr 0 00:00:43, Sys 0 00:00:00  -  Run Remote Usage
		Usr 0 00:00:00, Sys 0 00:00:00  -  Run Local Usage
	0  -  Run Bytes Sent By Job
	0  -  Run Bytes Received By Job
	Partitionable Resources :    Usage  Request Allocated
	   Cpus                 :                 1         1
	   Disk (KB)            :        1        1    170278
	   Gpus                 :                           1
	   Memory (MB)          :        0        1      4096
...
009 (013.014.000) 08/13 12:53:20 Job was aborted by the user.
	via condor_rm (by user gcates)
...
006 (013.015.000) 08/13 12:53:22 Image size of job updated: 378996
	0  -  MemoryUsage of job (MB)
	0  -  ResidentSetSize of job (KB)
...
004 (013.015.000) 08/13 12:53:22 Job was evicted.
	(0) Job was not checkpointed.
		Usr 0 00:00:45, Sys 0 00:00:00  -  Run Remote Usage
		Usr 0 00:00:00, Sys 0 00:00:00  -  Run Local Usage
	0  -  Run Bytes Sent By Job
	0  -  Run Bytes Received By Job
	Partitionable Resources :    Usage  Request Allocated
	   Cpus                 :                 1         1
	   Disk (KB)            :        1        1    169926
	   Gpus                 :                           0
	   Memory (MB)          :        0        1         1
...
009 (013.015.000) 08/13 12:53:22 Job was aborted by the user.
	via condor_rm (by user gcates)
...
