000 (014.000.000) 08/13 12:55:16 Job submitted from host: <129.69.120.173:40804?addrs=129.69.120.173-40804>
...
000 (014.001.000) 08/13 12:55:16 Job submitted from host: <129.69.120.173:40804?addrs=129.69.120.173-40804>
...
000 (014.002.000) 08/13 12:55:16 Job submitted from host: <129.69.120.173:40804?addrs=129.69.120.173-40804>
...
000 (014.003.000) 08/13 12:55:16 Job submitted from host: <129.69.120.173:40804?addrs=129.69.120.173-40804>
...
000 (014.004.000) 08/13 12:55:16 Job submitted from host: <129.69.120.173:40804?addrs=129.69.120.173-40804>
...
000 (014.005.000) 08/13 12:55:16 Job submitted from host: <129.69.120.173:40804?addrs=129.69.120.173-40804>
...
000 (014.006.000) 08/13 12:55:16 Job submitted from host: <129.69.120.173:40804?addrs=129.69.120.173-40804>
...
000 (014.007.000) 08/13 12:55:16 Job submitted from host: <129.69.120.173:40804?addrs=129.69.120.173-40804>
...
000 (014.008.000) 08/13 12:55:16 Job submitted from host: <129.69.120.173:40804?addrs=129.69.120.173-40804>
...
000 (014.009.000) 08/13 12:55:16 Job submitted from host: <129.69.120.173:40804?addrs=129.69.120.173-40804>
...
000 (014.010.000) 08/13 12:55:16 Job submitted from host: <129.69.120.173:40804?addrs=129.69.120.173-40804>
...
000 (014.011.000) 08/13 12:55:16 Job submitted from host: <129.69.120.173:40804?addrs=129.69.120.173-40804>
...
000 (014.012.000) 08/13 12:55:16 Job submitted from host: <129.69.120.173:40804?addrs=129.69.120.173-40804>
...
000 (014.013.000) 08/13 12:55:16 Job submitted from host: <129.69.120.173:40804?addrs=129.69.120.173-40804>
...
000 (014.014.000) 08/13 12:55:16 Job submitted from host: <129.69.120.173:40804?addrs=129.69.120.173-40804>
...
000 (014.015.000) 08/13 12:55:16 Job submitted from host: <129.69.120.173:40804?addrs=129.69.120.173-40804>
...
001 (014.003.000) 08/13 12:55:33 Job executing on host: <129.69.120.177:19384?addrs=129.69.120.177-19384>
...
001 (014.005.000) 08/13 12:55:33 Job executing on host: <129.69.120.181:21483?addrs=129.69.120.181-21483>
...
001 (014.006.000) 08/13 12:55:33 Job executing on host: <129.69.120.185:5552?addrs=129.69.120.185-5552>
...
001 (014.004.000) 08/13 12:55:33 Job executing on host: <129.69.120.189:21618?addrs=129.69.120.189-21618>
...
001 (014.007.000) 08/13 12:55:33 Job executing on host: <129.69.120.183:45007?addrs=129.69.120.183-45007>
...
001 (014.009.000) 08/13 12:55:33 Job executing on host: <129.69.120.195:45965?addrs=129.69.120.195-45965>
...
001 (014.008.000) 08/13 12:55:33 Job executing on host: <129.69.120.179:16665?addrs=129.69.120.179-16665>
...
001 (014.000.000) 08/13 12:55:33 Job executing on host: <129.69.120.103:34147?addrs=129.69.120.103-34147>
...
001 (014.001.000) 08/13 12:55:33 Job executing on host: <129.69.120.53:31490?addrs=129.69.120.53-31490>
...
001 (014.013.000) 08/13 12:55:33 Job executing on host: <129.69.120.195:45965?addrs=129.69.120.195-45965>
...
001 (014.011.000) 08/13 12:55:33 Job executing on host: <129.69.120.181:21483?addrs=129.69.120.181-21483>
...
001 (014.010.000) 08/13 12:55:33 Job executing on host: <129.69.120.179:16665?addrs=129.69.120.179-16665>
...
001 (014.015.000) 08/13 12:55:33 Job executing on host: <129.69.120.193:42192?addrs=129.69.120.193-42192>
...
001 (014.002.000) 08/13 12:55:33 Job executing on host: <129.69.120.56:34701?addrs=129.69.120.56-34701>
...
001 (014.014.000) 08/13 12:55:33 Job executing on host: <129.69.120.183:45007?addrs=129.69.120.183-45007>
...
006 (014.002.000) 08/13 12:55:33 Image size of job updated: 1
	0  -  MemoryUsage of job (MB)
	0  -  ResidentSetSize of job (KB)
...
005 (014.002.000) 08/13 12:55:33 Job terminated.
	(1) Normal termination (return value 0)
		Usr 0 00:00:00, Sys 0 00:00:00  -  Run Remote Usage
		Usr 0 00:00:00, Sys 0 00:00:00  -  Run Local Usage
		Usr 0 00:00:00, Sys 0 00:00:00  -  Total Remote Usage
		Usr 0 00:00:00, Sys 0 00:00:00  -  Total Local Usage
	0  -  Run Bytes Sent By Job
	0  -  Run Bytes Received By Job
	0  -  Total Bytes Sent By Job
	0  -  Total Bytes Received By Job
	Partitionable Resources :    Usage  Request Allocated
	   Cpus                 :                 1         1
	   Disk (KB)            :        1        1    184752
	   Gpus                 :                           0
	   Memory (MB)          :        0        1         1
...
001 (014.012.000) 08/13 12:55:33 Job executing on host: <129.69.120.53:31490?addrs=129.69.120.53-31490>
...
006 (014.003.000) 08/13 12:55:41 Image size of job updated: 378608
	0  -  MemoryUsage of job (MB)
	0  -  ResidentSetSize of job (KB)
...
006 (014.006.000) 08/13 12:55:41 Image size of job updated: 378608
	0  -  MemoryUsage of job (MB)
	0  -  ResidentSetSize of job (KB)
...
006 (014.005.000) 08/13 12:55:41 Image size of job updated: 378608
	0  -  MemoryUsage of job (MB)
	0  -  ResidentSetSize of job (KB)
...
006 (014.004.000) 08/13 12:55:41 Image size of job updated: 378608
	0  -  MemoryUsage of job (MB)
	0  -  ResidentSetSize of job (KB)
...
006 (014.007.000) 08/13 12:55:41 Image size of job updated: 378608
	0  -  MemoryUsage of job (MB)
	0  -  ResidentSetSize of job (KB)
...
006 (014.009.000) 08/13 12:55:41 Image size of job updated: 378608
	0  -  MemoryUsage of job (MB)
	0  -  ResidentSetSize of job (KB)
...
006 (014.008.000) 08/13 12:55:41 Image size of job updated: 378608
	0  -  MemoryUsage of job (MB)
	0  -  ResidentSetSize of job (KB)
...
006 (014.000.000) 08/13 12:55:41 Image size of job updated: 379056
	0  -  MemoryUsage of job (MB)
	0  -  ResidentSetSize of job (KB)
...
006 (014.001.000) 08/13 12:55:41 Image size of job updated: 378664
	0  -  MemoryUsage of job (MB)
	0  -  ResidentSetSize of job (KB)
...
006 (014.013.000) 08/13 12:55:41 Image size of job updated: 9144880
	0  -  MemoryUsage of job (MB)
	0  -  ResidentSetSize of job (KB)
...
006 (014.011.000) 08/13 12:55:41 Image size of job updated: 9144880
	0  -  MemoryUsage of job (MB)
	0  -  ResidentSetSize of job (KB)
...
006 (014.010.000) 08/13 12:55:41 Image size of job updated: 9144880
	0  -  MemoryUsage of job (MB)
	0  -  ResidentSetSize of job (KB)
...
006 (014.015.000) 08/13 12:55:42 Image size of job updated: 9144884
	0  -  MemoryUsage of job (MB)
	0  -  ResidentSetSize of job (KB)
...
006 (014.014.000) 08/13 12:55:42 Image size of job updated: 9144880
	0  -  MemoryUsage of job (MB)
	0  -  ResidentSetSize of job (KB)
...
006 (014.012.000) 08/13 12:55:42 Image size of job updated: 30016112
	0  -  MemoryUsage of job (MB)
	0  -  ResidentSetSize of job (KB)
...
006 (014.003.000) 08/13 13:00:41 Image size of job updated: 383256
	0  -  MemoryUsage of job (MB)
	0  -  ResidentSetSize of job (KB)
...
006 (014.004.000) 08/13 13:00:41 Image size of job updated: 383256
	0  -  MemoryUsage of job (MB)
	0  -  ResidentSetSize of job (KB)
...
006 (014.006.000) 08/13 13:00:41 Image size of job updated: 383256
	0  -  MemoryUsage of job (MB)
	0  -  ResidentSetSize of job (KB)
...
006 (014.005.000) 08/13 13:00:41 Image size of job updated: 383256
	0  -  MemoryUsage of job (MB)
	0  -  ResidentSetSize of job (KB)
...
006 (014.007.000) 08/13 13:00:41 Image size of job updated: 383256
	0  -  MemoryUsage of job (MB)
	0  -  ResidentSetSize of job (KB)
...
006 (014.009.000) 08/13 13:00:41 Image size of job updated: 382864
	0  -  MemoryUsage of job (MB)
	0  -  ResidentSetSize of job (KB)
...
006 (014.008.000) 08/13 13:00:41 Image size of job updated: 380560
	0  -  MemoryUsage of job (MB)
	0  -  ResidentSetSize of job (KB)
...
006 (014.000.000) 08/13 13:00:41 Image size of job updated: 381400
	0  -  MemoryUsage of job (MB)
	0  -  ResidentSetSize of job (KB)
...
006 (014.001.000) 08/13 13:00:41 Image size of job updated: 381008
	0  -  MemoryUsage of job (MB)
	0  -  ResidentSetSize of job (KB)
...
006 (014.013.000) 08/13 13:00:41 Image size of job updated: 9149140
	0  -  MemoryUsage of job (MB)
	0  -  ResidentSetSize of job (KB)
...
006 (014.011.000) 08/13 13:00:42 Image size of job updated: 9146836
	0  -  MemoryUsage of job (MB)
	0  -  ResidentSetSize of job (KB)
...
006 (014.010.000) 08/13 13:00:42 Image size of job updated: 9146836
	0  -  MemoryUsage of job (MB)
	0  -  ResidentSetSize of job (KB)
...
006 (014.014.000) 08/13 13:00:43 Image size of job updated: 9149140
	0  -  MemoryUsage of job (MB)
	0  -  ResidentSetSize of job (KB)
...
006 (014.012.000) 08/13 13:00:43 Image size of job updated: 30018064
	0  -  MemoryUsage of job (MB)
	0  -  ResidentSetSize of job (KB)
...
006 (014.015.000) 08/13 13:00:43 Image size of job updated: 9146836
	0  -  MemoryUsage of job (MB)
	0  -  ResidentSetSize of job (KB)
...
006 (014.008.000) 08/13 13:05:42 Image size of job updated: 382864
	0  -  MemoryUsage of job (MB)
	0  -  ResidentSetSize of job (KB)
...
006 (014.000.000) 08/13 13:05:42 Image size of job updated: 383192
	0  -  MemoryUsage of job (MB)
	0  -  ResidentSetSize of job (KB)
...
006 (014.001.000) 08/13 13:05:42 Image size of job updated: 383312
	0  -  MemoryUsage of job (MB)
	0  -  ResidentSetSize of job (KB)
...
006 (014.011.000) 08/13 13:05:43 Image size of job updated: 9149140
	0  -  MemoryUsage of job (MB)
	0  -  ResidentSetSize of job (KB)
...
006 (014.010.000) 08/13 13:05:43 Image size of job updated: 9149140
	0  -  MemoryUsage of job (MB)
	0  -  ResidentSetSize of job (KB)
...
006 (014.012.000) 08/13 13:05:43 Image size of job updated: 30020368
	0  -  MemoryUsage of job (MB)
	0  -  ResidentSetSize of job (KB)
...
006 (014.015.000) 08/13 13:05:44 Image size of job updated: 9149140
	0  -  MemoryUsage of job (MB)
	0  -  ResidentSetSize of job (KB)
...
005 (014.003.000) 08/13 13:46:37 Job terminated.
	(1) Normal termination (return value 0)
		Usr 0 00:50:49, Sys 0 00:00:00  -  Run Remote Usage
		Usr 0 00:00:00, Sys 0 00:00:00  -  Run Local Usage
		Usr 0 00:50:49, Sys 0 00:00:00  -  Total Remote Usage
		Usr 0 00:00:00, Sys 0 00:00:00  -  Total Local Usage
	0  -  Run Bytes Sent By Job
	0  -  Run Bytes Received By Job
	0  -  Total Bytes Sent By Job
	0  -  Total Bytes Received By Job
	Partitionable Resources :    Usage  Request Allocated
	   Cpus                 :                 1         1
	   Disk (KB)            :        1        1    169926
	   Gpus                 :                           0
	   Memory (MB)          :        0        1         1
...
005 (014.006.000) 08/13 13:47:58 Job terminated.
	(1) Normal termination (return value 0)
		Usr 0 00:52:19, Sys 0 00:00:00  -  Run Remote Usage
		Usr 0 00:00:00, Sys 0 00:00:00  -  Run Local Usage
		Usr 0 00:52:19, Sys 0 00:00:00  -  Total Remote Usage
		Usr 0 00:00:00, Sys 0 00:00:00  -  Total Local Usage
	0  -  Run Bytes Sent By Job
	0  -  Run Bytes Received By Job
	0  -  Total Bytes Sent By Job
	0  -  Total Bytes Received By Job
	Partitionable Resources :    Usage  Request Allocated
	   Cpus                 :                 1         1
	   Disk (KB)            :        1        1    170423
	   Gpus                 :                           0
	   Memory (MB)          :        0        1         1
...
005 (014.005.000) 08/13 13:48:17 Job terminated.
	(1) Normal termination (return value 0)
		Usr 0 00:52:34, Sys 0 00:00:00  -  Run Remote Usage
		Usr 0 00:00:00, Sys 0 00:00:00  -  Run Local Usage
		Usr 0 00:52:34, Sys 0 00:00:00  -  Total Remote Usage
		Usr 0 00:00:00, Sys 0 00:00:00  -  Total Local Usage
	0  -  Run Bytes Sent By Job
	0  -  Run Bytes Received By Job
	0  -  Total Bytes Sent By Job
	0  -  Total Bytes Received By Job
	Partitionable Resources :    Usage  Request Allocated
	   Cpus                 :                 1         1
	   Disk (KB)            :        1        1    170277
	   Gpus                 :                           0
	   Memory (MB)          :        0        1         1
...
005 (014.007.000) 08/13 13:48:20 Job terminated.
	(1) Normal termination (return value 0)
		Usr 0 00:52:34, Sys 0 00:00:00  -  Run Remote Usage
		Usr 0 00:00:00, Sys 0 00:00:00  -  Run Local Usage
		Usr 0 00:52:34, Sys 0 00:00:00  -  Total Remote Usage
		Usr 0 00:00:00, Sys 0 00:00:00  -  Total Local Usage
	0  -  Run Bytes Sent By Job
	0  -  Run Bytes Received By Job
	0  -  Total Bytes Sent By Job
	0  -  Total Bytes Received By Job
	Partitionable Resources :    Usage  Request Allocated
	   Cpus                 :                 1         1
	   Disk (KB)            :        1        1    170291
	   Gpus                 :                           0
	   Memory (MB)          :        0        1         1
...
005 (014.004.000) 08/13 13:48:28 Job terminated.
	(1) Normal termination (return value 0)
		Usr 0 00:52:48, Sys 0 00:00:00  -  Run Remote Usage
		Usr 0 00:00:00, Sys 0 00:00:00  -  Run Local Usage
		Usr 0 00:52:48, Sys 0 00:00:00  -  Total Remote Usage
		Usr 0 00:00:00, Sys 0 00:00:00  -  Total Local Usage
	0  -  Run Bytes Sent By Job
	0  -  Run Bytes Received By Job
	0  -  Total Bytes Sent By Job
	0  -  Total Bytes Received By Job
	Partitionable Resources :    Usage  Request Allocated
	   Cpus                 :                 1         1
	   Disk (KB)            :        1        1    166846
	   Gpus                 :                           0
	   Memory (MB)          :        0        1         1
...
005 (014.009.000) 08/13 13:48:53 Job terminated.
	(1) Normal termination (return value 0)
		Usr 0 00:53:18, Sys 0 00:00:00  -  Run Remote Usage
		Usr 0 00:00:00, Sys 0 00:00:00  -  Run Local Usage
		Usr 0 00:53:18, Sys 0 00:00:00  -  Total Remote Usage
		Usr 0 00:00:00, Sys 0 00:00:00  -  Total Local Usage
	0  -  Run Bytes Sent By Job
	0  -  Run Bytes Received By Job
	0  -  Total Bytes Sent By Job
	0  -  Total Bytes Received By Job
	Partitionable Resources :    Usage  Request Allocated
	   Cpus                 :                 1         1
	   Disk (KB)            :        1        1    170217
	   Gpus                 :                           0
	   Memory (MB)          :        0        1         1
...
005 (014.013.000) 08/13 13:50:12 Job terminated.
	(1) Normal termination (return value 0)
		Usr 0 00:54:33, Sys 0 00:00:00  -  Run Remote Usage
		Usr 0 00:00:00, Sys 0 00:00:00  -  Run Local Usage
		Usr 0 00:54:33, Sys 0 00:00:00  -  Total Remote Usage
		Usr 0 00:00:00, Sys 0 00:00:00  -  Total Local Usage
	0  -  Run Bytes Sent By Job
	0  -  Run Bytes Received By Job
	0  -  Total Bytes Sent By Job
	0  -  Total Bytes Received By Job
	Partitionable Resources :    Usage  Request Allocated
	   Cpus                 :                 1         1
	   Disk (KB)            :        1        1    170217
	   Gpus                 :                           1
	   Memory (MB)          :        0        1      4096
...
005 (014.014.000) 08/13 13:50:16 Job terminated.
	(1) Normal termination (return value 0)
		Usr 0 00:54:32, Sys 0 00:00:00  -  Run Remote Usage
		Usr 0 00:00:00, Sys 0 00:00:00  -  Run Local Usage
		Usr 0 00:54:32, Sys 0 00:00:00  -  Total Remote Usage
		Usr 0 00:00:00, Sys 0 00:00:00  -  Total Local Usage
	0  -  Run Bytes Sent By Job
	0  -  Run Bytes Received By Job
	0  -  Total Bytes Sent By Job
	0  -  Total Bytes Received By Job
	Partitionable Resources :    Usage  Request Allocated
	   Cpus                 :                 1         1
	   Disk (KB)            :        1        1    170291
	   Gpus                 :                           1
	   Memory (MB)          :        0        1      4096
...
005 (014.011.000) 08/13 13:50:59 Job terminated.
	(1) Normal termination (return value 0)
		Usr 0 00:55:20, Sys 0 00:00:00  -  Run Remote Usage
		Usr 0 00:00:00, Sys 0 00:00:00  -  Run Local Usage
		Usr 0 00:55:20, Sys 0 00:00:00  -  Total Remote Usage
		Usr 0 00:00:00, Sys 0 00:00:00  -  Total Local Usage
	0  -  Run Bytes Sent By Job
	0  -  Run Bytes Received By Job
	0  -  Total Bytes Sent By Job
	0  -  Total Bytes Received By Job
	Partitionable Resources :    Usage  Request Allocated
	   Cpus                 :                 1         1
	   Disk (KB)            :        1        1    170277
	   Gpus                 :                           1
	   Memory (MB)          :        0        1      4096
...
005 (014.015.000) 08/13 13:54:07 Job terminated.
	(1) Normal termination (return value 0)
		Usr 0 00:58:19, Sys 0 00:00:00  -  Run Remote Usage
		Usr 0 00:00:00, Sys 0 00:00:00  -  Run Local Usage
		Usr 0 00:58:19, Sys 0 00:00:00  -  Total Remote Usage
		Usr 0 00:00:00, Sys 0 00:00:00  -  Total Local Usage
	0  -  Run Bytes Sent By Job
	0  -  Run Bytes Received By Job
	0  -  Total Bytes Sent By Job
	0  -  Total Bytes Received By Job
	Partitionable Resources :    Usage  Request Allocated
	   Cpus                 :                 1         1
	   Disk (KB)            :        1        1    166597
	   Gpus                 :                           1
	   Memory (MB)          :        0        1      4096
...
005 (014.008.000) 08/13 13:59:01 Job terminated.
	(1) Normal termination (return value 0)
		Usr 0 01:03:18, Sys 0 00:00:00  -  Run Remote Usage
		Usr 0 00:00:00, Sys 0 00:00:00  -  Run Local Usage
		Usr 0 01:03:18, Sys 0 00:00:00  -  Total Remote Usage
		Usr 0 00:00:00, Sys 0 00:00:00  -  Total Local Usage
	0  -  Run Bytes Sent By Job
	0  -  Run Bytes Received By Job
	0  -  Total Bytes Sent By Job
	0  -  Total Bytes Received By Job
	Partitionable Resources :    Usage  Request Allocated
	   Cpus                 :                 1         1
	   Disk (KB)            :        1        1    170098
	   Gpus                 :                           0
	   Memory (MB)          :        0        1         1
...
005 (014.010.000) 08/13 14:00:11 Job terminated.
	(1) Normal termination (return value 0)
		Usr 0 01:04:33, Sys 0 00:00:00  -  Run Remote Usage
		Usr 0 00:00:00, Sys 0 00:00:00  -  Run Local Usage
		Usr 0 01:04:33, Sys 0 00:00:00  -  Total Remote Usage
		Usr 0 00:00:00, Sys 0 00:00:00  -  Total Local Usage
	0  -  Run Bytes Sent By Job
	0  -  Run Bytes Received By Job
	0  -  Total Bytes Sent By Job
	0  -  Total Bytes Received By Job
	Partitionable Resources :    Usage  Request Allocated
	   Cpus                 :                 1         1
	   Disk (KB)            :        1        1    170098
	   Gpus                 :                           1
	   Memory (MB)          :        0        1      4096
...
005 (014.001.000) 08/13 14:00:47 Job terminated.
	(1) Normal termination (return value 0)
		Usr 0 01:05:13, Sys 0 00:00:00  -  Run Remote Usage
		Usr 0 00:00:00, Sys 0 00:00:00  -  Run Local Usage
		Usr 0 01:05:13, Sys 0 00:00:00  -  Total Remote Usage
		Usr 0 00:00:00, Sys 0 00:00:00  -  Total Local Usage
	0  -  Run Bytes Sent By Job
	0  -  Run Bytes Received By Job
	0  -  Total Bytes Sent By Job
	0  -  Total Bytes Received By Job
	Partitionable Resources :    Usage  Request Allocated
	   Cpus                 :                 1         1
	   Disk (KB)            :        1        1    183848
	   Gpus                 :                           0
	   Memory (MB)          :        0        1         1
...
005 (014.000.000) 08/13 14:01:00 Job terminated.
	(1) Normal termination (return value 0)
		Usr 0 01:04:11, Sys 0 00:00:01  -  Run Remote Usage
		Usr 0 00:00:00, Sys 0 00:00:00  -  Run Local Usage
		Usr 0 01:04:11, Sys 0 00:00:01  -  Total Remote Usage
		Usr 0 00:00:00, Sys 0 00:00:00  -  Total Local Usage
	0  -  Run Bytes Sent By Job
	0  -  Run Bytes Received By Job
	0  -  Total Bytes Sent By Job
	0  -  Total Bytes Received By Job
	Partitionable Resources :    Usage  Request Allocated
	   Cpus                 :                 1         1
	   Disk (KB)            :        1        1    184433
	   Gpus                 :                           0
	   Memory (MB)          :        0        1         1
...
005 (014.012.000) 08/13 14:05:33 Job terminated.
	(1) Normal termination (return value 0)
		Usr 0 01:09:51, Sys 0 00:00:00  -  Run Remote Usage
		Usr 0 00:00:00, Sys 0 00:00:00  -  Run Local Usage
		Usr 0 01:09:51, Sys 0 00:00:00  -  Total Remote Usage
		Usr 0 00:00:00, Sys 0 00:00:00  -  Total Local Usage
	0  -  Run Bytes Sent By Job
	0  -  Run Bytes Received By Job
	0  -  Total Bytes Sent By Job
	0  -  Total Bytes Received By Job
	Partitionable Resources :    Usage  Request Allocated
	   Cpus                 :                 1         1
	   Disk (KB)            :        1        1    183848
	   Gpus                 :                           1
	   Memory (MB)          :        0        1      4096
...
