000 (16268.000.000) 08/15 14:10:35 Job submitted from host: <129.69.120.170:57407?addrs=129.69.120.170-57407>
...
000 (16268.001.000) 08/15 14:10:35 Job submitted from host: <129.69.120.170:57407?addrs=129.69.120.170-57407>
...
000 (16268.002.000) 08/15 14:10:35 Job submitted from host: <129.69.120.170:57407?addrs=129.69.120.170-57407>
...
000 (16268.003.000) 08/15 14:10:35 Job submitted from host: <129.69.120.170:57407?addrs=129.69.120.170-57407>
...
000 (16268.004.000) 08/15 14:10:35 Job submitted from host: <129.69.120.170:57407?addrs=129.69.120.170-57407>
...
000 (16268.005.000) 08/15 14:10:35 Job submitted from host: <129.69.120.170:57407?addrs=129.69.120.170-57407>
...
000 (16268.006.000) 08/15 14:10:35 Job submitted from host: <129.69.120.170:57407?addrs=129.69.120.170-57407>
...
000 (16268.007.000) 08/15 14:10:35 Job submitted from host: <129.69.120.170:57407?addrs=129.69.120.170-57407>
...
000 (16268.008.000) 08/15 14:10:35 Job submitted from host: <129.69.120.170:57407?addrs=129.69.120.170-57407>
...
000 (16268.009.000) 08/15 14:10:35 Job submitted from host: <129.69.120.170:57407?addrs=129.69.120.170-57407>
...
001 (16268.001.000) 08/15 14:11:09 Job executing on host: <129.69.120.178:58310?addrs=129.69.120.178-58310>
...
001 (16268.004.000) 08/15 14:11:09 Job executing on host: <129.69.120.178:58310?addrs=129.69.120.178-58310>
...
001 (16268.003.000) 08/15 14:11:09 Job executing on host: <129.69.120.194:11325?addrs=129.69.120.194-11325>
...
001 (16268.005.000) 08/15 14:11:09 Job executing on host: <129.69.120.194:11325?addrs=129.69.120.194-11325>
...
001 (16268.008.000) 08/15 14:11:09 Job executing on host: <129.69.120.183:57299?addrs=129.69.120.183-57299>
...
001 (16268.002.000) 08/15 14:11:09 Job executing on host: <129.69.120.183:57299?addrs=129.69.120.183-57299>
...
001 (16268.006.000) 08/15 14:11:09 Job executing on host: <129.69.120.187:60372?addrs=129.69.120.187-60372>
...
001 (16268.009.000) 08/15 14:11:09 Job executing on host: <129.69.120.193:52582?addrs=129.69.120.193-52582>
...
001 (16268.000.000) 08/15 14:11:09 Job executing on host: <129.69.120.56:7528?addrs=129.69.120.56-7528>
...
001 (16268.007.000) 08/15 14:11:09 Job executing on host: <129.69.120.56:7528?addrs=129.69.120.56-7528>
...
006 (16268.000.000) 08/15 14:11:09 Image size of job updated: 1
	0  -  MemoryUsage of job (MB)
	0  -  ResidentSetSize of job (KB)
...
006 (16268.007.000) 08/15 14:11:09 Image size of job updated: 1
	0  -  MemoryUsage of job (MB)
	0  -  ResidentSetSize of job (KB)
...
005 (16268.000.000) 08/15 14:11:09 Job terminated.
	(1) Normal termination (return value 0)
		Usr 0 00:00:00, Sys 0 00:00:00  -  Run Remote Usage
		Usr 0 00:00:00, Sys 0 00:00:00  -  Run Local Usage
		Usr 0 00:00:00, Sys 0 00:00:00  -  Total Remote Usage
		Usr 0 00:00:00, Sys 0 00:00:00  -  Total Local Usage
	0  -  Run Bytes Sent By Job
	0  -  Run Bytes Received By Job
	0  -  Total Bytes Sent By Job
	0  -  Total Bytes Received By Job
	Partitionable Resources :    Usage  Request Allocated
	   Cpus                 :                 1         1
	   Disk (KB)            :        1        1    184405
	   Gpus                 :                           1
	   Memory (MB)          :        0        1         1
...
005 (16268.007.000) 08/15 14:11:09 Job terminated.
	(1) Normal termination (return value 0)
		Usr 0 00:00:00, Sys 0 00:00:00  -  Run Remote Usage
		Usr 0 00:00:00, Sys 0 00:00:00  -  Run Local Usage
		Usr 0 00:00:00, Sys 0 00:00:00  -  Total Remote Usage
		Usr 0 00:00:00, Sys 0 00:00:00  -  Total Local Usage
	0  -  Run Bytes Sent By Job
	0  -  Run Bytes Received By Job
	0  -  Total Bytes Sent By Job
	0  -  Total Bytes Received By Job
	Partitionable Resources :    Usage  Request Allocated
	   Cpus                 :                 1         1
	   Disk (KB)            :        1        1    184405
	   Gpus                 :                           1
	   Memory (MB)          :        0        1         1
...
006 (16268.004.000) 08/15 14:11:17 Image size of job updated: 378608
	0  -  MemoryUsage of job (MB)
	0  -  ResidentSetSize of job (KB)
...
006 (16268.001.000) 08/15 14:11:17 Image size of job updated: 378608
	0  -  MemoryUsage of job (MB)
	0  -  ResidentSetSize of job (KB)
...
006 (16268.003.000) 08/15 14:11:17 Image size of job updated: 378608
	0  -  MemoryUsage of job (MB)
	0  -  ResidentSetSize of job (KB)
...
006 (16268.005.000) 08/15 14:11:17 Image size of job updated: 378608
	0  -  MemoryUsage of job (MB)
	0  -  ResidentSetSize of job (KB)
...
006 (16268.002.000) 08/15 14:11:17 Image size of job updated: 378608
	0  -  MemoryUsage of job (MB)
	0  -  ResidentSetSize of job (KB)
...
006 (16268.008.000) 08/15 14:11:17 Image size of job updated: 378608
	0  -  MemoryUsage of job (MB)
	0  -  ResidentSetSize of job (KB)
...
006 (16268.006.000) 08/15 14:11:17 Image size of job updated: 378608
	0  -  MemoryUsage of job (MB)
	0  -  ResidentSetSize of job (KB)
...
006 (16268.009.000) 08/15 14:11:17 Image size of job updated: 378608
	0  -  MemoryUsage of job (MB)
	0  -  ResidentSetSize of job (KB)
...
006 (16268.006.000) 08/15 14:16:17 Image size of job updated: 383256
	0  -  MemoryUsage of job (MB)
	0  -  ResidentSetSize of job (KB)
...
006 (16268.001.000) 08/15 14:16:17 Image size of job updated: 383256
	0  -  MemoryUsage of job (MB)
	0  -  ResidentSetSize of job (KB)
...
006 (16268.003.000) 08/15 14:16:17 Image size of job updated: 383256
	0  -  MemoryUsage of job (MB)
	0  -  ResidentSetSize of job (KB)
...
006 (16268.002.000) 08/15 14:16:17 Image size of job updated: 383256
	0  -  MemoryUsage of job (MB)
	0  -  ResidentSetSize of job (KB)
...
006 (16268.008.000) 08/15 14:16:17 Image size of job updated: 383256
	0  -  MemoryUsage of job (MB)
	0  -  ResidentSetSize of job (KB)
...
006 (16268.009.000) 08/15 14:16:17 Image size of job updated: 383256
	0  -  MemoryUsage of job (MB)
	0  -  ResidentSetSize of job (KB)
...
006 (16268.004.000) 08/15 14:16:17 Image size of job updated: 383256
	0  -  MemoryUsage of job (MB)
	0  -  ResidentSetSize of job (KB)
...
006 (16268.005.000) 08/15 14:16:17 Image size of job updated: 383256
	0  -  MemoryUsage of job (MB)
	0  -  ResidentSetSize of job (KB)
...
010 (16268.006.000) 08/15 15:00:29 Job was suspended.
	Number of processes actually suspended: 2
...
011 (16268.006.000) 08/15 15:06:31 Job was unsuspended.
...
010 (16268.005.000) 08/15 16:17:55 Job was suspended.
	Number of processes actually suspended: 2
...
011 (16268.005.000) 08/15 16:22:56 Job was unsuspended.
...
004 (16268.008.000) 08/15 16:44:43 Job was evicted.
	(0) Job was not checkpointed.
		Usr 0 02:33:23, Sys 0 00:00:00  -  Run Remote Usage
		Usr 0 00:00:00, Sys 0 00:00:00  -  Run Local Usage
	0  -  Run Bytes Sent By Job
	0  -  Run Bytes Received By Job
	Partitionable Resources :    Usage  Request Allocated
	   Cpus                 :                 1         1
	   Disk (KB)            :        1        1    170260
	   Gpus                 :                           0
	   Memory (MB)          :        0        1         1
...
004 (16268.002.000) 08/15 16:44:43 Job was evicted.
	(0) Job was not checkpointed.
		Usr 0 02:33:23, Sys 0 00:00:00  -  Run Remote Usage
		Usr 0 00:00:00, Sys 0 00:00:00  -  Run Local Usage
	0  -  Run Bytes Sent By Job
	0  -  Run Bytes Received By Job
	Partitionable Resources :    Usage  Request Allocated
	   Cpus                 :                 1         1
	   Disk (KB)            :        1        1    170260
	   Gpus                 :                           0
	   Memory (MB)          :        0        1         1
...
001 (16268.008.000) 08/15 16:46:53 Job executing on host: <129.69.120.53:53710?addrs=129.69.120.53-53710>
...
001 (16268.002.000) 08/15 16:46:53 Job executing on host: <129.69.120.67:32163?addrs=129.69.120.67-32163>
...
005 (16268.001.000) 08/15 22:09:53 Job terminated.
	(1) Normal termination (return value 0)
		Usr 0 07:58:31, Sys 0 00:00:00  -  Run Remote Usage
		Usr 0 00:00:00, Sys 0 00:00:00  -  Run Local Usage
		Usr 0 07:58:31, Sys 0 00:00:00  -  Total Remote Usage
		Usr 0 00:00:00, Sys 0 00:00:00  -  Total Local Usage
	0  -  Run Bytes Sent By Job
	0  -  Run Bytes Received By Job
	0  -  Total Bytes Sent By Job
	0  -  Total Bytes Received By Job
	Partitionable Resources :    Usage  Request Allocated
	   Cpus                 :                 1         1
	   Disk (KB)            :        1        1    170127
	   Gpus                 :                           0
	   Memory (MB)          :        0        1         1
...
005 (16268.003.000) 08/15 22:11:58 Job terminated.
	(1) Normal termination (return value 0)
		Usr 0 08:00:42, Sys 0 00:00:00  -  Run Remote Usage
		Usr 0 00:00:00, Sys 0 00:00:00  -  Run Local Usage
		Usr 0 08:00:42, Sys 0 00:00:00  -  Total Remote Usage
		Usr 0 00:00:00, Sys 0 00:00:00  -  Total Local Usage
	0  -  Run Bytes Sent By Job
	0  -  Run Bytes Received By Job
	0  -  Total Bytes Sent By Job
	0  -  Total Bytes Received By Job
	Partitionable Resources :    Usage  Request Allocated
	   Cpus                 :                 1         1
	   Disk (KB)            :        1        1    169544
	   Gpus                 :                           0
	   Memory (MB)          :        0        1         1
...
005 (16268.004.000) 08/15 22:17:01 Job terminated.
	(1) Normal termination (return value 0)
		Usr 0 08:05:47, Sys 0 00:00:00  -  Run Remote Usage
		Usr 0 00:00:00, Sys 0 00:00:00  -  Run Local Usage
		Usr 0 08:05:47, Sys 0 00:00:00  -  Total Remote Usage
		Usr 0 00:00:00, Sys 0 00:00:00  -  Total Local Usage
	0  -  Run Bytes Sent By Job
	0  -  Run Bytes Received By Job
	0  -  Total Bytes Sent By Job
	0  -  Total Bytes Received By Job
	Partitionable Resources :    Usage  Request Allocated
	   Cpus                 :                 1         1
	   Disk (KB)            :        1        1    170127
	   Gpus                 :                           0
	   Memory (MB)          :        0        1         1
...
005 (16268.009.000) 08/15 22:20:29 Job terminated.
	(1) Normal termination (return value 0)
		Usr 0 08:09:16, Sys 0 00:00:00  -  Run Remote Usage
		Usr 0 00:00:00, Sys 0 00:00:00  -  Run Local Usage
		Usr 0 08:09:16, Sys 0 00:00:00  -  Total Remote Usage
		Usr 0 00:00:00, Sys 0 00:00:00  -  Total Local Usage
	0  -  Run Bytes Sent By Job
	0  -  Run Bytes Received By Job
	0  -  Total Bytes Sent By Job
	0  -  Total Bytes Received By Job
	Partitionable Resources :    Usage  Request Allocated
	   Cpus                 :                 1         1
	   Disk (KB)            :        1        1    164852
	   Gpus                 :                           0
	   Memory (MB)          :        0        1         1
...
005 (16268.006.000) 08/15 22:21:08 Job terminated.
	(1) Normal termination (return value 0)
		Usr 0 08:03:55, Sys 0 00:00:00  -  Run Remote Usage
		Usr 0 00:00:00, Sys 0 00:00:00  -  Run Local Usage
		Usr 0 08:03:55, Sys 0 00:00:00  -  Total Remote Usage
		Usr 0 00:00:00, Sys 0 00:00:00  -  Total Local Usage
	0  -  Run Bytes Sent By Job
	0  -  Run Bytes Received By Job
	0  -  Total Bytes Sent By Job
	0  -  Total Bytes Received By Job
	Partitionable Resources :    Usage  Request Allocated
	   Cpus                 :                 1         1
	   Disk (KB)            :        1        1    168530
	   Gpus                 :                           0
	   Memory (MB)          :        0        1         1
...
005 (16268.005.000) 08/15 22:21:38 Job terminated.
	(1) Normal termination (return value 0)
		Usr 0 08:05:14, Sys 0 00:00:00  -  Run Remote Usage
		Usr 0 00:00:00, Sys 0 00:00:00  -  Run Local Usage
		Usr 0 08:05:14, Sys 0 00:00:00  -  Total Remote Usage
		Usr 0 00:00:00, Sys 0 00:00:00  -  Total Local Usage
	0  -  Run Bytes Sent By Job
	0  -  Run Bytes Received By Job
	0  -  Total Bytes Sent By Job
	0  -  Total Bytes Received By Job
	Partitionable Resources :    Usage  Request Allocated
	   Cpus                 :                 1         1
	   Disk (KB)            :        1        1    169544
	   Gpus                 :                           0
	   Memory (MB)          :        0        1         1
...
005 (16268.002.000) 08/16 02:36:56 Job terminated.
	(1) Normal termination (return value 0)
		Usr 0 09:49:28, Sys 0 00:00:01  -  Run Remote Usage
		Usr 0 00:00:00, Sys 0 00:00:00  -  Run Local Usage
		Usr 0 09:49:28, Sys 0 00:00:01  -  Total Remote Usage
		Usr 0 00:00:00, Sys 0 00:00:00  -  Total Local Usage
	0  -  Run Bytes Sent By Job
	0  -  Run Bytes Received By Job
	0  -  Total Bytes Sent By Job
	0  -  Total Bytes Received By Job
	Partitionable Resources :    Usage  Request Allocated
	   Cpus                 :                 1         1
	   Disk (KB)            :        1        1    113182
	   Gpus                 :                           0
	   Memory (MB)          :        0        0         0
...
005 (16268.008.000) 08/16 03:12:27 Job terminated.
	(1) Normal termination (return value 0)
		Usr 0 10:25:10, Sys 0 00:00:00  -  Run Remote Usage
		Usr 0 00:00:00, Sys 0 00:00:00  -  Run Local Usage
		Usr 0 10:25:10, Sys 0 00:00:00  -  Total Remote Usage
		Usr 0 00:00:00, Sys 0 00:00:00  -  Total Local Usage
	0  -  Run Bytes Sent By Job
	0  -  Run Bytes Received By Job
	0  -  Total Bytes Sent By Job
	0  -  Total Bytes Received By Job
	Partitionable Resources :    Usage  Request Allocated
	   Cpus                 :                 1         1
	   Disk (KB)            :        1        1    183431
	   Gpus                 :                           0
	   Memory (MB)          :        0        0         0
...
