000 (16269.000.000) 08/15 14:16:07 Job submitted from host: <129.69.120.170:57407?addrs=129.69.120.170-57407>
...
000 (16269.001.000) 08/15 14:16:07 Job submitted from host: <129.69.120.170:57407?addrs=129.69.120.170-57407>
...
001 (16269.000.000) 08/15 14:16:21 Job executing on host: <129.69.120.56:7528?addrs=129.69.120.56-7528>
...
001 (16269.001.000) 08/15 14:16:21 Job executing on host: <129.69.120.56:7528?addrs=129.69.120.56-7528>
...
006 (16269.000.000) 08/15 14:16:22 Image size of job updated: 1
	0  -  MemoryUsage of job (MB)
	0  -  ResidentSetSize of job (KB)
...
006 (16269.001.000) 08/15 14:16:22 Image size of job updated: 1
	0  -  MemoryUsage of job (MB)
	0  -  ResidentSetSize of job (KB)
...
005 (16269.000.000) 08/15 14:16:22 Job terminated.
	(1) Normal termination (return value 0)
		Usr 0 00:00:00, Sys 0 00:00:00  -  Run Remote Usage
		Usr 0 00:00:00, Sys 0 00:00:00  -  Run Local Usage
		Usr 0 00:00:00, Sys 0 00:00:00  -  Total Remote Usage
		Usr 0 00:00:00, Sys 0 00:00:00  -  Total Local Usage
	0  -  Run Bytes Sent By Job
	0  -  Run Bytes Received By Job
	0  -  Total Bytes Sent By Job
	0  -  Total Bytes Received By Job
	Partitionable Resources :    Usage  Request Allocated
	   Cpus                 :                 1         1
	   Disk (KB)            :        1        1    184403
	   Gpus                 :                           1
	   Memory (MB)          :        0        1         1
...
005 (16269.001.000) 08/15 14:16:22 Job terminated.
	(1) Normal termination (return value 0)
		Usr 0 00:00:00, Sys 0 00:00:00  -  Run Remote Usage
		Usr 0 00:00:00, Sys 0 00:00:00  -  Run Local Usage
		Usr 0 00:00:00, Sys 0 00:00:00  -  Total Remote Usage
		Usr 0 00:00:00, Sys 0 00:00:00  -  Total Local Usage
	0  -  Run Bytes Sent By Job
	0  -  Run Bytes Received By Job
	0  -  Total Bytes Sent By Job
	0  -  Total Bytes Received By Job
	Partitionable Resources :    Usage  Request Allocated
	   Cpus                 :                 1         1
	   Disk (KB)            :        1        1    184403
	   Gpus                 :                           1
	   Memory (MB)          :        0        1         1
...
