000 (016.000.000) 08/14 14:20:49 Job submitted from host: <129.69.120.173:40804?addrs=129.69.120.173-40804>
...
000 (016.001.000) 08/14 14:20:49 Job submitted from host: <129.69.120.173:40804?addrs=129.69.120.173-40804>
...
000 (016.002.000) 08/14 14:20:49 Job submitted from host: <129.69.120.173:40804?addrs=129.69.120.173-40804>
...
000 (016.003.000) 08/14 14:20:49 Job submitted from host: <129.69.120.173:40804?addrs=129.69.120.173-40804>
...
000 (016.004.000) 08/14 14:20:49 Job submitted from host: <129.69.120.173:40804?addrs=129.69.120.173-40804>
...
000 (016.005.000) 08/14 14:20:49 Job submitted from host: <129.69.120.173:40804?addrs=129.69.120.173-40804>
...
000 (016.006.000) 08/14 14:20:49 Job submitted from host: <129.69.120.173:40804?addrs=129.69.120.173-40804>
...
000 (016.007.000) 08/14 14:20:49 Job submitted from host: <129.69.120.173:40804?addrs=129.69.120.173-40804>
...
000 (016.008.000) 08/14 14:20:49 Job submitted from host: <129.69.120.173:40804?addrs=129.69.120.173-40804>
...
000 (016.009.000) 08/14 14:20:49 Job submitted from host: <129.69.120.173:40804?addrs=129.69.120.173-40804>
...
000 (016.010.000) 08/14 14:20:49 Job submitted from host: <129.69.120.173:40804?addrs=129.69.120.173-40804>
...
000 (016.011.000) 08/14 14:20:49 Job submitted from host: <129.69.120.173:40804?addrs=129.69.120.173-40804>
...
000 (016.012.000) 08/14 14:20:49 Job submitted from host: <129.69.120.173:40804?addrs=129.69.120.173-40804>
...
000 (016.013.000) 08/14 14:20:49 Job submitted from host: <129.69.120.173:40804?addrs=129.69.120.173-40804>
...
000 (016.014.000) 08/14 14:20:49 Job submitted from host: <129.69.120.173:40804?addrs=129.69.120.173-40804>
...
000 (016.015.000) 08/14 14:20:49 Job submitted from host: <129.69.120.173:40804?addrs=129.69.120.173-40804>
...
001 (016.008.000) 08/14 14:21:10 Job executing on host: <129.69.120.172:65195?addrs=129.69.120.172-65195>
...
001 (016.010.000) 08/14 14:21:10 Job executing on host: <129.69.120.175:51927?addrs=129.69.120.175-51927>
...
001 (016.007.000) 08/14 14:21:10 Job executing on host: <129.69.120.171:53222?addrs=129.69.120.171-53222>
...
001 (016.006.000) 08/14 14:21:10 Job executing on host: <129.69.120.170:24820?addrs=129.69.120.170-24820>
...
001 (016.001.000) 08/14 14:21:10 Job executing on host: <129.69.120.45:14957?addrs=129.69.120.45-14957>
...
001 (016.012.000) 08/14 14:21:10 Job executing on host: <129.69.120.177:19384?addrs=129.69.120.177-19384>
...
001 (016.009.000) 08/14 14:21:10 Job executing on host: <129.69.120.174:39233?addrs=129.69.120.174-39233>
...
001 (016.015.000) 08/14 14:21:10 Job executing on host: <129.69.120.178:53722?addrs=129.69.120.178-53722>
...
001 (016.013.000) 08/14 14:21:10 Job executing on host: <129.69.120.67:29173?addrs=129.69.120.67-29173>
...
001 (016.005.000) 08/14 14:21:10 Job executing on host: <129.69.120.67:29173?addrs=129.69.120.67-29173>
...
001 (016.011.000) 08/14 14:21:10 Job executing on host: <129.69.120.93:55829?addrs=129.69.120.93-55829>
...
001 (016.000.000) 08/14 14:21:10 Job executing on host: <129.69.120.93:55829?addrs=129.69.120.93-55829>
...
001 (016.004.000) 08/14 14:21:10 Job executing on host: <129.69.120.57:4573?addrs=129.69.120.57-4573>
...
001 (016.003.000) 08/14 14:21:10 Job executing on host: <129.69.120.49:40710?addrs=129.69.120.49-40710>
...
001 (016.014.000) 08/14 14:21:14 Job executing on host: <129.69.120.103:34147?addrs=129.69.120.103-34147>
...
001 (016.002.000) 08/14 14:21:14 Job executing on host: <129.69.120.103:34147?addrs=129.69.120.103-34147>
...
006 (016.008.000) 08/14 14:21:19 Image size of job updated: 9144880
	0  -  MemoryUsage of job (MB)
	0  -  ResidentSetSize of job (KB)
...
006 (016.010.000) 08/14 14:21:19 Image size of job updated: 9144880
	0  -  MemoryUsage of job (MB)
	0  -  ResidentSetSize of job (KB)
...
006 (016.007.000) 08/14 14:21:19 Image size of job updated: 9144880
	0  -  MemoryUsage of job (MB)
	0  -  ResidentSetSize of job (KB)
...
006 (016.006.000) 08/14 14:21:19 Image size of job updated: 9144880
	0  -  MemoryUsage of job (MB)
	0  -  ResidentSetSize of job (KB)
...
006 (016.012.000) 08/14 14:21:19 Image size of job updated: 9144880
	0  -  MemoryUsage of job (MB)
	0  -  ResidentSetSize of job (KB)
...
006 (016.001.000) 08/14 14:21:19 Image size of job updated: 378664
	0  -  MemoryUsage of job (MB)
	0  -  ResidentSetSize of job (KB)
...
006 (016.009.000) 08/14 14:21:19 Image size of job updated: 9144880
	0  -  MemoryUsage of job (MB)
	0  -  ResidentSetSize of job (KB)
...
006 (016.015.000) 08/14 14:21:19 Image size of job updated: 9144880
	0  -  MemoryUsage of job (MB)
	0  -  ResidentSetSize of job (KB)
...
006 (016.005.000) 08/14 14:21:19 Image size of job updated: 378668
	0  -  MemoryUsage of job (MB)
	0  -  ResidentSetSize of job (KB)
...
006 (016.013.000) 08/14 14:21:19 Image size of job updated: 378668
	0  -  MemoryUsage of job (MB)
	0  -  ResidentSetSize of job (KB)
...
006 (016.011.000) 08/14 14:21:19 Image size of job updated: 378668
	0  -  MemoryUsage of job (MB)
	0  -  ResidentSetSize of job (KB)
...
006 (016.000.000) 08/14 14:21:19 Image size of job updated: 379056
	0  -  MemoryUsage of job (MB)
	0  -  ResidentSetSize of job (KB)
...
006 (016.004.000) 08/14 14:21:19 Image size of job updated: 378668
	0  -  MemoryUsage of job (MB)
	0  -  ResidentSetSize of job (KB)
...
006 (016.003.000) 08/14 14:21:19 Image size of job updated: 378664
	0  -  MemoryUsage of job (MB)
	0  -  ResidentSetSize of job (KB)
...
006 (016.002.000) 08/14 14:21:23 Image size of job updated: 378664
	0  -  MemoryUsage of job (MB)
	0  -  ResidentSetSize of job (KB)
...
006 (016.014.000) 08/14 14:21:23 Image size of job updated: 378664
	0  -  MemoryUsage of job (MB)
	0  -  ResidentSetSize of job (KB)
...
010 (016.013.000) 08/14 14:23:24 Job was suspended.
	Number of processes actually suspended: 2
...
010 (016.005.000) 08/14 14:23:24 Job was suspended.
	Number of processes actually suspended: 2
...
006 (016.005.000) 08/14 14:23:24 Image size of job updated: 380620
	0  -  MemoryUsage of job (MB)
	0  -  ResidentSetSize of job (KB)
...
006 (016.013.000) 08/14 14:23:24 Image size of job updated: 380232
	0  -  MemoryUsage of job (MB)
	0  -  ResidentSetSize of job (KB)
...
006 (016.008.000) 08/14 14:26:20 Image size of job updated: 9149140
	0  -  MemoryUsage of job (MB)
	0  -  ResidentSetSize of job (KB)
...
006 (016.010.000) 08/14 14:26:20 Image size of job updated: 9149140
	0  -  MemoryUsage of job (MB)
	0  -  ResidentSetSize of job (KB)
...
006 (016.007.000) 08/14 14:26:20 Image size of job updated: 9149528
	0  -  MemoryUsage of job (MB)
	0  -  ResidentSetSize of job (KB)
...
006 (016.006.000) 08/14 14:26:20 Image size of job updated: 9149528
	0  -  MemoryUsage of job (MB)
	0  -  ResidentSetSize of job (KB)
...
006 (016.012.000) 08/14 14:26:20 Image size of job updated: 9146836
	0  -  MemoryUsage of job (MB)
	0  -  ResidentSetSize of job (KB)
...
006 (016.015.000) 08/14 14:26:20 Image size of job updated: 9146836
	0  -  MemoryUsage of job (MB)
	0  -  ResidentSetSize of job (KB)
...
006 (016.009.000) 08/14 14:26:20 Image size of job updated: 9149140
	0  -  MemoryUsage of job (MB)
	0  -  ResidentSetSize of job (KB)
...
006 (016.000.000) 08/14 14:26:20 Image size of job updated: 381400
	0  -  MemoryUsage of job (MB)
	0  -  ResidentSetSize of job (KB)
...
006 (016.011.000) 08/14 14:26:20 Image size of job updated: 380620
	0  -  MemoryUsage of job (MB)
	0  -  ResidentSetSize of job (KB)
...
006 (016.001.000) 08/14 14:26:20 Image size of job updated: 381008
	0  -  MemoryUsage of job (MB)
	0  -  ResidentSetSize of job (KB)
...
006 (016.004.000) 08/14 14:26:20 Image size of job updated: 381008
	0  -  MemoryUsage of job (MB)
	0  -  ResidentSetSize of job (KB)
...
006 (016.003.000) 08/14 14:26:20 Image size of job updated: 381008
	0  -  MemoryUsage of job (MB)
	0  -  ResidentSetSize of job (KB)
...
006 (016.014.000) 08/14 14:26:24 Image size of job updated: 380620
	0  -  MemoryUsage of job (MB)
	0  -  ResidentSetSize of job (KB)
...
006 (016.002.000) 08/14 14:26:24 Image size of job updated: 381008
	0  -  MemoryUsage of job (MB)
	0  -  ResidentSetSize of job (KB)
...
010 (016.014.000) 08/14 14:27:27 Job was suspended.
	Number of processes actually suspended: 2
...
010 (016.002.000) 08/14 14:27:27 Job was suspended.
	Number of processes actually suspended: 2
...
011 (016.014.000) 08/14 14:28:26 Job was unsuspended.
...
011 (016.002.000) 08/14 14:28:26 Job was unsuspended.
...
004 (016.014.000) 08/14 14:28:26 Job was evicted.
	(0) Job was not checkpointed.
		Usr 0 00:06:11, Sys 0 00:00:00  -  Run Remote Usage
		Usr 0 00:00:00, Sys 0 00:00:00  -  Run Local Usage
	0  -  Run Bytes Sent By Job
	0  -  Run Bytes Received By Job
	Partitionable Resources :    Usage  Request Allocated
	   Cpus                 :                 1         1
	   Disk (KB)            :        1        1    182911
	   Gpus                 :                           0
	   Memory (MB)          :        0        1         1
...
004 (016.002.000) 08/14 14:28:26 Job was evicted.
	(0) Job was not checkpointed.
		Usr 0 00:06:11, Sys 0 00:00:00  -  Run Remote Usage
		Usr 0 00:00:00, Sys 0 00:00:00  -  Run Local Usage
	0  -  Run Bytes Sent By Job
	0  -  Run Bytes Received By Job
	Partitionable Resources :    Usage  Request Allocated
	   Cpus                 :                 1         1
	   Disk (KB)            :        1        1    182911
	   Gpus                 :                           0
	   Memory (MB)          :        0        1         1
...
006 (016.012.000) 08/14 14:31:20 Image size of job updated: 9149140
	0  -  MemoryUsage of job (MB)
	0  -  ResidentSetSize of job (KB)
...
006 (016.015.000) 08/14 14:31:20 Image size of job updated: 9149140
	0  -  MemoryUsage of job (MB)
	0  -  ResidentSetSize of job (KB)
...
006 (016.000.000) 08/14 14:31:20 Image size of job updated: 383192
	0  -  MemoryUsage of job (MB)
	0  -  ResidentSetSize of job (KB)
...
006 (016.011.000) 08/14 14:31:20 Image size of job updated: 382924
	0  -  MemoryUsage of job (MB)
	0  -  ResidentSetSize of job (KB)
...
006 (016.001.000) 08/14 14:31:20 Image size of job updated: 383312
	0  -  MemoryUsage of job (MB)
	0  -  ResidentSetSize of job (KB)
...
006 (016.004.000) 08/14 14:31:20 Image size of job updated: 383316
	0  -  MemoryUsage of job (MB)
	0  -  ResidentSetSize of job (KB)
...
006 (016.003.000) 08/14 14:31:21 Image size of job updated: 383312
	0  -  MemoryUsage of job (MB)
	0  -  ResidentSetSize of job (KB)
...
001 (016.014.000) 08/14 14:32:13 Job executing on host: <129.69.120.45:14957?addrs=129.69.120.45-14957>
...
001 (016.002.000) 08/14 14:32:13 Job executing on host: <129.69.120.73:8515?addrs=129.69.120.73-8515>
...
011 (016.013.000) 08/14 14:45:24 Job was unsuspended.
...
011 (016.005.000) 08/14 14:45:24 Job was unsuspended.
...
010 (016.005.000) 08/14 14:46:06 Job was suspended.
	Number of processes actually suspended: 2
...
010 (016.013.000) 08/14 14:46:06 Job was suspended.
	Number of processes actually suspended: 2
...
006 (016.005.000) 08/14 14:46:06 Image size of job updated: 381012
	0  -  MemoryUsage of job (MB)
	0  -  ResidentSetSize of job (KB)
...
006 (016.013.000) 08/14 14:46:06 Image size of job updated: 380620
	0  -  MemoryUsage of job (MB)
	0  -  ResidentSetSize of job (KB)
...
010 (016.001.000) 08/14 14:47:10 Job was suspended.
	Number of processes actually suspended: 2
...
010 (016.014.000) 08/14 14:47:10 Job was suspended.
	Number of processes actually suspended: 2
...
011 (016.001.000) 08/14 15:01:32 Job was unsuspended.
...
011 (016.014.000) 08/14 15:01:32 Job was unsuspended.
...
010 (016.014.000) 08/14 15:03:12 Job was suspended.
	Number of processes actually suspended: 2
...
010 (016.001.000) 08/14 15:03:12 Job was suspended.
	Number of processes actually suspended: 2
...
011 (016.001.000) 08/14 15:08:13 Job was unsuspended.
...
011 (016.014.000) 08/14 15:08:13 Job was unsuspended.
...
011 (016.013.000) 08/14 15:16:09 Job was unsuspended.
...
011 (016.005.000) 08/14 15:16:09 Job was unsuspended.
...
004 (016.013.000) 08/14 15:16:10 Job was evicted.
	(0) Job was not checkpointed.
		Usr 0 00:02:54, Sys 0 00:00:00  -  Run Remote Usage
		Usr 0 00:00:00, Sys 0 00:00:00  -  Run Local Usage
	0  -  Run Bytes Sent By Job
	0  -  Run Bytes Received By Job
	Partitionable Resources :    Usage  Request Allocated
	   Cpus                 :                 1         1
	   Disk (KB)            :        1        1    111949
	   Gpus                 :                           1
	   Memory (MB)          :        0        1         1
...
004 (016.005.000) 08/14 15:16:10 Job was evicted.
	(0) Job was not checkpointed.
		Usr 0 00:02:54, Sys 0 00:00:00  -  Run Remote Usage
		Usr 0 00:00:00, Sys 0 00:00:00  -  Run Local Usage
	0  -  Run Bytes Sent By Job
	0  -  Run Bytes Received By Job
	Partitionable Resources :    Usage  Request Allocated
	   Cpus                 :                 1         1
	   Disk (KB)            :        1        1    111949
	   Gpus                 :                           1
	   Memory (MB)          :        0        1         1
...
010 (016.001.000) 08/14 15:16:25 Job was suspended.
	Number of processes actually suspended: 2
...
010 (016.014.000) 08/14 15:16:25 Job was suspended.
	Number of processes actually suspended: 2
...
001 (016.005.000) 08/14 15:18:38 Job executing on host: <129.69.120.73:8515?addrs=129.69.120.73-8515>
...
001 (016.013.000) 08/14 15:18:38 Job executing on host: <129.69.120.49:40710?addrs=129.69.120.49-40710>
...
011 (016.001.000) 08/14 15:35:03 Job was unsuspended.
...
011 (016.014.000) 08/14 15:35:03 Job was unsuspended.
...
010 (016.001.000) 08/14 15:39:14 Job was suspended.
	Number of processes actually suspended: 2
...
010 (016.014.000) 08/14 15:39:14 Job was suspended.
	Number of processes actually suspended: 2
...
011 (016.001.000) 08/14 15:45:42 Job was unsuspended.
...
011 (016.014.000) 08/14 15:45:42 Job was unsuspended.
...
010 (016.014.000) 08/14 15:46:17 Job was suspended.
	Number of processes actually suspended: 2
...
010 (016.001.000) 08/14 15:46:17 Job was suspended.
	Number of processes actually suspended: 2
...
022 (016.006.000) 08/14 16:02:53 Job disconnected, attempting to reconnect
    Socket between submit and execute hosts closed unexpectedly
    Trying to reconnect to slot1_1@cip0.icp.uni-stuttgart.de <129.69.120.170:24820?addrs=129.69.120.170-24820>
...
011 (016.014.000) 08/14 16:03:07 Job was unsuspended.
...
011 (016.001.000) 08/14 16:03:07 Job was unsuspended.
...
010 (016.001.000) 08/14 16:03:37 Job was suspended.
	Number of processes actually suspended: 2
...
010 (016.014.000) 08/14 16:03:37 Job was suspended.
	Number of processes actually suspended: 2
...
011 (016.001.000) 08/14 16:13:01 Job was unsuspended.
...
011 (016.014.000) 08/14 16:13:01 Job was unsuspended.
...
010 (016.014.000) 08/14 16:16:23 Job was suspended.
	Number of processes actually suspended: 2
...
010 (016.001.000) 08/14 16:16:23 Job was suspended.
	Number of processes actually suspended: 2
...
011 (016.014.000) 08/14 16:21:25 Job was unsuspended.
...
011 (016.001.000) 08/14 16:21:25 Job was unsuspended.
...
024 (016.006.000) 08/14 16:22:56 Job reconnection failed
    Job disconnected too long: JobLeaseDuration (1200 seconds) expired
    Can not reconnect to slot1_1@cip0.icp.uni-stuttgart.de, rescheduling job
...
001 (016.006.000) 08/14 16:25:16 Job executing on host: <129.69.120.103:52392?addrs=129.69.120.103-52392>
...
010 (016.001.000) 08/14 16:26:37 Job was suspended.
	Number of processes actually suspended: 2
...
010 (016.014.000) 08/14 16:26:37 Job was suspended.
	Number of processes actually suspended: 2
...
010 (016.013.000) 08/14 16:29:40 Job was suspended.
	Number of processes actually suspended: 2
...
010 (016.003.000) 08/14 16:29:40 Job was suspended.
	Number of processes actually suspended: 2
...
011 (016.014.000) 08/14 16:31:41 Job was unsuspended.
...
011 (016.001.000) 08/14 16:31:41 Job was unsuspended.
...
010 (016.014.000) 08/14 16:32:51 Job was suspended.
	Number of processes actually suspended: 2
...
010 (016.001.000) 08/14 16:32:51 Job was suspended.
	Number of processes actually suspended: 2
...
011 (016.013.000) 08/14 16:46:58 Job was unsuspended.
...
011 (016.003.000) 08/14 16:46:58 Job was unsuspended.
...
011 (016.014.000) 08/14 16:47:31 Job was unsuspended.
...
011 (016.001.000) 08/14 16:47:31 Job was unsuspended.
...
010 (016.003.000) 08/14 16:49:34 Job was suspended.
	Number of processes actually suspended: 2
...
010 (016.013.000) 08/14 16:49:34 Job was suspended.
	Number of processes actually suspended: 2
...
010 (016.014.000) 08/14 16:53:34 Job was suspended.
	Number of processes actually suspended: 2
...
010 (016.001.000) 08/14 16:53:34 Job was suspended.
	Number of processes actually suspended: 2
...
011 (016.013.000) 08/14 16:54:54 Job was unsuspended.
...
011 (016.003.000) 08/14 16:54:54 Job was unsuspended.
...
010 (016.013.000) 08/14 16:55:24 Job was suspended.
	Number of processes actually suspended: 2
...
010 (016.003.000) 08/14 16:55:24 Job was suspended.
	Number of processes actually suspended: 2
...
011 (016.013.000) 08/14 17:18:40 Job was unsuspended.
...
011 (016.003.000) 08/14 17:18:40 Job was unsuspended.
...
011 (016.001.000) 08/14 17:23:38 Job was unsuspended.
...
011 (016.014.000) 08/14 17:23:38 Job was unsuspended.
...
004 (016.001.000) 08/14 17:23:38 Job was evicted.
	(0) Job was not checkpointed.
		Usr 0 00:56:54, Sys 0 00:00:00  -  Run Remote Usage
		Usr 0 00:00:00, Sys 0 00:00:00  -  Run Local Usage
	0  -  Run Bytes Sent By Job
	0  -  Run Bytes Received By Job
	Partitionable Resources :    Usage  Request Allocated
	   Cpus                 :                 1         1
	   Disk (KB)            :        1        1    184566
	   Gpus                 :                           0
	   Memory (MB)          :        0        1         1
...
004 (016.014.000) 08/14 17:23:38 Job was evicted.
	(0) Job was not checkpointed.
		Usr 0 00:45:50, Sys 0 00:00:00  -  Run Remote Usage
		Usr 0 00:00:00, Sys 0 00:00:00  -  Run Local Usage
	0  -  Run Bytes Sent By Job
	0  -  Run Bytes Received By Job
	Partitionable Resources :    Usage  Request Allocated
	   Cpus                 :                 1         1
	   Disk (KB)            :        1        1    184566
	   Gpus                 :                           0
	   Memory (MB)          :        0        0         0
...
010 (016.013.000) 08/14 17:29:41 Job was suspended.
	Number of processes actually suspended: 2
...
010 (016.003.000) 08/14 17:29:41 Job was suspended.
	Number of processes actually suspended: 2
...
011 (016.013.000) 08/14 17:34:43 Job was unsuspended.
...
011 (016.003.000) 08/14 17:34:43 Job was unsuspended.
...
001 (016.001.000) 08/14 17:36:27 Job executing on host: <129.69.120.67:29173?addrs=129.69.120.67-29173>
...
001 (016.014.000) 08/14 17:36:27 Job executing on host: <129.69.120.67:29173?addrs=129.69.120.67-29173>
...
010 (016.003.000) 08/14 18:01:20 Job was suspended.
	Number of processes actually suspended: 2
...
010 (016.013.000) 08/14 18:01:20 Job was suspended.
	Number of processes actually suspended: 2
...
011 (016.003.000) 08/14 18:23:01 Job was unsuspended.
...
011 (016.013.000) 08/14 18:23:01 Job was unsuspended.
...
010 (016.013.000) 08/14 18:25:42 Job was suspended.
	Number of processes actually suspended: 2
...
010 (016.003.000) 08/14 18:25:42 Job was suspended.
	Number of processes actually suspended: 2
...
011 (016.013.000) 08/14 18:55:44 Job was unsuspended.
...
011 (016.003.000) 08/14 18:55:44 Job was unsuspended.
...
004 (016.003.000) 08/14 18:55:44 Job was evicted.
	(0) Job was not checkpointed.
		Usr 0 02:51:53, Sys 0 00:00:00  -  Run Remote Usage
		Usr 0 00:00:00, Sys 0 00:00:00  -  Run Local Usage
	0  -  Run Bytes Sent By Job
	0  -  Run Bytes Received By Job
	Partitionable Resources :    Usage  Request Allocated
	   Cpus                 :                 1         1
	   Disk (KB)            :        1        1    183170
	   Gpus                 :                           0
	   Memory (MB)          :        0        1         1
...
004 (016.013.000) 08/14 18:55:44 Job was evicted.
	(0) Job was not checkpointed.
		Usr 0 01:54:26, Sys 0 00:00:00  -  Run Remote Usage
		Usr 0 00:00:00, Sys 0 00:00:00  -  Run Local Usage
	0  -  Run Bytes Sent By Job
	0  -  Run Bytes Received By Job
	Partitionable Resources :    Usage  Request Allocated
	   Cpus                 :                 1         1
	   Disk (KB)            :        1        1    183170
	   Gpus                 :                           0
	   Memory (MB)          :        0        0         0
...
001 (016.013.000) 08/14 18:58:12 Job executing on host: <129.69.120.189:21618?addrs=129.69.120.189-21618>
...
001 (016.003.000) 08/14 18:58:12 Job executing on host: <129.69.120.67:29173?addrs=129.69.120.67-29173>
...
010 (016.002.000) 08/14 20:31:08 Job was suspended.
	Number of processes actually suspended: 2
...
010 (016.005.000) 08/14 20:31:08 Job was suspended.
	Number of processes actually suspended: 2
...
011 (016.002.000) 08/14 20:36:10 Job was unsuspended.
...
011 (016.005.000) 08/14 20:36:10 Job was unsuspended.
...
010 (016.008.000) 08/14 20:49:04 Job was suspended.
	Number of processes actually suspended: 2
...
011 (016.008.000) 08/14 20:54:50 Job was unsuspended.
...
010 (016.001.000) 08/14 21:45:50 Job was suspended.
	Number of processes actually suspended: 2
...
010 (016.014.000) 08/14 21:45:50 Job was suspended.
	Number of processes actually suspended: 2
...
010 (016.003.000) 08/14 21:45:50 Job was suspended.
	Number of processes actually suspended: 2
...
011 (016.001.000) 08/14 21:53:53 Job was unsuspended.
...
011 (016.003.000) 08/14 21:53:53 Job was unsuspended.
...
011 (016.014.000) 08/14 21:53:53 Job was unsuspended.
...
010 (016.014.000) 08/14 21:57:40 Job was suspended.
	Number of processes actually suspended: 2
...
010 (016.001.000) 08/14 21:57:40 Job was suspended.
	Number of processes actually suspended: 2
...
010 (016.003.000) 08/14 21:57:40 Job was suspended.
	Number of processes actually suspended: 2
...
011 (016.014.000) 08/14 21:58:21 Job was unsuspended.
...
011 (016.001.000) 08/14 21:58:21 Job was unsuspended.
...
011 (016.003.000) 08/14 21:58:21 Job was unsuspended.
...
010 (016.004.000) 08/15 01:12:13 Job was suspended.
	Number of processes actually suspended: 2
...
011 (016.004.000) 08/15 01:20:49 Job was unsuspended.
...
010 (016.004.000) 08/15 02:28:10 Job was suspended.
	Number of processes actually suspended: 2
...
011 (016.004.000) 08/15 02:33:32 Job was unsuspended.
...
010 (016.004.000) 08/15 02:37:44 Job was suspended.
	Number of processes actually suspended: 2
...
011 (016.004.000) 08/15 02:44:38 Job was unsuspended.
...
010 (016.004.000) 08/15 02:54:30 Job was suspended.
	Number of processes actually suspended: 2
...
011 (016.004.000) 08/15 02:59:32 Job was unsuspended.
...
010 (016.002.000) 08/15 05:46:10 Job was suspended.
	Number of processes actually suspended: 2
...
010 (016.005.000) 08/15 05:46:10 Job was suspended.
	Number of processes actually suspended: 2
...
011 (016.005.000) 08/15 05:51:58 Job was unsuspended.
...
011 (016.002.000) 08/15 05:51:58 Job was unsuspended.
...
010 (016.005.000) 08/15 05:52:28 Job was suspended.
	Number of processes actually suspended: 2
...
010 (016.002.000) 08/15 05:52:28 Job was suspended.
	Number of processes actually suspended: 2
...
011 (016.005.000) 08/15 05:57:27 Job was unsuspended.
...
011 (016.002.000) 08/15 05:57:27 Job was unsuspended.
...
010 (016.002.000) 08/15 06:03:28 Job was suspended.
	Number of processes actually suspended: 2
...
010 (016.005.000) 08/15 06:03:28 Job was suspended.
	Number of processes actually suspended: 2
...
011 (016.005.000) 08/15 06:08:29 Job was unsuspended.
...
011 (016.002.000) 08/15 06:08:29 Job was unsuspended.
...
010 (016.002.000) 08/15 06:10:29 Job was suspended.
	Number of processes actually suspended: 2
...
010 (016.005.000) 08/15 06:10:29 Job was suspended.
	Number of processes actually suspended: 2
...
011 (016.005.000) 08/15 06:18:38 Job was unsuspended.
...
011 (016.002.000) 08/15 06:18:38 Job was unsuspended.
...
010 (016.005.000) 08/15 06:23:21 Job was suspended.
	Number of processes actually suspended: 2
...
010 (016.002.000) 08/15 06:23:21 Job was suspended.
	Number of processes actually suspended: 2
...
011 (016.005.000) 08/15 06:28:23 Job was unsuspended.
...
011 (016.002.000) 08/15 06:28:23 Job was unsuspended.
...
010 (016.002.000) 08/15 06:31:09 Job was suspended.
	Number of processes actually suspended: 2
...
010 (016.005.000) 08/15 06:31:09 Job was suspended.
	Number of processes actually suspended: 2
...
011 (016.002.000) 08/15 06:36:11 Job was unsuspended.
...
011 (016.005.000) 08/15 06:36:11 Job was unsuspended.
...
010 (016.002.000) 08/15 06:37:22 Job was suspended.
	Number of processes actually suspended: 2
...
010 (016.005.000) 08/15 06:37:22 Job was suspended.
	Number of processes actually suspended: 2
...
004 (016.002.000) 08/15 06:39:25 Job was evicted.
	(0) Job was not checkpointed.
		Usr 0 15:26:02, Sys 0 00:00:00  -  Run Remote Usage
		Usr 0 00:00:00, Sys 0 00:00:00  -  Run Local Usage
	0  -  Run Bytes Sent By Job
	0  -  Run Bytes Received By Job
	Partitionable Resources :    Usage  Request Allocated
	   Cpus                 :                 1         1
	   Disk (KB)            :        1        1    168815
	   Gpus                 :                           0
	   Memory (MB)          :        0        0         0
...
004 (016.005.000) 08/15 06:39:25 Job was evicted.
	(0) Job was not checkpointed.
		Usr 0 14:39:37, Sys 0 00:00:00  -  Run Remote Usage
		Usr 0 00:00:00, Sys 0 00:00:00  -  Run Local Usage
	0  -  Run Bytes Sent By Job
	0  -  Run Bytes Received By Job
	Partitionable Resources :    Usage  Request Allocated
	   Cpus                 :                 1         1
	   Disk (KB)            :        1        1    168814
	   Gpus                 :                           0
	   Memory (MB)          :        0        0         0
...
010 (016.008.000) 08/15 07:36:53 Job was suspended.
	Number of processes actually suspended: 2
...
011 (016.008.000) 08/15 07:42:13 Job was unsuspended.
...
001 (016.005.000) 08/15 13:29:36 Job executing on host: <129.69.120.56:7528?addrs=129.69.120.56-7528>
...
001 (016.004.000) 08/15 13:29:36 Job executing on host: <129.69.120.56:7528?addrs=129.69.120.56-7528>
...
001 (016.003.000) 08/15 13:29:36 Job executing on host: <129.69.120.57:4573?addrs=129.69.120.57-4573>
...
001 (016.001.000) 08/15 13:29:36 Job executing on host: <129.69.120.73:17648?addrs=129.69.120.73-17648>
...
001 (016.002.000) 08/15 13:29:36 Job executing on host: <129.69.120.49:40710?addrs=129.69.120.49-40710>
...
001 (016.006.000) 08/15 13:29:36 Job executing on host: <129.69.120.49:40710?addrs=129.69.120.49-40710>
...
001 (016.007.000) 08/15 13:29:36 Job executing on host: <129.69.120.56:7528?addrs=129.69.120.56-7528>
...
001 (016.000.000) 08/15 13:29:36 Job executing on host: <129.69.120.93:55829?addrs=129.69.120.93-55829>
...
001 (016.010.000) 08/15 13:29:36 Job executing on host: <129.69.120.56:7528?addrs=129.69.120.56-7528>
...
001 (016.008.000) 08/15 13:29:36 Job executing on host: <129.69.120.56:7528?addrs=129.69.120.56-7528>
...
001 (016.009.000) 08/15 13:29:36 Job executing on host: <129.69.120.93:55829?addrs=129.69.120.93-55829>
...
001 (016.011.000) 08/15 13:29:36 Job executing on host: <129.69.120.93:55829?addrs=129.69.120.93-55829>
...
005 (016.004.000) 08/15 13:29:36 Job terminated.
	(1) Normal termination (return value 0)
		Usr 0 00:00:00, Sys 0 00:00:00  -  Run Remote Usage
		Usr 0 00:00:00, Sys 0 00:00:00  -  Run Local Usage
		Usr 0 00:00:00, Sys 0 00:00:00  -  Total Remote Usage
		Usr 0 00:00:00, Sys 0 00:00:00  -  Total Local Usage
	0  -  Run Bytes Sent By Job
	0  -  Run Bytes Received By Job
	0  -  Total Bytes Sent By Job
	0  -  Total Bytes Received By Job
	Partitionable Resources :    Usage  Request Allocated
	   Cpus                 :                 1         1
	   Disk (KB)            :        1        1    184405
	   Gpus                 :                           0
	   Memory (MB)          :        0        0         0
...
005 (016.005.000) 08/15 13:29:36 Job terminated.
	(1) Normal termination (return value 0)
		Usr 0 00:00:00, Sys 0 00:00:00  -  Run Remote Usage
		Usr 0 00:00:00, Sys 0 00:00:00  -  Run Local Usage
		Usr 0 00:00:00, Sys 0 00:00:00  -  Total Remote Usage
		Usr 0 00:00:00, Sys 0 00:00:00  -  Total Local Usage
	0  -  Run Bytes Sent By Job
	0  -  Run Bytes Received By Job
	0  -  Total Bytes Sent By Job
	0  -  Total Bytes Received By Job
	Partitionable Resources :    Usage  Request Allocated
	   Cpus                 :                 1         1
	   Disk (KB)            :        1        1    184405
	   Gpus                 :                           0
	   Memory (MB)          :        0        0         0
...
005 (016.010.000) 08/15 13:29:36 Job terminated.
	(1) Normal termination (return value 0)
		Usr 0 00:00:00, Sys 0 00:00:00  -  Run Remote Usage
		Usr 0 00:00:00, Sys 0 00:00:00  -  Run Local Usage
		Usr 0 00:00:00, Sys 0 00:00:00  -  Total Remote Usage
		Usr 0 00:00:00, Sys 0 00:00:00  -  Total Local Usage
	0  -  Run Bytes Sent By Job
	0  -  Run Bytes Received By Job
	0  -  Total Bytes Sent By Job
	0  -  Total Bytes Received By Job
	Partitionable Resources :    Usage  Request Allocated
	   Cpus                 :                 1         1
	   Disk (KB)            :        1        1    184405
	   Gpus                 :                           0
	   Memory (MB)          :        0        0         0
...
005 (016.008.000) 08/15 13:29:36 Job terminated.
	(1) Normal termination (return value 0)
		Usr 0 00:00:00, Sys 0 00:00:00  -  Run Remote Usage
		Usr 0 00:00:00, Sys 0 00:00:00  -  Run Local Usage
		Usr 0 00:00:00, Sys 0 00:00:00  -  Total Remote Usage
		Usr 0 00:00:00, Sys 0 00:00:00  -  Total Local Usage
	0  -  Run Bytes Sent By Job
	0  -  Run Bytes Received By Job
	0  -  Total Bytes Sent By Job
	0  -  Total Bytes Received By Job
	Partitionable Resources :    Usage  Request Allocated
	   Cpus                 :                 1         1
	   Disk (KB)            :        1        1    184405
	   Gpus                 :                           0
	   Memory (MB)          :        0        0         0
...
005 (016.007.000) 08/15 13:29:36 Job terminated.
	(1) Normal termination (return value 0)
		Usr 0 00:00:00, Sys 0 00:00:00  -  Run Remote Usage
		Usr 0 00:00:00, Sys 0 00:00:00  -  Run Local Usage
		Usr 0 00:00:00, Sys 0 00:00:00  -  Total Remote Usage
		Usr 0 00:00:00, Sys 0 00:00:00  -  Total Local Usage
	0  -  Run Bytes Sent By Job
	0  -  Run Bytes Received By Job
	0  -  Total Bytes Sent By Job
	0  -  Total Bytes Received By Job
	Partitionable Resources :    Usage  Request Allocated
	   Cpus                 :                 1         1
	   Disk (KB)            :        1        1    184405
	   Gpus                 :                           0
	   Memory (MB)          :        0        0         0
...
001 (016.012.000) 08/15 13:29:36 Job executing on host: <129.69.120.56:7528?addrs=129.69.120.56-7528>
...
001 (016.013.000) 08/15 13:29:36 Job executing on host: <129.69.120.56:7528?addrs=129.69.120.56-7528>
...
001 (016.014.000) 08/15 13:29:36 Job executing on host: <129.69.120.56:7528?addrs=129.69.120.56-7528>
...
001 (016.015.000) 08/15 13:29:36 Job executing on host: <129.69.120.56:7528?addrs=129.69.120.56-7528>
...
005 (016.012.000) 08/15 13:29:36 Job terminated.
	(1) Normal termination (return value 0)
		Usr 0 00:00:00, Sys 0 00:00:00  -  Run Remote Usage
		Usr 0 00:00:00, Sys 0 00:00:00  -  Run Local Usage
		Usr 0 00:00:00, Sys 0 00:00:00  -  Total Remote Usage
		Usr 0 00:00:00, Sys 0 00:00:00  -  Total Local Usage
	0  -  Run Bytes Sent By Job
	0  -  Run Bytes Received By Job
	0  -  Total Bytes Sent By Job
	0  -  Total Bytes Received By Job
	Partitionable Resources :    Usage  Request Allocated
	   Cpus                 :                 1         1
	   Disk (KB)            :        1        1    184405
	   Gpus                 :                           0
	   Memory (MB)          :        0        0         0
...
005 (016.013.000) 08/15 13:29:36 Job terminated.
	(1) Normal termination (return value 0)
		Usr 0 00:00:00, Sys 0 00:00:00  -  Run Remote Usage
		Usr 0 00:00:00, Sys 0 00:00:00  -  Run Local Usage
		Usr 0 00:00:00, Sys 0 00:00:00  -  Total Remote Usage
		Usr 0 00:00:00, Sys 0 00:00:00  -  Total Local Usage
	0  -  Run Bytes Sent By Job
	0  -  Run Bytes Received By Job
	0  -  Total Bytes Sent By Job
	0  -  Total Bytes Received By Job
	Partitionable Resources :    Usage  Request Allocated
	   Cpus                 :                 1         1
	   Disk (KB)            :        1        1    184405
	   Gpus                 :                           0
	   Memory (MB)          :        0        0         0
...
005 (016.014.000) 08/15 13:29:36 Job terminated.
	(1) Normal termination (return value 0)
		Usr 0 00:00:00, Sys 0 00:00:00  -  Run Remote Usage
		Usr 0 00:00:00, Sys 0 00:00:00  -  Run Local Usage
		Usr 0 00:00:00, Sys 0 00:00:00  -  Total Remote Usage
		Usr 0 00:00:00, Sys 0 00:00:00  -  Total Local Usage
	0  -  Run Bytes Sent By Job
	0  -  Run Bytes Received By Job
	0  -  Total Bytes Sent By Job
	0  -  Total Bytes Received By Job
	Partitionable Resources :    Usage  Request Allocated
	   Cpus                 :                 1         1
	   Disk (KB)            :        1        1    184405
	   Gpus                 :                           0
	   Memory (MB)          :        0        0         0
...
005 (016.015.000) 08/15 13:29:36 Job terminated.
	(1) Normal termination (return value 0)
		Usr 0 00:00:00, Sys 0 00:00:00  -  Run Remote Usage
		Usr 0 00:00:00, Sys 0 00:00:00  -  Run Local Usage
		Usr 0 00:00:00, Sys 0 00:00:00  -  Total Remote Usage
		Usr 0 00:00:00, Sys 0 00:00:00  -  Total Local Usage
	0  -  Run Bytes Sent By Job
	0  -  Run Bytes Received By Job
	0  -  Total Bytes Sent By Job
	0  -  Total Bytes Received By Job
	Partitionable Resources :    Usage  Request Allocated
	   Cpus                 :                 1         1
	   Disk (KB)            :        1        1    184405
	   Gpus                 :                           0
	   Memory (MB)          :        0        0         0
...
010 (016.009.000) 08/15 13:40:17 Job was suspended.
	Number of processes actually suspended: 2
...
010 (016.000.000) 08/15 13:40:17 Job was suspended.
	Number of processes actually suspended: 2
...
010 (016.011.000) 08/15 13:40:17 Job was suspended.
	Number of processes actually suspended: 2
...
011 (016.009.000) 08/15 14:04:14 Job was unsuspended.
...
011 (016.000.000) 08/15 14:04:14 Job was unsuspended.
...
011 (016.011.000) 08/15 14:04:14 Job was unsuspended.
...
010 (016.011.000) 08/15 14:04:19 Job was suspended.
	Number of processes actually suspended: 2
...
010 (016.000.000) 08/15 14:04:19 Job was suspended.
	Number of processes actually suspended: 2
...
010 (016.009.000) 08/15 14:04:19 Job was suspended.
	Number of processes actually suspended: 2
...
010 (016.003.000) 08/15 14:12:24 Job was suspended.
	Number of processes actually suspended: 2
...
022 (016.006.000) 08/15 14:16:13 Job disconnected, attempting to reconnect
    Socket between submit and execute hosts closed unexpectedly
    Trying to reconnect to slot1@wapiti.icp.uni-stuttgart.de <129.69.120.49:40710?addrs=129.69.120.49-40710>
...
022 (016.002.000) 08/15 14:16:13 Job disconnected, attempting to reconnect
    Socket between submit and execute hosts closed unexpectedly
    Trying to reconnect to slot1@wapiti.icp.uni-stuttgart.de <129.69.120.49:40710?addrs=129.69.120.49-40710>
...
011 (016.009.000) 08/15 14:34:20 Job was unsuspended.
...
011 (016.000.000) 08/15 14:34:20 Job was unsuspended.
...
011 (016.011.000) 08/15 14:34:20 Job was unsuspended.
...
004 (016.009.000) 08/15 14:34:20 Job was evicted.
	(0) Job was not checkpointed.
		Usr 0 00:10:46, Sys 0 00:00:00  -  Run Remote Usage
		Usr 0 00:00:00, Sys 0 00:00:00  -  Run Local Usage
	0  -  Run Bytes Sent By Job
	0  -  Run Bytes Received By Job
	Partitionable Resources :    Usage  Request Allocated
	   Cpus                 :                 1         1
	   Disk (KB)            :        1        1    184048
	   Gpus                 :                           0
	   Memory (MB)          :        0        0         0
...
004 (016.011.000) 08/15 14:34:20 Job was evicted.
	(0) Job was not checkpointed.
		Usr 0 00:10:46, Sys 0 00:00:00  -  Run Remote Usage
		Usr 0 00:00:00, Sys 0 00:00:00  -  Run Local Usage
	0  -  Run Bytes Sent By Job
	0  -  Run Bytes Received By Job
	Partitionable Resources :    Usage  Request Allocated
	   Cpus                 :                 1         1
	   Disk (KB)            :        1        1    184048
	   Gpus                 :                           0
	   Memory (MB)          :        0        0         0
...
004 (016.000.000) 08/15 14:34:20 Job was evicted.
	(0) Job was not checkpointed.
		Usr 0 00:10:46, Sys 0 00:00:00  -  Run Remote Usage
		Usr 0 00:00:00, Sys 0 00:00:00  -  Run Local Usage
	0  -  Run Bytes Sent By Job
	0  -  Run Bytes Received By Job
	Partitionable Resources :    Usage  Request Allocated
	   Cpus                 :                 1         1
	   Disk (KB)            :        1        1    184048
	   Gpus                 :                           0
	   Memory (MB)          :        0        0         0
...
024 (016.002.000) 08/15 14:36:16 Job reconnection failed
    Job disconnected too long: JobLeaseDuration (1200 seconds) expired
    Can not reconnect to slot1@wapiti.icp.uni-stuttgart.de, rescheduling job
...
024 (016.006.000) 08/15 14:36:16 Job reconnection failed
    Job disconnected too long: JobLeaseDuration (1200 seconds) expired
    Can not reconnect to slot1@wapiti.icp.uni-stuttgart.de, rescheduling job
...
011 (016.003.000) 08/15 14:37:17 Job was unsuspended.
...
001 (016.002.000) 08/15 14:39:41 Job executing on host: <129.69.120.56:7528?addrs=129.69.120.56-7528>
...
001 (016.000.000) 08/15 14:39:41 Job executing on host: <129.69.120.103:52392?addrs=129.69.120.103-52392>
...
005 (016.002.000) 08/15 14:39:41 Job terminated.
	(1) Normal termination (return value 0)
		Usr 0 00:00:00, Sys 0 00:00:00  -  Run Remote Usage
		Usr 0 00:00:00, Sys 0 00:00:00  -  Run Local Usage
		Usr 0 00:00:00, Sys 0 00:00:00  -  Total Remote Usage
		Usr 0 00:00:00, Sys 0 00:00:00  -  Total Local Usage
	0  -  Run Bytes Sent By Job
	0  -  Run Bytes Received By Job
	0  -  Total Bytes Sent By Job
	0  -  Total Bytes Received By Job
	Partitionable Resources :    Usage  Request Allocated
	   Cpus                 :                 1         1
	   Disk (KB)            :        1        1    184401
	   Gpus                 :                           0
	   Memory (MB)          :        0        0         0
...
001 (016.011.000) 08/15 14:39:41 Job executing on host: <129.69.120.195:44449?addrs=129.69.120.195-44449>
...
001 (016.009.000) 08/15 14:39:41 Job executing on host: <129.69.120.178:58310?addrs=129.69.120.178-58310>
...
001 (016.006.000) 08/15 14:39:42 Job executing on host: <129.69.120.91:19787?addrs=129.69.120.91-19787>
...
006 (016.006.000) 08/15 14:39:50 Image size of job updated: 30016112
	0  -  MemoryUsage of job (MB)
	0  -  ResidentSetSize of job (KB)
...
006 (016.011.000) 08/15 14:39:50 Image size of job updated: 9144880
	0  -  MemoryUsage of job (MB)
	0  -  ResidentSetSize of job (KB)
...
022 (016.003.000) 08/15 14:43:42 Job disconnected, attempting to reconnect
    Socket between submit and execute hosts closed unexpectedly
    Trying to reconnect to slot1@okapi.icp.uni-stuttgart.de <129.69.120.57:4573?addrs=129.69.120.57-4573>
...
006 (016.006.000) 08/15 14:44:50 Image size of job updated: 30018456
	0  -  MemoryUsage of job (MB)
	0  -  ResidentSetSize of job (KB)
...
006 (016.011.000) 08/15 14:44:52 Image size of job updated: 9149140
	0  -  MemoryUsage of job (MB)
	0  -  ResidentSetSize of job (KB)
...
010 (016.001.000) 08/15 14:45:51 Job was suspended.
	Number of processes actually suspended: 2
...
006 (016.006.000) 08/15 14:49:50 Image size of job updated: 30020760
	0  -  MemoryUsage of job (MB)
	0  -  ResidentSetSize of job (KB)
...
011 (016.001.000) 08/15 14:58:32 Job was unsuspended.
...
010 (016.001.000) 08/15 14:58:47 Job was suspended.
	Number of processes actually suspended: 2
...
011 (016.001.000) 08/15 15:03:44 Job was unsuspended.
...
024 (016.003.000) 08/15 15:03:45 Job reconnection failed
    Job disconnected too long: JobLeaseDuration (1200 seconds) expired
    Can not reconnect to slot1@okapi.icp.uni-stuttgart.de, rescheduling job
...
001 (016.003.000) 08/15 15:06:42 Job executing on host: <129.69.120.103:52392?addrs=129.69.120.103-52392>
...
010 (016.011.000) 08/15 15:14:06 Job was suspended.
	Number of processes actually suspended: 2
...
010 (016.001.000) 08/15 15:21:08 Job was suspended.
	Number of processes actually suspended: 2
...
011 (016.001.000) 08/15 15:26:31 Job was unsuspended.
...
010 (016.001.000) 08/15 15:26:46 Job was suspended.
	Number of processes actually suspended: 2
...
011 (016.011.000) 08/15 15:31:52 Job was unsuspended.
...
011 (016.001.000) 08/15 15:37:30 Job was unsuspended.
...
010 (016.001.000) 08/15 15:40:55 Job was suspended.
	Number of processes actually suspended: 2
...
010 (016.011.000) 08/15 15:58:47 Job was suspended.
	Number of processes actually suspended: 2
...
011 (016.011.000) 08/15 16:06:24 Job was unsuspended.
...
011 (016.001.000) 08/15 16:08:47 Job was unsuspended.
...
010 (016.001.000) 08/15 16:11:29 Job was suspended.
	Number of processes actually suspended: 2
...
004 (016.009.000) 08/15 16:35:04 Job was evicted.
	(0) Job was not checkpointed.
		Usr 0 01:55:22, Sys 0 00:00:00  -  Run Remote Usage
		Usr 0 00:00:00, Sys 0 00:00:00  -  Run Local Usage
	0  -  Run Bytes Sent By Job
	0  -  Run Bytes Received By Job
	Partitionable Resources :    Usage  Request Allocated
	   Cpus                 :                 1         1
	   Disk (KB)            :        1        1    170126
	   Gpus                 :                           1
	   Memory (MB)          :        0        0      4096
...
004 (016.006.000) 08/15 16:35:04 Job was evicted.
	(0) Job was not checkpointed.
		Usr 0 01:54:58, Sys 0 00:00:00  -  Run Remote Usage
		Usr 0 00:00:00, Sys 0 00:00:00  -  Run Local Usage
	0  -  Run Bytes Sent By Job
	0  -  Run Bytes Received By Job
	Partitionable Resources :    Usage  Request Allocated
	   Cpus                 :                 1         1
	   Disk (KB)            :        1        1    183493
	   Gpus                 :                           1
	   Memory (MB)          :        0        0      4096
...
004 (016.000.000) 08/15 16:35:04 Job was evicted.
	(0) Job was not checkpointed.
		Usr 0 01:55:22, Sys 0 00:00:00  -  Run Remote Usage
		Usr 0 00:00:00, Sys 0 00:00:00  -  Run Local Usage
	0  -  Run Bytes Sent By Job
	0  -  Run Bytes Received By Job
	Partitionable Resources :    Usage  Request Allocated
	   Cpus                 :                 1         1
	   Disk (KB)            :        1        1    182638
	   Gpus                 :                           0
	   Memory (MB)          :        0        0         0
...
004 (016.003.000) 08/15 16:35:04 Job was evicted.
	(0) Job was not checkpointed.
		Usr 0 01:28:17, Sys 0 00:00:00  -  Run Remote Usage
		Usr 0 00:00:00, Sys 0 00:00:00  -  Run Local Usage
	0  -  Run Bytes Sent By Job
	0  -  Run Bytes Received By Job
	Partitionable Resources :    Usage  Request Allocated
	   Cpus                 :                 1         1
	   Disk (KB)            :        1        1    182637
	   Gpus                 :                           0
	   Memory (MB)          :        0        0         0
...
004 (016.011.000) 08/15 16:35:04 Job was evicted.
	(0) Job was not checkpointed.
		Usr 0 01:29:57, Sys 0 00:00:00  -  Run Remote Usage
		Usr 0 00:00:00, Sys 0 00:00:00  -  Run Local Usage
	0  -  Run Bytes Sent By Job
	0  -  Run Bytes Received By Job
	Partitionable Resources :    Usage  Request Allocated
	   Cpus                 :                 1         1
	   Disk (KB)            :        1        1    169291
	   Gpus                 :                           1
	   Memory (MB)          :        0        0      4096
...
004 (016.001.000) 08/15 16:35:04 Job was evicted.
	(0) Job was not checkpointed.
		Usr 0 01:40:16, Sys 0 00:00:00  -  Run Remote Usage
		Usr 0 00:00:00, Sys 0 00:00:00  -  Run Local Usage
	0  -  Run Bytes Sent By Job
	0  -  Run Bytes Received By Job
	Partitionable Resources :    Usage  Request Allocated
	   Cpus                 :                 1         1
	   Disk (KB)            :        1        1    169332
	   Gpus                 :                           0
	   Memory (MB)          :        0        0         0
...
009 (016.000.000) 08/15 16:35:04 Job was aborted by the user.
	via condor_rm (by user gcates)
...
009 (016.011.000) 08/15 16:35:04 Job was aborted by the user.
	via condor_rm (by user gcates)
...
009 (016.009.000) 08/15 16:35:04 Job was aborted by the user.
	via condor_rm (by user gcates)
...
009 (016.006.000) 08/15 16:35:04 Job was aborted by the user.
	via condor_rm (by user gcates)
...
009 (016.003.000) 08/15 16:35:04 Job was aborted by the user.
	via condor_rm (by user gcates)
...
009 (016.001.000) 08/15 16:35:04 Job was aborted by the user.
	via condor_rm (by user gcates)
...
