000 (020.000.000) 08/15 14:12:13 Job submitted from host: <129.69.120.172:50593?addrs=129.69.120.172-50593>
...
000 (020.001.000) 08/15 14:12:13 Job submitted from host: <129.69.120.172:50593?addrs=129.69.120.172-50593>
...
000 (020.002.000) 08/15 14:12:13 Job submitted from host: <129.69.120.172:50593?addrs=129.69.120.172-50593>
...
000 (020.003.000) 08/15 14:12:13 Job submitted from host: <129.69.120.172:50593?addrs=129.69.120.172-50593>
...
000 (020.004.000) 08/15 14:12:13 Job submitted from host: <129.69.120.172:50593?addrs=129.69.120.172-50593>
...
000 (020.005.000) 08/15 14:12:13 Job submitted from host: <129.69.120.172:50593?addrs=129.69.120.172-50593>
...
000 (020.006.000) 08/15 14:12:13 Job submitted from host: <129.69.120.172:50593?addrs=129.69.120.172-50593>
...
000 (020.007.000) 08/15 14:12:13 Job submitted from host: <129.69.120.172:50593?addrs=129.69.120.172-50593>
...
000 (020.008.000) 08/15 14:12:13 Job submitted from host: <129.69.120.172:50593?addrs=129.69.120.172-50593>
...
000 (020.009.000) 08/15 14:12:14 Job submitted from host: <129.69.120.172:50593?addrs=129.69.120.172-50593>
...
001 (020.005.000) 08/15 14:12:26 Job executing on host: <129.69.120.189:42176?addrs=129.69.120.189-42176>
...
001 (020.006.000) 08/15 14:12:26 Job executing on host: <129.69.120.188:34234?addrs=129.69.120.188-34234>
...
001 (020.000.000) 08/15 14:12:26 Job executing on host: <129.69.120.56:7528?addrs=129.69.120.56-7528>
...
001 (020.002.000) 08/15 14:12:26 Job executing on host: <129.69.120.193:52582?addrs=129.69.120.193-52582>
...
001 (020.001.000) 08/15 14:12:26 Job executing on host: <129.69.120.187:60372?addrs=129.69.120.187-60372>
...
001 (020.004.000) 08/15 14:12:26 Job executing on host: <129.69.120.195:44449?addrs=129.69.120.195-44449>
...
001 (020.007.000) 08/15 14:12:26 Job executing on host: <129.69.120.190:51391?addrs=129.69.120.190-51391>
...
001 (020.008.000) 08/15 14:12:26 Job executing on host: <129.69.120.185:56902?addrs=129.69.120.185-56902>
...
001 (020.009.000) 08/15 14:12:26 Job executing on host: <129.69.120.186:20549?addrs=129.69.120.186-20549>
...
001 (020.003.000) 08/15 14:12:26 Job executing on host: <129.69.120.56:7528?addrs=129.69.120.56-7528>
...
006 (020.000.000) 08/15 14:12:27 Image size of job updated: 1
	0  -  MemoryUsage of job (MB)
	0  -  ResidentSetSize of job (KB)
...
006 (020.003.000) 08/15 14:12:27 Image size of job updated: 1
	0  -  MemoryUsage of job (MB)
	0  -  ResidentSetSize of job (KB)
...
005 (020.000.000) 08/15 14:12:27 Job terminated.
	(1) Normal termination (return value 0)
		Usr 0 00:00:00, Sys 0 00:00:00  -  Run Remote Usage
		Usr 0 00:00:00, Sys 0 00:00:00  -  Run Local Usage
		Usr 0 00:00:00, Sys 0 00:00:00  -  Total Remote Usage
		Usr 0 00:00:00, Sys 0 00:00:00  -  Total Local Usage
	0  -  Run Bytes Sent By Job
	0  -  Run Bytes Received By Job
	0  -  Total Bytes Sent By Job
	0  -  Total Bytes Received By Job
	Partitionable Resources :    Usage  Request Allocated
	   Cpus                 :                 1         1
	   Disk (KB)            :        1        1    184404
	   Gpus                 :                           1
	   Memory (MB)          :        0        1         1
...
005 (020.003.000) 08/15 14:12:27 Job terminated.
	(1) Normal termination (return value 0)
		Usr 0 00:00:00, Sys 0 00:00:00  -  Run Remote Usage
		Usr 0 00:00:00, Sys 0 00:00:00  -  Run Local Usage
		Usr 0 00:00:00, Sys 0 00:00:00  -  Total Remote Usage
		Usr 0 00:00:00, Sys 0 00:00:00  -  Total Local Usage
	0  -  Run Bytes Sent By Job
	0  -  Run Bytes Received By Job
	0  -  Total Bytes Sent By Job
	0  -  Total Bytes Received By Job
	Partitionable Resources :    Usage  Request Allocated
	   Cpus                 :                 1         1
	   Disk (KB)            :        1        1    184404
	   Gpus                 :                           1
	   Memory (MB)          :        0        1         1
...
006 (020.005.000) 08/15 14:12:35 Image size of job updated: 378608
	0  -  MemoryUsage of job (MB)
	0  -  ResidentSetSize of job (KB)
...
006 (020.006.000) 08/15 14:12:35 Image size of job updated: 378608
	0  -  MemoryUsage of job (MB)
	0  -  ResidentSetSize of job (KB)
...
006 (020.001.000) 08/15 14:12:35 Image size of job updated: 378608
	0  -  MemoryUsage of job (MB)
	0  -  ResidentSetSize of job (KB)
...
006 (020.002.000) 08/15 14:12:35 Image size of job updated: 378608
	0  -  MemoryUsage of job (MB)
	0  -  ResidentSetSize of job (KB)
...
006 (020.007.000) 08/15 14:12:35 Image size of job updated: 378608
	0  -  MemoryUsage of job (MB)
	0  -  ResidentSetSize of job (KB)
...
006 (020.004.000) 08/15 14:12:35 Image size of job updated: 378608
	0  -  MemoryUsage of job (MB)
	0  -  ResidentSetSize of job (KB)
...
006 (020.008.000) 08/15 14:12:35 Image size of job updated: 378608
	0  -  MemoryUsage of job (MB)
	0  -  ResidentSetSize of job (KB)
...
006 (020.009.000) 08/15 14:12:35 Image size of job updated: 378608
	0  -  MemoryUsage of job (MB)
	0  -  ResidentSetSize of job (KB)
...
006 (020.005.000) 08/15 14:17:36 Image size of job updated: 380560
	0  -  MemoryUsage of job (MB)
	0  -  ResidentSetSize of job (KB)
...
006 (020.006.000) 08/15 14:17:36 Image size of job updated: 382864
	0  -  MemoryUsage of job (MB)
	0  -  ResidentSetSize of job (KB)
...
006 (020.008.000) 08/15 14:17:36 Image size of job updated: 382864
	0  -  MemoryUsage of job (MB)
	0  -  ResidentSetSize of job (KB)
...
006 (020.004.000) 08/15 14:17:36 Image size of job updated: 382864
	0  -  MemoryUsage of job (MB)
	0  -  ResidentSetSize of job (KB)
...
006 (020.001.000) 08/15 14:17:36 Image size of job updated: 382864
	0  -  MemoryUsage of job (MB)
	0  -  ResidentSetSize of job (KB)
...
006 (020.002.000) 08/15 14:17:36 Image size of job updated: 382864
	0  -  MemoryUsage of job (MB)
	0  -  ResidentSetSize of job (KB)
...
006 (020.007.000) 08/15 14:17:36 Image size of job updated: 380560
	0  -  MemoryUsage of job (MB)
	0  -  ResidentSetSize of job (KB)
...
006 (020.009.000) 08/15 14:17:36 Image size of job updated: 380560
	0  -  MemoryUsage of job (MB)
	0  -  ResidentSetSize of job (KB)
...
006 (020.005.000) 08/15 14:22:36 Image size of job updated: 382864
	0  -  MemoryUsage of job (MB)
	0  -  ResidentSetSize of job (KB)
...
006 (020.007.000) 08/15 14:22:36 Image size of job updated: 382864
	0  -  MemoryUsage of job (MB)
	0  -  ResidentSetSize of job (KB)
...
006 (020.009.000) 08/15 14:22:36 Image size of job updated: 382864
	0  -  MemoryUsage of job (MB)
	0  -  ResidentSetSize of job (KB)
...
010 (020.005.000) 08/15 14:38:05 Job was suspended.
	Number of processes actually suspended: 2
...
010 (020.007.000) 08/15 14:38:57 Job was suspended.
	Number of processes actually suspended: 2
...
011 (020.007.000) 08/15 14:43:52 Job was unsuspended.
...
010 (020.007.000) 08/15 14:59:32 Job was suspended.
	Number of processes actually suspended: 2
...
010 (020.001.000) 08/15 15:00:24 Job was suspended.
	Number of processes actually suspended: 2
...
011 (020.007.000) 08/15 15:05:24 Job was unsuspended.
...
011 (020.001.000) 08/15 15:06:31 Job was unsuspended.
...
011 (020.005.000) 08/15 15:08:08 Job was unsuspended.
...
004 (020.005.000) 08/15 15:08:08 Job was evicted.
	(0) Job was not checkpointed.
		Usr 0 00:25:37, Sys 0 00:00:00  -  Run Remote Usage
		Usr 0 00:00:00, Sys 0 00:00:00  -  Run Local Usage
	0  -  Run Bytes Sent By Job
	0  -  Run Bytes Received By Job
	Partitionable Resources :    Usage  Request Allocated
	   Cpus                 :                 1         1
	   Disk (KB)            :        1        1    165103
	   Gpus                 :                           0
	   Memory (MB)          :        0        1         1
...
001 (020.005.000) 08/15 15:09:43 Job executing on host: <129.69.120.56:7528?addrs=129.69.120.56-7528>
...
005 (020.005.000) 08/15 15:09:43 Job terminated.
	(1) Normal termination (return value 0)
		Usr 0 00:00:00, Sys 0 00:00:00  -  Run Remote Usage
		Usr 0 00:00:00, Sys 0 00:00:00  -  Run Local Usage
		Usr 0 00:00:00, Sys 0 00:00:00  -  Total Remote Usage
		Usr 0 00:00:00, Sys 0 00:00:00  -  Total Local Usage
	0  -  Run Bytes Sent By Job
	0  -  Run Bytes Received By Job
	0  -  Total Bytes Sent By Job
	0  -  Total Bytes Received By Job
	Partitionable Resources :    Usage  Request Allocated
	   Cpus                 :                 1         1
	   Disk (KB)            :        1        1    184401
	   Gpus                 :                           0
	   Memory (MB)          :        0        0         0
...
010 (020.004.000) 08/15 15:14:06 Job was suspended.
	Number of processes actually suspended: 2
...
011 (020.004.000) 08/15 15:31:52 Job was unsuspended.
...
010 (020.004.000) 08/15 15:58:47 Job was suspended.
	Number of processes actually suspended: 2
...
011 (020.004.000) 08/15 16:06:24 Job was unsuspended.
...
004 (020.008.000) 08/15 16:44:43 Job was evicted.
	(0) Job was not checkpointed.
		Usr 0 02:32:16, Sys 0 00:00:00  -  Run Remote Usage
		Usr 0 00:00:00, Sys 0 00:00:00  -  Run Local Usage
	0  -  Run Bytes Sent By Job
	0  -  Run Bytes Received By Job
	Partitionable Resources :    Usage  Request Allocated
	   Cpus                 :                 1         1
	   Disk (KB)            :        1        1    170407
	   Gpus                 :                           0
	   Memory (MB)          :        0        1         1
...
010 (020.004.000) 08/15 16:45:35 Job was suspended.
	Number of processes actually suspended: 2
...
001 (020.008.000) 08/15 16:46:53 Job executing on host: <129.69.120.37:33734?addrs=129.69.120.37-33734>
...
011 (020.004.000) 08/15 16:56:28 Job was unsuspended.
...
010 (020.008.000) 08/15 17:02:45 Job was suspended.
	Number of processes actually suspended: 2
...
011 (020.008.000) 08/15 17:07:48 Job was unsuspended.
...
010 (020.008.000) 08/15 20:34:46 Job was suspended.
	Number of processes actually suspended: 2
...
011 (020.008.000) 08/15 20:39:45 Job was unsuspended.
...
010 (020.008.000) 08/15 20:43:48 Job was suspended.
	Number of processes actually suspended: 2
...
011 (020.008.000) 08/15 20:48:46 Job was unsuspended.
...
010 (020.008.000) 08/15 20:49:01 Job was suspended.
	Number of processes actually suspended: 2
...
011 (020.008.000) 08/15 20:54:03 Job was unsuspended.
...
010 (020.008.000) 08/15 20:56:48 Job was suspended.
	Number of processes actually suspended: 2
...
011 (020.008.000) 08/15 21:05:58 Job was unsuspended.
...
010 (020.008.000) 08/15 21:14:58 Job was suspended.
	Number of processes actually suspended: 2
...
011 (020.008.000) 08/15 21:21:34 Job was unsuspended.
...
010 (020.008.000) 08/15 21:31:19 Job was suspended.
	Number of processes actually suspended: 2
...
011 (020.008.000) 08/15 21:36:56 Job was unsuspended.
...
010 (020.008.000) 08/15 21:37:01 Job was suspended.
	Number of processes actually suspended: 2
...
011 (020.008.000) 08/15 21:46:39 Job was unsuspended.
...
010 (020.008.000) 08/15 21:53:29 Job was suspended.
	Number of processes actually suspended: 2
...
011 (020.008.000) 08/15 21:53:45 Job was unsuspended.
...
010 (020.008.000) 08/15 21:54:19 Job was suspended.
	Number of processes actually suspended: 2
...
011 (020.008.000) 08/15 22:05:07 Job was unsuspended.
...
010 (020.008.000) 08/15 22:21:39 Job was suspended.
	Number of processes actually suspended: 2
...
005 (020.002.000) 08/15 22:37:24 Job terminated.
	(1) Normal termination (return value 0)
		Usr 0 08:24:52, Sys 0 00:00:00  -  Run Remote Usage
		Usr 0 00:00:00, Sys 0 00:00:00  -  Run Local Usage
		Usr 0 08:24:52, Sys 0 00:00:00  -  Total Remote Usage
		Usr 0 00:00:00, Sys 0 00:00:00  -  Total Local Usage
	0  -  Run Bytes Sent By Job
	0  -  Run Bytes Received By Job
	0  -  Total Bytes Sent By Job
	0  -  Total Bytes Received By Job
	Partitionable Resources :    Usage  Request Allocated
	   Cpus                 :                 1         1
	   Disk (KB)            :        1        1    164852
	   Gpus                 :                           0
	   Memory (MB)          :        0        1         1
...
011 (020.008.000) 08/15 22:37:31 Job was unsuspended.
...
005 (020.006.000) 08/15 22:40:38 Job terminated.
	(1) Normal termination (return value 0)
		Usr 0 08:27:58, Sys 0 00:00:00  -  Run Remote Usage
		Usr 0 00:00:00, Sys 0 00:00:00  -  Run Local Usage
		Usr 0 08:27:58, Sys 0 00:00:00  -  Total Remote Usage
		Usr 0 00:00:00, Sys 0 00:00:00  -  Total Local Usage
	0  -  Run Bytes Sent By Job
	0  -  Run Bytes Received By Job
	0  -  Total Bytes Sent By Job
	0  -  Total Bytes Received By Job
	Partitionable Resources :    Usage  Request Allocated
	   Cpus                 :                 1         1
	   Disk (KB)            :        1        1    168947
	   Gpus                 :                           0
	   Memory (MB)          :        0        1         1
...
010 (020.008.000) 08/15 22:42:09 Job was suspended.
	Number of processes actually suspended: 2
...
005 (020.001.000) 08/15 22:44:49 Job terminated.
	(1) Normal termination (return value 0)
		Usr 0 08:26:06, Sys 0 00:00:00  -  Run Remote Usage
		Usr 0 00:00:00, Sys 0 00:00:00  -  Run Local Usage
		Usr 0 08:26:06, Sys 0 00:00:00  -  Total Remote Usage
		Usr 0 00:00:00, Sys 0 00:00:00  -  Total Local Usage
	0  -  Run Bytes Sent By Job
	0  -  Run Bytes Received By Job
	0  -  Total Bytes Sent By Job
	0  -  Total Bytes Received By Job
	Partitionable Resources :    Usage  Request Allocated
	   Cpus                 :                 1         1
	   Disk (KB)            :        1        1    168529
	   Gpus                 :                           0
	   Memory (MB)          :        0        1         1
...
011 (020.008.000) 08/15 22:47:07 Job was unsuspended.
...
005 (020.009.000) 08/15 22:47:47 Job terminated.
	(1) Normal termination (return value 0)
		Usr 0 08:35:17, Sys 0 00:00:00  -  Run Remote Usage
		Usr 0 00:00:00, Sys 0 00:00:00  -  Run Local Usage
		Usr 0 08:35:17, Sys 0 00:00:00  -  Total Remote Usage
		Usr 0 00:00:00, Sys 0 00:00:00  -  Total Local Usage
	0  -  Run Bytes Sent By Job
	0  -  Run Bytes Received By Job
	0  -  Total Bytes Sent By Job
	0  -  Total Bytes Received By Job
	Partitionable Resources :    Usage  Request Allocated
	   Cpus                 :                 1         1
	   Disk (KB)            :        1        1    169837
	   Gpus                 :                           0
	   Memory (MB)          :        0        1         1
...
010 (020.008.000) 08/15 22:50:33 Job was suspended.
	Number of processes actually suspended: 2
...
005 (020.007.000) 08/15 22:56:00 Job terminated.
	(1) Normal termination (return value 0)
		Usr 0 08:32:36, Sys 0 00:00:00  -  Run Remote Usage
		Usr 0 00:00:00, Sys 0 00:00:00  -  Run Local Usage
		Usr 0 08:32:36, Sys 0 00:00:00  -  Total Remote Usage
		Usr 0 00:00:00, Sys 0 00:00:00  -  Total Local Usage
	0  -  Run Bytes Sent By Job
	0  -  Run Bytes Received By Job
	0  -  Total Bytes Sent By Job
	0  -  Total Bytes Received By Job
	Partitionable Resources :    Usage  Request Allocated
	   Cpus                 :                 1         1
	   Disk (KB)            :        1        1    164920
	   Gpus                 :                           0
	   Memory (MB)          :        0        1         1
...
011 (020.008.000) 08/15 22:58:36 Job was unsuspended.
...
005 (020.004.000) 08/15 23:16:51 Job terminated.
	(1) Normal termination (return value 0)
		Usr 0 08:28:03, Sys 0 00:00:00  -  Run Remote Usage
		Usr 0 00:00:00, Sys 0 00:00:00  -  Run Local Usage
		Usr 0 08:28:03, Sys 0 00:00:00  -  Total Remote Usage
		Usr 0 00:00:00, Sys 0 00:00:00  -  Total Local Usage
	0  -  Run Bytes Sent By Job
	0  -  Run Bytes Received By Job
	0  -  Total Bytes Sent By Job
	0  -  Total Bytes Received By Job
	Partitionable Resources :    Usage  Request Allocated
	   Cpus                 :                 1         1
	   Disk (KB)            :        1        1    169190
	   Gpus                 :                           0
	   Memory (MB)          :        0        1         1
...
010 (020.008.000) 08/16 01:39:36 Job was suspended.
	Number of processes actually suspended: 2
...
011 (020.008.000) 08/16 01:44:40 Job was unsuspended.
...
010 (020.008.000) 08/16 01:49:54 Job was suspended.
	Number of processes actually suspended: 2
...
011 (020.008.000) 08/16 01:54:54 Job was unsuspended.
...
005 (020.008.000) 08/16 05:19:58 Job terminated.
	(1) Normal termination (return value 0)
		Usr 0 10:51:54, Sys 0 00:00:00  -  Run Remote Usage
		Usr 0 00:00:00, Sys 0 00:00:00  -  Run Local Usage
		Usr 0 10:51:54, Sys 0 00:00:00  -  Total Remote Usage
		Usr 0 00:00:00, Sys 0 00:00:00  -  Total Local Usage
	0  -  Run Bytes Sent By Job
	0  -  Run Bytes Received By Job
	0  -  Total Bytes Sent By Job
	0  -  Total Bytes Received By Job
	Partitionable Resources :    Usage  Request Allocated
	   Cpus                 :                 1         1
	   Disk (KB)            :        1        1    178509
	   Gpus                 :                           0
	   Memory (MB)          :        0        0         0
...
000 (020.000.000) 08/16 10:26:30 Job submitted from host: <129.69.120.173:10625?addrs=129.69.120.173-10625>
...
000 (020.001.000) 08/16 10:26:30 Job submitted from host: <129.69.120.173:10625?addrs=129.69.120.173-10625>
...
000 (020.002.000) 08/16 10:26:30 Job submitted from host: <129.69.120.173:10625?addrs=129.69.120.173-10625>
...
000 (020.003.000) 08/16 10:26:30 Job submitted from host: <129.69.120.173:10625?addrs=129.69.120.173-10625>
...
000 (020.004.000) 08/16 10:26:30 Job submitted from host: <129.69.120.173:10625?addrs=129.69.120.173-10625>
...
000 (020.005.000) 08/16 10:26:30 Job submitted from host: <129.69.120.173:10625?addrs=129.69.120.173-10625>
...
000 (020.006.000) 08/16 10:26:30 Job submitted from host: <129.69.120.173:10625?addrs=129.69.120.173-10625>
...
000 (020.007.000) 08/16 10:26:30 Job submitted from host: <129.69.120.173:10625?addrs=129.69.120.173-10625>
...
000 (020.008.000) 08/16 10:26:30 Job submitted from host: <129.69.120.173:10625?addrs=129.69.120.173-10625>
...
000 (020.009.000) 08/16 10:26:30 Job submitted from host: <129.69.120.173:10625?addrs=129.69.120.173-10625>
...
001 (020.003.000) 08/16 10:26:43 Job executing on host: <129.69.120.56:7528?addrs=129.69.120.56-7528>
...
001 (020.001.000) 08/16 10:26:43 Job executing on host: <129.69.120.73:17648?addrs=129.69.120.73-17648>
...
001 (020.000.000) 08/16 10:26:43 Job executing on host: <129.69.120.67:32163?addrs=129.69.120.67-32163>
...
001 (020.006.000) 08/16 10:26:43 Job executing on host: <129.69.120.175:28204?addrs=129.69.120.175-28204>
...
001 (020.005.000) 08/16 10:26:43 Job executing on host: <129.69.120.174:25933?addrs=129.69.120.174-25933>
...
001 (020.009.000) 08/16 10:26:43 Job executing on host: <129.69.120.178:58310?addrs=129.69.120.178-58310>
...
001 (020.007.000) 08/16 10:26:43 Job executing on host: <129.69.120.176:4077?addrs=129.69.120.176-4077>
...
001 (020.002.000) 08/16 10:26:43 Job executing on host: <129.69.120.53:53710?addrs=129.69.120.53-53710>
...
001 (020.008.000) 08/16 10:26:43 Job executing on host: <129.69.120.177:10544?addrs=129.69.120.177-10544>
...
006 (020.003.000) 08/16 10:26:43 Image size of job updated: 1
	0  -  MemoryUsage of job (MB)
	0  -  ResidentSetSize of job (KB)
...
005 (020.003.000) 08/16 10:26:43 Job terminated.
	(1) Normal termination (return value 1)
		Usr 0 00:00:00, Sys 0 00:00:00  -  Run Remote Usage
		Usr 0 00:00:00, Sys 0 00:00:00  -  Run Local Usage
		Usr 0 00:00:00, Sys 0 00:00:00  -  Total Remote Usage
		Usr 0 00:00:00, Sys 0 00:00:00  -  Total Local Usage
	0  -  Run Bytes Sent By Job
	0  -  Run Bytes Received By Job
	0  -  Total Bytes Sent By Job
	0  -  Total Bytes Received By Job
	Partitionable Resources :    Usage  Request Allocated
	   Cpus                 :                 1         1
	   Disk (KB)            :        1        1    184388
	   Gpus                 :                           1
	   Memory (MB)          :        0        1         1
...
001 (020.004.000) 08/16 10:26:43 Job executing on host: <129.69.120.67:32163?addrs=129.69.120.67-32163>
...
006 (020.001.000) 08/16 10:26:51 Image size of job updated: 378668
	0  -  MemoryUsage of job (MB)
	0  -  ResidentSetSize of job (KB)
...
006 (020.006.000) 08/16 10:26:51 Image size of job updated: 9144880
	0  -  MemoryUsage of job (MB)
	0  -  ResidentSetSize of job (KB)
...
006 (020.005.000) 08/16 10:26:51 Image size of job updated: 9144880
	0  -  MemoryUsage of job (MB)
	0  -  ResidentSetSize of job (KB)
...
006 (020.007.000) 08/16 10:26:51 Image size of job updated: 9144880
	0  -  MemoryUsage of job (MB)
	0  -  ResidentSetSize of job (KB)
...
006 (020.000.000) 08/16 10:26:51 Image size of job updated: 379060
	0  -  MemoryUsage of job (MB)
	0  -  ResidentSetSize of job (KB)
...
006 (020.009.000) 08/16 10:26:51 Image size of job updated: 9144880
	0  -  MemoryUsage of job (MB)
	0  -  ResidentSetSize of job (KB)
...
006 (020.008.000) 08/16 10:26:51 Image size of job updated: 9144880
	0  -  MemoryUsage of job (MB)
	0  -  ResidentSetSize of job (KB)
...
006 (020.002.000) 08/16 10:26:51 Image size of job updated: 378664
	0  -  MemoryUsage of job (MB)
	0  -  ResidentSetSize of job (KB)
...
006 (020.004.000) 08/16 10:26:52 Image size of job updated: 30016112
	0  -  MemoryUsage of job (MB)
	0  -  ResidentSetSize of job (KB)
...
006 (020.006.000) 08/16 10:31:51 Image size of job updated: 9149140
	0  -  MemoryUsage of job (MB)
	0  -  ResidentSetSize of job (KB)
...
006 (020.005.000) 08/16 10:31:51 Image size of job updated: 9149140
	0  -  MemoryUsage of job (MB)
	0  -  ResidentSetSize of job (KB)
...
006 (020.008.000) 08/16 10:31:51 Image size of job updated: 9149140
	0  -  MemoryUsage of job (MB)
	0  -  ResidentSetSize of job (KB)
...
006 (020.007.000) 08/16 10:31:51 Image size of job updated: 9149140
	0  -  MemoryUsage of job (MB)
	0  -  ResidentSetSize of job (KB)
...
006 (020.009.000) 08/16 10:31:51 Image size of job updated: 9149140
	0  -  MemoryUsage of job (MB)
	0  -  ResidentSetSize of job (KB)
...
006 (020.001.000) 08/16 10:31:51 Image size of job updated: 381012
	0  -  MemoryUsage of job (MB)
	0  -  ResidentSetSize of job (KB)
...
006 (020.002.000) 08/16 10:31:51 Image size of job updated: 380620
	0  -  MemoryUsage of job (MB)
	0  -  ResidentSetSize of job (KB)
...
006 (020.000.000) 08/16 10:31:51 Image size of job updated: 382428
	0  -  MemoryUsage of job (MB)
	0  -  ResidentSetSize of job (KB)
...
006 (020.004.000) 08/16 10:31:53 Image size of job updated: 30018064
	0  -  MemoryUsage of job (MB)
	0  -  ResidentSetSize of job (KB)
...
006 (020.001.000) 08/16 10:36:52 Image size of job updated: 383316
	0  -  MemoryUsage of job (MB)
	0  -  ResidentSetSize of job (KB)
...
006 (020.002.000) 08/16 10:36:52 Image size of job updated: 382924
	0  -  MemoryUsage of job (MB)
	0  -  ResidentSetSize of job (KB)
...
006 (020.000.000) 08/16 10:36:52 Image size of job updated: 384476
	0  -  MemoryUsage of job (MB)
	0  -  ResidentSetSize of job (KB)
...
006 (020.004.000) 08/16 10:36:53 Image size of job updated: 30020368
	0  -  MemoryUsage of job (MB)
	0  -  ResidentSetSize of job (KB)
...
010 (020.001.000) 08/16 11:13:55 Job was suspended.
	Number of processes actually suspended: 2
...
011 (020.001.000) 08/16 11:16:07 Job was unsuspended.
...
004 (020.001.000) 08/16 11:16:07 Job was evicted.
	(0) Job was not checkpointed.
		Usr 0 00:47:11, Sys 0 00:00:00  -  Run Remote Usage
		Usr 0 00:00:00, Sys 0 00:00:00  -  Run Local Usage
	0  -  Run Bytes Sent By Job
	0  -  Run Bytes Received By Job
	Partitionable Resources :    Usage  Request Allocated
	   Cpus                 :                 1         1
	   Disk (KB)            :        1        1    169308
	   Gpus                 :                           0
	   Memory (MB)          :        0        1         1
...
001 (020.001.000) 08/16 11:19:45 Job executing on host: <129.69.120.53:53710?addrs=129.69.120.53-53710>
...
010 (020.000.000) 08/16 11:38:03 Job was suspended.
	Number of processes actually suspended: 2
...
010 (020.004.000) 08/16 11:38:03 Job was suspended.
	Number of processes actually suspended: 2
...
010 (020.002.000) 08/16 11:47:32 Job was suspended.
	Number of processes actually suspended: 2
...
010 (020.001.000) 08/16 11:47:32 Job was suspended.
	Number of processes actually suspended: 2
...
011 (020.002.000) 08/16 11:52:44 Job was unsuspended.
...
011 (020.001.000) 08/16 11:52:44 Job was unsuspended.
...
011 (020.004.000) 08/16 12:08:05 Job was unsuspended.
...
011 (020.000.000) 08/16 12:08:05 Job was unsuspended.
...
004 (020.000.000) 08/16 12:08:05 Job was evicted.
	(0) Job was not checkpointed.
		Usr 0 01:11:15, Sys 0 00:00:00  -  Run Remote Usage
		Usr 0 00:00:00, Sys 0 00:00:00  -  Run Local Usage
	0  -  Run Bytes Sent By Job
	0  -  Run Bytes Received By Job
	Partitionable Resources :    Usage  Request Allocated
	   Cpus                 :                 1         1
	   Disk (KB)            :        1        1    113193
	   Gpus                 :                           0
	   Memory (MB)          :        0        1         1
...
004 (020.004.000) 08/16 12:08:05 Job was evicted.
	(0) Job was not checkpointed.
		Usr 0 01:11:15, Sys 0 00:00:00  -  Run Remote Usage
		Usr 0 00:00:00, Sys 0 00:00:00  -  Run Local Usage
	0  -  Run Bytes Sent By Job
	0  -  Run Bytes Received By Job
	Partitionable Resources :    Usage  Request Allocated
	   Cpus                 :                 1         1
	   Disk (KB)            :        1        1    113193
	   Gpus                 :                           1
	   Memory (MB)          :        0        1      4096
...
001 (020.004.000) 08/16 12:11:49 Job executing on host: <129.69.120.49:55505?addrs=129.69.120.49-55505>
...
001 (020.000.000) 08/16 12:11:49 Job executing on host: <129.69.120.91:49494?addrs=129.69.120.91-49494>
...
010 (020.000.000) 08/16 12:34:51 Job was suspended.
	Number of processes actually suspended: 2
...
011 (020.000.000) 08/16 12:42:32 Job was unsuspended.
...
010 (020.000.000) 08/16 12:46:59 Job was suspended.
	Number of processes actually suspended: 2
...
004 (020.005.000) 08/16 12:51:01 Job was evicted.
	(0) Job was not checkpointed.
		Usr 0 02:24:17, Sys 0 00:00:00  -  Run Remote Usage
		Usr 0 00:00:00, Sys 0 00:00:00  -  Run Local Usage
	0  -  Run Bytes Sent By Job
	0  -  Run Bytes Received By Job
	Partitionable Resources :    Usage  Request Allocated
	   Cpus                 :                 1         4
	   Disk (KB)            :        1        1    170807
	   Gpus                 :                           1
	   Memory (MB)          :        0        1     10112
...
009 (020.005.000) 08/16 12:51:01 Job was aborted by the user.
	via condor_rm (by user gcates)
...
011 (020.000.000) 08/16 12:53:55 Job was unsuspended.
...
010 (020.000.000) 08/16 12:55:35 Job was suspended.
	Number of processes actually suspended: 2
...
011 (020.000.000) 08/16 13:25:39 Job was unsuspended.
...
004 (020.000.000) 08/16 13:25:39 Job was evicted.
	(0) Job was not checkpointed.
		Usr 0 00:29:08, Sys 0 00:00:00  -  Run Remote Usage
		Usr 0 00:00:00, Sys 0 00:00:00  -  Run Local Usage
	0  -  Run Bytes Sent By Job
	0  -  Run Bytes Received By Job
	Partitionable Resources :    Usage  Request Allocated
	   Cpus                 :                 1         1
	   Disk (KB)            :        1        1    183464
	   Gpus                 :                           0
	   Memory (MB)          :        0        0         0
...
001 (020.000.000) 08/16 13:27:11 Job executing on host: <129.69.120.42:36537?addrs=129.69.120.42-36537>
...
004 (020.006.000) 08/16 15:00:32 Job was evicted.
	(0) Job was not checkpointed.
		Usr 0 04:33:49, Sys 0 00:00:00  -  Run Remote Usage
		Usr 0 00:00:00, Sys 0 00:00:00  -  Run Local Usage
	0  -  Run Bytes Sent By Job
	0  -  Run Bytes Received By Job
	Partitionable Resources :    Usage  Request Allocated
	   Cpus                 :                 1         4
	   Disk (KB)            :        1        1    168049
	   Gpus                 :                           1
	   Memory (MB)          :        0        1     10112
...
004 (020.007.000) 08/16 15:00:32 Job was evicted.
	(0) Job was not checkpointed.
		Usr 0 04:33:49, Sys 0 00:00:00  -  Run Remote Usage
		Usr 0 00:00:00, Sys 0 00:00:00  -  Run Local Usage
	0  -  Run Bytes Sent By Job
	0  -  Run Bytes Received By Job
	Partitionable Resources :    Usage  Request Allocated
	   Cpus                 :                 1         4
	   Disk (KB)            :        1        1    170025
	   Gpus                 :                           1
	   Memory (MB)          :        0        1     10112
...
004 (020.008.000) 08/16 15:00:32 Job was evicted.
	(0) Job was not checkpointed.
		Usr 0 04:33:48, Sys 0 00:00:00  -  Run Remote Usage
		Usr 0 00:00:00, Sys 0 00:00:00  -  Run Local Usage
	0  -  Run Bytes Sent By Job
	0  -  Run Bytes Received By Job
	Partitionable Resources :    Usage  Request Allocated
	   Cpus                 :                 1         4
	   Disk (KB)            :        1        1    169627
	   Gpus                 :                           1
	   Memory (MB)          :        0        1     10112
...
004 (020.009.000) 08/16 15:00:32 Job was evicted.
	(0) Job was not checkpointed.
		Usr 0 04:33:49, Sys 0 00:00:00  -  Run Remote Usage
		Usr 0 00:00:00, Sys 0 00:00:00  -  Run Local Usage
	0  -  Run Bytes Sent By Job
	0  -  Run Bytes Received By Job
	Partitionable Resources :    Usage  Request Allocated
	   Cpus                 :                 1         4
	   Disk (KB)            :        1        1    170114
	   Gpus                 :                           1
	   Memory (MB)          :        0        1     10112
...
001 (020.009.000) 08/16 15:03:32 Job executing on host: <129.69.120.174:25933?addrs=129.69.120.174-25933>
...
001 (020.008.000) 08/16 15:03:32 Job executing on host: <129.69.120.193:52582?addrs=129.69.120.193-52582>
...
001 (020.007.000) 08/16 15:03:32 Job executing on host: <129.69.120.178:58310?addrs=129.69.120.178-58310>
...
001 (020.006.000) 08/16 15:03:32 Job executing on host: <129.69.120.91:49494?addrs=129.69.120.91-49494>
...
010 (020.004.000) 08/16 15:05:36 Job was suspended.
	Number of processes actually suspended: 2
...
011 (020.004.000) 08/16 15:10:44 Job was unsuspended.
...
010 (020.004.000) 08/16 15:18:57 Job was suspended.
	Number of processes actually suspended: 2
...
011 (020.004.000) 08/16 15:27:59 Job was unsuspended.
...
010 (020.006.000) 08/16 15:30:15 Job was suspended.
	Number of processes actually suspended: 2
...
010 (020.004.000) 08/16 15:31:06 Job was suspended.
	Number of processes actually suspended: 2
...
011 (020.004.000) 08/16 15:38:25 Job was unsuspended.
...
010 (020.004.000) 08/16 15:39:36 Job was suspended.
	Number of processes actually suspended: 2
...
011 (020.004.000) 08/16 15:44:35 Job was unsuspended.
...
010 (020.004.000) 08/16 15:46:36 Job was suspended.
	Number of processes actually suspended: 2
...
011 (020.004.000) 08/16 15:51:39 Job was unsuspended.
...
010 (020.004.000) 08/16 15:55:15 Job was suspended.
	Number of processes actually suspended: 2
...
011 (020.006.000) 08/16 16:00:19 Job was unsuspended.
...
004 (020.006.000) 08/16 16:00:19 Job was evicted.
	(0) Job was not checkpointed.
		Usr 0 00:26:43, Sys 0 00:00:00  -  Run Remote Usage
		Usr 0 00:00:00, Sys 0 00:00:00  -  Run Local Usage
	0  -  Run Bytes Sent By Job
	0  -  Run Bytes Received By Job
	Partitionable Resources :    Usage  Request Allocated
	   Cpus                 :                 1         1
	   Disk (KB)            :        1        1    183457
	   Gpus                 :                           0
	   Memory (MB)          :        0        0         0
...
001 (020.006.000) 08/16 16:01:47 Job executing on host: <129.69.120.178:58310?addrs=129.69.120.178-58310>
...
011 (020.004.000) 08/16 16:03:50 Job was unsuspended.
...
010 (020.004.000) 08/16 16:05:21 Job was suspended.
	Number of processes actually suspended: 2
...
011 (020.004.000) 08/16 16:10:40 Job was unsuspended.
...
010 (020.004.000) 08/16 16:10:50 Job was suspended.
	Number of processes actually suspended: 2
...
011 (020.004.000) 08/16 16:16:40 Job was unsuspended.
...
010 (020.004.000) 08/16 16:25:34 Job was suspended.
	Number of processes actually suspended: 2
...
011 (020.004.000) 08/16 16:30:46 Job was unsuspended.
...
010 (020.004.000) 08/16 16:36:14 Job was suspended.
	Number of processes actually suspended: 2
...
011 (020.004.000) 08/16 16:41:57 Job was unsuspended.
...
010 (020.004.000) 08/16 16:43:28 Job was suspended.
	Number of processes actually suspended: 2
...
011 (020.004.000) 08/16 16:48:29 Job was unsuspended.
...
005 (020.002.000) 08/16 21:01:17 Job terminated.
	(1) Normal termination (return value 0)
		Usr 0 10:29:04, Sys 0 00:00:02  -  Run Remote Usage
		Usr 0 00:00:00, Sys 0 00:00:00  -  Run Local Usage
		Usr 0 10:29:04, Sys 0 00:00:02  -  Total Remote Usage
		Usr 0 00:00:00, Sys 0 00:00:00  -  Total Local Usage
	0  -  Run Bytes Sent By Job
	0  -  Run Bytes Received By Job
	0  -  Total Bytes Sent By Job
	0  -  Total Bytes Received By Job
	Partitionable Resources :    Usage  Request Allocated
	   Cpus                 :                 1         1
	   Disk (KB)            :        1        1    183431
	   Gpus                 :                           0
	   Memory (MB)          :        0        1         1
...
005 (020.001.000) 08/16 21:29:08 Job terminated.
	(1) Normal termination (return value 0)
		Usr 0 10:03:57, Sys 0 00:00:02  -  Run Remote Usage
		Usr 0 00:00:00, Sys 0 00:00:00  -  Run Local Usage
		Usr 0 10:03:57, Sys 0 00:00:02  -  Total Remote Usage
		Usr 0 00:00:00, Sys 0 00:00:00  -  Total Local Usage
	0  -  Run Bytes Sent By Job
	0  -  Run Bytes Received By Job
	0  -  Total Bytes Sent By Job
	0  -  Total Bytes Received By Job
	Partitionable Resources :    Usage  Request Allocated
	   Cpus                 :                 1         1
	   Disk (KB)            :        1        1    183430
	   Gpus                 :                           0
	   Memory (MB)          :        0        0         0
...
005 (020.000.000) 08/16 22:51:59 Job terminated.
	(1) Normal termination (return value 0)
		Usr 0 09:24:41, Sys 0 00:00:00  -  Run Remote Usage
		Usr 0 00:00:00, Sys 0 00:00:00  -  Run Local Usage
		Usr 0 09:24:41, Sys 0 00:00:00  -  Total Remote Usage
		Usr 0 00:00:00, Sys 0 00:00:00  -  Total Local Usage
	0  -  Run Bytes Sent By Job
	0  -  Run Bytes Received By Job
	0  -  Total Bytes Sent By Job
	0  -  Total Bytes Received By Job
	Partitionable Resources :    Usage  Request Allocated
	   Cpus                 :                 1         1
	   Disk (KB)            :        1        1    184141
	   Gpus                 :                           0
	   Memory (MB)          :        0        0         0
...
005 (020.008.000) 08/16 22:58:06 Job terminated.
	(1) Normal termination (return value 0)
		Usr 0 07:54:29, Sys 0 00:00:00  -  Run Remote Usage
		Usr 0 00:00:00, Sys 0 00:00:00  -  Run Local Usage
		Usr 0 07:54:29, Sys 0 00:00:00  -  Total Remote Usage
		Usr 0 00:00:00, Sys 0 00:00:00  -  Total Local Usage
	0  -  Run Bytes Sent By Job
	0  -  Run Bytes Received By Job
	0  -  Total Bytes Sent By Job
	0  -  Total Bytes Received By Job
	Partitionable Resources :    Usage  Request Allocated
	   Cpus                 :                 1         1
	   Disk (KB)            :        1        1    164835
	   Gpus                 :                           1
	   Memory (MB)          :        0        0         0
...
005 (020.007.000) 08/16 23:04:41 Job terminated.
	(1) Normal termination (return value 0)
		Usr 0 08:01:01, Sys 0 00:00:00  -  Run Remote Usage
		Usr 0 00:00:00, Sys 0 00:00:00  -  Run Local Usage
		Usr 0 08:01:01, Sys 0 00:00:00  -  Total Remote Usage
		Usr 0 00:00:00, Sys 0 00:00:00  -  Total Local Usage
	0  -  Run Bytes Sent By Job
	0  -  Run Bytes Received By Job
	0  -  Total Bytes Sent By Job
	0  -  Total Bytes Received By Job
	Partitionable Resources :    Usage  Request Allocated
	   Cpus                 :                 1         1
	   Disk (KB)            :        1        1    170124
	   Gpus                 :                           1
	   Memory (MB)          :        0        0         0
...
005 (020.009.000) 08/16 23:11:04 Job terminated.
	(1) Normal termination (return value 0)
		Usr 0 08:07:31, Sys 0 00:00:00  -  Run Remote Usage
		Usr 0 00:00:00, Sys 0 00:00:00  -  Run Local Usage
		Usr 0 08:07:31, Sys 0 00:00:00  -  Total Remote Usage
		Usr 0 00:00:00, Sys 0 00:00:00  -  Total Local Usage
	0  -  Run Bytes Sent By Job
	0  -  Run Bytes Received By Job
	0  -  Total Bytes Sent By Job
	0  -  Total Bytes Received By Job
	Partitionable Resources :    Usage  Request Allocated
	   Cpus                 :                 1         1
	   Disk (KB)            :        1        1    170818
	   Gpus                 :                           0
	   Memory (MB)          :        0        0         0
...
005 (020.004.000) 08/16 23:56:39 Job terminated.
	(1) Normal termination (return value 0)
		Usr 0 10:37:31, Sys 0 00:00:01  -  Run Remote Usage
		Usr 0 00:00:00, Sys 0 00:00:00  -  Run Local Usage
		Usr 0 10:37:31, Sys 0 00:00:01  -  Total Remote Usage
		Usr 0 00:00:00, Sys 0 00:00:00  -  Total Local Usage
	0  -  Run Bytes Sent By Job
	0  -  Run Bytes Received By Job
	0  -  Total Bytes Sent By Job
	0  -  Total Bytes Received By Job
	Partitionable Resources :    Usage  Request Allocated
	   Cpus                 :                 1         1
	   Disk (KB)            :        1        1    183593
	   Gpus                 :                           0
	   Memory (MB)          :        0        0         0
...
005 (020.006.000) 08/16 23:59:09 Job terminated.
	(1) Normal termination (return value 0)
		Usr 0 07:57:11, Sys 0 00:00:00  -  Run Remote Usage
		Usr 0 00:00:00, Sys 0 00:00:00  -  Run Local Usage
		Usr 0 07:57:11, Sys 0 00:00:00  -  Total Remote Usage
		Usr 0 00:00:00, Sys 0 00:00:00  -  Total Local Usage
	0  -  Run Bytes Sent By Job
	0  -  Run Bytes Received By Job
	0  -  Total Bytes Sent By Job
	0  -  Total Bytes Received By Job
	Partitionable Resources :    Usage  Request Allocated
	   Cpus                 :                 1         1
	   Disk (KB)            :        1        1    170124
	   Gpus                 :                           0
	   Memory (MB)          :        0        0         0
...
