000 (023.000.000) 08/16 12:50:30 Job submitted from host: <129.69.120.173:10625?addrs=129.69.120.173-10625>
...
000 (023.001.000) 08/16 12:50:30 Job submitted from host: <129.69.120.173:10625?addrs=129.69.120.173-10625>
...
000 (023.002.000) 08/16 12:50:30 Job submitted from host: <129.69.120.173:10625?addrs=129.69.120.173-10625>
...
001 (023.002.000) 08/16 12:50:40 Job executing on host: <129.69.120.179:31265?addrs=129.69.120.179-31265>
...
001 (023.001.000) 08/16 12:50:40 Job executing on host: <129.69.120.56:7528?addrs=129.69.120.56-7528>
...
006 (023.001.000) 08/16 12:50:40 Image size of job updated: 1
	0  -  MemoryUsage of job (MB)
	0  -  ResidentSetSize of job (KB)
...
001 (023.000.000) 08/16 12:50:40 Job executing on host: <129.69.120.42:36537?addrs=129.69.120.42-36537>
...
005 (023.001.000) 08/16 12:50:40 Job terminated.
	(1) Normal termination (return value 1)
		Usr 0 00:00:00, Sys 0 00:00:00  -  Run Remote Usage
		Usr 0 00:00:00, Sys 0 00:00:00  -  Run Local Usage
		Usr 0 00:00:00, Sys 0 00:00:00  -  Total Remote Usage
		Usr 0 00:00:00, Sys 0 00:00:00  -  Total Local Usage
	0  -  Run Bytes Sent By Job
	0  -  Run Bytes Received By Job
	0  -  Total Bytes Sent By Job
	0  -  Total Bytes Received By Job
	Partitionable Resources :    Usage  Request Allocated
	   Cpus                 :                 1         1
	   Disk (KB)            :        1        1    184387
	   Gpus                 :                           1
	   Memory (MB)          :        0        1         1
...
006 (023.002.000) 08/16 12:50:49 Image size of job updated: 9144880
	0  -  MemoryUsage of job (MB)
	0  -  ResidentSetSize of job (KB)
...
006 (023.000.000) 08/16 12:50:49 Image size of job updated: 378664
	0  -  MemoryUsage of job (MB)
	0  -  ResidentSetSize of job (KB)
...
006 (023.002.000) 08/16 12:55:50 Image size of job updated: 9149140
	0  -  MemoryUsage of job (MB)
	0  -  ResidentSetSize of job (KB)
...
006 (023.000.000) 08/16 12:55:50 Image size of job updated: 381008
	0  -  MemoryUsage of job (MB)
	0  -  ResidentSetSize of job (KB)
...
006 (023.000.000) 08/16 13:00:50 Image size of job updated: 383312
	0  -  MemoryUsage of job (MB)
	0  -  ResidentSetSize of job (KB)
...
004 (023.002.000) 08/16 15:26:02 Job was evicted.
	(0) Job was not checkpointed.
		Usr 0 02:35:21, Sys 0 00:00:00  -  Run Remote Usage
		Usr 0 00:00:00, Sys 0 00:00:00  -  Run Local Usage
	0  -  Run Bytes Sent By Job
	0  -  Run Bytes Received By Job
	Partitionable Resources :    Usage  Request Allocated
	   Cpus                 :                 1         4
	   Disk (KB)            :        1        1    170456
	   Gpus                 :                           1
	   Memory (MB)          :        0        1     10112
...
001 (023.002.000) 08/16 15:30:03 Job executing on host: <129.69.120.91:49494?addrs=129.69.120.91-49494>
...
010 (023.002.000) 08/16 15:30:15 Job was suspended.
	Number of processes actually suspended: 2
...
011 (023.002.000) 08/16 16:00:19 Job was unsuspended.
...
004 (023.002.000) 08/16 16:00:19 Job was evicted.
	(0) Job was not checkpointed.
		Usr 0 00:00:11, Sys 0 00:00:00  -  Run Remote Usage
		Usr 0 00:00:00, Sys 0 00:00:00  -  Run Local Usage
	0  -  Run Bytes Sent By Job
	0  -  Run Bytes Received By Job
	Partitionable Resources :    Usage  Request Allocated
	   Cpus                 :                 1         1
	   Disk (KB)            :        1        1    183457
	   Gpus                 :                           0
	   Memory (MB)          :        0        0         0
...
001 (023.002.000) 08/16 16:01:47 Job executing on host: <129.69.120.178:58310?addrs=129.69.120.178-58310>
...
005 (023.000.000) 08/16 22:43:47 Job terminated.
	(1) Normal termination (return value 0)
		Usr 0 09:52:59, Sys 0 00:00:00  -  Run Remote Usage
		Usr 0 00:00:00, Sys 0 00:00:00  -  Run Local Usage
		Usr 0 09:52:59, Sys 0 00:00:00  -  Total Remote Usage
		Usr 0 00:00:00, Sys 0 00:00:00  -  Total Local Usage
	0  -  Run Bytes Sent By Job
	0  -  Run Bytes Received By Job
	0  -  Total Bytes Sent By Job
	0  -  Total Bytes Received By Job
	Partitionable Resources :    Usage  Request Allocated
	   Cpus                 :                 1         1
	   Disk (KB)            :        1        1    184154
	   Gpus                 :                           0
	   Memory (MB)          :        0        1         1
...
005 (023.002.000) 08/17 00:17:03 Job terminated.
	(1) Normal termination (return value 0)
		Usr 0 08:15:12, Sys 0 00:00:00  -  Run Remote Usage
		Usr 0 00:00:00, Sys 0 00:00:00  -  Run Local Usage
		Usr 0 08:15:12, Sys 0 00:00:00  -  Total Remote Usage
		Usr 0 00:00:00, Sys 0 00:00:00  -  Total Local Usage
	0  -  Run Bytes Sent By Job
	0  -  Run Bytes Received By Job
	0  -  Total Bytes Sent By Job
	0  -  Total Bytes Received By Job
	Partitionable Resources :    Usage  Request Allocated
	   Cpus                 :                 1         1
	   Disk (KB)            :        1        1    170124
	   Gpus                 :                           0
	   Memory (MB)          :        0        0         0
...
