000 (002.000.000) 08/15 14:14:27 Job submitted from host: <129.69.120.175:28695?addrs=129.69.120.175-28695>
...
000 (002.001.000) 08/15 14:14:27 Job submitted from host: <129.69.120.175:28695?addrs=129.69.120.175-28695>
...
000 (002.002.000) 08/15 14:14:27 Job submitted from host: <129.69.120.175:28695?addrs=129.69.120.175-28695>
...
000 (002.003.000) 08/15 14:14:27 Job submitted from host: <129.69.120.175:28695?addrs=129.69.120.175-28695>
...
000 (002.004.000) 08/15 14:14:27 Job submitted from host: <129.69.120.175:28695?addrs=129.69.120.175-28695>
...
000 (002.005.000) 08/15 14:14:27 Job submitted from host: <129.69.120.175:28695?addrs=129.69.120.175-28695>
...
000 (002.006.000) 08/15 14:14:27 Job submitted from host: <129.69.120.175:28695?addrs=129.69.120.175-28695>
...
000 (002.007.000) 08/15 14:14:27 Job submitted from host: <129.69.120.175:28695?addrs=129.69.120.175-28695>
...
000 (002.008.000) 08/15 14:14:27 Job submitted from host: <129.69.120.175:28695?addrs=129.69.120.175-28695>
...
000 (002.009.000) 08/15 14:14:27 Job submitted from host: <129.69.120.175:28695?addrs=129.69.120.175-28695>
...
001 (002.001.000) 08/15 14:14:41 Job executing on host: <129.69.120.185:56902?addrs=129.69.120.185-56902>
...
001 (002.000.000) 08/15 14:14:41 Job executing on host: <129.69.120.56:7528?addrs=129.69.120.56-7528>
...
001 (002.002.000) 08/15 14:14:42 Job executing on host: <129.69.120.56:7528?addrs=129.69.120.56-7528>
...
001 (002.003.000) 08/15 14:14:42 Job executing on host: <129.69.120.56:7528?addrs=129.69.120.56-7528>
...
001 (002.004.000) 08/15 14:14:42 Job executing on host: <129.69.120.56:7528?addrs=129.69.120.56-7528>
...
006 (002.000.000) 08/15 14:14:42 Image size of job updated: 1
	0  -  MemoryUsage of job (MB)
	0  -  ResidentSetSize of job (KB)
...
005 (002.000.000) 08/15 14:14:42 Job terminated.
	(1) Normal termination (return value 0)
		Usr 0 00:00:00, Sys 0 00:00:00  -  Run Remote Usage
		Usr 0 00:00:00, Sys 0 00:00:00  -  Run Local Usage
		Usr 0 00:00:00, Sys 0 00:00:00  -  Total Remote Usage
		Usr 0 00:00:00, Sys 0 00:00:00  -  Total Local Usage
	0  -  Run Bytes Sent By Job
	0  -  Run Bytes Received By Job
	0  -  Total Bytes Sent By Job
	0  -  Total Bytes Received By Job
	Partitionable Resources :    Usage  Request Allocated
	   Cpus                 :                 1         1
	   Disk (KB)            :        1        1    184404
	   Gpus                 :                           1
	   Memory (MB)          :        0        1         1
...
006 (002.002.000) 08/15 14:14:42 Image size of job updated: 1
	0  -  MemoryUsage of job (MB)
	0  -  ResidentSetSize of job (KB)
...
001 (002.005.000) 08/15 14:14:42 Job executing on host: <129.69.120.56:7528?addrs=129.69.120.56-7528>
...
005 (002.002.000) 08/15 14:14:42 Job terminated.
	(1) Normal termination (return value 0)
		Usr 0 00:00:00, Sys 0 00:00:00  -  Run Remote Usage
		Usr 0 00:00:00, Sys 0 00:00:00  -  Run Local Usage
		Usr 0 00:00:00, Sys 0 00:00:00  -  Total Remote Usage
		Usr 0 00:00:00, Sys 0 00:00:00  -  Total Local Usage
	0  -  Run Bytes Sent By Job
	0  -  Run Bytes Received By Job
	0  -  Total Bytes Sent By Job
	0  -  Total Bytes Received By Job
	Partitionable Resources :    Usage  Request Allocated
	   Cpus                 :                 1         1
	   Disk (KB)            :        1        1    184404
	   Gpus                 :                           1
	   Memory (MB)          :        0        1         1
...
001 (002.006.000) 08/15 14:14:42 Job executing on host: <129.69.120.56:7528?addrs=129.69.120.56-7528>
...
006 (002.003.000) 08/15 14:14:42 Image size of job updated: 1
	0  -  MemoryUsage of job (MB)
	0  -  ResidentSetSize of job (KB)
...
005 (002.003.000) 08/15 14:14:42 Job terminated.
	(1) Normal termination (return value 0)
		Usr 0 00:00:00, Sys 0 00:00:00  -  Run Remote Usage
		Usr 0 00:00:00, Sys 0 00:00:00  -  Run Local Usage
		Usr 0 00:00:00, Sys 0 00:00:00  -  Total Remote Usage
		Usr 0 00:00:00, Sys 0 00:00:00  -  Total Local Usage
	0  -  Run Bytes Sent By Job
	0  -  Run Bytes Received By Job
	0  -  Total Bytes Sent By Job
	0  -  Total Bytes Received By Job
	Partitionable Resources :    Usage  Request Allocated
	   Cpus                 :                 1         1
	   Disk (KB)            :        1        1    184404
	   Gpus                 :                           1
	   Memory (MB)          :        0        1         1
...
001 (002.008.000) 08/15 14:14:42 Job executing on host: <129.69.120.56:7528?addrs=129.69.120.56-7528>
...
006 (002.004.000) 08/15 14:14:42 Image size of job updated: 1
	0  -  MemoryUsage of job (MB)
	0  -  ResidentSetSize of job (KB)
...
005 (002.004.000) 08/15 14:14:42 Job terminated.
	(1) Normal termination (return value 0)
		Usr 0 00:00:00, Sys 0 00:00:00  -  Run Remote Usage
		Usr 0 00:00:00, Sys 0 00:00:00  -  Run Local Usage
		Usr 0 00:00:00, Sys 0 00:00:00  -  Total Remote Usage
		Usr 0 00:00:00, Sys 0 00:00:00  -  Total Local Usage
	0  -  Run Bytes Sent By Job
	0  -  Run Bytes Received By Job
	0  -  Total Bytes Sent By Job
	0  -  Total Bytes Received By Job
	Partitionable Resources :    Usage  Request Allocated
	   Cpus                 :                 1         1
	   Disk (KB)            :        1        1    184404
	   Gpus                 :                           1
	   Memory (MB)          :        0        1         1
...
001 (002.009.000) 08/15 14:14:42 Job executing on host: <129.69.120.56:7528?addrs=129.69.120.56-7528>
...
006 (002.005.000) 08/15 14:14:42 Image size of job updated: 1
	0  -  MemoryUsage of job (MB)
	0  -  ResidentSetSize of job (KB)
...
005 (002.005.000) 08/15 14:14:42 Job terminated.
	(1) Normal termination (return value 0)
		Usr 0 00:00:00, Sys 0 00:00:00  -  Run Remote Usage
		Usr 0 00:00:00, Sys 0 00:00:00  -  Run Local Usage
		Usr 0 00:00:00, Sys 0 00:00:00  -  Total Remote Usage
		Usr 0 00:00:00, Sys 0 00:00:00  -  Total Local Usage
	0  -  Run Bytes Sent By Job
	0  -  Run Bytes Received By Job
	0  -  Total Bytes Sent By Job
	0  -  Total Bytes Received By Job
	Partitionable Resources :    Usage  Request Allocated
	   Cpus                 :                 1         1
	   Disk (KB)            :        1        1    184403
	   Gpus                 :                           1
	   Memory (MB)          :        0        1         1
...
006 (002.006.000) 08/15 14:14:42 Image size of job updated: 1
	0  -  MemoryUsage of job (MB)
	0  -  ResidentSetSize of job (KB)
...
005 (002.006.000) 08/15 14:14:42 Job terminated.
	(1) Normal termination (return value 0)
		Usr 0 00:00:00, Sys 0 00:00:00  -  Run Remote Usage
		Usr 0 00:00:00, Sys 0 00:00:00  -  Run Local Usage
		Usr 0 00:00:00, Sys 0 00:00:00  -  Total Remote Usage
		Usr 0 00:00:00, Sys 0 00:00:00  -  Total Local Usage
	0  -  Run Bytes Sent By Job
	0  -  Run Bytes Received By Job
	0  -  Total Bytes Sent By Job
	0  -  Total Bytes Received By Job
	Partitionable Resources :    Usage  Request Allocated
	   Cpus                 :                 1         1
	   Disk (KB)            :        1        1    184403
	   Gpus                 :                           1
	   Memory (MB)          :        0        1         1
...
006 (002.008.000) 08/15 14:14:42 Image size of job updated: 1
	0  -  MemoryUsage of job (MB)
	0  -  ResidentSetSize of job (KB)
...
005 (002.008.000) 08/15 14:14:42 Job terminated.
	(1) Normal termination (return value 0)
		Usr 0 00:00:00, Sys 0 00:00:00  -  Run Remote Usage
		Usr 0 00:00:00, Sys 0 00:00:00  -  Run Local Usage
		Usr 0 00:00:00, Sys 0 00:00:00  -  Total Remote Usage
		Usr 0 00:00:00, Sys 0 00:00:00  -  Total Local Usage
	0  -  Run Bytes Sent By Job
	0  -  Run Bytes Received By Job
	0  -  Total Bytes Sent By Job
	0  -  Total Bytes Received By Job
	Partitionable Resources :    Usage  Request Allocated
	   Cpus                 :                 1         1
	   Disk (KB)            :        1        1    184404
	   Gpus                 :                           1
	   Memory (MB)          :        0        1         1
...
006 (002.009.000) 08/15 14:14:42 Image size of job updated: 1
	0  -  MemoryUsage of job (MB)
	0  -  ResidentSetSize of job (KB)
...
005 (002.009.000) 08/15 14:14:42 Job terminated.
	(1) Normal termination (return value 0)
		Usr 0 00:00:00, Sys 0 00:00:00  -  Run Remote Usage
		Usr 0 00:00:00, Sys 0 00:00:00  -  Run Local Usage
		Usr 0 00:00:00, Sys 0 00:00:00  -  Total Remote Usage
		Usr 0 00:00:00, Sys 0 00:00:00  -  Total Local Usage
	0  -  Run Bytes Sent By Job
	0  -  Run Bytes Received By Job
	0  -  Total Bytes Sent By Job
	0  -  Total Bytes Received By Job
	Partitionable Resources :    Usage  Request Allocated
	   Cpus                 :                 1         1
	   Disk (KB)            :        1        1    184404
	   Gpus                 :                           1
	   Memory (MB)          :        0        1         1
...
001 (002.007.000) 08/15 14:14:43 Job executing on host: <129.69.120.56:7528?addrs=129.69.120.56-7528>
...
006 (002.007.000) 08/15 14:14:43 Image size of job updated: 1
	0  -  MemoryUsage of job (MB)
	0  -  ResidentSetSize of job (KB)
...
005 (002.007.000) 08/15 14:14:43 Job terminated.
	(1) Normal termination (return value 0)
		Usr 0 00:00:00, Sys 0 00:00:00  -  Run Remote Usage
		Usr 0 00:00:00, Sys 0 00:00:00  -  Run Local Usage
		Usr 0 00:00:00, Sys 0 00:00:00  -  Total Remote Usage
		Usr 0 00:00:00, Sys 0 00:00:00  -  Total Local Usage
	0  -  Run Bytes Sent By Job
	0  -  Run Bytes Received By Job
	0  -  Total Bytes Sent By Job
	0  -  Total Bytes Received By Job
	Partitionable Resources :    Usage  Request Allocated
	   Cpus                 :                 1         1
	   Disk (KB)            :        1        1    184404
	   Gpus                 :                           1
	   Memory (MB)          :        0        1         1
...
006 (002.001.000) 08/15 14:14:50 Image size of job updated: 378608
	0  -  MemoryUsage of job (MB)
	0  -  ResidentSetSize of job (KB)
...
006 (002.001.000) 08/15 14:19:50 Image size of job updated: 380560
	0  -  MemoryUsage of job (MB)
	0  -  ResidentSetSize of job (KB)
...
006 (002.001.000) 08/15 14:24:50 Image size of job updated: 382864
	0  -  MemoryUsage of job (MB)
	0  -  ResidentSetSize of job (KB)
...
004 (002.001.000) 08/15 16:44:43 Job was evicted.
	(0) Job was not checkpointed.
		Usr 0 02:30:01, Sys 0 00:00:00  -  Run Remote Usage
		Usr 0 00:00:00, Sys 0 00:00:00  -  Run Local Usage
	0  -  Run Bytes Sent By Job
	0  -  Run Bytes Received By Job
	Partitionable Resources :    Usage  Request Allocated
	   Cpus                 :                 1         1
	   Disk (KB)            :        1        1    170406
	   Gpus                 :                           0
	   Memory (MB)          :        0        1         1
...
001 (002.001.000) 08/15 16:48:53 Job executing on host: <129.69.120.56:7528?addrs=129.69.120.56-7528>
...
005 (002.001.000) 08/15 16:48:54 Job terminated.
	(1) Normal termination (return value 0)
		Usr 0 00:00:00, Sys 0 00:00:00  -  Run Remote Usage
		Usr 0 00:00:00, Sys 0 00:00:00  -  Run Local Usage
		Usr 0 00:00:00, Sys 0 00:00:00  -  Total Remote Usage
		Usr 0 00:00:00, Sys 0 00:00:00  -  Total Local Usage
	0  -  Run Bytes Sent By Job
	0  -  Run Bytes Received By Job
	0  -  Total Bytes Sent By Job
	0  -  Total Bytes Received By Job
	Partitionable Resources :    Usage  Request Allocated
	   Cpus                 :                 1         1
	   Disk (KB)            :        1        1    184386
	   Gpus                 :                           0
	   Memory (MB)          :        0        0         0
...
