000 (062.000.000) 08/15 10:55:12 Job submitted from host: <129.69.120.36:13789?addrs=129.69.120.36-13789>
...
000 (062.001.000) 08/15 10:55:12 Job submitted from host: <129.69.120.36:13789?addrs=129.69.120.36-13789>
...
000 (062.002.000) 08/15 10:55:12 Job submitted from host: <129.69.120.36:13789?addrs=129.69.120.36-13789>
...
000 (062.003.000) 08/15 10:55:12 Job submitted from host: <129.69.120.36:13789?addrs=129.69.120.36-13789>
...
000 (062.004.000) 08/15 10:55:12 Job submitted from host: <129.69.120.36:13789?addrs=129.69.120.36-13789>
...
000 (062.005.000) 08/15 10:55:12 Job submitted from host: <129.69.120.36:13789?addrs=129.69.120.36-13789>
...
000 (062.006.000) 08/15 10:55:12 Job submitted from host: <129.69.120.36:13789?addrs=129.69.120.36-13789>
...
000 (062.007.000) 08/15 10:55:12 Job submitted from host: <129.69.120.36:13789?addrs=129.69.120.36-13789>
...
000 (062.008.000) 08/15 10:55:12 Job submitted from host: <129.69.120.36:13789?addrs=129.69.120.36-13789>
...
000 (062.009.000) 08/15 10:55:12 Job submitted from host: <129.69.120.36:13789?addrs=129.69.120.36-13789>
...
001 (062.000.000) 08/15 10:55:31 Job executing on host: <129.69.120.42:36537?addrs=129.69.120.42-36537>
...
001 (062.008.000) 08/15 10:55:31 Job executing on host: <129.69.120.56:7528?addrs=129.69.120.56-7528>
...
001 (062.002.000) 08/15 10:55:31 Job executing on host: <129.69.120.103:52392?addrs=129.69.120.103-52392>
...
001 (062.001.000) 08/15 10:55:31 Job executing on host: <129.69.120.93:55829?addrs=129.69.120.93-55829>
...
001 (062.007.000) 08/15 10:55:31 Job executing on host: <129.69.120.53:18215?addrs=129.69.120.53-18215>
...
001 (062.003.000) 08/15 10:55:31 Job executing on host: <129.69.120.91:19787?addrs=129.69.120.91-19787>
...
001 (062.004.000) 08/15 10:55:31 Job executing on host: <129.69.120.45:14957?addrs=129.69.120.45-14957>
...
001 (062.005.000) 08/15 10:55:31 Job executing on host: <129.69.120.73:17648?addrs=129.69.120.73-17648>
...
001 (062.009.000) 08/15 10:55:31 Job executing on host: <129.69.120.56:7528?addrs=129.69.120.56-7528>
...
001 (062.006.000) 08/15 10:55:31 Job executing on host: <129.69.120.57:4573?addrs=129.69.120.57-4573>
...
006 (062.008.000) 08/15 10:55:31 Image size of job updated: 1
	0  -  MemoryUsage of job (MB)
	0  -  ResidentSetSize of job (KB)
...
005 (062.008.000) 08/15 10:55:32 Job terminated.
	(1) Normal termination (return value 0)
		Usr 0 00:00:00, Sys 0 00:00:00  -  Run Remote Usage
		Usr 0 00:00:00, Sys 0 00:00:00  -  Run Local Usage
		Usr 0 00:00:00, Sys 0 00:00:00  -  Total Remote Usage
		Usr 0 00:00:00, Sys 0 00:00:00  -  Total Local Usage
	0  -  Run Bytes Sent By Job
	0  -  Run Bytes Received By Job
	0  -  Total Bytes Sent By Job
	0  -  Total Bytes Received By Job
	Partitionable Resources :    Usage  Request Allocated
	   Cpus                 :                 1         1
	   Disk (KB)            :        1        1    184411
	   Gpus                 :                           1
	   Memory (MB)          :        0        1         1
...
006 (062.009.000) 08/15 10:55:32 Image size of job updated: 1
	0  -  MemoryUsage of job (MB)
	0  -  ResidentSetSize of job (KB)
...
005 (062.009.000) 08/15 10:55:32 Job terminated.
	(1) Normal termination (return value 0)
		Usr 0 00:00:00, Sys 0 00:00:00  -  Run Remote Usage
		Usr 0 00:00:00, Sys 0 00:00:00  -  Run Local Usage
		Usr 0 00:00:00, Sys 0 00:00:00  -  Total Remote Usage
		Usr 0 00:00:00, Sys 0 00:00:00  -  Total Local Usage
	0  -  Run Bytes Sent By Job
	0  -  Run Bytes Received By Job
	0  -  Total Bytes Sent By Job
	0  -  Total Bytes Received By Job
	Partitionable Resources :    Usage  Request Allocated
	   Cpus                 :                 1         1
	   Disk (KB)            :        1        1    184411
	   Gpus                 :                           1
	   Memory (MB)          :        0        1         1
...
006 (062.000.000) 08/15 10:55:40 Image size of job updated: 378664
	0  -  MemoryUsage of job (MB)
	0  -  ResidentSetSize of job (KB)
...
006 (062.002.000) 08/15 10:55:40 Image size of job updated: 378664
	0  -  MemoryUsage of job (MB)
	0  -  ResidentSetSize of job (KB)
...
006 (062.001.000) 08/15 10:55:40 Image size of job updated: 378668
	0  -  MemoryUsage of job (MB)
	0  -  ResidentSetSize of job (KB)
...
006 (062.007.000) 08/15 10:55:40 Image size of job updated: 378664
	0  -  MemoryUsage of job (MB)
	0  -  ResidentSetSize of job (KB)
...
006 (062.004.000) 08/15 10:55:40 Image size of job updated: 378664
	0  -  MemoryUsage of job (MB)
	0  -  ResidentSetSize of job (KB)
...
006 (062.005.000) 08/15 10:55:40 Image size of job updated: 378668
	0  -  MemoryUsage of job (MB)
	0  -  ResidentSetSize of job (KB)
...
006 (062.003.000) 08/15 10:55:40 Image size of job updated: 378668
	0  -  MemoryUsage of job (MB)
	0  -  ResidentSetSize of job (KB)
...
006 (062.006.000) 08/15 10:55:40 Image size of job updated: 378668
	0  -  MemoryUsage of job (MB)
	0  -  ResidentSetSize of job (KB)
...
006 (062.001.000) 08/15 10:56:17 Image size of job updated: 379448
	0  -  MemoryUsage of job (MB)
	0  -  ResidentSetSize of job (KB)
...
004 (062.001.000) 08/15 10:56:17 Job was evicted.
	(0) Job was not checkpointed.
		Usr 0 00:00:45, Sys 0 00:00:00  -  Run Remote Usage
		Usr 0 00:00:00, Sys 0 00:00:00  -  Run Local Usage
	0  -  Run Bytes Sent By Job
	0  -  Run Bytes Received By Job
	Partitionable Resources :    Usage  Request Allocated
	   Cpus                 :                 1         1
	   Disk (KB)            :        1        1    184038
	   Gpus                 :                           0
	   Memory (MB)          :        0        1         1
...
006 (062.007.000) 08/15 10:56:17 Image size of job updated: 379056
	0  -  MemoryUsage of job (MB)
	0  -  ResidentSetSize of job (KB)
...
004 (062.007.000) 08/15 10:56:17 Job was evicted.
	(0) Job was not checkpointed.
		Usr 0 00:00:45, Sys 0 00:00:00  -  Run Remote Usage
		Usr 0 00:00:00, Sys 0 00:00:00  -  Run Local Usage
	0  -  Run Bytes Sent By Job
	0  -  Run Bytes Received By Job
	Partitionable Resources :    Usage  Request Allocated
	   Cpus                 :                 1         1
	   Disk (KB)            :        1        1    183555
	   Gpus                 :                           0
	   Memory (MB)          :        0        1         1
...
006 (062.005.000) 08/15 10:56:17 Image size of job updated: 379448
	0  -  MemoryUsage of job (MB)
	0  -  ResidentSetSize of job (KB)
...
006 (062.003.000) 08/15 10:56:17 Image size of job updated: 379448
	0  -  MemoryUsage of job (MB)
	0  -  ResidentSetSize of job (KB)
...
004 (062.005.000) 08/15 10:56:17 Job was evicted.
	(0) Job was not checkpointed.
		Usr 0 00:00:45, Sys 0 00:00:00  -  Run Remote Usage
		Usr 0 00:00:00, Sys 0 00:00:00  -  Run Local Usage
	0  -  Run Bytes Sent By Job
	0  -  Run Bytes Received By Job
	Partitionable Resources :    Usage  Request Allocated
	   Cpus                 :                 1         1
	   Disk (KB)            :        1        1    169321
	   Gpus                 :                           0
	   Memory (MB)          :        0        1         1
...
004 (062.003.000) 08/15 10:56:17 Job was evicted.
	(0) Job was not checkpointed.
		Usr 0 00:00:45, Sys 0 00:00:00  -  Run Remote Usage
		Usr 0 00:00:00, Sys 0 00:00:00  -  Run Local Usage
	0  -  Run Bytes Sent By Job
	0  -  Run Bytes Received By Job
	Partitionable Resources :    Usage  Request Allocated
	   Cpus                 :                 1         1
	   Disk (KB)            :        1        1    183499
	   Gpus                 :                           0
	   Memory (MB)          :        0        1         1
...
006 (062.006.000) 08/15 10:56:17 Image size of job updated: 379448
	0  -  MemoryUsage of job (MB)
	0  -  ResidentSetSize of job (KB)
...
004 (062.006.000) 08/15 10:56:17 Job was evicted.
	(0) Job was not checkpointed.
		Usr 0 00:00:45, Sys 0 00:00:00  -  Run Remote Usage
		Usr 0 00:00:00, Sys 0 00:00:00  -  Run Local Usage
	0  -  Run Bytes Sent By Job
	0  -  Run Bytes Received By Job
	Partitionable Resources :    Usage  Request Allocated
	   Cpus                 :                 1         1
	   Disk (KB)            :        1        1    170045
	   Gpus                 :                           0
	   Memory (MB)          :        0        1         1
...
006 (062.004.000) 08/15 10:56:17 Image size of job updated: 379448
	0  -  MemoryUsage of job (MB)
	0  -  ResidentSetSize of job (KB)
...
004 (062.004.000) 08/15 10:56:17 Job was evicted.
	(0) Job was not checkpointed.
		Usr 0 00:00:45, Sys 0 00:00:00  -  Run Remote Usage
		Usr 0 00:00:00, Sys 0 00:00:00  -  Run Local Usage
	0  -  Run Bytes Sent By Job
	0  -  Run Bytes Received By Job
	Partitionable Resources :    Usage  Request Allocated
	   Cpus                 :                 1         1
	   Disk (KB)            :        1        1    185012
	   Gpus                 :                           0
	   Memory (MB)          :        0        1         1
...
009 (062.001.000) 08/15 10:56:17 Job was aborted by the user.
	via condor_rm (by user gcates)
...
009 (062.007.000) 08/15 10:56:17 Job was aborted by the user.
	via condor_rm (by user gcates)
...
009 (062.003.000) 08/15 10:56:17 Job was aborted by the user.
	via condor_rm (by user gcates)
...
009 (062.004.000) 08/15 10:56:17 Job was aborted by the user.
	via condor_rm (by user gcates)
...
009 (062.005.000) 08/15 10:56:17 Job was aborted by the user.
	via condor_rm (by user gcates)
...
009 (062.006.000) 08/15 10:56:17 Job was aborted by the user.
	via condor_rm (by user gcates)
...
006 (062.000.000) 08/15 10:56:17 Image size of job updated: 379448
	0  -  MemoryUsage of job (MB)
	0  -  ResidentSetSize of job (KB)
...
004 (062.000.000) 08/15 10:56:17 Job was evicted.
	(0) Job was not checkpointed.
		Usr 0 00:00:45, Sys 0 00:00:00  -  Run Remote Usage
		Usr 0 00:00:00, Sys 0 00:00:00  -  Run Local Usage
	0  -  Run Bytes Sent By Job
	0  -  Run Bytes Received By Job
	Partitionable Resources :    Usage  Request Allocated
	   Cpus                 :                 1         1
	   Disk (KB)            :        1        1    184164
	   Gpus                 :                           0
	   Memory (MB)          :        0        1         1
...
009 (062.000.000) 08/15 10:56:17 Job was aborted by the user.
	via condor_rm (by user gcates)
...
006 (062.002.000) 08/15 10:56:18 Image size of job updated: 379448
	0  -  MemoryUsage of job (MB)
	0  -  ResidentSetSize of job (KB)
...
004 (062.002.000) 08/15 10:56:18 Job was evicted.
	(0) Job was not checkpointed.
		Usr 0 00:00:46, Sys 0 00:00:00  -  Run Remote Usage
		Usr 0 00:00:00, Sys 0 00:00:00  -  Run Local Usage
	0  -  Run Bytes Sent By Job
	0  -  Run Bytes Received By Job
	Partitionable Resources :    Usage  Request Allocated
	   Cpus                 :                 1         1
	   Disk (KB)            :        1        1    182629
	   Gpus                 :                           0
	   Memory (MB)          :        0        1         1
...
009 (062.002.000) 08/15 10:56:18 Job was aborted by the user.
	via condor_rm (by user gcates)
...
